[0.105s] Invoking command in '/home/jetson/p4p/build/tm_driver': AMENT_PREFIX_PATH=/home/jetson/p4p/install/tm_msgs:${AMENT_PREFIX_PATH} CMAKE_PREFIX_PATH=/home/jetson/p4p/install/tm_msgs:/opt/ros/foxy LD_LIBRARY_PATH=/home/jetson/p4p/install/tm_msgs/lib:${LD_LIBRARY_PATH} PYTHONPATH=/home/jetson/p4p/install/tm_msgs/lib/python3.8/site-packages:${PYTHONPATH} /usr/bin/cmake /home/jetson/p4p/tmr_ros2/tm_driver -DCMAKE_INSTALL_PREFIX=/home/jetson/p4p/install/tm_driver
[0.395s] -- The C compiler identification is GNU 9.4.0
[0.666s] -- The CXX compiler identification is GNU 9.4.0
[0.691s] -- Check for working C compiler: /usr/bin/cc
[1.032s] -- Check for working C compiler: /usr/bin/cc -- works
[1.038s] -- Detecting C compiler ABI info
[1.389s] -- Detecting C compiler ABI info - done
[1.451s] -- Detecting C compile features
[1.451s] -- Detecting C compile features - done
[1.465s] -- Check for working CXX compiler: /usr/bin/c++
[1.845s] -- Check for working CXX compiler: /usr/bin/c++ -- works
[1.850s] -- Detecting CXX compiler ABI info
[2.239s] -- Detecting CXX compiler ABI info - done
[2.303s] -- Detecting CXX compile features
[2.306s] -- Detecting CXX compile features - done
[2.319s] -- Found ament_cmake: 0.9.12 (/opt/ros/foxy/share/ament_cmake/cmake)
[2.430s] -- Found PythonInterp: /usr/bin/python3 (found suitable version "3.8.10", minimum required is "3") 
[2.431s] -- Using PYTHON_EXECUTABLE: /usr/bin/python3
[3.330s] -- Found rclcpp: 2.4.3 (/opt/ros/foxy/share/rclcpp/cmake)
[3.544s] -- Using all available rosidl_typesupport_c: rosidl_typesupport_fastrtps_c;rosidl_typesupport_introspection_c
[3.578s] -- Found rosidl_adapter: 1.3.1 (/opt/ros/foxy/share/rosidl_adapter/cmake)
[3.984s] -- Found OpenSSL: /usr/lib/aarch64-linux-gnu/libcrypto.so (found version "1.1.1f")  
[4.111s] -- Found FastRTPS: /opt/ros/foxy/include  
[4.484s] -- Using all available rosidl_typesupport_cpp: rosidl_typesupport_fastrtps_cpp;rosidl_typesupport_introspection_cpp
[4.769s] -- Found rmw_implementation_cmake: 1.0.4 (/opt/ros/foxy/share/rmw_implementation_cmake/cmake)
[4.770s] -- Using RMW implementation 'rmw_fastrtps_cpp' as default
[4.773s] -- Looking for pthread.h
[5.125s] -- Looking for pthread.h - found
[5.125s] -- Performing Test CMAKE_HAVE_LIBC_PTHREAD
[5.494s] -- Performing Test CMAKE_HAVE_LIBC_PTHREAD - Failed
[5.496s] -- Looking for pthread_create in pthreads
[5.794s] -- Looking for pthread_create in pthreads - not found
[5.794s] -- Looking for pthread_create in pthread
[6.139s] -- Looking for pthread_create in pthread - found
[6.150s] -- Found Threads: TRUE  
[6.810s] -- Found sensor_msgs: 2.0.5 (/opt/ros/foxy/share/sensor_msgs/cmake)
[7.258s] -- Found tm_msgs: 1.1.2 (/home/jetson/p4p/install/tm_msgs/share/tm_msgs/cmake)
[7.431s] -- Found ament_lint_auto: 0.9.8 (/opt/ros/foxy/share/ament_lint_auto/cmake)
[7.766s] -- Added test 'copyright' to check source files copyright and LICENSE
[7.777s] -- Added test 'cppcheck' to perform static code analysis on C / C++ code
[7.778s] -- Configured cppcheck include dirs: /home/jetson/p4p/tmr_ros2/tm_driver/include
[7.779s] -- Configured cppcheck exclude dirs and/or files: 
[7.790s] -- Added test 'cpplint' to check C / C++ code against the Google style
[7.791s] -- Configured cpplint exclude dirs and/or files: 
[7.794s] -- Added test 'flake8' to check Python code syntax and style conventions
[7.798s] -- Added test 'lint_cmake' to check CMake code style
[7.801s] -- Added test 'pep257' to check Python code against some of the style conventions in PEP 257
[7.812s] -- Added test 'uncrustify' to check C / C++ code style
[7.812s] -- Configured uncrustify additional arguments: 
[7.819s] -- Added test 'xmllint' to check XML markup files
[7.838s] -- Configuring done
[7.895s] -- Generating done
[7.902s] -- Build files have been written to: /home/jetson/p4p/build/tm_driver
[7.945s] Invoked command in '/home/jetson/p4p/build/tm_driver' returned '0': AMENT_PREFIX_PATH=/home/jetson/p4p/install/tm_msgs:${AMENT_PREFIX_PATH} CMAKE_PREFIX_PATH=/home/jetson/p4p/install/tm_msgs:/opt/ros/foxy LD_LIBRARY_PATH=/home/jetson/p4p/install/tm_msgs/lib:${LD_LIBRARY_PATH} PYTHONPATH=/home/jetson/p4p/install/tm_msgs/lib/python3.8/site-packages:${PYTHONPATH} /usr/bin/cmake /home/jetson/p4p/tmr_ros2/tm_driver -DCMAKE_INSTALL_PREFIX=/home/jetson/p4p/install/tm_driver
[7.957s] Invoking command in '/home/jetson/p4p/build/tm_driver': AMENT_PREFIX_PATH=/home/jetson/p4p/install/tm_msgs:${AMENT_PREFIX_PATH} CMAKE_PREFIX_PATH=/home/jetson/p4p/install/tm_msgs:/opt/ros/foxy LD_LIBRARY_PATH=/home/jetson/p4p/install/tm_msgs/lib:${LD_LIBRARY_PATH} PYTHONPATH=/home/jetson/p4p/install/tm_msgs/lib/python3.8/site-packages:${PYTHONPATH} /usr/bin/cmake --build /home/jetson/p4p/build/tm_driver -- -j4 -l4
[8.141s] [35m[1mScanning dependencies of target tm_driver[0m
[8.744s] [  6%] [32mBuilding CXX object CMakeFiles/tm_driver.dir/src/tm_ros2_composition.cpp.o[0m
[12.853s] [ 13%] [32mBuilding CXX object CMakeFiles/tm_driver.dir/src/tm_driver.cpp.o[0m
[12.953s] [ 20%] [32mBuilding CXX object CMakeFiles/tm_driver.dir/src/tm_ros2_svr.cpp.o[0m
[14.113s] [ 26%] [32mBuilding CXX object CMakeFiles/tm_driver.dir/src/tm_ros2_sct.cpp.o[0m
[52.508s] [ 33%] [32mBuilding CXX object CMakeFiles/tm_driver.dir/src/tm_svr_communication.cpp.o[0m
[61.291s] [ 40%] [32mBuilding CXX object CMakeFiles/tm_driver.dir/src/tm_communication.cpp.o[0m
[69.697s] [ 46%] [32mBuilding CXX object CMakeFiles/tm_driver.dir/src/tm_robot_state.cpp.o[0m
[79.460s] [ 53%] [32mBuilding CXX object CMakeFiles/tm_driver.dir/src/tm_packet.cpp.o[0m
[87.652s] [ 60%] [32mBuilding CXX object CMakeFiles/tm_driver.dir/src/tm_print.cpp.o[0m
[94.873s] [ 66%] [32mBuilding CXX object CMakeFiles/tm_driver.dir/src/tm_driver_utilities.cpp.o[0m
[97.485s] [ 73%] [32mBuilding CXX object CMakeFiles/tm_driver.dir/src/tm_listen_node_connect.cpp.o[0m
[106.916s] [ 80%] [32mBuilding CXX object CMakeFiles/tm_driver.dir/src/tm_ethernet_slave_connect.cpp.o[0m
[114.525s] [ 86%] [32mBuilding CXX object CMakeFiles/tm_driver.dir/src/tm_sct_communication.cpp.o[0m
[122.019s] [ 93%] [32mBuilding CXX object CMakeFiles/tm_driver.dir/src/tm_command.cpp.o[0m
[124.190s] [100%] [32m[1mLinking CXX executable tm_driver[0m
[126.679s] [100%] Built target tm_driver
[126.777s] Invoked command in '/home/jetson/p4p/build/tm_driver' returned '0': AMENT_PREFIX_PATH=/home/jetson/p4p/install/tm_msgs:${AMENT_PREFIX_PATH} CMAKE_PREFIX_PATH=/home/jetson/p4p/install/tm_msgs:/opt/ros/foxy LD_LIBRARY_PATH=/home/jetson/p4p/install/tm_msgs/lib:${LD_LIBRARY_PATH} PYTHONPATH=/home/jetson/p4p/install/tm_msgs/lib/python3.8/site-packages:${PYTHONPATH} /usr/bin/cmake --build /home/jetson/p4p/build/tm_driver -- -j4 -l4
[127.749s] Invoking command in '/home/jetson/p4p/build/tm_driver': AMENT_PREFIX_PATH=/home/jetson/p4p/install/tm_msgs:${AMENT_PREFIX_PATH} CMAKE_PREFIX_PATH=/home/jetson/p4p/install/tm_msgs:/opt/ros/foxy LD_LIBRARY_PATH=/home/jetson/p4p/install/tm_msgs/lib:${LD_LIBRARY_PATH} PYTHONPATH=/home/jetson/p4p/install/tm_msgs/lib/python3.8/site-packages:${PYTHONPATH} /usr/bin/cmake --install /home/jetson/p4p/build/tm_driver
[127.836s] -- Install configuration: ""
[127.837s] -- Installing: /home/jetson/p4p/install/tm_driver/lib/tm_driver/tm_driver
[127.907s] -- Set runtime path of "/home/jetson/p4p/install/tm_driver/lib/tm_driver/tm_driver" to ""
[127.908s] -- Installing: /home/jetson/p4p/install/tm_driver/share/tm_driver/launch
[127.919s] -- Installing: /home/jetson/p4p/install/tm_driver/share/tm_driver/launch/tm_bringup.launch.py
[127.921s] -- Installing: /home/jetson/p4p/install/tm_driver/share/ament_index/resource_index/package_run_dependencies/tm_driver
[127.923s] -- Installing: /home/jetson/p4p/install/tm_driver/share/ament_index/resource_index/parent_prefix_path/tm_driver
[127.924s] -- Installing: /home/jetson/p4p/install/tm_driver/share/tm_driver/environment/ament_prefix_path.sh
[127.925s] -- Installing: /home/jetson/p4p/install/tm_driver/share/tm_driver/environment/ament_prefix_path.dsv
[127.928s] -- Installing: /home/jetson/p4p/install/tm_driver/share/tm_driver/environment/path.sh
[127.929s] -- Installing: /home/jetson/p4p/install/tm_driver/share/tm_driver/environment/path.dsv
[127.940s] -- Installing: /home/jetson/p4p/install/tm_driver/share/tm_driver/local_setup.bash
[127.941s] -- Installing: /home/jetson/p4p/install/tm_driver/share/tm_driver/local_setup.sh
[127.942s] -- Installing: /home/jetson/p4p/install/tm_driver/share/tm_driver/local_setup.zsh
[127.943s] -- Installing: /home/jetson/p4p/install/tm_driver/share/tm_driver/local_setup.dsv
[127.945s] -- Installing: /home/jetson/p4p/install/tm_driver/share/tm_driver/package.dsv
[127.945s] -- Installing: /home/jetson/p4p/install/tm_driver/share/ament_index/resource_index/packages/tm_driver
[127.946s] -- Installing: /home/jetson/p4p/install/tm_driver/share/tm_driver/cmake/tm_driverConfig.cmake
[127.946s] -- Installing: /home/jetson/p4p/install/tm_driver/share/tm_driver/cmake/tm_driverConfig-version.cmake
[127.947s] -- Installing: /home/jetson/p4p/install/tm_driver/share/tm_driver/package.xml
[127.976s] Invoked command in '/home/jetson/p4p/build/tm_driver' returned '0': AMENT_PREFIX_PATH=/home/jetson/p4p/install/tm_msgs:${AMENT_PREFIX_PATH} CMAKE_PREFIX_PATH=/home/jetson/p4p/install/tm_msgs:/opt/ros/foxy LD_LIBRARY_PATH=/home/jetson/p4p/install/tm_msgs/lib:${LD_LIBRARY_PATH} PYTHONPATH=/home/jetson/p4p/install/tm_msgs/lib/python3.8/site-packages:${PYTHONPATH} /usr/bin/cmake --install /home/jetson/p4p/build/tm_driver
