[0.175s] Invoking command in '/home/jetson/p4p/build/tm_moveit_config_tm14x': AMENT_PREFIX_PATH=/home/jetson/p4p/install/tm_description:${AMENT_PREFIX_PATH} CMAKE_PREFIX_PATH=/home/jetson/p4p/install/tm_description:/opt/ros/foxy /usr/bin/cmake --build /home/jetson/p4p/build/tm_moveit_config_tm14x -- -j4 -l4
[0.545s] Invoked command in '/home/jetson/p4p/build/tm_moveit_config_tm14x' returned '0': AMENT_PREFIX_PATH=/home/jetson/p4p/install/tm_description:${AMENT_PREFIX_PATH} CMAKE_PREFIX_PATH=/home/jetson/p4p/install/tm_description:/opt/ros/foxy /usr/bin/cmake --build /home/jetson/p4p/build/tm_moveit_config_tm14x -- -j4 -l4
[0.766s] Invoking command in '/home/jetson/p4p/build/tm_moveit_config_tm14x': AMENT_PREFIX_PATH=/home/jetson/p4p/install/tm_description:${AMENT_PREFIX_PATH} CMAKE_PREFIX_PATH=/home/jetson/p4p/install/tm_description:/opt/ros/foxy /usr/bin/cmake --install /home/jetson/p4p/build/tm_moveit_config_tm14x
[0.924s] -- Install configuration: ""
[0.925s] -- Up-to-date: /home/jetson/p4p/install/tm_moveit_config_tm14x/share/ament_index/resource_index/package_run_dependencies/tm_moveit_config_tm14x
[0.926s] -- Up-to-date: /home/jetson/p4p/install/tm_moveit_config_tm14x/share/ament_index/resource_index/parent_prefix_path/tm_moveit_config_tm14x
[0.926s] -- Up-to-date: /home/jetson/p4p/install/tm_moveit_config_tm14x/share/tm_moveit_config_tm14x/environment/ament_prefix_path.sh
[0.927s] -- Up-to-date: /home/jetson/p4p/install/tm_moveit_config_tm14x/share/tm_moveit_config_tm14x/environment/ament_prefix_path.dsv
[0.928s] -- Up-to-date: /home/jetson/p4p/install/tm_moveit_config_tm14x/share/tm_moveit_config_tm14x/environment/path.sh
[0.929s] -- Up-to-date: /home/jetson/p4p/install/tm_moveit_config_tm14x/share/tm_moveit_config_tm14x/environment/path.dsv
[0.934s] -- Up-to-date: /home/jetson/p4p/install/tm_moveit_config_tm14x/share/tm_moveit_config_tm14x/local_setup.bash
[0.934s] -- Up-to-date: /home/jetson/p4p/install/tm_moveit_config_tm14x/share/tm_moveit_config_tm14x/local_setup.sh
[0.934s] -- Up-to-date: /home/jetson/p4p/install/tm_moveit_config_tm14x/share/tm_moveit_config_tm14x/local_setup.zsh
[0.935s] -- Up-to-date: /home/jetson/p4p/install/tm_moveit_config_tm14x/share/tm_moveit_config_tm14x/local_setup.dsv
[0.935s] -- Installing: /home/jetson/p4p/install/tm_moveit_config_tm14x/share/tm_moveit_config_tm14x/package.dsv
[0.935s] -- Up-to-date: /home/jetson/p4p/install/tm_moveit_config_tm14x/share/ament_index/resource_index/packages/tm_moveit_config_tm14x
[0.940s] -- Up-to-date: /home/jetson/p4p/install/tm_moveit_config_tm14x/share/tm_moveit_config_tm14x/cmake/tm_moveit_config_tm14xConfig.cmake
[0.941s] -- Up-to-date: /home/jetson/p4p/install/tm_moveit_config_tm14x/share/tm_moveit_config_tm14x/cmake/tm_moveit_config_tm14xConfig-version.cmake
[0.942s] -- Up-to-date: /home/jetson/p4p/install/tm_moveit_config_tm14x/share/tm_moveit_config_tm14x/package.xml
[0.942s] -- Up-to-date: /home/jetson/p4p/install/tm_moveit_config_tm14x/share/tm_moveit_config_tm14x/config
[0.943s] -- Up-to-date: /home/jetson/p4p/install/tm_moveit_config_tm14x/share/tm_moveit_config_tm14x/config/chomp_planning.yaml
[0.943s] -- Up-to-date: /home/jetson/p4p/install/tm_moveit_config_tm14x/share/tm_moveit_config_tm14x/config/tm14x.srdf
[0.944s] -- Up-to-date: /home/jetson/p4p/install/tm_moveit_config_tm14x/share/tm_moveit_config_tm14x/config/joint_limits.yaml
[0.945s] -- Up-to-date: /home/jetson/p4p/install/tm_moveit_config_tm14x/share/tm_moveit_config_tm14x/config/ros_controllers.yaml
[0.945s] -- Up-to-date: /home/jetson/p4p/install/tm_moveit_config_tm14x/share/tm_moveit_config_tm14x/config/stomp_planning.yaml
[0.946s] -- Up-to-date: /home/jetson/p4p/install/tm_moveit_config_tm14x/share/tm_moveit_config_tm14x/config/fake_controllers.yaml
[0.947s] -- Up-to-date: /home/jetson/p4p/install/tm_moveit_config_tm14x/share/tm_moveit_config_tm14x/config/ompl_planning.yaml
[0.948s] -- Up-to-date: /home/jetson/p4p/install/tm_moveit_config_tm14x/share/tm_moveit_config_tm14x/config/kinematics.yaml
[0.948s] -- Up-to-date: /home/jetson/p4p/install/tm_moveit_config_tm14x/share/tm_moveit_config_tm14x/config/sensors_3d.yaml
[0.977s] Invoked command in '/home/jetson/p4p/build/tm_moveit_config_tm14x' returned '0': AMENT_PREFIX_PATH=/home/jetson/p4p/install/tm_description:${AMENT_PREFIX_PATH} CMAKE_PREFIX_PATH=/home/jetson/p4p/install/tm_description:/opt/ros/foxy /usr/bin/cmake --install /home/jetson/p4p/build/tm_moveit_config_tm14x
