[0.167s] Invoking command in '/home/jetson/p4p/build/techman_robot_msgs': CMAKE_PREFIX_PATH=/opt/ros/foxy /usr/bin/cmake /home/jetson/p4p/tmr_ros2/techman_robot_msgs -DCMAKE_INSTALL_PREFIX=/home/jetson/p4p/install/techman_robot_msgs
[1.353s] -- The C compiler identification is GNU 9.4.0
[1.353s] -- The CXX compiler identification is GNU 9.4.0
[1.354s] -- Check for working C compiler: /usr/bin/cc
[1.512s] -- Check for working C compiler: /usr/bin/cc -- works
[1.518s] -- Detecting C compiler ABI info
[1.897s] -- Detecting C compiler ABI info - done
[1.967s] -- Detecting C compile features
[1.972s] -- Detecting C compile features - done
[1.986s] -- Check for working CXX compiler: /usr/bin/c++
[2.432s] -- Check for working CXX compiler: /usr/bin/c++ -- works
[2.440s] -- Detecting CXX compiler ABI info
[2.881s] -- Detecting CXX compiler ABI info - done
[2.950s] -- Detecting CXX compile features
[2.953s] -- Detecting CXX compile features - done
[2.967s] -- Found ament_cmake: 0.9.12 (/opt/ros/foxy/share/ament_cmake/cmake)
[3.075s] -- Found PythonInterp: /usr/bin/python3 (found suitable version "3.8.10", minimum required is "3") 
[3.077s] -- Using PYTHON_EXECUTABLE: /usr/bin/python3
[4.046s] -- Found rosidl_default_generators: 1.0.1 (/opt/ros/foxy/share/rosidl_default_generators/cmake)
[4.063s] -- Using all available rosidl_typesupport_c: rosidl_typesupport_fastrtps_c;rosidl_typesupport_introspection_c
[4.095s] -- Found rosidl_adapter: 1.3.1 (/opt/ros/foxy/share/rosidl_adapter/cmake)
[4.687s] -- Found OpenSSL: /usr/lib/aarch64-linux-gnu/libcrypto.so (found version "1.1.1f")  
[4.850s] -- Found FastRTPS: /opt/ros/foxy/include  
[5.296s] -- Using all available rosidl_typesupport_cpp: rosidl_typesupport_fastrtps_cpp;rosidl_typesupport_introspection_cpp
[5.451s] -- Found action_msgs: 1.0.0 (/opt/ros/foxy/share/action_msgs/cmake)
[5.767s] -- Found std_msgs: 2.0.5 (/opt/ros/foxy/share/std_msgs/cmake)
[5.867s] -- Found geometry_msgs: 2.0.5 (/opt/ros/foxy/share/geometry_msgs/cmake)
[6.155s] -- Found PythonInterp: /usr/bin/python3 (found version "3.8.10") 
[6.778s] -- Found ament_cmake_ros: 0.9.2 (/opt/ros/foxy/share/ament_cmake_ros/cmake)
[7.253s] -- Using all available rosidl_typesupport_c: rosidl_typesupport_fastrtps_c;rosidl_typesupport_introspection_c
[7.313s] -- Using all available rosidl_typesupport_cpp: rosidl_typesupport_fastrtps_cpp;rosidl_typesupport_introspection_cpp
[7.428s] -- Found PythonInterp: /usr/bin/python3 (found suitable version "3.8.10", minimum required is "3.5") 
[7.434s] -- Found python_cmake_module: 0.8.1 (/opt/ros/foxy/share/python_cmake_module/cmake)
[7.582s] -- Found PythonLibs: /usr/lib/aarch64-linux-gnu/libpython3.8.so (found suitable version "3.8.10", minimum required is "3.5") 
[7.583s] -- Using PYTHON_EXECUTABLE: /usr/bin/python3
[7.583s] -- Using PYTHON_INCLUDE_DIRS: /usr/include/python3.8
[7.583s] -- Using PYTHON_LIBRARIES: /usr/lib/aarch64-linux-gnu/libpython3.8.so
[7.676s] -- Found PythonExtra: .so  
[7.930s] -- Configuring done
[8.120s] -- Generating done
[8.135s] -- Build files have been written to: /home/jetson/p4p/build/techman_robot_msgs
[8.183s] Invoked command in '/home/jetson/p4p/build/techman_robot_msgs' returned '0': CMAKE_PREFIX_PATH=/opt/ros/foxy /usr/bin/cmake /home/jetson/p4p/tmr_ros2/techman_robot_msgs -DCMAKE_INSTALL_PREFIX=/home/jetson/p4p/install/techman_robot_msgs
[8.189s] Invoking command in '/home/jetson/p4p/build/techman_robot_msgs': CMAKE_PREFIX_PATH=/opt/ros/foxy /usr/bin/cmake --build /home/jetson/p4p/build/techman_robot_msgs -- -j4 -l4
[8.414s] [  3%] [34m[1mGenerating C code for ROS interfaces[0m
[8.446s] [35m[1mScanning dependencies of target techman_robot_msgs__cpp[0m
[8.499s] [  6%] [34m[1mGenerating C++ code for ROS interfaces[0m
[9.883s] [  6%] Built target techman_robot_msgs__cpp
[9.917s] [35m[1mScanning dependencies of target techman_robot_msgs__rosidl_generator_c[0m
[9.968s] [  9%] [34m[1mGenerating C++ type support for eProsima Fast-RTPS[0m
[9.997s] [ 12%] [34m[1mGenerating C++ introspection for ROS interfaces[0m
[10.006s] [ 16%] [34m[1mGenerating C++ type support dispatch for ROS interfaces[0m
[10.071s] [ 19%] [32mBuilding C object CMakeFiles/techman_robot_msgs__rosidl_generator_c.dir/rosidl_generator_c/techman_robot_msgs/srv/detail/techman_robot_command__functions.c.o[0m
[10.973s] [ 22%] [32m[1mLinking C shared library libtechman_robot_msgs__rosidl_generator_c.so[0m
[11.369s] [ 22%] Built target techman_robot_msgs__rosidl_generator_c
[11.509s] [ 25%] [34m[1mGenerating C type support dispatch for ROS interfaces[0m
[11.949s] [35m[1mScanning dependencies of target techman_robot_msgs__rosidl_typesupport_introspection_cpp[0m
[12.001s] [35m[1mScanning dependencies of target techman_robot_msgs__rosidl_typesupport_cpp[0m
[12.128s] [ 32%] [32mBuilding CXX object CMakeFiles/techman_robot_msgs__rosidl_typesupport_cpp.dir/rosidl_typesupport_cpp/techman_robot_msgs/srv/techman_robot_command__type_support.cpp.o[0m
[12.139s] [ 29%] [32mBuilding CXX object CMakeFiles/techman_robot_msgs__rosidl_typesupport_introspection_cpp.dir/rosidl_typesupport_introspection_cpp/techman_robot_msgs/srv/detail/techman_robot_command__type_support.cpp.o[0m
[12.418s] [35m[1mScanning dependencies of target techman_robot_msgs__rosidl_typesupport_fastrtps_cpp[0m
[12.621s] [ 35%] [32mBuilding CXX object CMakeFiles/techman_robot_msgs__rosidl_typesupport_fastrtps_cpp.dir/rosidl_typesupport_fastrtps_cpp/techman_robot_msgs/srv/detail/dds_fastrtps/techman_robot_command__type_support.cpp.o[0m
[13.357s] [35m[1mScanning dependencies of target techman_robot_msgs__rosidl_typesupport_c[0m
[13.534s] [ 38%] [32mBuilding CXX object CMakeFiles/techman_robot_msgs__rosidl_typesupport_c.dir/rosidl_typesupport_c/techman_robot_msgs/srv/techman_robot_command__type_support.cpp.o[0m
[13.936s] [ 41%] [32m[1mLinking CXX shared library libtechman_robot_msgs__rosidl_typesupport_c.so[0m
[14.433s] [ 41%] Built target techman_robot_msgs__rosidl_typesupport_c
[14.562s] [ 45%] [34m[1mGenerating C introspection for ROS interfaces[0m
[15.199s] [ 48%] [32m[1mLinking CXX shared library libtechman_robot_msgs__rosidl_typesupport_cpp.so[0m
[15.328s] [ 51%] [32m[1mLinking CXX shared library libtechman_robot_msgs__rosidl_typesupport_introspection_cpp.so[0m
[15.540s] [ 51%] Built target techman_robot_msgs__rosidl_typesupport_cpp
[15.938s] [ 51%] Built target techman_robot_msgs__rosidl_typesupport_introspection_cpp
[16.661s] [35m[1mScanning dependencies of target techman_robot_msgs__rosidl_typesupport_introspection_c[0m
[16.800s] [ 54%] [32mBuilding C object CMakeFiles/techman_robot_msgs__rosidl_typesupport_introspection_c.dir/rosidl_typesupport_introspection_c/techman_robot_msgs/srv/detail/techman_robot_command__type_support.c.o[0m
[16.841s] [ 58%] [32m[1mLinking CXX shared library libtechman_robot_msgs__rosidl_typesupport_fastrtps_cpp.so[0m
[17.232s] [ 61%] [32m[1mLinking C shared library libtechman_robot_msgs__rosidl_typesupport_introspection_c.so[0m
[17.468s] [ 61%] Built target techman_robot_msgs__rosidl_typesupport_fastrtps_cpp
[17.476s] [ 61%] Built target techman_robot_msgs__rosidl_typesupport_introspection_c
[17.577s] [ 64%] [34m[1mGenerating C type support for eProsima Fast-RTPS[0m
[18.795s] [35m[1mScanning dependencies of target techman_robot_msgs__rosidl_typesupport_fastrtps_c[0m
[18.958s] [ 67%] [32mBuilding CXX object CMakeFiles/techman_robot_msgs__rosidl_typesupport_fastrtps_c.dir/rosidl_typesupport_fastrtps_c/techman_robot_msgs/srv/detail/techman_robot_command__type_support_c.cpp.o[0m
[21.445s] [ 70%] [32m[1mLinking CXX shared library libtechman_robot_msgs__rosidl_typesupport_fastrtps_c.so[0m
[22.127s] [ 70%] Built target techman_robot_msgs__rosidl_typesupport_fastrtps_c
[22.233s] [35m[1mScanning dependencies of target techman_robot_msgs[0m
[22.366s] [ 70%] Built target techman_robot_msgs
[22.492s] [35m[1mScanning dependencies of target techman_robot_msgs__py[0m
[22.623s] [ 74%] [34m[1mGenerating Python code for ROS interfaces[0m
[28.170s] [ 74%] Built target techman_robot_msgs__py
[28.312s] [35m[1mScanning dependencies of target techman_robot_msgs__python[0m
[28.660s] [ 77%] [32mBuilding C object CMakeFiles/techman_robot_msgs__python.dir/rosidl_generator_py/techman_robot_msgs/srv/_techman_robot_command_s.c.o[0m
[29.826s] [ 80%] [32m[1mLinking C shared library rosidl_generator_py/techman_robot_msgs/libtechman_robot_msgs__python.so[0m
[30.189s] [ 80%] Built target techman_robot_msgs__python
[30.312s] [35m[1mScanning dependencies of target techman_robot_msgs__rosidl_typesupport_c__pyext[0m
[30.331s] [35m[1mScanning dependencies of target techman_robot_msgs__rosidl_typesupport_introspection_c__pyext[0m
[30.376s] [35m[1mScanning dependencies of target techman_robot_msgs__rosidl_typesupport_fastrtps_c__pyext[0m
[30.553s] [ 83%] [32mBuilding C object CMakeFiles/techman_robot_msgs__rosidl_typesupport_fastrtps_c__pyext.dir/rosidl_generator_py/techman_robot_msgs/_techman_robot_msgs_s.ep.rosidl_typesupport_fastrtps_c.c.o[0m
[30.569s] [ 87%] [32mBuilding C object CMakeFiles/techman_robot_msgs__rosidl_typesupport_c__pyext.dir/rosidl_generator_py/techman_robot_msgs/_techman_robot_msgs_s.ep.rosidl_typesupport_c.c.o[0m
[30.605s] [ 90%] [32mBuilding C object CMakeFiles/techman_robot_msgs__rosidl_typesupport_introspection_c__pyext.dir/rosidl_generator_py/techman_robot_msgs/_techman_robot_msgs_s.ep.rosidl_typesupport_introspection_c.c.o[0m
[31.471s] [ 93%] [32m[1mLinking C shared library rosidl_generator_py/techman_robot_msgs/techman_robot_msgs_s__rosidl_typesupport_c.cpython-38-aarch64-linux-gnu.so[0m
[31.485s] [ 96%] [32m[1mLinking CXX shared library rosidl_generator_py/techman_robot_msgs/techman_robot_msgs_s__rosidl_typesupport_fastrtps_c.cpython-38-aarch64-linux-gnu.so[0m
[31.871s] [100%] [32m[1mLinking C shared library rosidl_generator_py/techman_robot_msgs/techman_robot_msgs_s__rosidl_typesupport_introspection_c.cpython-38-aarch64-linux-gnu.so[0m
[31.938s] [100%] Built target techman_robot_msgs__rosidl_typesupport_c__pyext
[32.196s] [100%] Built target techman_robot_msgs__rosidl_typesupport_fastrtps_c__pyext
[32.326s] [100%] Built target techman_robot_msgs__rosidl_typesupport_introspection_c__pyext
[32.469s] Invoked command in '/home/jetson/p4p/build/techman_robot_msgs' returned '0': CMAKE_PREFIX_PATH=/opt/ros/foxy /usr/bin/cmake --build /home/jetson/p4p/build/techman_robot_msgs -- -j4 -l4
[33.532s] Invoking command in '/home/jetson/p4p/build/techman_robot_msgs': CMAKE_PREFIX_PATH=/opt/ros/foxy /usr/bin/cmake --install /home/jetson/p4p/build/techman_robot_msgs
[33.614s] -- Install configuration: ""
[33.628s] -- Installing: /home/jetson/p4p/install/techman_robot_msgs/share/ament_index/resource_index/rosidl_interfaces/techman_robot_msgs
[33.641s] -- Installing: /home/jetson/p4p/install/techman_robot_msgs/include/techman_robot_msgs
[33.646s] -- Installing: /home/jetson/p4p/install/techman_robot_msgs/include/techman_robot_msgs/srv
[33.655s] -- Installing: /home/jetson/p4p/install/techman_robot_msgs/include/techman_robot_msgs/srv/techman_robot_command.h
[33.655s] -- Installing: /home/jetson/p4p/install/techman_robot_msgs/include/techman_robot_msgs/srv/detail
[33.656s] -- Installing: /home/jetson/p4p/install/techman_robot_msgs/include/techman_robot_msgs/srv/detail/techman_robot_command__functions.h
[33.656s] -- Installing: /home/jetson/p4p/install/techman_robot_msgs/include/techman_robot_msgs/srv/detail/techman_robot_command__struct.h
[33.656s] -- Installing: /home/jetson/p4p/install/techman_robot_msgs/include/techman_robot_msgs/srv/detail/techman_robot_command__functions.c
[33.657s] -- Installing: /home/jetson/p4p/install/techman_robot_msgs/include/techman_robot_msgs/srv/detail/techman_robot_command__type_support.h
[33.657s] -- Installing: /home/jetson/p4p/install/techman_robot_msgs/include/techman_robot_msgs/msg
[33.657s] -- Installing: /home/jetson/p4p/install/techman_robot_msgs/include/techman_robot_msgs/msg/rosidl_generator_c__visibility_control.h
[33.658s] -- Installing: /home/jetson/p4p/install/techman_robot_msgs/share/techman_robot_msgs/environment/library_path.sh
[33.658s] -- Installing: /home/jetson/p4p/install/techman_robot_msgs/share/techman_robot_msgs/environment/library_path.dsv
[33.658s] -- Installing: /home/jetson/p4p/install/techman_robot_msgs/lib/libtechman_robot_msgs__rosidl_generator_c.so
[33.658s] -- Set runtime path of "/home/jetson/p4p/install/techman_robot_msgs/lib/libtechman_robot_msgs__rosidl_generator_c.so" to ""
[33.659s] -- Up-to-date: /home/jetson/p4p/install/techman_robot_msgs/include/techman_robot_msgs
[33.659s] -- Up-to-date: /home/jetson/p4p/install/techman_robot_msgs/include/techman_robot_msgs/srv
[33.659s] -- Up-to-date: /home/jetson/p4p/install/techman_robot_msgs/include/techman_robot_msgs/srv/detail
[33.660s] -- Installing: /home/jetson/p4p/install/techman_robot_msgs/include/techman_robot_msgs/srv/detail/techman_robot_command__rosidl_typesupport_fastrtps_c.h
[33.660s] -- Up-to-date: /home/jetson/p4p/install/techman_robot_msgs/include/techman_robot_msgs/msg
[33.660s] -- Installing: /home/jetson/p4p/install/techman_robot_msgs/include/techman_robot_msgs/msg/rosidl_typesupport_fastrtps_c__visibility_control.h
[33.674s] -- Installing: /home/jetson/p4p/install/techman_robot_msgs/lib/libtechman_robot_msgs__rosidl_typesupport_fastrtps_c.so
[33.674s] -- Set runtime path of "/home/jetson/p4p/install/techman_robot_msgs/lib/libtechman_robot_msgs__rosidl_typesupport_fastrtps_c.so" to ""
[33.675s] -- Up-to-date: /home/jetson/p4p/install/techman_robot_msgs/include/techman_robot_msgs
[33.675s] -- Up-to-date: /home/jetson/p4p/install/techman_robot_msgs/include/techman_robot_msgs/srv
[33.675s] -- Up-to-date: /home/jetson/p4p/install/techman_robot_msgs/include/techman_robot_msgs/srv/detail
[33.675s] -- Installing: /home/jetson/p4p/install/techman_robot_msgs/include/techman_robot_msgs/srv/detail/techman_robot_command__rosidl_typesupport_fastrtps_cpp.hpp
[33.676s] -- Installing: /home/jetson/p4p/install/techman_robot_msgs/include/techman_robot_msgs/srv/detail/dds_fastrtps
[33.676s] -- Up-to-date: /home/jetson/p4p/install/techman_robot_msgs/include/techman_robot_msgs/msg
[33.683s] -- Installing: /home/jetson/p4p/install/techman_robot_msgs/include/techman_robot_msgs/msg/rosidl_typesupport_fastrtps_cpp__visibility_control.h
[33.684s] -- Installing: /home/jetson/p4p/install/techman_robot_msgs/lib/libtechman_robot_msgs__rosidl_typesupport_fastrtps_cpp.so
[33.684s] -- Set runtime path of "/home/jetson/p4p/install/techman_robot_msgs/lib/libtechman_robot_msgs__rosidl_typesupport_fastrtps_cpp.so" to ""
[33.685s] -- Up-to-date: /home/jetson/p4p/install/techman_robot_msgs/include/techman_robot_msgs
[33.685s] -- Up-to-date: /home/jetson/p4p/install/techman_robot_msgs/include/techman_robot_msgs/srv
[33.685s] -- Up-to-date: /home/jetson/p4p/install/techman_robot_msgs/include/techman_robot_msgs/srv/detail
[33.686s] -- Installing: /home/jetson/p4p/install/techman_robot_msgs/include/techman_robot_msgs/srv/detail/techman_robot_command__type_support.c
[33.686s] -- Installing: /home/jetson/p4p/install/techman_robot_msgs/include/techman_robot_msgs/srv/detail/techman_robot_command__rosidl_typesupport_introspection_c.h
[33.686s] -- Up-to-date: /home/jetson/p4p/install/techman_robot_msgs/include/techman_robot_msgs/msg
[33.686s] -- Installing: /home/jetson/p4p/install/techman_robot_msgs/include/techman_robot_msgs/msg/rosidl_typesupport_introspection_c__visibility_control.h
[33.687s] -- Installing: /home/jetson/p4p/install/techman_robot_msgs/lib/libtechman_robot_msgs__rosidl_typesupport_introspection_c.so
[33.687s] -- Set runtime path of "/home/jetson/p4p/install/techman_robot_msgs/lib/libtechman_robot_msgs__rosidl_typesupport_introspection_c.so" to ""
[33.696s] -- Installing: /home/jetson/p4p/install/techman_robot_msgs/lib/libtechman_robot_msgs__rosidl_typesupport_c.so
[33.698s] -- Set runtime path of "/home/jetson/p4p/install/techman_robot_msgs/lib/libtechman_robot_msgs__rosidl_typesupport_c.so" to ""
[33.700s] -- Up-to-date: /home/jetson/p4p/install/techman_robot_msgs/include/techman_robot_msgs
[33.701s] -- Up-to-date: /home/jetson/p4p/install/techman_robot_msgs/include/techman_robot_msgs/srv
[33.701s] -- Installing: /home/jetson/p4p/install/techman_robot_msgs/include/techman_robot_msgs/srv/techman_robot_command.hpp
[33.701s] -- Up-to-date: /home/jetson/p4p/install/techman_robot_msgs/include/techman_robot_msgs/srv/detail
[33.715s] -- Installing: /home/jetson/p4p/install/techman_robot_msgs/include/techman_robot_msgs/srv/detail/techman_robot_command__traits.hpp
[33.716s] -- Installing: /home/jetson/p4p/install/techman_robot_msgs/include/techman_robot_msgs/srv/detail/techman_robot_command__struct.hpp
[33.716s] -- Installing: /home/jetson/p4p/install/techman_robot_msgs/include/techman_robot_msgs/srv/detail/techman_robot_command__type_support.hpp
[33.717s] -- Installing: /home/jetson/p4p/install/techman_robot_msgs/include/techman_robot_msgs/srv/detail/techman_robot_command__builder.hpp
[33.717s] -- Up-to-date: /home/jetson/p4p/install/techman_robot_msgs/include/techman_robot_msgs/msg
[33.718s] -- Installing: /home/jetson/p4p/install/techman_robot_msgs/include/techman_robot_msgs/msg/rosidl_generator_cpp__visibility_control.hpp
[33.719s] -- Up-to-date: /home/jetson/p4p/install/techman_robot_msgs/include/techman_robot_msgs
[33.719s] -- Up-to-date: /home/jetson/p4p/install/techman_robot_msgs/include/techman_robot_msgs/srv
[33.719s] -- Up-to-date: /home/jetson/p4p/install/techman_robot_msgs/include/techman_robot_msgs/srv/detail
[33.720s] -- Installing: /home/jetson/p4p/install/techman_robot_msgs/include/techman_robot_msgs/srv/detail/techman_robot_command__rosidl_typesupport_introspection_cpp.hpp
[33.720s] -- Installing: /home/jetson/p4p/install/techman_robot_msgs/include/techman_robot_msgs/srv/detail/techman_robot_command__type_support.cpp
[33.721s] -- Installing: /home/jetson/p4p/install/techman_robot_msgs/lib/libtechman_robot_msgs__rosidl_typesupport_introspection_cpp.so
[33.724s] -- Set runtime path of "/home/jetson/p4p/install/techman_robot_msgs/lib/libtechman_robot_msgs__rosidl_typesupport_introspection_cpp.so" to ""
[33.726s] -- Installing: /home/jetson/p4p/install/techman_robot_msgs/lib/libtechman_robot_msgs__rosidl_typesupport_cpp.so
[33.729s] -- Set runtime path of "/home/jetson/p4p/install/techman_robot_msgs/lib/libtechman_robot_msgs__rosidl_typesupport_cpp.so" to ""
[33.739s] -- Installing: /home/jetson/p4p/install/techman_robot_msgs/share/techman_robot_msgs/environment/pythonpath.sh
[33.740s] -- Installing: /home/jetson/p4p/install/techman_robot_msgs/share/techman_robot_msgs/environment/pythonpath.dsv
[33.741s] -- Installing: /home/jetson/p4p/install/techman_robot_msgs/lib/python3.8/site-packages/techman_robot_msgs/__init__.py
[33.968s] Compiling '/home/jetson/p4p/install/techman_robot_msgs/lib/python3.8/site-packages/techman_robot_msgs/__init__.py'...
[33.983s] -- Installing: /home/jetson/p4p/install/techman_robot_msgs/lib/python3.8/site-packages/techman_robot_msgs/srv
[33.984s] -- Installing: /home/jetson/p4p/install/techman_robot_msgs/lib/python3.8/site-packages/techman_robot_msgs/srv/__init__.py
[33.984s] -- Installing: /home/jetson/p4p/install/techman_robot_msgs/lib/python3.8/site-packages/techman_robot_msgs/srv/_techman_robot_command_s.c
[33.986s] -- Installing: /home/jetson/p4p/install/techman_robot_msgs/lib/python3.8/site-packages/techman_robot_msgs/srv/_techman_robot_command.py
[33.987s] -- Installing: /home/jetson/p4p/install/techman_robot_msgs/lib/python3.8/site-packages/techman_robot_msgs/techman_robot_msgs_s__rosidl_typesupport_fastrtps_c.cpython-38-aarch64-linux-gnu.so
[33.990s] -- Set runtime path of "/home/jetson/p4p/install/techman_robot_msgs/lib/python3.8/site-packages/techman_robot_msgs/techman_robot_msgs_s__rosidl_typesupport_fastrtps_c.cpython-38-aarch64-linux-gnu.so" to ""
[33.991s] -- Installing: /home/jetson/p4p/install/techman_robot_msgs/lib/python3.8/site-packages/techman_robot_msgs/techman_robot_msgs_s__rosidl_typesupport_introspection_c.cpython-38-aarch64-linux-gnu.so
[33.996s] -- Set runtime path of "/home/jetson/p4p/install/techman_robot_msgs/lib/python3.8/site-packages/techman_robot_msgs/techman_robot_msgs_s__rosidl_typesupport_introspection_c.cpython-38-aarch64-linux-gnu.so" to ""
[33.997s] -- Installing: /home/jetson/p4p/install/techman_robot_msgs/lib/python3.8/site-packages/techman_robot_msgs/techman_robot_msgs_s__rosidl_typesupport_c.cpython-38-aarch64-linux-gnu.so
[34.010s] -- Set runtime path of "/home/jetson/p4p/install/techman_robot_msgs/lib/python3.8/site-packages/techman_robot_msgs/techman_robot_msgs_s__rosidl_typesupport_c.cpython-38-aarch64-linux-gnu.so" to ""
[34.011s] -- Installing: /home/jetson/p4p/install/techman_robot_msgs/lib/libtechman_robot_msgs__python.so
[34.011s] -- Set runtime path of "/home/jetson/p4p/install/techman_robot_msgs/lib/libtechman_robot_msgs__python.so" to ""
[34.017s] -- Installing: /home/jetson/p4p/install/techman_robot_msgs/share/techman_robot_msgs/srv/TechmanRobotCommand.idl
[34.018s] -- Installing: /home/jetson/p4p/install/techman_robot_msgs/share/techman_robot_msgs/srv/TechmanRobotCommand.srv
[34.019s] -- Installing: /home/jetson/p4p/install/techman_robot_msgs/share/techman_robot_msgs/srv/TechmanRobotCommand_Request.msg
[34.019s] -- Installing: /home/jetson/p4p/install/techman_robot_msgs/share/techman_robot_msgs/srv/TechmanRobotCommand_Response.msg
[34.030s] -- Installing: /home/jetson/p4p/install/techman_robot_msgs/share/ament_index/resource_index/package_run_dependencies/techman_robot_msgs
[34.031s] -- Installing: /home/jetson/p4p/install/techman_robot_msgs/share/ament_index/resource_index/parent_prefix_path/techman_robot_msgs
[34.031s] -- Installing: /home/jetson/p4p/install/techman_robot_msgs/share/techman_robot_msgs/environment/ament_prefix_path.sh
[34.031s] -- Installing: /home/jetson/p4p/install/techman_robot_msgs/share/techman_robot_msgs/environment/ament_prefix_path.dsv
[34.032s] -- Installing: /home/jetson/p4p/install/techman_robot_msgs/share/techman_robot_msgs/environment/path.sh
[34.033s] -- Installing: /home/jetson/p4p/install/techman_robot_msgs/share/techman_robot_msgs/environment/path.dsv
[34.040s] -- Installing: /home/jetson/p4p/install/techman_robot_msgs/share/techman_robot_msgs/local_setup.bash
[34.040s] -- Installing: /home/jetson/p4p/install/techman_robot_msgs/share/techman_robot_msgs/local_setup.sh
[34.041s] -- Installing: /home/jetson/p4p/install/techman_robot_msgs/share/techman_robot_msgs/local_setup.zsh
[34.041s] -- Installing: /home/jetson/p4p/install/techman_robot_msgs/share/techman_robot_msgs/local_setup.dsv
[34.041s] -- Installing: /home/jetson/p4p/install/techman_robot_msgs/share/techman_robot_msgs/package.dsv
[34.042s] -- Installing: /home/jetson/p4p/install/techman_robot_msgs/share/ament_index/resource_index/packages/techman_robot_msgs
[34.042s] -- Installing: /home/jetson/p4p/install/techman_robot_msgs/share/techman_robot_msgs/cmake/techman_robot_msgs__rosidl_generator_cExport.cmake
[34.043s] -- Installing: /home/jetson/p4p/install/techman_robot_msgs/share/techman_robot_msgs/cmake/techman_robot_msgs__rosidl_generator_cExport-noconfig.cmake
[34.043s] -- Installing: /home/jetson/p4p/install/techman_robot_msgs/share/techman_robot_msgs/cmake/techman_robot_msgs__rosidl_typesupport_introspection_cExport.cmake
[34.043s] -- Installing: /home/jetson/p4p/install/techman_robot_msgs/share/techman_robot_msgs/cmake/techman_robot_msgs__rosidl_typesupport_introspection_cExport-noconfig.cmake
[34.044s] -- Installing: /home/jetson/p4p/install/techman_robot_msgs/share/techman_robot_msgs/cmake/techman_robot_msgs__rosidl_typesupport_cExport.cmake
[34.044s] -- Installing: /home/jetson/p4p/install/techman_robot_msgs/share/techman_robot_msgs/cmake/techman_robot_msgs__rosidl_typesupport_cExport-noconfig.cmake
[34.044s] -- Installing: /home/jetson/p4p/install/techman_robot_msgs/share/techman_robot_msgs/cmake/techman_robot_msgs__rosidl_generator_cppExport.cmake
[34.045s] -- Installing: /home/jetson/p4p/install/techman_robot_msgs/share/techman_robot_msgs/cmake/techman_robot_msgs__rosidl_typesupport_introspection_cppExport.cmake
[34.045s] -- Installing: /home/jetson/p4p/install/techman_robot_msgs/share/techman_robot_msgs/cmake/techman_robot_msgs__rosidl_typesupport_introspection_cppExport-noconfig.cmake
[34.045s] -- Installing: /home/jetson/p4p/install/techman_robot_msgs/share/techman_robot_msgs/cmake/techman_robot_msgs__rosidl_typesupport_cppExport.cmake
[34.046s] -- Installing: /home/jetson/p4p/install/techman_robot_msgs/share/techman_robot_msgs/cmake/techman_robot_msgs__rosidl_typesupport_cppExport-noconfig.cmake
[34.046s] -- Installing: /home/jetson/p4p/install/techman_robot_msgs/share/techman_robot_msgs/cmake/rosidl_cmake-extras.cmake
[34.056s] -- Installing: /home/jetson/p4p/install/techman_robot_msgs/share/techman_robot_msgs/cmake/ament_cmake_export_dependencies-extras.cmake
[34.057s] -- Installing: /home/jetson/p4p/install/techman_robot_msgs/share/techman_robot_msgs/cmake/ament_cmake_export_libraries-extras.cmake
[34.058s] -- Installing: /home/jetson/p4p/install/techman_robot_msgs/share/techman_robot_msgs/cmake/ament_cmake_export_targets-extras.cmake
[34.058s] -- Installing: /home/jetson/p4p/install/techman_robot_msgs/share/techman_robot_msgs/cmake/ament_cmake_export_include_directories-extras.cmake
[34.059s] -- Installing: /home/jetson/p4p/install/techman_robot_msgs/share/techman_robot_msgs/cmake/rosidl_cmake_export_typesupport_libraries-extras.cmake
[34.060s] -- Installing: /home/jetson/p4p/install/techman_robot_msgs/share/techman_robot_msgs/cmake/rosidl_cmake_export_typesupport_targets-extras.cmake
[34.061s] -- Installing: /home/jetson/p4p/install/techman_robot_msgs/share/techman_robot_msgs/cmake/techman_robot_msgsConfig.cmake
[34.062s] -- Installing: /home/jetson/p4p/install/techman_robot_msgs/share/techman_robot_msgs/cmake/techman_robot_msgsConfig-version.cmake
[34.063s] -- Installing: /home/jetson/p4p/install/techman_robot_msgs/share/techman_robot_msgs/package.xml
[34.119s] Invoked command in '/home/jetson/p4p/build/techman_robot_msgs' returned '0': CMAKE_PREFIX_PATH=/opt/ros/foxy /usr/bin/cmake --install /home/jetson/p4p/build/techman_robot_msgs
