[0.101s] Invoking command in '/home/default/p4p/build/ui_for_debug_and_demo': AMENT_PREFIX_PATH=/home/default/p4p/install/tm_msgs:${AMENT_PREFIX_PATH} CMAKE_PREFIX_PATH=/home/default/p4p/install/tm_msgs:/opt/ros/humble LD_LIBRARY_PATH=/home/default/p4p/install/tm_msgs/lib:${LD_LIBRARY_PATH} PYTHONPATH=/home/default/p4p/install/tm_msgs/local/lib/python3.10/dist-packages:${PYTHONPATH} /usr/bin/cmake /home/default/p4p/tmr_ros2/ui_for_debug_and_demo -DCMAKE_INSTALL_PREFIX=/home/default/p4p/install/ui_for_debug_and_demo
[0.196s] -- The C compiler identification is GNU 11.4.0
[0.289s] -- The CXX compiler identification is GNU 11.4.0
[0.301s] -- Detecting C compiler ABI info
[0.417s] -- Detecting C compiler ABI info - done
[0.439s] -- Check for working C compiler: /usr/bin/cc - skipped
[0.439s] -- Detecting C compile features
[0.441s] -- Detecting C compile features - done
[0.447s] -- Detecting CXX compiler ABI info
[0.570s] -- Detecting CXX compiler ABI info - done
[0.591s] -- Check for working CXX compiler: /usr/bin/c++ - skipped
[0.592s] -- Detecting CXX compile features
[0.593s] -- Detecting CXX compile features - done
[0.596s] -- Found ament_cmake: 1.3.8 (/opt/ros/humble/share/ament_cmake/cmake)
[0.840s] -- Found Python3: /usr/bin/python3 (found version "3.10.12") found components: Interpreter 
[0.971s] -- Found rclcpp: 16.0.8 (/opt/ros/humble/share/rclcpp/cmake)
[1.046s] -- Found rosidl_generator_c: 3.1.5 (/opt/ros/humble/share/rosidl_generator_c/cmake)
[1.054s] -- Found rosidl_adapter: 3.1.5 (/opt/ros/humble/share/rosidl_adapter/cmake)
[1.069s] -- Found rosidl_generator_cpp: 3.1.5 (/opt/ros/humble/share/rosidl_generator_cpp/cmake)
[1.096s] -- Using all available rosidl_typesupport_c: rosidl_typesupport_fastrtps_c;rosidl_typesupport_introspection_c
[1.139s] -- Using all available rosidl_typesupport_cpp: rosidl_typesupport_fastrtps_cpp;rosidl_typesupport_introspection_cpp
[1.286s] -- Found rmw_implementation_cmake: 6.1.1 (/opt/ros/humble/share/rmw_implementation_cmake/cmake)
[1.289s] -- Found rmw_fastrtps_cpp: 6.2.6 (/opt/ros/humble/share/rmw_fastrtps_cpp/cmake)
[1.460s] -- Found OpenSSL: /usr/lib/x86_64-linux-gnu/libcrypto.so (found version "3.0.2")  
[1.503s] -- Found FastRTPS: /opt/ros/humble/include  
[1.584s] -- Using RMW implementation 'rmw_fastrtps_cpp' as default
[1.599s] -- Looking for pthread.h
[1.708s] -- Looking for pthread.h - found
[1.708s] -- Performing Test CMAKE_HAVE_LIBC_PTHREAD
[1.820s] -- Performing Test CMAKE_HAVE_LIBC_PTHREAD - Success
[1.820s] -- Found Threads: TRUE  
[2.187s] -- Found rclcpp_action: 16.0.8 (/opt/ros/humble/share/rclcpp_action/cmake)
[2.403s] -- Found tm_msgs: 1.1.2 (/home/default/p4p/install/tm_msgs/share/tm_msgs/cmake)
[2.537s] -- Found ament_lint_auto: 0.12.10 (/opt/ros/humble/share/ament_lint_auto/cmake)
[2.672s] -- Added test 'copyright' to check source files copyright and LICENSE
[2.674s] -- Added test 'cppcheck' to perform static code analysis on C / C++ code
[2.677s] -- Configured cppcheck include dirs: 
[2.677s] -- Configured cppcheck exclude dirs and/or files: 
[2.679s] -- Added test 'cpplint' to check C / C++ code against the Google style
[2.679s] -- Configured cpplint exclude dirs and/or files: 
[2.680s] -- Added test 'flake8' to check Python code syntax and style conventions
[2.680s] -- Added test 'lint_cmake' to check CMake code style
[2.681s] -- Added test 'pep257' to check Python code against some of the docstring style conventions in PEP 257
[2.683s] -- Added test 'uncrustify' to check C / C++ code style
[2.683s] -- Configured uncrustify additional arguments: 
[2.684s] -- Added test 'xmllint' to check XML markup files
[2.686s] -- Configuring done
[2.727s] -- Generating done
[2.733s] -- Build files have been written to: /home/default/p4p/build/ui_for_debug_and_demo
[2.749s] Invoked command in '/home/default/p4p/build/ui_for_debug_and_demo' returned '0': AMENT_PREFIX_PATH=/home/default/p4p/install/tm_msgs:${AMENT_PREFIX_PATH} CMAKE_PREFIX_PATH=/home/default/p4p/install/tm_msgs:/opt/ros/humble LD_LIBRARY_PATH=/home/default/p4p/install/tm_msgs/lib:${LD_LIBRARY_PATH} PYTHONPATH=/home/default/p4p/install/tm_msgs/local/lib/python3.10/dist-packages:${PYTHONPATH} /usr/bin/cmake /home/default/p4p/tmr_ros2/ui_for_debug_and_demo -DCMAKE_INSTALL_PREFIX=/home/default/p4p/install/ui_for_debug_and_demo
[2.751s] Invoking command in '/home/default/p4p/build/ui_for_debug_and_demo': AMENT_PREFIX_PATH=/home/default/p4p/install/tm_msgs:${AMENT_PREFIX_PATH} CMAKE_PREFIX_PATH=/home/default/p4p/install/tm_msgs:/opt/ros/humble LD_LIBRARY_PATH=/home/default/p4p/install/tm_msgs/lib:${LD_LIBRARY_PATH} PYTHONPATH=/home/default/p4p/install/tm_msgs/local/lib/python3.10/dist-packages:${PYTHONPATH} /usr/bin/cmake --build /home/default/p4p/build/ui_for_debug_and_demo -- -j2 -l2
[2.827s] [ 14%] [34m[1mAutomatic MOC and UIC for target robot_ui[0m
[3.328s] [ 14%] Built target robot_ui_autogen
[3.345s] [ 28%] [34m[1mGenerating ui_tm_ros_driver_windows.h[0m
[3.383s] [ 42%] [32mBuilding CXX object CMakeFiles/robot_ui.dir/robot_ui_autogen/mocs_compilation.cpp.o[0m
[9.751s] [ 57%] [32mBuilding CXX object CMakeFiles/robot_ui.dir/src/main.cpp.o[0m
[16.110s] [ 71%] [32mBuilding CXX object CMakeFiles/robot_ui.dir/src/ros_page.cpp.o[0m
[45.669s] [ 85%] [32mBuilding CXX object CMakeFiles/robot_ui.dir/src/tm_ros_driver_windows.cpp.o[0m
[52.827s] [100%] [32m[1mLinking CXX executable robot_ui[0m
[55.067s] [100%] Built target robot_ui
[55.081s] Invoked command in '/home/default/p4p/build/ui_for_debug_and_demo' returned '0': AMENT_PREFIX_PATH=/home/default/p4p/install/tm_msgs:${AMENT_PREFIX_PATH} CMAKE_PREFIX_PATH=/home/default/p4p/install/tm_msgs:/opt/ros/humble LD_LIBRARY_PATH=/home/default/p4p/install/tm_msgs/lib:${LD_LIBRARY_PATH} PYTHONPATH=/home/default/p4p/install/tm_msgs/local/lib/python3.10/dist-packages:${PYTHONPATH} /usr/bin/cmake --build /home/default/p4p/build/ui_for_debug_and_demo -- -j2 -l2
[55.130s] Invoking command in '/home/default/p4p/build/ui_for_debug_and_demo': AMENT_PREFIX_PATH=/home/default/p4p/install/tm_msgs:${AMENT_PREFIX_PATH} CMAKE_PREFIX_PATH=/home/default/p4p/install/tm_msgs:/opt/ros/humble LD_LIBRARY_PATH=/home/default/p4p/install/tm_msgs/lib:${LD_LIBRARY_PATH} PYTHONPATH=/home/default/p4p/install/tm_msgs/local/lib/python3.10/dist-packages:${PYTHONPATH} /usr/bin/cmake --install /home/default/p4p/build/ui_for_debug_and_demo
[55.139s] -- Install configuration: ""
[55.139s] -- Installing: /home/default/p4p/install/ui_for_debug_and_demo/lib/ui_for_debug_and_demo/robot_ui
[55.151s] -- Set runtime path of "/home/default/p4p/install/ui_for_debug_and_demo/lib/ui_for_debug_and_demo/robot_ui" to ""
[55.151s] -- Installing: /home/default/p4p/install/ui_for_debug_and_demo/share/ui_for_debug_and_demo/launch
[55.151s] -- Installing: /home/default/p4p/install/ui_for_debug_and_demo/share/ui_for_debug_and_demo/launch/tm_gui.launch.py
[55.151s] -- Installing: /home/default/p4p/install/ui_for_debug_and_demo/share/ament_index/resource_index/package_run_dependencies/ui_for_debug_and_demo
[55.152s] -- Installing: /home/default/p4p/install/ui_for_debug_and_demo/share/ament_index/resource_index/parent_prefix_path/ui_for_debug_and_demo
[55.152s] -- Installing: /home/default/p4p/install/ui_for_debug_and_demo/share/ui_for_debug_and_demo/environment/ament_prefix_path.sh
[55.152s] -- Installing: /home/default/p4p/install/ui_for_debug_and_demo/share/ui_for_debug_and_demo/environment/ament_prefix_path.dsv
[55.152s] -- Installing: /home/default/p4p/install/ui_for_debug_and_demo/share/ui_for_debug_and_demo/environment/path.sh
[55.152s] -- Installing: /home/default/p4p/install/ui_for_debug_and_demo/share/ui_for_debug_and_demo/environment/path.dsv
[55.152s] -- Installing: /home/default/p4p/install/ui_for_debug_and_demo/share/ui_for_debug_and_demo/local_setup.bash
[55.153s] -- Installing: /home/default/p4p/install/ui_for_debug_and_demo/share/ui_for_debug_and_demo/local_setup.sh
[55.153s] -- Installing: /home/default/p4p/install/ui_for_debug_and_demo/share/ui_for_debug_and_demo/local_setup.zsh
[55.153s] -- Installing: /home/default/p4p/install/ui_for_debug_and_demo/share/ui_for_debug_and_demo/local_setup.dsv
[55.153s] -- Installing: /home/default/p4p/install/ui_for_debug_and_demo/share/ui_for_debug_and_demo/package.dsv
[55.153s] -- Installing: /home/default/p4p/install/ui_for_debug_and_demo/share/ament_index/resource_index/packages/ui_for_debug_and_demo
[55.154s] -- Installing: /home/default/p4p/install/ui_for_debug_and_demo/share/ui_for_debug_and_demo/cmake/ui_for_debug_and_demoConfig.cmake
[55.154s] -- Installing: /home/default/p4p/install/ui_for_debug_and_demo/share/ui_for_debug_and_demo/cmake/ui_for_debug_and_demoConfig-version.cmake
[55.154s] -- Installing: /home/default/p4p/install/ui_for_debug_and_demo/share/ui_for_debug_and_demo/package.xml
[55.160s] Invoked command in '/home/default/p4p/build/ui_for_debug_and_demo' returned '0': AMENT_PREFIX_PATH=/home/default/p4p/install/tm_msgs:${AMENT_PREFIX_PATH} CMAKE_PREFIX_PATH=/home/default/p4p/install/tm_msgs:/opt/ros/humble LD_LIBRARY_PATH=/home/default/p4p/install/tm_msgs/lib:${LD_LIBRARY_PATH} PYTHONPATH=/home/default/p4p/install/tm_msgs/local/lib/python3.10/dist-packages:${PYTHONPATH} /usr/bin/cmake --install /home/default/p4p/build/ui_for_debug_and_demo
