-- The C compiler identification is GNU 11.4.0
-- The CXX compiler identification is GNU 11.4.0
-- Detecting C compiler ABI info
-- Detecting C compiler ABI info - done
-- Check for working C compiler: /usr/bin/cc - skipped
-- Detecting C compile features
-- Detecting C compile features - done
-- Detecting CXX compiler ABI info
-- Detecting CXX compiler ABI info - done
-- Check for working CXX compiler: /usr/bin/c++ - skipped
-- Detecting CXX compile features
-- Detecting CXX compile features - done
-- Found ament_cmake: 1.3.8 (/opt/ros/humble/share/ament_cmake/cmake)
-- Found Python3: /usr/bin/python3 (found version "3.10.12") found components: Interpreter 
-- Found ament_lint_auto: 0.12.10 (/opt/ros/humble/share/ament_lint_auto/cmake)
-- Added test 'lint_cmake' to check CMake code style
-- Added test 'xmllint' to check XML markup files
-- Configuring done
-- Generating done
-- Build files have been written to: /home/default/p4p/build/urdf_tm
-- Install configuration: ""
-- Installing: /home/default/p4p/install/urdf_tm/share/ament_index/resource_index/package_run_dependencies/urdf_tm
-- Installing: /home/default/p4p/install/urdf_tm/share/ament_index/resource_index/parent_prefix_path/urdf_tm
-- Installing: /home/default/p4p/install/urdf_tm/share/urdf_tm/environment/ament_prefix_path.sh
-- Installing: /home/default/p4p/install/urdf_tm/share/urdf_tm/environment/ament_prefix_path.dsv
-- Installing: /home/default/p4p/install/urdf_tm/share/urdf_tm/environment/path.sh
-- Installing: /home/default/p4p/install/urdf_tm/share/urdf_tm/environment/path.dsv
-- Installing: /home/default/p4p/install/urdf_tm/share/urdf_tm/local_setup.bash
-- Installing: /home/default/p4p/install/urdf_tm/share/urdf_tm/local_setup.sh
-- Installing: /home/default/p4p/install/urdf_tm/share/urdf_tm/local_setup.zsh
-- Installing: /home/default/p4p/install/urdf_tm/share/urdf_tm/local_setup.dsv
-- Installing: /home/default/p4p/install/urdf_tm/share/urdf_tm/package.dsv
-- Installing: /home/default/p4p/install/urdf_tm/share/ament_index/resource_index/packages/urdf_tm
-- Installing: /home/default/p4p/install/urdf_tm/share/urdf_tm/cmake/urdf_tmConfig.cmake
-- Installing: /home/default/p4p/install/urdf_tm/share/urdf_tm/cmake/urdf_tmConfig-version.cmake
-- Installing: /home/default/p4p/install/urdf_tm/share/urdf_tm/package.xml
