[0.101s] Invoking command in '/home/default/p4p/build/urdf_tm': CMAKE_PREFIX_PATH=/opt/ros/humble /usr/bin/cmake /home/default/p4p/src/urdf_tm -DCMAKE_INSTALL_PREFIX=/home/default/p4p/install/urdf_tm
[0.338s] -- The C compiler identification is GNU 11.4.0
[0.581s] -- The CXX compiler identification is GNU 11.4.0
[0.605s] -- Detecting C compiler ABI info
[0.718s] -- Detecting C compiler ABI info - done
[0.735s] -- Check for working C compiler: /usr/bin/cc - skipped
[0.741s] -- Detecting C compile features
[0.743s] -- Detecting C compile features - done
[0.749s] -- Detecting CXX compiler ABI info
[0.871s] -- Detecting CXX compiler ABI info - done
[0.888s] -- Check for working CXX compiler: /usr/bin/c++ - skipped
[0.889s] -- Detecting CXX compile features
[0.889s] -- Detecting CXX compile features - done
[0.902s] -- Found ament_cmake: 1.3.8 (/opt/ros/humble/share/ament_cmake/cmake)
[1.140s] -- Found Python3: /usr/bin/python3 (found version "3.10.12") found components: Interpreter 
[1.335s] -- Found ament_lint_auto: 0.12.10 (/opt/ros/humble/share/ament_lint_auto/cmake)
[1.485s] -- Added test 'lint_cmake' to check CMake code style
[1.489s] -- Added test 'xmllint' to check XML markup files
[1.492s] -- Configuring done
[1.497s] -- Generating done
[1.499s] -- Build files have been written to: /home/default/p4p/build/urdf_tm
[1.505s] Invoked command in '/home/default/p4p/build/urdf_tm' returned '0': CMAKE_PREFIX_PATH=/opt/ros/humble /usr/bin/cmake /home/default/p4p/src/urdf_tm -DCMAKE_INSTALL_PREFIX=/home/default/p4p/install/urdf_tm
[1.508s] Invoking command in '/home/default/p4p/build/urdf_tm': CMAKE_PREFIX_PATH=/opt/ros/humble /usr/bin/cmake --build /home/default/p4p/build/urdf_tm -- -j2 -l2
[1.561s] Invoked command in '/home/default/p4p/build/urdf_tm' returned '0': CMAKE_PREFIX_PATH=/opt/ros/humble /usr/bin/cmake --build /home/default/p4p/build/urdf_tm -- -j2 -l2
[1.602s] Invoking command in '/home/default/p4p/build/urdf_tm': CMAKE_PREFIX_PATH=/opt/ros/humble /usr/bin/cmake --install /home/default/p4p/build/urdf_tm
[1.612s] -- Install configuration: ""
[1.612s] -- Installing: /home/default/p4p/install/urdf_tm/share/ament_index/resource_index/package_run_dependencies/urdf_tm
[1.614s] -- Installing: /home/default/p4p/install/urdf_tm/share/ament_index/resource_index/parent_prefix_path/urdf_tm
[1.614s] -- Installing: /home/default/p4p/install/urdf_tm/share/urdf_tm/environment/ament_prefix_path.sh
[1.615s] -- Installing: /home/default/p4p/install/urdf_tm/share/urdf_tm/environment/ament_prefix_path.dsv
[1.615s] -- Installing: /home/default/p4p/install/urdf_tm/share/urdf_tm/environment/path.sh
[1.615s] -- Installing: /home/default/p4p/install/urdf_tm/share/urdf_tm/environment/path.dsv
[1.616s] -- Installing: /home/default/p4p/install/urdf_tm/share/urdf_tm/local_setup.bash
[1.616s] -- Installing: /home/default/p4p/install/urdf_tm/share/urdf_tm/local_setup.sh
[1.617s] -- Installing: /home/default/p4p/install/urdf_tm/share/urdf_tm/local_setup.zsh
[1.617s] -- Installing: /home/default/p4p/install/urdf_tm/share/urdf_tm/local_setup.dsv
[1.617s] -- Installing: /home/default/p4p/install/urdf_tm/share/urdf_tm/package.dsv
[1.618s] -- Installing: /home/default/p4p/install/urdf_tm/share/ament_index/resource_index/packages/urdf_tm
[1.618s] -- Installing: /home/default/p4p/install/urdf_tm/share/urdf_tm/cmake/urdf_tmConfig.cmake
[1.619s] -- Installing: /home/default/p4p/install/urdf_tm/share/urdf_tm/cmake/urdf_tmConfig-version.cmake
[1.619s] -- Installing: /home/default/p4p/install/urdf_tm/share/urdf_tm/package.xml
[1.622s] Invoked command in '/home/default/p4p/build/urdf_tm' returned '0': CMAKE_PREFIX_PATH=/opt/ros/humble /usr/bin/cmake --install /home/default/p4p/build/urdf_tm
