-- Install configuration: ""
-- Up-to-date: /home/default/p4p/install/urdf_tm/share/urdf_tm/launch
-- Installing: /home/default/p4p/install/urdf_tm/share/urdf_tm/launch/display.launch.py
-- Up-to-date: /home/default/p4p/install/urdf_tm/share/urdf_tm/urdf
-- Up-to-date: /home/default/p4p/install/urdf_tm/share/urdf_tm/urdf/model.urdf
-- Up-to-date: /home/default/p4p/install/urdf_tm/share/ament_index/resource_index/package_run_dependencies/urdf_tm
-- Up-to-date: /home/default/p4p/install/urdf_tm/share/ament_index/resource_index/parent_prefix_path/urdf_tm
-- Up-to-date: /home/default/p4p/install/urdf_tm/share/urdf_tm/environment/ament_prefix_path.sh
-- Up-to-date: /home/default/p4p/install/urdf_tm/share/urdf_tm/environment/ament_prefix_path.dsv
-- Up-to-date: /home/default/p4p/install/urdf_tm/share/urdf_tm/environment/path.sh
-- Up-to-date: /home/default/p4p/install/urdf_tm/share/urdf_tm/environment/path.dsv
-- Up-to-date: /home/default/p4p/install/urdf_tm/share/urdf_tm/local_setup.bash
-- Up-to-date: /home/default/p4p/install/urdf_tm/share/urdf_tm/local_setup.sh
-- Up-to-date: /home/default/p4p/install/urdf_tm/share/urdf_tm/local_setup.zsh
-- Up-to-date: /home/default/p4p/install/urdf_tm/share/urdf_tm/local_setup.dsv
-- Up-to-date: /home/default/p4p/install/urdf_tm/share/urdf_tm/package.dsv
-- Up-to-date: /home/default/p4p/install/urdf_tm/share/ament_index/resource_index/packages/urdf_tm
-- Up-to-date: /home/default/p4p/install/urdf_tm/share/urdf_tm/cmake/urdf_tmConfig.cmake
-- Up-to-date: /home/default/p4p/install/urdf_tm/share/urdf_tm/cmake/urdf_tmConfig-version.cmake
-- Up-to-date: /home/default/p4p/install/urdf_tm/share/urdf_tm/package.xml
