[0.122s] Invoking command in '/home/default/p4p/build/urdf_tm': CMAKE_PREFIX_PATH=${CMAKE_PREFIX_PATH}:/opt/ros/humble /usr/bin/cmake --build /home/default/p4p/build/urdf_tm -- -j2 -l2
[0.181s] Invoked command in '/home/default/p4p/build/urdf_tm' returned '0': CMAKE_PREFIX_PATH=${CMAKE_PREFIX_PATH}:/opt/ros/humble /usr/bin/cmake --build /home/default/p4p/build/urdf_tm -- -j2 -l2
[0.221s] Invoking command in '/home/default/p4p/build/urdf_tm': CMAKE_PREFIX_PATH=${CMAKE_PREFIX_PATH}:/opt/ros/humble /usr/bin/cmake --install /home/default/p4p/build/urdf_tm
[0.235s] -- Install configuration: ""
[0.235s] -- Up-to-date: /home/default/p4p/install/urdf_tm/share/urdf_tm/launch
[0.235s] -- Installing: /home/default/p4p/install/urdf_tm/share/urdf_tm/launch/display.launch.py
[0.235s] -- Up-to-date: /home/default/p4p/install/urdf_tm/share/urdf_tm/urdf
[0.236s] -- Up-to-date: /home/default/p4p/install/urdf_tm/share/urdf_tm/urdf/model.urdf
[0.236s] -- Up-to-date: /home/default/p4p/install/urdf_tm/share/ament_index/resource_index/package_run_dependencies/urdf_tm
[0.236s] -- Up-to-date: /home/default/p4p/install/urdf_tm/share/ament_index/resource_index/parent_prefix_path/urdf_tm
[0.237s] -- Up-to-date: /home/default/p4p/install/urdf_tm/share/urdf_tm/environment/ament_prefix_path.sh
[0.237s] -- Up-to-date: /home/default/p4p/install/urdf_tm/share/urdf_tm/environment/ament_prefix_path.dsv
[0.237s] -- Up-to-date: /home/default/p4p/install/urdf_tm/share/urdf_tm/environment/path.sh
[0.237s] -- Up-to-date: /home/default/p4p/install/urdf_tm/share/urdf_tm/environment/path.dsv
[0.238s] -- Up-to-date: /home/default/p4p/install/urdf_tm/share/urdf_tm/local_setup.bash
[0.238s] -- Up-to-date: /home/default/p4p/install/urdf_tm/share/urdf_tm/local_setup.sh
[0.238s] -- Up-to-date: /home/default/p4p/install/urdf_tm/share/urdf_tm/local_setup.zsh
[0.238s] -- Up-to-date: /home/default/p4p/install/urdf_tm/share/urdf_tm/local_setup.dsv
[0.239s] -- Up-to-date: /home/default/p4p/install/urdf_tm/share/urdf_tm/package.dsv
[0.239s] -- Up-to-date: /home/default/p4p/install/urdf_tm/share/ament_index/resource_index/packages/urdf_tm
[0.239s] -- Up-to-date: /home/default/p4p/install/urdf_tm/share/urdf_tm/cmake/urdf_tmConfig.cmake
[0.239s] -- Up-to-date: /home/default/p4p/install/urdf_tm/share/urdf_tm/cmake/urdf_tmConfig-version.cmake
[0.239s] -- Up-to-date: /home/default/p4p/install/urdf_tm/share/urdf_tm/package.xml
[0.242s] Invoked command in '/home/default/p4p/build/urdf_tm' returned '0': CMAKE_PREFIX_PATH=${CMAKE_PREFIX_PATH}:/opt/ros/humble /usr/bin/cmake --install /home/default/p4p/build/urdf_tm
