[0.204s] Invoking command in '/home/default/p4p/build/custom_package': AMENT_PREFIX_PATH=/home/default/p4p/install/techman_robot_msgs:${AMENT_PREFIX_PATH} CMAKE_PREFIX_PATH=/home/default/p4p/install/techman_robot_msgs:/opt/ros/humble LD_LIBRARY_PATH=/home/default/p4p/install/techman_robot_msgs/lib:${LD_LIBRARY_PATH} PYTHONPATH=/home/default/p4p/install/techman_robot_msgs/local/lib/python3.10/dist-packages:${PYTHONPATH} /usr/bin/cmake /home/default/p4p/tmr_ros2/custom_package -DCMAKE_INSTALL_PREFIX=/home/default/p4p/install/custom_package
[0.423s] -- The C compiler identification is GNU 11.4.0
[0.562s] -- The CXX compiler identification is GNU 11.4.0
[0.581s] -- Detecting C compiler ABI info
[0.852s] -- Detecting C compiler ABI info - done
[0.895s] -- Check for working C compiler: /usr/bin/cc - skipped
[0.896s] -- Detecting C compile features
[0.897s] -- Detecting C compile features - done
[0.902s] -- Detecting CXX compiler ABI info
[1.284s] -- Detecting CXX compiler ABI info - done
[1.349s] -- Check for working CXX compiler: /usr/bin/c++ - skipped
[1.353s] -- Detecting CXX compile features
[1.360s] -- Detecting CXX compile features - done
[1.365s] -- Found ament_cmake: 1.3.8 (/opt/ros/humble/share/ament_cmake/cmake)
[2.003s] -- Found Python3: /usr/bin/python3 (found version "3.10.12") found components: Interpreter 
[2.295s] -- Found rclcpp: 16.0.8 (/opt/ros/humble/share/rclcpp/cmake)
[2.439s] -- Found rosidl_generator_c: 3.1.5 (/opt/ros/humble/share/rosidl_generator_c/cmake)
[2.447s] -- Found rosidl_adapter: 3.1.5 (/opt/ros/humble/share/rosidl_adapter/cmake)
[2.462s] -- Found rosidl_generator_cpp: 3.1.5 (/opt/ros/humble/share/rosidl_generator_cpp/cmake)
[2.492s] -- Using all available rosidl_typesupport_c: rosidl_typesupport_fastrtps_c;rosidl_typesupport_introspection_c
[2.568s] -- Using all available rosidl_typesupport_cpp: rosidl_typesupport_fastrtps_cpp;rosidl_typesupport_introspection_cpp
[2.795s] -- Found rmw_implementation_cmake: 6.1.1 (/opt/ros/humble/share/rmw_implementation_cmake/cmake)
[2.800s] -- Found rmw_fastrtps_cpp: 6.2.6 (/opt/ros/humble/share/rmw_fastrtps_cpp/cmake)
[3.171s] -- Found OpenSSL: /usr/lib/x86_64-linux-gnu/libcrypto.so (found version "3.0.2")  
[3.255s] -- Found FastRTPS: /opt/ros/humble/include  
[3.335s] -- Using RMW implementation 'rmw_fastrtps_cpp' as default
[3.363s] -- Looking for pthread.h
[3.488s] -- Looking for pthread.h - found
[3.492s] -- Performing Test CMAKE_HAVE_LIBC_PTHREAD
[3.601s] -- Performing Test CMAKE_HAVE_LIBC_PTHREAD - Success
[3.603s] -- Found Threads: TRUE  
[4.298s] -- Found rclcpp_components: 16.0.8 (/opt/ros/humble/share/rclcpp_components/cmake)
[4.539s] -- Found sensor_msgs: 4.2.3 (/opt/ros/humble/share/sensor_msgs/cmake)
[5.233s] -- Found OpenCV: /usr (found version "4.5.4") 
[5.234s] -- Found techman_robot_msgs: 1.0.0 (/home/default/p4p/install/techman_robot_msgs/share/techman_robot_msgs/cmake)
[5.282s] -- Found ament_lint_auto: 0.12.10 (/opt/ros/humble/share/ament_lint_auto/cmake)
[5.421s] -- Added test 'copyright' to check source files copyright and LICENSE
[5.423s] -- Added test 'cppcheck' to perform static code analysis on C / C++ code
[5.424s] -- Configured cppcheck include dirs: 
[5.424s] -- Configured cppcheck exclude dirs and/or files: 
[5.426s] -- Added test 'cpplint' to check C / C++ code against the Google style
[5.426s] -- Configured cpplint exclude dirs and/or files: 
[5.427s] -- Added test 'lint_cmake' to check CMake code style
[5.429s] -- Added test 'uncrustify' to check C / C++ code style
[5.429s] -- Configured uncrustify additional arguments: 
[5.430s] -- Added test 'xmllint' to check XML markup files
[5.432s] -- Configuring done
[5.461s] -- Generating done
[5.465s] -- Build files have been written to: /home/default/p4p/build/custom_package
[5.480s] Invoked command in '/home/default/p4p/build/custom_package' returned '0': AMENT_PREFIX_PATH=/home/default/p4p/install/techman_robot_msgs:${AMENT_PREFIX_PATH} CMAKE_PREFIX_PATH=/home/default/p4p/install/techman_robot_msgs:/opt/ros/humble LD_LIBRARY_PATH=/home/default/p4p/install/techman_robot_msgs/lib:${LD_LIBRARY_PATH} PYTHONPATH=/home/default/p4p/install/techman_robot_msgs/local/lib/python3.10/dist-packages:${PYTHONPATH} /usr/bin/cmake /home/default/p4p/tmr_ros2/custom_package -DCMAKE_INSTALL_PREFIX=/home/default/p4p/install/custom_package
[5.493s] Invoking command in '/home/default/p4p/build/custom_package': AMENT_PREFIX_PATH=/home/default/p4p/install/techman_robot_msgs:${AMENT_PREFIX_PATH} CMAKE_PREFIX_PATH=/home/default/p4p/install/techman_robot_msgs:/opt/ros/humble LD_LIBRARY_PATH=/home/default/p4p/install/techman_robot_msgs/lib:${LD_LIBRARY_PATH} PYTHONPATH=/home/default/p4p/install/techman_robot_msgs/local/lib/python3.10/dist-packages:${PYTHONPATH} /usr/bin/cmake --build /home/default/p4p/build/custom_package -- -j2 -l2
[5.674s] [ 25%] [32mBuilding CXX object CMakeFiles/tm_send_command.dir/src/send_command.cpp.o[0m
[13.757s] [ 50%] [32m[1mLinking CXX executable tm_send_command[0m
[13.984s] [ 50%] Built target tm_send_command
[14.014s] [ 75%] [32mBuilding CXX object CMakeFiles/sub_img.dir/src/sub_img.cpp.o[0m
[27.537s] [100%] [32m[1mLinking CXX executable sub_img[0m
[28.669s] [100%] Built target sub_img
[28.686s] Invoked command in '/home/default/p4p/build/custom_package' returned '0': AMENT_PREFIX_PATH=/home/default/p4p/install/techman_robot_msgs:${AMENT_PREFIX_PATH} CMAKE_PREFIX_PATH=/home/default/p4p/install/techman_robot_msgs:/opt/ros/humble LD_LIBRARY_PATH=/home/default/p4p/install/techman_robot_msgs/lib:${LD_LIBRARY_PATH} PYTHONPATH=/home/default/p4p/install/techman_robot_msgs/local/lib/python3.10/dist-packages:${PYTHONPATH} /usr/bin/cmake --build /home/default/p4p/build/custom_package -- -j2 -l2
[28.729s] Invoking command in '/home/default/p4p/build/custom_package': AMENT_PREFIX_PATH=/home/default/p4p/install/techman_robot_msgs:${AMENT_PREFIX_PATH} CMAKE_PREFIX_PATH=/home/default/p4p/install/techman_robot_msgs:/opt/ros/humble LD_LIBRARY_PATH=/home/default/p4p/install/techman_robot_msgs/lib:${LD_LIBRARY_PATH} PYTHONPATH=/home/default/p4p/install/techman_robot_msgs/local/lib/python3.10/dist-packages:${PYTHONPATH} /usr/bin/cmake --install /home/default/p4p/build/custom_package
[28.741s] -- Install configuration: ""
[28.742s] -- Installing: /home/default/p4p/install/custom_package/lib/custom_package/tm_send_command
[28.743s] -- Set runtime path of "/home/default/p4p/install/custom_package/lib/custom_package/tm_send_command" to ""
[28.744s] -- Installing: /home/default/p4p/install/custom_package/lib/custom_package/sub_img
[28.748s] -- Set runtime path of "/home/default/p4p/install/custom_package/lib/custom_package/sub_img" to ""
[28.749s] -- Installing: /home/default/p4p/install/custom_package/share/custom_package/image
[28.749s] -- Installing: /home/default/p4p/install/custom_package/share/custom_package/image/techman_robot.jpg
[28.750s] -- Installing: /home/default/p4p/install/custom_package/share/ament_index/resource_index/package_run_dependencies/custom_package
[28.751s] -- Installing: /home/default/p4p/install/custom_package/share/ament_index/resource_index/parent_prefix_path/custom_package
[28.751s] -- Installing: /home/default/p4p/install/custom_package/share/custom_package/environment/ament_prefix_path.sh
[28.751s] -- Installing: /home/default/p4p/install/custom_package/share/custom_package/environment/ament_prefix_path.dsv
[28.752s] -- Installing: /home/default/p4p/install/custom_package/share/custom_package/environment/path.sh
[28.752s] -- Installing: /home/default/p4p/install/custom_package/share/custom_package/environment/path.dsv
[28.753s] -- Installing: /home/default/p4p/install/custom_package/share/custom_package/local_setup.bash
[28.753s] -- Installing: /home/default/p4p/install/custom_package/share/custom_package/local_setup.sh
[28.754s] -- Installing: /home/default/p4p/install/custom_package/share/custom_package/local_setup.zsh
[28.754s] -- Installing: /home/default/p4p/install/custom_package/share/custom_package/local_setup.dsv
[28.754s] -- Installing: /home/default/p4p/install/custom_package/share/custom_package/package.dsv
[28.755s] -- Installing: /home/default/p4p/install/custom_package/share/ament_index/resource_index/packages/custom_package
[28.755s] -- Installing: /home/default/p4p/install/custom_package/share/custom_package/cmake/custom_packageConfig.cmake
[28.756s] -- Installing: /home/default/p4p/install/custom_package/share/custom_package/cmake/custom_packageConfig-version.cmake
[28.758s] -- Installing: /home/default/p4p/install/custom_package/share/custom_package/package.xml
[28.761s] Invoked command in '/home/default/p4p/build/custom_package' returned '0': AMENT_PREFIX_PATH=/home/default/p4p/install/techman_robot_msgs:${AMENT_PREFIX_PATH} CMAKE_PREFIX_PATH=/home/default/p4p/install/techman_robot_msgs:/opt/ros/humble LD_LIBRARY_PATH=/home/default/p4p/install/techman_robot_msgs/lib:${LD_LIBRARY_PATH} PYTHONPATH=/home/default/p4p/install/techman_robot_msgs/local/lib/python3.10/dist-packages:${PYTHONPATH} /usr/bin/cmake --install /home/default/p4p/build/custom_package
