[1.806s] DEBUG:colcon:Command line arguments: ['/usr/bin/colcon', 'build']
[1.806s] DEBUG:colcon:Parsed command line arguments: Namespace(log_base=None, log_level=None, verb_name='build', build_base='build', install_base='install', merge_install=False, symlink_install=False, test_result_base=None, continue_on_error=False, executor='parallel', parallel_workers=2, event_handlers=None, ignore_user_meta=False, metas=['./colcon.meta'], base_paths=['.'], packages_ignore=None, packages_ignore_regex=None, paths=None, packages_up_to=None, packages_up_to_regex=None, packages_above=None, packages_above_and_dependencies=None, packages_above_depth=None, packages_select_by_dep=None, packages_skip_by_dep=None, packages_skip_up_to=None, packages_select_build_failed=False, packages_skip_build_finished=False, packages_select_test_failures=False, packages_skip_test_passed=False, packages_select=None, packages_skip=None, packages_select_regex=None, packages_skip_regex=None, packages_start=None, packages_end=None, allow_overriding=[], cmake_args=None, cmake_target=None, cmake_target_skip_unavailable=False, cmake_clean_cache=False, cmake_clean_first=False, cmake_force_configure=False, ament_cmake_args=None, catkin_cmake_args=None, catkin_skip_building_tests=False, verb_parser=<colcon_defaults.argument_parser.defaults.DefaultArgumentsDecorator object at 0x742390e6c910>, verb_extension=<colcon_core.verb.build.BuildVerb object at 0x74239111a8c0>, main=<bound method BuildVerb.main of <colcon_core.verb.build.BuildVerb object at 0x74239111a8c0>>)
[1.900s] Level 1:colcon.colcon_core.package_discovery:discover_packages(colcon_meta) check parameters
[1.900s] Level 1:colcon.colcon_core.package_discovery:discover_packages(recursive) check parameters
[1.900s] Level 1:colcon.colcon_core.package_discovery:discover_packages(ignore) check parameters
[1.900s] Level 1:colcon.colcon_core.package_discovery:discover_packages(path) check parameters
[1.900s] Level 1:colcon.colcon_core.package_discovery:discover_packages(colcon_meta) discover
[1.900s] Level 1:colcon.colcon_core.package_discovery:discover_packages(recursive) discover
[1.900s] INFO:colcon.colcon_core.package_discovery:Crawling recursively for packages in '/home/default/p4p'
[1.901s] Level 1:colcon.colcon_core.package_identification:_identify(.) by extensions ['ignore', 'ignore_ament_install']
[1.901s] Level 1:colcon.colcon_core.package_identification:_identify(.) by extension 'ignore'
[1.901s] Level 1:colcon.colcon_core.package_identification:_identify(.) by extension 'ignore_ament_install'
[1.901s] Level 1:colcon.colcon_core.package_identification:_identify(.) by extensions ['colcon_pkg']
[1.901s] Level 1:colcon.colcon_core.package_identification:_identify(.) by extension 'colcon_pkg'
[1.901s] Level 1:colcon.colcon_core.package_identification:_identify(.) by extensions ['colcon_meta']
[1.901s] Level 1:colcon.colcon_core.package_identification:_identify(.) by extension 'colcon_meta'
[1.901s] Level 1:colcon.colcon_core.package_identification:_identify(.) by extensions ['ros']
[1.902s] Level 1:colcon.colcon_core.package_identification:_identify(.) by extension 'ros'
[1.925s] Level 1:colcon.colcon_core.package_identification:_identify(.) by extensions ['cmake', 'python']
[1.925s] Level 1:colcon.colcon_core.package_identification:_identify(.) by extension 'cmake'
[1.925s] Level 1:colcon.colcon_core.package_identification:_identify(.) by extension 'python'
[1.925s] Level 1:colcon.colcon_core.package_identification:_identify(.) by extensions ['python_setup_py']
[1.926s] Level 1:colcon.colcon_core.package_identification:_identify(.) by extension 'python_setup_py'
[1.926s] Level 1:colcon.colcon_core.package_identification:_identify(build) by extensions ['ignore', 'ignore_ament_install']
[1.926s] Level 1:colcon.colcon_core.package_identification:_identify(build) by extension 'ignore'
[1.926s] Level 1:colcon.colcon_core.package_identification:_identify(build) ignored
[1.926s] Level 1:colcon.colcon_core.package_identification:_identify(install) by extensions ['ignore', 'ignore_ament_install']
[1.927s] Level 1:colcon.colcon_core.package_identification:_identify(install) by extension 'ignore'
[1.927s] Level 1:colcon.colcon_core.package_identification:_identify(install) ignored
[1.927s] Level 1:colcon.colcon_core.package_identification:_identify(log) by extensions ['ignore', 'ignore_ament_install']
[1.927s] Level 1:colcon.colcon_core.package_identification:_identify(log) by extension 'ignore'
[1.927s] Level 1:colcon.colcon_core.package_identification:_identify(log) ignored
[1.927s] Level 1:colcon.colcon_core.package_identification:_identify(src) by extensions ['ignore', 'ignore_ament_install']
[1.927s] Level 1:colcon.colcon_core.package_identification:_identify(src) by extension 'ignore'
[1.928s] Level 1:colcon.colcon_core.package_identification:_identify(src) by extension 'ignore_ament_install'
[1.928s] Level 1:colcon.colcon_core.package_identification:_identify(src) by extensions ['colcon_pkg']
[1.928s] Level 1:colcon.colcon_core.package_identification:_identify(src) by extension 'colcon_pkg'
[1.928s] Level 1:colcon.colcon_core.package_identification:_identify(src) by extensions ['colcon_meta']
[1.928s] Level 1:colcon.colcon_core.package_identification:_identify(src) by extension 'colcon_meta'
[1.928s] Level 1:colcon.colcon_core.package_identification:_identify(src) by extensions ['ros']
[1.928s] Level 1:colcon.colcon_core.package_identification:_identify(src) by extension 'ros'
[1.928s] Level 1:colcon.colcon_core.package_identification:_identify(src) by extensions ['cmake', 'python']
[1.928s] Level 1:colcon.colcon_core.package_identification:_identify(src) by extension 'cmake'
[1.928s] Level 1:colcon.colcon_core.package_identification:_identify(src) by extension 'python'
[1.928s] Level 1:colcon.colcon_core.package_identification:_identify(src) by extensions ['python_setup_py']
[1.928s] Level 1:colcon.colcon_core.package_identification:_identify(src) by extension 'python_setup_py'
[1.928s] Level 1:colcon.colcon_core.package_identification:_identify(src/urdf_tm) by extensions ['ignore', 'ignore_ament_install']
[1.929s] Level 1:colcon.colcon_core.package_identification:_identify(src/urdf_tm) by extension 'ignore'
[1.929s] Level 1:colcon.colcon_core.package_identification:_identify(src/urdf_tm) by extension 'ignore_ament_install'
[1.929s] Level 1:colcon.colcon_core.package_identification:_identify(src/urdf_tm) by extensions ['colcon_pkg']
[1.929s] Level 1:colcon.colcon_core.package_identification:_identify(src/urdf_tm) by extension 'colcon_pkg'
[1.929s] Level 1:colcon.colcon_core.package_identification:_identify(src/urdf_tm) by extensions ['colcon_meta']
[1.929s] Level 1:colcon.colcon_core.package_identification:_identify(src/urdf_tm) by extension 'colcon_meta'
[1.929s] Level 1:colcon.colcon_core.package_identification:_identify(src/urdf_tm) by extensions ['ros']
[1.929s] Level 1:colcon.colcon_core.package_identification:_identify(src/urdf_tm) by extension 'ros'
[1.934s] DEBUG:colcon.colcon_core.package_identification:Package 'src/urdf_tm' with type 'ros.ament_cmake' and name 'urdf_tm'
[1.934s] Level 1:colcon.colcon_core.package_discovery:discover_packages(recursive) using defaults
[1.935s] Level 1:colcon.colcon_core.package_discovery:discover_packages(ignore) discover
[1.935s] Level 1:colcon.colcon_core.package_discovery:discover_packages(ignore) using defaults
[1.935s] Level 1:colcon.colcon_core.package_discovery:discover_packages(path) discover
[1.935s] Level 1:colcon.colcon_core.package_discovery:discover_packages(path) using defaults
[2.133s] Level 1:colcon.colcon_core.package_discovery:discover_packages(prefix_path) check parameters
[2.133s] Level 1:colcon.colcon_core.package_discovery:discover_packages(prefix_path) discover
[2.196s] DEBUG:colcon.colcon_installed_package_information.package_discovery:Found 1 installed packages in /home/default/p4p/install
[2.228s] DEBUG:colcon.colcon_installed_package_information.package_discovery:Found 275 installed packages in /opt/ros/humble
[2.232s] Level 1:colcon.colcon_core.package_discovery:discover_packages(prefix_path) using defaults
[2.472s] Level 5:colcon.colcon_core.verb:set package 'urdf_tm' build argument 'cmake_args' from command line to 'None'
[2.472s] Level 5:colcon.colcon_core.verb:set package 'urdf_tm' build argument 'cmake_target' from command line to 'None'
[2.472s] Level 5:colcon.colcon_core.verb:set package 'urdf_tm' build argument 'cmake_target_skip_unavailable' from command line to 'False'
[2.472s] Level 5:colcon.colcon_core.verb:set package 'urdf_tm' build argument 'cmake_clean_cache' from command line to 'False'
[2.472s] Level 5:colcon.colcon_core.verb:set package 'urdf_tm' build argument 'cmake_clean_first' from command line to 'False'
[2.472s] Level 5:colcon.colcon_core.verb:set package 'urdf_tm' build argument 'cmake_force_configure' from command line to 'False'
[2.472s] Level 5:colcon.colcon_core.verb:set package 'urdf_tm' build argument 'ament_cmake_args' from command line to 'None'
[2.473s] Level 5:colcon.colcon_core.verb:set package 'urdf_tm' build argument 'catkin_cmake_args' from command line to 'None'
[2.473s] Level 5:colcon.colcon_core.verb:set package 'urdf_tm' build argument 'catkin_skip_building_tests' from command line to 'False'
[2.473s] DEBUG:colcon.colcon_core.verb:Building package 'urdf_tm' with the following arguments: {'ament_cmake_args': None, 'build_base': '/home/default/p4p/build/urdf_tm', 'catkin_cmake_args': None, 'catkin_skip_building_tests': False, 'cmake_args': None, 'cmake_clean_cache': False, 'cmake_clean_first': False, 'cmake_force_configure': False, 'cmake_target': None, 'cmake_target_skip_unavailable': False, 'install_base': '/home/default/p4p/install/urdf_tm', 'merge_install': False, 'path': '/home/default/p4p/src/urdf_tm', 'symlink_install': False, 'test_result_base': None}
[2.502s] INFO:colcon.colcon_core.executor:Executing jobs using 'parallel' executor
[2.537s] DEBUG:colcon.colcon_parallel_executor.executor.parallel:run_until_complete
[2.538s] INFO:colcon.colcon_ros.task.ament_cmake.build:Building ROS package in '/home/default/p4p/src/urdf_tm' with build type 'ament_cmake'
[2.538s] INFO:colcon.colcon_cmake.task.cmake.build:Building CMake package in '/home/default/p4p/src/urdf_tm'
[2.578s] INFO:colcon.colcon_core.plugin_system:Skipping extension 'colcon_core.shell.bat': Not used on non-Windows systems
[2.578s] INFO:colcon.colcon_core.shell:Skip shell extension 'powershell' for command environment: Not usable outside of PowerShell
[2.578s] DEBUG:colcon.colcon_core.shell:Skip shell extension 'dsv' for command environment
[2.687s] DEBUG:colcon.colcon_core.event_handler.log_command:Invoking command in '/home/default/p4p/build/urdf_tm': CMAKE_PREFIX_PATH=${CMAKE_PREFIX_PATH}:/opt/ros/humble /usr/bin/cmake --build /home/default/p4p/build/urdf_tm -- -j2 -l2
[2.738s] DEBUG:colcon.colcon_core.event_handler.log_command:Invoked command in '/home/default/p4p/build/urdf_tm' returned '0': CMAKE_PREFIX_PATH=${CMAKE_PREFIX_PATH}:/opt/ros/humble /usr/bin/cmake --build /home/default/p4p/build/urdf_tm -- -j2 -l2
[2.797s] DEBUG:colcon.colcon_core.event_handler.log_command:Invoking command in '/home/default/p4p/build/urdf_tm': CMAKE_PREFIX_PATH=${CMAKE_PREFIX_PATH}:/opt/ros/humble /usr/bin/cmake --install /home/default/p4p/build/urdf_tm
[2.819s] Level 1:colcon.colcon_core.environment:create_environment_scripts_only(urdf_tm)
[2.822s] DEBUG:colcon.colcon_core.event_handler.log_command:Invoked command in '/home/default/p4p/build/urdf_tm' returned '0': CMAKE_PREFIX_PATH=${CMAKE_PREFIX_PATH}:/opt/ros/humble /usr/bin/cmake --install /home/default/p4p/build/urdf_tm
[2.854s] Level 1:colcon.colcon_core.environment:checking '/home/default/p4p/install/urdf_tm' for CMake module files
[2.855s] Level 1:colcon.colcon_core.environment:checking '/home/default/p4p/install/urdf_tm' for CMake config files
[2.856s] Level 1:colcon.colcon_core.shell:create_environment_hook('urdf_tm', 'cmake_prefix_path')
[2.887s] INFO:colcon.colcon_core.shell:Creating environment hook '/home/default/p4p/install/urdf_tm/share/urdf_tm/hook/cmake_prefix_path.ps1'
[2.889s] INFO:colcon.colcon_core.shell:Creating environment descriptor '/home/default/p4p/install/urdf_tm/share/urdf_tm/hook/cmake_prefix_path.dsv'
[2.890s] INFO:colcon.colcon_core.shell:Creating environment hook '/home/default/p4p/install/urdf_tm/share/urdf_tm/hook/cmake_prefix_path.sh'
[2.893s] Level 1:colcon.colcon_core.environment:checking '/home/default/p4p/install/urdf_tm/bin'
[2.893s] Level 1:colcon.colcon_core.environment:checking '/home/default/p4p/install/urdf_tm/lib/pkgconfig/urdf_tm.pc'
[2.893s] Level 1:colcon.colcon_core.environment:checking '/home/default/p4p/install/urdf_tm/lib/python3.10/site-packages'
[2.894s] Level 1:colcon.colcon_core.environment:checking '/home/default/p4p/install/urdf_tm/bin'
[2.924s] INFO:colcon.colcon_core.shell:Creating package script '/home/default/p4p/install/urdf_tm/share/urdf_tm/package.ps1'
[2.925s] INFO:colcon.colcon_core.shell:Creating package descriptor '/home/default/p4p/install/urdf_tm/share/urdf_tm/package.dsv'
[2.926s] INFO:colcon.colcon_core.shell:Creating package script '/home/default/p4p/install/urdf_tm/share/urdf_tm/package.sh'
[2.928s] INFO:colcon.colcon_core.shell:Creating package script '/home/default/p4p/install/urdf_tm/share/urdf_tm/package.bash'
[2.929s] INFO:colcon.colcon_core.shell:Creating package script '/home/default/p4p/install/urdf_tm/share/urdf_tm/package.zsh'
[2.930s] Level 1:colcon.colcon_core.environment:create_file_with_runtime_dependencies(/home/default/p4p/install/urdf_tm/share/colcon-core/packages/urdf_tm)
[2.989s] Level 1:colcon.colcon_core.environment:create_environment_scripts_only(urdf_tm)
[3.017s] Level 1:colcon.colcon_core.environment:checking '/home/default/p4p/install/urdf_tm' for CMake module files
[3.018s] Level 1:colcon.colcon_core.environment:checking '/home/default/p4p/install/urdf_tm' for CMake config files
[3.018s] Level 1:colcon.colcon_core.shell:create_environment_hook('urdf_tm', 'cmake_prefix_path')
[3.045s] INFO:colcon.colcon_core.shell:Creating environment hook '/home/default/p4p/install/urdf_tm/share/urdf_tm/hook/cmake_prefix_path.ps1'
[3.046s] INFO:colcon.colcon_core.shell:Creating environment descriptor '/home/default/p4p/install/urdf_tm/share/urdf_tm/hook/cmake_prefix_path.dsv'
[3.046s] INFO:colcon.colcon_core.shell:Creating environment hook '/home/default/p4p/install/urdf_tm/share/urdf_tm/hook/cmake_prefix_path.sh'
[3.047s] Level 1:colcon.colcon_core.environment:checking '/home/default/p4p/install/urdf_tm/bin'
[3.047s] Level 1:colcon.colcon_core.environment:checking '/home/default/p4p/install/urdf_tm/lib/pkgconfig/urdf_tm.pc'
[3.048s] Level 1:colcon.colcon_core.environment:checking '/home/default/p4p/install/urdf_tm/lib/python3.10/site-packages'
[3.048s] Level 1:colcon.colcon_core.environment:checking '/home/default/p4p/install/urdf_tm/bin'
[3.073s] INFO:colcon.colcon_core.shell:Creating package script '/home/default/p4p/install/urdf_tm/share/urdf_tm/package.ps1'
[3.074s] INFO:colcon.colcon_core.shell:Creating package descriptor '/home/default/p4p/install/urdf_tm/share/urdf_tm/package.dsv'
[3.075s] INFO:colcon.colcon_core.shell:Creating package script '/home/default/p4p/install/urdf_tm/share/urdf_tm/package.sh'
[3.076s] INFO:colcon.colcon_core.shell:Creating package script '/home/default/p4p/install/urdf_tm/share/urdf_tm/package.bash'
[3.077s] INFO:colcon.colcon_core.shell:Creating package script '/home/default/p4p/install/urdf_tm/share/urdf_tm/package.zsh'
[3.078s] Level 1:colcon.colcon_core.environment:create_file_with_runtime_dependencies(/home/default/p4p/install/urdf_tm/share/colcon-core/packages/urdf_tm)
[3.079s] DEBUG:colcon.colcon_parallel_executor.executor.parallel:closing loop
[3.080s] DEBUG:colcon.colcon_parallel_executor.executor.parallel:loop closed
[3.080s] DEBUG:colcon.colcon_parallel_executor.executor.parallel:run_until_complete finished with '0'
[3.080s] DEBUG:colcon.colcon_core.event_reactor:joining thread
[3.119s] INFO:colcon.colcon_core.plugin_system:Skipping extension 'colcon_notification.desktop_notification.terminal_notifier': Not used on non-Darwin systems
[3.119s] INFO:colcon.colcon_core.plugin_system:Skipping extension 'colcon_notification.desktop_notification.win32': Not used on non-Windows systems
[3.119s] INFO:colcon.colcon_notification.desktop_notification:Sending desktop notification using 'notify2'
[3.141s] DEBUG:colcon.colcon_core.event_reactor:joined thread
[3.171s] INFO:colcon.colcon_core.shell:Creating prefix script '/home/default/p4p/install/local_setup.ps1'
[3.173s] INFO:colcon.colcon_core.shell:Creating prefix util module '/home/default/p4p/install/_local_setup_util_ps1.py'
[3.186s] INFO:colcon.colcon_core.shell:Creating prefix chain script '/home/default/p4p/install/setup.ps1'
[3.220s] INFO:colcon.colcon_core.shell:Creating prefix script '/home/default/p4p/install/local_setup.sh'
[3.221s] INFO:colcon.colcon_core.shell:Creating prefix util module '/home/default/p4p/install/_local_setup_util_sh.py'
[3.222s] INFO:colcon.colcon_core.shell:Creating prefix chain script '/home/default/p4p/install/setup.sh'
[3.254s] INFO:colcon.colcon_core.shell:Creating prefix script '/home/default/p4p/install/local_setup.bash'
[3.255s] INFO:colcon.colcon_core.shell:Creating prefix chain script '/home/default/p4p/install/setup.bash'
[3.286s] INFO:colcon.colcon_core.shell:Creating prefix script '/home/default/p4p/install/local_setup.zsh'
[3.287s] INFO:colcon.colcon_core.shell:Creating prefix chain script '/home/default/p4p/install/setup.zsh'
