[2.891s] Invoking command in '/home/default/p4p/tmr_ros2/tm_mod_urdf': PYTHONPATH=/home/default/p4p/build/tm_mod_urdf/prefix_override:/home/default/p4p/install/tm_mod_urdf/lib/python3.10/site-packages:${PYTHONPATH} /usr/bin/python3 setup.py egg_info --egg-base ../../build/tm_mod_urdf build --build-base /home/default/p4p/build/tm_mod_urdf/build install --record /home/default/p4p/build/tm_mod_urdf/install.log --single-version-externally-managed
[3.589s] running egg_info
[3.590s] creating ../../build/tm_mod_urdf/tm_mod_urdf.egg-info
[3.592s] writing ../../build/tm_mod_urdf/tm_mod_urdf.egg-info/PKG-INFO
[3.593s] writing dependency_links to ../../build/tm_mod_urdf/tm_mod_urdf.egg-info/dependency_links.txt
[3.593s] writing entry points to ../../build/tm_mod_urdf/tm_mod_urdf.egg-info/entry_points.txt
[3.594s] writing requirements to ../../build/tm_mod_urdf/tm_mod_urdf.egg-info/requires.txt
[3.598s] writing top-level names to ../../build/tm_mod_urdf/tm_mod_urdf.egg-info/top_level.txt
[3.599s] writing manifest file '../../build/tm_mod_urdf/tm_mod_urdf.egg-info/SOURCES.txt'
[3.602s] reading manifest file '../../build/tm_mod_urdf/tm_mod_urdf.egg-info/SOURCES.txt'
[3.603s] writing manifest file '../../build/tm_mod_urdf/tm_mod_urdf.egg-info/SOURCES.txt'
[3.604s] running build
[3.604s] running build_py
[3.605s] creating /home/default/p4p/build/tm_mod_urdf/build
[3.605s] creating /home/default/p4p/build/tm_mod_urdf/build/lib
[3.605s] creating /home/default/p4p/build/tm_mod_urdf/build/lib/tm_mod_urdf
[3.605s] copying tm_mod_urdf/modify_xacro.py -> /home/default/p4p/build/tm_mod_urdf/build/lib/tm_mod_urdf
[3.606s] copying tm_mod_urdf/modify_urdf.py -> /home/default/p4p/build/tm_mod_urdf/build/lib/tm_mod_urdf
[3.606s] copying tm_mod_urdf/__init__.py -> /home/default/p4p/build/tm_mod_urdf/build/lib/tm_mod_urdf
[3.607s] copying tm_mod_urdf/_modify_urdf.py -> /home/default/p4p/build/tm_mod_urdf/build/lib/tm_mod_urdf
[3.607s] running install
[3.608s] /usr/lib/python3/dist-packages/setuptools/command/install.py:34: SetuptoolsDeprecationWarning: setup.py install is deprecated. Use build and pip and other standards-based tools.
[3.608s]   warnings.warn(
[3.609s] running install_lib
[3.610s] creating /home/default/p4p/install/tm_mod_urdf/lib/python3.10/site-packages/tm_mod_urdf
[3.610s] copying /home/default/p4p/build/tm_mod_urdf/build/lib/tm_mod_urdf/modify_xacro.py -> /home/default/p4p/install/tm_mod_urdf/lib/python3.10/site-packages/tm_mod_urdf
[3.611s] copying /home/default/p4p/build/tm_mod_urdf/build/lib/tm_mod_urdf/modify_urdf.py -> /home/default/p4p/install/tm_mod_urdf/lib/python3.10/site-packages/tm_mod_urdf
[3.620s] copying /home/default/p4p/build/tm_mod_urdf/build/lib/tm_mod_urdf/__init__.py -> /home/default/p4p/install/tm_mod_urdf/lib/python3.10/site-packages/tm_mod_urdf
[3.620s] copying /home/default/p4p/build/tm_mod_urdf/build/lib/tm_mod_urdf/_modify_urdf.py -> /home/default/p4p/install/tm_mod_urdf/lib/python3.10/site-packages/tm_mod_urdf
[3.622s] byte-compiling /home/default/p4p/install/tm_mod_urdf/lib/python3.10/site-packages/tm_mod_urdf/modify_xacro.py to modify_xacro.cpython-310.pyc
[3.624s] byte-compiling /home/default/p4p/install/tm_mod_urdf/lib/python3.10/site-packages/tm_mod_urdf/modify_urdf.py to modify_urdf.cpython-310.pyc
[3.627s] byte-compiling /home/default/p4p/install/tm_mod_urdf/lib/python3.10/site-packages/tm_mod_urdf/__init__.py to __init__.cpython-310.pyc
[3.628s] byte-compiling /home/default/p4p/install/tm_mod_urdf/lib/python3.10/site-packages/tm_mod_urdf/_modify_urdf.py to _modify_urdf.cpython-310.pyc
[3.633s] running install_data
[3.636s] creating /home/default/p4p/install/tm_mod_urdf/share/ament_index
[3.636s] creating /home/default/p4p/install/tm_mod_urdf/share/ament_index/resource_index
[3.637s] creating /home/default/p4p/install/tm_mod_urdf/share/ament_index/resource_index/packages
[3.637s] copying resource/tm_mod_urdf -> /home/default/p4p/install/tm_mod_urdf/share/ament_index/resource_index/packages
[3.637s] copying package.xml -> /home/default/p4p/install/tm_mod_urdf/share/tm_mod_urdf
[3.638s] running install_egg_info
[3.641s] Copying ../../build/tm_mod_urdf/tm_mod_urdf.egg-info to /home/default/p4p/install/tm_mod_urdf/lib/python3.10/site-packages/tm_mod_urdf-1.1.2-py3.10.egg-info
[3.642s] running install_scripts
[3.703s] Installing modify_urdf script to /home/default/p4p/install/tm_mod_urdf/lib/tm_mod_urdf
[3.704s] Installing modify_xacro script to /home/default/p4p/install/tm_mod_urdf/lib/tm_mod_urdf
[3.706s] writing list of installed files to '/home/default/p4p/build/tm_mod_urdf/install.log'
[3.800s] Invoked command in '/home/default/p4p/tmr_ros2/tm_mod_urdf' returned '0': PYTHONPATH=/home/default/p4p/build/tm_mod_urdf/prefix_override:/home/default/p4p/install/tm_mod_urdf/lib/python3.10/site-packages:${PYTHONPATH} /usr/bin/python3 setup.py egg_info --egg-base ../../build/tm_mod_urdf build --build-base /home/default/p4p/build/tm_mod_urdf/build install --record /home/default/p4p/build/tm_mod_urdf/install.log --single-version-externally-managed
