[0.297s] Invoking command in '/home/jetson/p4p/build/tm_moveit_config_tm14': AMENT_PREFIX_PATH=/home/jetson/p4p/install/tm_description:${AMENT_PREFIX_PATH} CMAKE_PREFIX_PATH=/home/jetson/p4p/install/tm_description:/opt/ros/foxy /usr/bin/cmake --build /home/jetson/p4p/build/tm_moveit_config_tm14 -- -j4 -l4
[0.625s] Invoked command in '/home/jetson/p4p/build/tm_moveit_config_tm14' returned '0': AMENT_PREFIX_PATH=/home/jetson/p4p/install/tm_description:${AMENT_PREFIX_PATH} CMAKE_PREFIX_PATH=/home/jetson/p4p/install/tm_description:/opt/ros/foxy /usr/bin/cmake --build /home/jetson/p4p/build/tm_moveit_config_tm14 -- -j4 -l4
[0.903s] Invoking command in '/home/jetson/p4p/build/tm_moveit_config_tm14': AMENT_PREFIX_PATH=/home/jetson/p4p/install/tm_description:${AMENT_PREFIX_PATH} CMAKE_PREFIX_PATH=/home/jetson/p4p/install/tm_description:/opt/ros/foxy /usr/bin/cmake --install /home/jetson/p4p/build/tm_moveit_config_tm14
[0.983s] -- Install configuration: ""
[0.985s] -- Up-to-date: /home/jetson/p4p/install/tm_moveit_config_tm14/share/ament_index/resource_index/package_run_dependencies/tm_moveit_config_tm14
[0.986s] -- Up-to-date: /home/jetson/p4p/install/tm_moveit_config_tm14/share/ament_index/resource_index/parent_prefix_path/tm_moveit_config_tm14
[0.988s] -- Up-to-date: /home/jetson/p4p/install/tm_moveit_config_tm14/share/tm_moveit_config_tm14/environment/ament_prefix_path.sh
[0.991s] -- Up-to-date: /home/jetson/p4p/install/tm_moveit_config_tm14/share/tm_moveit_config_tm14/environment/ament_prefix_path.dsv
[0.992s] -- Up-to-date: /home/jetson/p4p/install/tm_moveit_config_tm14/share/tm_moveit_config_tm14/environment/path.sh
[0.993s] -- Up-to-date: /home/jetson/p4p/install/tm_moveit_config_tm14/share/tm_moveit_config_tm14/environment/path.dsv
[0.994s] -- Up-to-date: /home/jetson/p4p/install/tm_moveit_config_tm14/share/tm_moveit_config_tm14/local_setup.bash
[0.995s] -- Up-to-date: /home/jetson/p4p/install/tm_moveit_config_tm14/share/tm_moveit_config_tm14/local_setup.sh
[0.996s] -- Up-to-date: /home/jetson/p4p/install/tm_moveit_config_tm14/share/tm_moveit_config_tm14/local_setup.zsh
[0.997s] -- Up-to-date: /home/jetson/p4p/install/tm_moveit_config_tm14/share/tm_moveit_config_tm14/local_setup.dsv
[0.998s] -- Installing: /home/jetson/p4p/install/tm_moveit_config_tm14/share/tm_moveit_config_tm14/package.dsv
[1.004s] -- Up-to-date: /home/jetson/p4p/install/tm_moveit_config_tm14/share/ament_index/resource_index/packages/tm_moveit_config_tm14
[1.006s] -- Up-to-date: /home/jetson/p4p/install/tm_moveit_config_tm14/share/tm_moveit_config_tm14/cmake/tm_moveit_config_tm14Config.cmake
[1.008s] -- Up-to-date: /home/jetson/p4p/install/tm_moveit_config_tm14/share/tm_moveit_config_tm14/cmake/tm_moveit_config_tm14Config-version.cmake
[1.009s] -- Up-to-date: /home/jetson/p4p/install/tm_moveit_config_tm14/share/tm_moveit_config_tm14/package.xml
[1.013s] -- Up-to-date: /home/jetson/p4p/install/tm_moveit_config_tm14/share/tm_moveit_config_tm14/config
[1.014s] -- Up-to-date: /home/jetson/p4p/install/tm_moveit_config_tm14/share/tm_moveit_config_tm14/config/chomp_planning.yaml
[1.014s] -- Up-to-date: /home/jetson/p4p/install/tm_moveit_config_tm14/share/tm_moveit_config_tm14/config/joint_limits.yaml
[1.015s] -- Up-to-date: /home/jetson/p4p/install/tm_moveit_config_tm14/share/tm_moveit_config_tm14/config/ros_controllers.yaml
[1.016s] -- Up-to-date: /home/jetson/p4p/install/tm_moveit_config_tm14/share/tm_moveit_config_tm14/config/stomp_planning.yaml
[1.018s] -- Up-to-date: /home/jetson/p4p/install/tm_moveit_config_tm14/share/tm_moveit_config_tm14/config/fake_controllers.yaml
[1.020s] -- Up-to-date: /home/jetson/p4p/install/tm_moveit_config_tm14/share/tm_moveit_config_tm14/config/ompl_planning.yaml
[1.021s] -- Up-to-date: /home/jetson/p4p/install/tm_moveit_config_tm14/share/tm_moveit_config_tm14/config/kinematics.yaml
[1.022s] -- Up-to-date: /home/jetson/p4p/install/tm_moveit_config_tm14/share/tm_moveit_config_tm14/config/tm14.srdf
[1.022s] -- Up-to-date: /home/jetson/p4p/install/tm_moveit_config_tm14/share/tm_moveit_config_tm14/config/sensors_3d.yaml
[1.053s] Invoked command in '/home/jetson/p4p/build/tm_moveit_config_tm14' returned '0': AMENT_PREFIX_PATH=/home/jetson/p4p/install/tm_description:${AMENT_PREFIX_PATH} CMAKE_PREFIX_PATH=/home/jetson/p4p/install/tm_description:/opt/ros/foxy /usr/bin/cmake --install /home/jetson/p4p/build/tm_moveit_config_tm14
