[1.766s] DEBUG:colcon:Command line arguments: ['/usr/bin/colcon', 'build']
[1.766s] DEBUG:colcon:Parsed command line arguments: Namespace(log_base=None, log_level=None, verb_name='build', build_base='build', install_base='install', merge_install=False, symlink_install=False, test_result_base=None, continue_on_error=False, executor='parallel', parallel_workers=2, event_handlers=None, ignore_user_meta=False, metas=['./colcon.meta'], base_paths=['.'], packages_ignore=None, packages_ignore_regex=None, paths=None, packages_up_to=None, packages_up_to_regex=None, packages_above=None, packages_above_and_dependencies=None, packages_above_depth=None, packages_select_by_dep=None, packages_skip_by_dep=None, packages_skip_up_to=None, packages_select_build_failed=False, packages_skip_build_finished=False, packages_select_test_failures=False, packages_skip_test_passed=False, packages_select=None, packages_skip=None, packages_select_regex=None, packages_skip_regex=None, packages_start=None, packages_end=None, allow_overriding=[], cmake_args=None, cmake_target=None, cmake_target_skip_unavailable=False, cmake_clean_cache=False, cmake_clean_first=False, cmake_force_configure=False, ament_cmake_args=None, catkin_cmake_args=None, catkin_skip_building_tests=False, verb_parser=<colcon_defaults.argument_parser.defaults.DefaultArgumentsDecorator object at 0x77e9e0489c90>, verb_extension=<colcon_core.verb.build.BuildVerb object at 0x77e9e074d210>, main=<bound method BuildVerb.main of <colcon_core.verb.build.BuildVerb object at 0x77e9e074d210>>)
[1.844s] Level 1:colcon.colcon_core.package_discovery:discover_packages(colcon_meta) check parameters
[1.844s] Level 1:colcon.colcon_core.package_discovery:discover_packages(recursive) check parameters
[1.844s] Level 1:colcon.colcon_core.package_discovery:discover_packages(ignore) check parameters
[1.844s] Level 1:colcon.colcon_core.package_discovery:discover_packages(path) check parameters
[1.844s] Level 1:colcon.colcon_core.package_discovery:discover_packages(colcon_meta) discover
[1.844s] Level 1:colcon.colcon_core.package_discovery:discover_packages(recursive) discover
[1.844s] INFO:colcon.colcon_core.package_discovery:Crawling recursively for packages in '/home/default/p4p'
[1.844s] Level 1:colcon.colcon_core.package_identification:_identify(.) by extensions ['ignore', 'ignore_ament_install']
[1.844s] Level 1:colcon.colcon_core.package_identification:_identify(.) by extension 'ignore'
[1.844s] Level 1:colcon.colcon_core.package_identification:_identify(.) by extension 'ignore_ament_install'
[1.845s] Level 1:colcon.colcon_core.package_identification:_identify(.) by extensions ['colcon_pkg']
[1.845s] Level 1:colcon.colcon_core.package_identification:_identify(.) by extension 'colcon_pkg'
[1.845s] Level 1:colcon.colcon_core.package_identification:_identify(.) by extensions ['colcon_meta']
[1.845s] Level 1:colcon.colcon_core.package_identification:_identify(.) by extension 'colcon_meta'
[1.845s] Level 1:colcon.colcon_core.package_identification:_identify(.) by extensions ['ros']
[1.845s] Level 1:colcon.colcon_core.package_identification:_identify(.) by extension 'ros'
[1.864s] Level 1:colcon.colcon_core.package_identification:_identify(.) by extensions ['cmake', 'python']
[1.864s] Level 1:colcon.colcon_core.package_identification:_identify(.) by extension 'cmake'
[1.864s] Level 1:colcon.colcon_core.package_identification:_identify(.) by extension 'python'
[1.864s] Level 1:colcon.colcon_core.package_identification:_identify(.) by extensions ['python_setup_py']
[1.864s] Level 1:colcon.colcon_core.package_identification:_identify(.) by extension 'python_setup_py'
[1.864s] Level 1:colcon.colcon_core.package_identification:_identify(build) by extensions ['ignore', 'ignore_ament_install']
[1.864s] Level 1:colcon.colcon_core.package_identification:_identify(build) by extension 'ignore'
[1.864s] Level 1:colcon.colcon_core.package_identification:_identify(build) ignored
[1.864s] Level 1:colcon.colcon_core.package_identification:_identify(install) by extensions ['ignore', 'ignore_ament_install']
[1.864s] Level 1:colcon.colcon_core.package_identification:_identify(install) by extension 'ignore'
[1.865s] Level 1:colcon.colcon_core.package_identification:_identify(install) ignored
[1.865s] Level 1:colcon.colcon_core.package_identification:_identify(log) by extensions ['ignore', 'ignore_ament_install']
[1.865s] Level 1:colcon.colcon_core.package_identification:_identify(log) by extension 'ignore'
[1.865s] Level 1:colcon.colcon_core.package_identification:_identify(log) ignored
[1.865s] Level 1:colcon.colcon_core.package_identification:_identify(src) by extensions ['ignore', 'ignore_ament_install']
[1.865s] Level 1:colcon.colcon_core.package_identification:_identify(src) by extension 'ignore'
[1.865s] Level 1:colcon.colcon_core.package_identification:_identify(src) by extension 'ignore_ament_install'
[1.865s] Level 1:colcon.colcon_core.package_identification:_identify(src) by extensions ['colcon_pkg']
[1.865s] Level 1:colcon.colcon_core.package_identification:_identify(src) by extension 'colcon_pkg'
[1.865s] Level 1:colcon.colcon_core.package_identification:_identify(src) by extensions ['colcon_meta']
[1.865s] Level 1:colcon.colcon_core.package_identification:_identify(src) by extension 'colcon_meta'
[1.866s] Level 1:colcon.colcon_core.package_identification:_identify(src) by extensions ['ros']
[1.866s] Level 1:colcon.colcon_core.package_identification:_identify(src) by extension 'ros'
[1.866s] Level 1:colcon.colcon_core.package_identification:_identify(src) by extensions ['cmake', 'python']
[1.866s] Level 1:colcon.colcon_core.package_identification:_identify(src) by extension 'cmake'
[1.866s] Level 1:colcon.colcon_core.package_identification:_identify(src) by extension 'python'
[1.866s] Level 1:colcon.colcon_core.package_identification:_identify(src) by extensions ['python_setup_py']
[1.866s] Level 1:colcon.colcon_core.package_identification:_identify(src) by extension 'python_setup_py'
[1.866s] Level 1:colcon.colcon_core.package_identification:_identify(src/urdf_tm) by extensions ['ignore', 'ignore_ament_install']
[1.866s] Level 1:colcon.colcon_core.package_identification:_identify(src/urdf_tm) by extension 'ignore'
[1.866s] Level 1:colcon.colcon_core.package_identification:_identify(src/urdf_tm) by extension 'ignore_ament_install'
[1.866s] Level 1:colcon.colcon_core.package_identification:_identify(src/urdf_tm) by extensions ['colcon_pkg']
[1.866s] Level 1:colcon.colcon_core.package_identification:_identify(src/urdf_tm) by extension 'colcon_pkg'
[1.867s] Level 1:colcon.colcon_core.package_identification:_identify(src/urdf_tm) by extensions ['colcon_meta']
[1.867s] Level 1:colcon.colcon_core.package_identification:_identify(src/urdf_tm) by extension 'colcon_meta'
[1.867s] Level 1:colcon.colcon_core.package_identification:_identify(src/urdf_tm) by extensions ['ros']
[1.867s] Level 1:colcon.colcon_core.package_identification:_identify(src/urdf_tm) by extension 'ros'
[1.876s] DEBUG:colcon.colcon_core.package_identification:Package 'src/urdf_tm' with type 'ros.ament_cmake' and name 'urdf_tm'
[1.876s] Level 1:colcon.colcon_core.package_discovery:discover_packages(recursive) using defaults
[1.877s] Level 1:colcon.colcon_core.package_discovery:discover_packages(ignore) discover
[1.877s] Level 1:colcon.colcon_core.package_discovery:discover_packages(ignore) using defaults
[1.877s] Level 1:colcon.colcon_core.package_discovery:discover_packages(path) discover
[1.877s] Level 1:colcon.colcon_core.package_discovery:discover_packages(path) using defaults
[2.032s] Level 1:colcon.colcon_core.package_discovery:discover_packages(prefix_path) check parameters
[2.032s] Level 1:colcon.colcon_core.package_discovery:discover_packages(prefix_path) discover
[2.086s] DEBUG:colcon.colcon_installed_package_information.package_discovery:Found 275 installed packages in /opt/ros/humble
[2.089s] Level 1:colcon.colcon_core.package_discovery:discover_packages(prefix_path) using defaults
[2.271s] Level 5:colcon.colcon_core.verb:set package 'urdf_tm' build argument 'cmake_args' from command line to 'None'
[2.271s] Level 5:colcon.colcon_core.verb:set package 'urdf_tm' build argument 'cmake_target' from command line to 'None'
[2.271s] Level 5:colcon.colcon_core.verb:set package 'urdf_tm' build argument 'cmake_target_skip_unavailable' from command line to 'False'
[2.271s] Level 5:colcon.colcon_core.verb:set package 'urdf_tm' build argument 'cmake_clean_cache' from command line to 'False'
[2.271s] Level 5:colcon.colcon_core.verb:set package 'urdf_tm' build argument 'cmake_clean_first' from command line to 'False'
[2.271s] Level 5:colcon.colcon_core.verb:set package 'urdf_tm' build argument 'cmake_force_configure' from command line to 'False'
[2.271s] Level 5:colcon.colcon_core.verb:set package 'urdf_tm' build argument 'ament_cmake_args' from command line to 'None'
[2.271s] Level 5:colcon.colcon_core.verb:set package 'urdf_tm' build argument 'catkin_cmake_args' from command line to 'None'
[2.271s] Level 5:colcon.colcon_core.verb:set package 'urdf_tm' build argument 'catkin_skip_building_tests' from command line to 'False'
[2.271s] DEBUG:colcon.colcon_core.verb:Building package 'urdf_tm' with the following arguments: {'ament_cmake_args': None, 'build_base': '/home/default/p4p/build/urdf_tm', 'catkin_cmake_args': None, 'catkin_skip_building_tests': False, 'cmake_args': None, 'cmake_clean_cache': False, 'cmake_clean_first': False, 'cmake_force_configure': False, 'cmake_target': None, 'cmake_target_skip_unavailable': False, 'install_base': '/home/default/p4p/install/urdf_tm', 'merge_install': False, 'path': '/home/default/p4p/src/urdf_tm', 'symlink_install': False, 'test_result_base': None}
[2.296s] INFO:colcon.colcon_core.executor:Executing jobs using 'parallel' executor
[2.322s] DEBUG:colcon.colcon_parallel_executor.executor.parallel:run_until_complete
[2.322s] INFO:colcon.colcon_ros.task.ament_cmake.build:Building ROS package in '/home/default/p4p/src/urdf_tm' with build type 'ament_cmake'
[2.322s] INFO:colcon.colcon_cmake.task.cmake.build:Building CMake package in '/home/default/p4p/src/urdf_tm'
[2.358s] INFO:colcon.colcon_core.plugin_system:Skipping extension 'colcon_core.shell.bat': Not used on non-Windows systems
[2.359s] INFO:colcon.colcon_core.shell:Skip shell extension 'powershell' for command environment: Not usable outside of PowerShell
[2.359s] DEBUG:colcon.colcon_core.shell:Skip shell extension 'dsv' for command environment
[2.425s] DEBUG:colcon.colcon_core.event_handler.log_command:Invoking command in '/home/default/p4p/build/urdf_tm': CMAKE_PREFIX_PATH=/opt/ros/humble /usr/bin/cmake /home/default/p4p/src/urdf_tm -DCMAKE_INSTALL_PREFIX=/home/default/p4p/install/urdf_tm
[3.829s] DEBUG:colcon.colcon_core.event_handler.log_command:Invoked command in '/home/default/p4p/build/urdf_tm' returned '0': CMAKE_PREFIX_PATH=/opt/ros/humble /usr/bin/cmake /home/default/p4p/src/urdf_tm -DCMAKE_INSTALL_PREFIX=/home/default/p4p/install/urdf_tm
[3.831s] DEBUG:colcon.colcon_core.event_handler.log_command:Invoking command in '/home/default/p4p/build/urdf_tm': CMAKE_PREFIX_PATH=/opt/ros/humble /usr/bin/cmake --build /home/default/p4p/build/urdf_tm -- -j2 -l2
[3.885s] DEBUG:colcon.colcon_core.event_handler.log_command:Invoked command in '/home/default/p4p/build/urdf_tm' returned '0': CMAKE_PREFIX_PATH=/opt/ros/humble /usr/bin/cmake --build /home/default/p4p/build/urdf_tm -- -j2 -l2
[3.925s] DEBUG:colcon.colcon_core.event_handler.log_command:Invoking command in '/home/default/p4p/build/urdf_tm': CMAKE_PREFIX_PATH=/opt/ros/humble /usr/bin/cmake --install /home/default/p4p/build/urdf_tm
[3.945s] Level 1:colcon.colcon_core.environment:create_environment_scripts_only(urdf_tm)
[3.945s] DEBUG:colcon.colcon_core.event_handler.log_command:Invoked command in '/home/default/p4p/build/urdf_tm' returned '0': CMAKE_PREFIX_PATH=/opt/ros/humble /usr/bin/cmake --install /home/default/p4p/build/urdf_tm
[3.988s] Level 1:colcon.colcon_core.environment:checking '/home/default/p4p/install/urdf_tm' for CMake module files
[3.989s] Level 1:colcon.colcon_core.environment:checking '/home/default/p4p/install/urdf_tm' for CMake config files
[3.989s] Level 1:colcon.colcon_core.shell:create_environment_hook('urdf_tm', 'cmake_prefix_path')
[4.014s] INFO:colcon.colcon_core.shell:Creating environment hook '/home/default/p4p/install/urdf_tm/share/urdf_tm/hook/cmake_prefix_path.ps1'
[4.015s] INFO:colcon.colcon_core.shell:Creating environment descriptor '/home/default/p4p/install/urdf_tm/share/urdf_tm/hook/cmake_prefix_path.dsv'
[4.016s] INFO:colcon.colcon_core.shell:Creating environment hook '/home/default/p4p/install/urdf_tm/share/urdf_tm/hook/cmake_prefix_path.sh'
[4.017s] Level 1:colcon.colcon_core.environment:checking '/home/default/p4p/install/urdf_tm/bin'
[4.017s] Level 1:colcon.colcon_core.environment:checking '/home/default/p4p/install/urdf_tm/lib/pkgconfig/urdf_tm.pc'
[4.018s] Level 1:colcon.colcon_core.environment:checking '/home/default/p4p/install/urdf_tm/lib/python3.10/site-packages'
[4.018s] Level 1:colcon.colcon_core.environment:checking '/home/default/p4p/install/urdf_tm/bin'
[4.046s] INFO:colcon.colcon_core.shell:Creating package script '/home/default/p4p/install/urdf_tm/share/urdf_tm/package.ps1'
[4.047s] INFO:colcon.colcon_core.shell:Creating package descriptor '/home/default/p4p/install/urdf_tm/share/urdf_tm/package.dsv'
[4.048s] INFO:colcon.colcon_core.shell:Creating package script '/home/default/p4p/install/urdf_tm/share/urdf_tm/package.sh'
[4.050s] INFO:colcon.colcon_core.shell:Creating package script '/home/default/p4p/install/urdf_tm/share/urdf_tm/package.bash'
[4.052s] INFO:colcon.colcon_core.shell:Creating package script '/home/default/p4p/install/urdf_tm/share/urdf_tm/package.zsh'
[4.055s] Level 1:colcon.colcon_core.environment:create_file_with_runtime_dependencies(/home/default/p4p/install/urdf_tm/share/colcon-core/packages/urdf_tm)
[4.112s] Level 1:colcon.colcon_core.environment:create_environment_scripts_only(urdf_tm)
[4.142s] Level 1:colcon.colcon_core.environment:checking '/home/default/p4p/install/urdf_tm' for CMake module files
[4.143s] Level 1:colcon.colcon_core.environment:checking '/home/default/p4p/install/urdf_tm' for CMake config files
[4.143s] Level 1:colcon.colcon_core.shell:create_environment_hook('urdf_tm', 'cmake_prefix_path')
[4.171s] INFO:colcon.colcon_core.shell:Creating environment hook '/home/default/p4p/install/urdf_tm/share/urdf_tm/hook/cmake_prefix_path.ps1'
[4.171s] INFO:colcon.colcon_core.shell:Creating environment descriptor '/home/default/p4p/install/urdf_tm/share/urdf_tm/hook/cmake_prefix_path.dsv'
[4.173s] INFO:colcon.colcon_core.shell:Creating environment hook '/home/default/p4p/install/urdf_tm/share/urdf_tm/hook/cmake_prefix_path.sh'
[4.174s] Level 1:colcon.colcon_core.environment:checking '/home/default/p4p/install/urdf_tm/bin'
[4.174s] Level 1:colcon.colcon_core.environment:checking '/home/default/p4p/install/urdf_tm/lib/pkgconfig/urdf_tm.pc'
[4.174s] Level 1:colcon.colcon_core.environment:checking '/home/default/p4p/install/urdf_tm/lib/python3.10/site-packages'
[4.175s] Level 1:colcon.colcon_core.environment:checking '/home/default/p4p/install/urdf_tm/bin'
[4.202s] INFO:colcon.colcon_core.shell:Creating package script '/home/default/p4p/install/urdf_tm/share/urdf_tm/package.ps1'
[4.203s] INFO:colcon.colcon_core.shell:Creating package descriptor '/home/default/p4p/install/urdf_tm/share/urdf_tm/package.dsv'
[4.203s] INFO:colcon.colcon_core.shell:Creating package script '/home/default/p4p/install/urdf_tm/share/urdf_tm/package.sh'
[4.204s] INFO:colcon.colcon_core.shell:Creating package script '/home/default/p4p/install/urdf_tm/share/urdf_tm/package.bash'
[4.205s] INFO:colcon.colcon_core.shell:Creating package script '/home/default/p4p/install/urdf_tm/share/urdf_tm/package.zsh'
[4.205s] Level 1:colcon.colcon_core.environment:create_file_with_runtime_dependencies(/home/default/p4p/install/urdf_tm/share/colcon-core/packages/urdf_tm)
[4.206s] DEBUG:colcon.colcon_parallel_executor.executor.parallel:closing loop
[4.206s] DEBUG:colcon.colcon_parallel_executor.executor.parallel:loop closed
[4.206s] DEBUG:colcon.colcon_parallel_executor.executor.parallel:run_until_complete finished with '0'
[4.206s] DEBUG:colcon.colcon_core.event_reactor:joining thread
[4.242s] INFO:colcon.colcon_core.plugin_system:Skipping extension 'colcon_notification.desktop_notification.terminal_notifier': Not used on non-Darwin systems
[4.243s] INFO:colcon.colcon_core.plugin_system:Skipping extension 'colcon_notification.desktop_notification.win32': Not used on non-Windows systems
[4.243s] INFO:colcon.colcon_notification.desktop_notification:Sending desktop notification using 'notify2'
[4.281s] DEBUG:colcon.colcon_core.event_reactor:joined thread
[4.306s] INFO:colcon.colcon_core.shell:Creating prefix script '/home/default/p4p/install/local_setup.ps1'
[4.308s] INFO:colcon.colcon_core.shell:Creating prefix util module '/home/default/p4p/install/_local_setup_util_ps1.py'
[4.311s] INFO:colcon.colcon_core.shell:Creating prefix chain script '/home/default/p4p/install/setup.ps1'
[4.342s] INFO:colcon.colcon_core.shell:Creating prefix script '/home/default/p4p/install/local_setup.sh'
[4.343s] INFO:colcon.colcon_core.shell:Creating prefix util module '/home/default/p4p/install/_local_setup_util_sh.py'
[4.344s] INFO:colcon.colcon_core.shell:Creating prefix chain script '/home/default/p4p/install/setup.sh'
[4.375s] INFO:colcon.colcon_core.shell:Creating prefix script '/home/default/p4p/install/local_setup.bash'
[4.376s] INFO:colcon.colcon_core.shell:Creating prefix chain script '/home/default/p4p/install/setup.bash'
[4.407s] INFO:colcon.colcon_core.shell:Creating prefix script '/home/default/p4p/install/local_setup.zsh'
[4.408s] INFO:colcon.colcon_core.shell:Creating prefix chain script '/home/default/p4p/install/setup.zsh'
