[0.098s] Invoking command in '/home/default/p4p/build/techman_robot_msgs': CMAKE_PREFIX_PATH=/opt/ros/humble /usr/bin/cmake /home/default/p4p/tmr_ros2/techman_robot_msgs -DCMAKE_INSTALL_PREFIX=/home/default/p4p/install/techman_robot_msgs
[0.193s] -- The C compiler identification is GNU 11.4.0
[0.289s] -- The CXX compiler identification is GNU 11.4.0
[0.301s] -- Detecting C compiler ABI info
[0.403s] -- Detecting C compiler ABI info - done
[0.423s] -- Check for working C compiler: /usr/bin/cc - skipped
[0.424s] -- Detecting C compile features
[0.425s] -- Detecting C compile features - done
[0.431s] -- Detecting CXX compiler ABI info
[0.547s] -- Detecting CXX compiler ABI info - done
[0.569s] -- Check for working CXX compiler: /usr/bin/c++ - skipped
[0.570s] -- Detecting CXX compile features
[0.571s] -- Detecting CXX compile features - done
[0.576s] -- Found ament_cmake: 1.3.8 (/opt/ros/humble/share/ament_cmake/cmake)
[0.806s] -- Found Python3: /usr/bin/python3 (found version "3.10.12") found components: Interpreter 
[0.939s] -- Found rosidl_default_generators: 1.2.0 (/opt/ros/humble/share/rosidl_default_generators/cmake)
[0.946s] -- Using all available rosidl_typesupport_c: rosidl_typesupport_fastrtps_c;rosidl_typesupport_introspection_c
[0.955s] -- Found rosidl_adapter: 3.1.5 (/opt/ros/humble/share/rosidl_adapter/cmake)
[1.027s] -- Using all available rosidl_typesupport_cpp: rosidl_typesupport_fastrtps_cpp;rosidl_typesupport_introspection_cpp
[1.097s] -- Found action_msgs: 1.2.1 (/opt/ros/humble/share/action_msgs/cmake)
[1.298s] -- Found std_msgs: 4.2.3 (/opt/ros/humble/share/std_msgs/cmake)
[1.380s] -- Found geometry_msgs: 4.2.3 (/opt/ros/humble/share/geometry_msgs/cmake)
[1.882s] -- Found ament_cmake_ros: 0.10.0 (/opt/ros/humble/share/ament_cmake_ros/cmake)
[2.171s] -- Using all available rosidl_typesupport_c: rosidl_typesupport_fastrtps_c;rosidl_typesupport_introspection_c
[2.549s] -- Using all available rosidl_typesupport_cpp: rosidl_typesupport_fastrtps_cpp;rosidl_typesupport_introspection_cpp
[2.588s] -- Found PythonInterp: /usr/bin/python3 (found suitable version "3.10.12", minimum required is "3.6") 
[2.590s] -- Found python_cmake_module: 0.10.0 (/opt/ros/humble/share/python_cmake_module/cmake)
[2.632s] -- Found PythonLibs: /usr/lib/x86_64-linux-gnu/libpython3.10.so (found suitable version "3.10.12", minimum required is "3.5") 
[2.632s] -- Using PYTHON_EXECUTABLE: /usr/bin/python3
[2.633s] -- Using PYTHON_INCLUDE_DIRS: /usr/include/python3.10
[2.633s] -- Using PYTHON_LIBRARIES: /usr/lib/x86_64-linux-gnu/libpython3.10.so
[2.666s] -- Found PythonExtra: .so  
[2.727s] -- Configuring done
[2.786s] -- Generating done
[2.791s] -- Build files have been written to: /home/default/p4p/build/techman_robot_msgs
[2.801s] Invoked command in '/home/default/p4p/build/techman_robot_msgs' returned '0': CMAKE_PREFIX_PATH=/opt/ros/humble /usr/bin/cmake /home/default/p4p/tmr_ros2/techman_robot_msgs -DCMAKE_INSTALL_PREFIX=/home/default/p4p/install/techman_robot_msgs
[2.803s] Invoking command in '/home/default/p4p/build/techman_robot_msgs': CMAKE_PREFIX_PATH=/opt/ros/humble /usr/bin/cmake --build /home/default/p4p/build/techman_robot_msgs -- -j2 -l2
[2.883s] [  3%] [34m[1mGenerating C code for ROS interfaces[0m
[2.911s] [  6%] [34m[1mGenerating C++ code for ROS interfaces[0m
[4.036s] [  6%] Built target techman_robot_msgs__cpp
[4.090s] [  6%] Built target ament_cmake_python_copy_techman_robot_msgs
[4.114s] [  9%] [34m[1mGenerating C++ type support for eProsima Fast-RTPS[0m
[4.117s] [ 12%] [32mBuilding C object CMakeFiles/techman_robot_msgs__rosidl_generator_c.dir/rosidl_generator_c/techman_robot_msgs/srv/detail/techman_robot_command__functions.c.o[0m
[4.345s] [ 16%] [32m[1mLinking C shared library libtechman_robot_msgs__rosidl_generator_c.so[0m
[4.505s] [ 16%] Built target techman_robot_msgs__rosidl_generator_c
[4.585s] [ 19%] [34m[1mGenerating C++ introspection for ROS interfaces[0m
[5.131s] [ 22%] [32mBuilding CXX object CMakeFiles/techman_robot_msgs__rosidl_typesupport_fastrtps_cpp.dir/rosidl_typesupport_fastrtps_cpp/techman_robot_msgs/srv/detail/dds_fastrtps/techman_robot_command__type_support.cpp.o[0m
[5.649s] [ 25%] [32mBuilding CXX object CMakeFiles/techman_robot_msgs__rosidl_typesupport_introspection_cpp.dir/rosidl_typesupport_introspection_cpp/techman_robot_msgs/srv/detail/techman_robot_command__type_support.cpp.o[0m
[6.277s] [ 29%] [32m[1mLinking CXX shared library libtechman_robot_msgs__rosidl_typesupport_fastrtps_cpp.so[0m
[6.481s] [ 29%] Built target techman_robot_msgs__rosidl_typesupport_fastrtps_cpp
[6.545s] [ 32%] [34m[1mGenerating C++ type support dispatch for ROS interfaces[0m
[6.860s] [ 35%] [32m[1mLinking CXX shared library libtechman_robot_msgs__rosidl_typesupport_introspection_cpp.so[0m
[7.086s] [ 35%] Built target techman_robot_msgs__rosidl_typesupport_introspection_cpp
[7.130s] [ 38%] [34m[1mGenerating C type support for eProsima Fast-RTPS[0m
[7.504s] [ 41%] [32mBuilding CXX object CMakeFiles/techman_robot_msgs__rosidl_typesupport_cpp.dir/rosidl_typesupport_cpp/techman_robot_msgs/srv/techman_robot_command__type_support.cpp.o[0m
[8.224s] [ 45%] [32mBuilding CXX object CMakeFiles/techman_robot_msgs__rosidl_typesupport_fastrtps_c.dir/rosidl_typesupport_fastrtps_c/techman_robot_msgs/srv/detail/techman_robot_command__type_support_c.cpp.o[0m
[8.369s] [ 48%] [32m[1mLinking CXX shared library libtechman_robot_msgs__rosidl_typesupport_cpp.so[0m
[8.517s] [ 48%] Built target techman_robot_msgs__rosidl_typesupport_cpp
[8.530s] [ 51%] [34m[1mGenerating C introspection for ROS interfaces[0m
[9.340s] [ 54%] [32m[1mLinking CXX shared library libtechman_robot_msgs__rosidl_typesupport_fastrtps_c.so[0m
[9.605s] [ 54%] Built target techman_robot_msgs__rosidl_typesupport_fastrtps_c
[9.638s] [ 58%] [32mBuilding C object CMakeFiles/techman_robot_msgs__rosidl_typesupport_introspection_c.dir/rosidl_typesupport_introspection_c/techman_robot_msgs/srv/detail/techman_robot_command__type_support.c.o[0m
[9.648s] [ 61%] [34m[1mGenerating C type support dispatch for ROS interfaces[0m
[9.766s] [ 64%] [32m[1mLinking C shared library libtechman_robot_msgs__rosidl_typesupport_introspection_c.so[0m
[9.897s] [ 64%] Built target techman_robot_msgs__rosidl_typesupport_introspection_c
[10.622s] [ 67%] [32mBuilding CXX object CMakeFiles/techman_robot_msgs__rosidl_typesupport_c.dir/rosidl_typesupport_c/techman_robot_msgs/srv/techman_robot_command__type_support.cpp.o[0m
[10.765s] [ 70%] [32m[1mLinking CXX shared library libtechman_robot_msgs__rosidl_typesupport_c.so[0m
[10.785s] running egg_info
[10.788s] creating techman_robot_msgs.egg-info
[10.789s] writing techman_robot_msgs.egg-info/PKG-INFO
[10.789s] writing dependency_links to techman_robot_msgs.egg-info/dependency_links.txt
[10.790s] writing top-level names to techman_robot_msgs.egg-info/top_level.txt
[10.790s] writing manifest file 'techman_robot_msgs.egg-info/SOURCES.txt'
[10.796s] reading manifest file 'techman_robot_msgs.egg-info/SOURCES.txt'
[10.797s] writing manifest file 'techman_robot_msgs.egg-info/SOURCES.txt'
[10.848s] [ 70%] Built target ament_cmake_python_build_techman_robot_msgs_egg
[10.889s] [ 70%] Built target techman_robot_msgs__rosidl_typesupport_c
[10.930s] [ 70%] Built target techman_robot_msgs
[10.974s] [ 74%] [34m[1mGenerating Python code for ROS interfaces[0m
[11.916s] [ 74%] Built target techman_robot_msgs__py
[11.955s] [ 77%] [32mBuilding C object CMakeFiles/techman_robot_msgs__rosidl_generator_py.dir/rosidl_generator_py/techman_robot_msgs/srv/_techman_robot_command_s.c.o[0m
[12.147s] [ 80%] [32m[1mLinking C shared library rosidl_generator_py/techman_robot_msgs/libtechman_robot_msgs__rosidl_generator_py.so[0m
[12.200s] [ 80%] Built target techman_robot_msgs__rosidl_generator_py
[12.271s] [ 83%] [32mBuilding C object CMakeFiles/techman_robot_msgs__rosidl_typesupport_fastrtps_c__pyext.dir/rosidl_generator_py/techman_robot_msgs/_techman_robot_msgs_s.ep.rosidl_typesupport_fastrtps_c.c.o[0m
[12.285s] [ 87%] [32mBuilding C object CMakeFiles/techman_robot_msgs__rosidl_typesupport_introspection_c__pyext.dir/rosidl_generator_py/techman_robot_msgs/_techman_robot_msgs_s.ep.rosidl_typesupport_introspection_c.c.o[0m
[12.625s] [ 90%] [32m[1mLinking C shared library rosidl_generator_py/techman_robot_msgs/techman_robot_msgs_s__rosidl_typesupport_fastrtps_c.cpython-310-x86_64-linux-gnu.so[0m
[12.643s] [ 93%] [32m[1mLinking C shared library rosidl_generator_py/techman_robot_msgs/techman_robot_msgs_s__rosidl_typesupport_introspection_c.cpython-310-x86_64-linux-gnu.so[0m
[12.721s] [ 93%] Built target techman_robot_msgs__rosidl_typesupport_introspection_c__pyext
[12.753s] [ 93%] Built target techman_robot_msgs__rosidl_typesupport_fastrtps_c__pyext
[12.808s] [ 96%] [32mBuilding C object CMakeFiles/techman_robot_msgs__rosidl_typesupport_c__pyext.dir/rosidl_generator_py/techman_robot_msgs/_techman_robot_msgs_s.ep.rosidl_typesupport_c.c.o[0m
[13.017s] [100%] [32m[1mLinking C shared library rosidl_generator_py/techman_robot_msgs/techman_robot_msgs_s__rosidl_typesupport_c.cpython-310-x86_64-linux-gnu.so[0m
[13.131s] [100%] Built target techman_robot_msgs__rosidl_typesupport_c__pyext
[13.169s] Invoked command in '/home/default/p4p/build/techman_robot_msgs' returned '0': CMAKE_PREFIX_PATH=/opt/ros/humble /usr/bin/cmake --build /home/default/p4p/build/techman_robot_msgs -- -j2 -l2
[13.577s] Invoking command in '/home/default/p4p/build/techman_robot_msgs': CMAKE_PREFIX_PATH=/opt/ros/humble /usr/bin/cmake --install /home/default/p4p/build/techman_robot_msgs
[13.595s] -- Install configuration: ""
[13.596s] -- Installing: /home/default/p4p/install/techman_robot_msgs/share/ament_index/resource_index/rosidl_interfaces/techman_robot_msgs
[13.596s] -- Installing: /home/default/p4p/install/techman_robot_msgs/include/techman_robot_msgs/techman_robot_msgs
[13.596s] -- Installing: /home/default/p4p/install/techman_robot_msgs/include/techman_robot_msgs/techman_robot_msgs/srv
[13.597s] -- Installing: /home/default/p4p/install/techman_robot_msgs/include/techman_robot_msgs/techman_robot_msgs/srv/techman_robot_command.h
[13.597s] -- Installing: /home/default/p4p/install/techman_robot_msgs/include/techman_robot_msgs/techman_robot_msgs/srv/detail
[13.597s] -- Installing: /home/default/p4p/install/techman_robot_msgs/include/techman_robot_msgs/techman_robot_msgs/srv/detail/techman_robot_command__struct.h
[13.597s] -- Installing: /home/default/p4p/install/techman_robot_msgs/include/techman_robot_msgs/techman_robot_msgs/srv/detail/techman_robot_command__functions.c
[13.601s] -- Installing: /home/default/p4p/install/techman_robot_msgs/include/techman_robot_msgs/techman_robot_msgs/srv/detail/techman_robot_command__type_support.h
[13.601s] -- Installing: /home/default/p4p/install/techman_robot_msgs/include/techman_robot_msgs/techman_robot_msgs/srv/detail/techman_robot_command__functions.h
[13.601s] -- Installing: /home/default/p4p/install/techman_robot_msgs/include/techman_robot_msgs/techman_robot_msgs/msg
[13.602s] -- Installing: /home/default/p4p/install/techman_robot_msgs/include/techman_robot_msgs/techman_robot_msgs/msg/rosidl_generator_c__visibility_control.h
[13.602s] -- Installing: /home/default/p4p/install/techman_robot_msgs/share/techman_robot_msgs/environment/library_path.sh
[13.602s] -- Installing: /home/default/p4p/install/techman_robot_msgs/share/techman_robot_msgs/environment/library_path.dsv
[13.602s] -- Installing: /home/default/p4p/install/techman_robot_msgs/lib/libtechman_robot_msgs__rosidl_generator_c.so
[13.603s] -- Set runtime path of "/home/default/p4p/install/techman_robot_msgs/lib/libtechman_robot_msgs__rosidl_generator_c.so" to ""
[13.603s] -- Up-to-date: /home/default/p4p/install/techman_robot_msgs/include/techman_robot_msgs/techman_robot_msgs
[13.604s] -- Up-to-date: /home/default/p4p/install/techman_robot_msgs/include/techman_robot_msgs/techman_robot_msgs/srv
[13.604s] -- Up-to-date: /home/default/p4p/install/techman_robot_msgs/include/techman_robot_msgs/techman_robot_msgs/srv/detail
[13.604s] -- Installing: /home/default/p4p/install/techman_robot_msgs/include/techman_robot_msgs/techman_robot_msgs/srv/detail/techman_robot_command__rosidl_typesupport_fastrtps_c.h
[13.604s] -- Up-to-date: /home/default/p4p/install/techman_robot_msgs/include/techman_robot_msgs/techman_robot_msgs/msg
[13.604s] -- Installing: /home/default/p4p/install/techman_robot_msgs/include/techman_robot_msgs/techman_robot_msgs/msg/rosidl_typesupport_fastrtps_c__visibility_control.h
[13.610s] -- Installing: /home/default/p4p/install/techman_robot_msgs/lib/libtechman_robot_msgs__rosidl_typesupport_fastrtps_c.so
[13.611s] -- Set runtime path of "/home/default/p4p/install/techman_robot_msgs/lib/libtechman_robot_msgs__rosidl_typesupport_fastrtps_c.so" to ""
[13.611s] -- Up-to-date: /home/default/p4p/install/techman_robot_msgs/include/techman_robot_msgs/techman_robot_msgs
[13.611s] -- Up-to-date: /home/default/p4p/install/techman_robot_msgs/include/techman_robot_msgs/techman_robot_msgs/srv
[13.612s] -- Up-to-date: /home/default/p4p/install/techman_robot_msgs/include/techman_robot_msgs/techman_robot_msgs/srv/detail
[13.612s] -- Installing: /home/default/p4p/install/techman_robot_msgs/include/techman_robot_msgs/techman_robot_msgs/srv/detail/techman_robot_command__rosidl_typesupport_introspection_c.h
[13.612s] -- Installing: /home/default/p4p/install/techman_robot_msgs/include/techman_robot_msgs/techman_robot_msgs/srv/detail/techman_robot_command__type_support.c
[13.613s] -- Up-to-date: /home/default/p4p/install/techman_robot_msgs/include/techman_robot_msgs/techman_robot_msgs/msg
[13.613s] -- Installing: /home/default/p4p/install/techman_robot_msgs/include/techman_robot_msgs/techman_robot_msgs/msg/rosidl_typesupport_introspection_c__visibility_control.h
[13.613s] -- Installing: /home/default/p4p/install/techman_robot_msgs/lib/libtechman_robot_msgs__rosidl_typesupport_introspection_c.so
[13.614s] -- Set runtime path of "/home/default/p4p/install/techman_robot_msgs/lib/libtechman_robot_msgs__rosidl_typesupport_introspection_c.so" to ""
[13.614s] -- Installing: /home/default/p4p/install/techman_robot_msgs/lib/libtechman_robot_msgs__rosidl_typesupport_c.so
[13.615s] -- Set runtime path of "/home/default/p4p/install/techman_robot_msgs/lib/libtechman_robot_msgs__rosidl_typesupport_c.so" to ""
[13.615s] -- Up-to-date: /home/default/p4p/install/techman_robot_msgs/include/techman_robot_msgs/techman_robot_msgs
[13.615s] -- Up-to-date: /home/default/p4p/install/techman_robot_msgs/include/techman_robot_msgs/techman_robot_msgs/srv
[13.616s] -- Installing: /home/default/p4p/install/techman_robot_msgs/include/techman_robot_msgs/techman_robot_msgs/srv/techman_robot_command.hpp
[13.616s] -- Up-to-date: /home/default/p4p/install/techman_robot_msgs/include/techman_robot_msgs/techman_robot_msgs/srv/detail
[13.616s] -- Installing: /home/default/p4p/install/techman_robot_msgs/include/techman_robot_msgs/techman_robot_msgs/srv/detail/techman_robot_command__traits.hpp
[13.616s] -- Installing: /home/default/p4p/install/techman_robot_msgs/include/techman_robot_msgs/techman_robot_msgs/srv/detail/techman_robot_command__struct.hpp
[13.619s] -- Installing: /home/default/p4p/install/techman_robot_msgs/include/techman_robot_msgs/techman_robot_msgs/srv/detail/techman_robot_command__builder.hpp
[13.620s] -- Up-to-date: /home/default/p4p/install/techman_robot_msgs/include/techman_robot_msgs/techman_robot_msgs
[13.620s] -- Up-to-date: /home/default/p4p/install/techman_robot_msgs/include/techman_robot_msgs/techman_robot_msgs/srv
[13.620s] -- Up-to-date: /home/default/p4p/install/techman_robot_msgs/include/techman_robot_msgs/techman_robot_msgs/srv/detail
[13.620s] -- Installing: /home/default/p4p/install/techman_robot_msgs/include/techman_robot_msgs/techman_robot_msgs/srv/detail/techman_robot_command__rosidl_typesupport_fastrtps_cpp.hpp
[13.621s] -- Installing: /home/default/p4p/install/techman_robot_msgs/include/techman_robot_msgs/techman_robot_msgs/srv/detail/dds_fastrtps
[13.621s] -- Up-to-date: /home/default/p4p/install/techman_robot_msgs/include/techman_robot_msgs/techman_robot_msgs/msg
[13.621s] -- Installing: /home/default/p4p/install/techman_robot_msgs/include/techman_robot_msgs/techman_robot_msgs/msg/rosidl_typesupport_fastrtps_cpp__visibility_control.h
[13.621s] -- Installing: /home/default/p4p/install/techman_robot_msgs/lib/libtechman_robot_msgs__rosidl_typesupport_fastrtps_cpp.so
[13.621s] -- Set runtime path of "/home/default/p4p/install/techman_robot_msgs/lib/libtechman_robot_msgs__rosidl_typesupport_fastrtps_cpp.so" to ""
[13.629s] -- Up-to-date: /home/default/p4p/install/techman_robot_msgs/include/techman_robot_msgs/techman_robot_msgs
[13.629s] -- Up-to-date: /home/default/p4p/install/techman_robot_msgs/include/techman_robot_msgs/techman_robot_msgs/srv
[13.629s] -- Up-to-date: /home/default/p4p/install/techman_robot_msgs/include/techman_robot_msgs/techman_robot_msgs/srv/detail
[13.629s] -- Installing: /home/default/p4p/install/techman_robot_msgs/include/techman_robot_msgs/techman_robot_msgs/srv/detail/techman_robot_command__type_support.cpp
[13.630s] -- Installing: /home/default/p4p/install/techman_robot_msgs/include/techman_robot_msgs/techman_robot_msgs/srv/detail/techman_robot_command__rosidl_typesupport_introspection_cpp.hpp
[13.630s] -- Installing: /home/default/p4p/install/techman_robot_msgs/lib/libtechman_robot_msgs__rosidl_typesupport_introspection_cpp.so
[13.630s] -- Set runtime path of "/home/default/p4p/install/techman_robot_msgs/lib/libtechman_robot_msgs__rosidl_typesupport_introspection_cpp.so" to ""
[13.630s] -- Installing: /home/default/p4p/install/techman_robot_msgs/lib/libtechman_robot_msgs__rosidl_typesupport_cpp.so
[13.631s] -- Set runtime path of "/home/default/p4p/install/techman_robot_msgs/lib/libtechman_robot_msgs__rosidl_typesupport_cpp.so" to ""
[13.631s] -- Installing: /home/default/p4p/install/techman_robot_msgs/share/techman_robot_msgs/environment/pythonpath.sh
[13.631s] -- Installing: /home/default/p4p/install/techman_robot_msgs/share/techman_robot_msgs/environment/pythonpath.dsv
[13.632s] -- Installing: /home/default/p4p/install/techman_robot_msgs/local/lib/python3.10/dist-packages/techman_robot_msgs-1.0.0-py3.10.egg-info
[13.632s] -- Installing: /home/default/p4p/install/techman_robot_msgs/local/lib/python3.10/dist-packages/techman_robot_msgs-1.0.0-py3.10.egg-info/SOURCES.txt
[13.632s] -- Installing: /home/default/p4p/install/techman_robot_msgs/local/lib/python3.10/dist-packages/techman_robot_msgs-1.0.0-py3.10.egg-info/PKG-INFO
[13.632s] -- Installing: /home/default/p4p/install/techman_robot_msgs/local/lib/python3.10/dist-packages/techman_robot_msgs-1.0.0-py3.10.egg-info/dependency_links.txt
[13.633s] -- Installing: /home/default/p4p/install/techman_robot_msgs/local/lib/python3.10/dist-packages/techman_robot_msgs-1.0.0-py3.10.egg-info/top_level.txt
[13.633s] -- Installing: /home/default/p4p/install/techman_robot_msgs/local/lib/python3.10/dist-packages/techman_robot_msgs
[13.633s] -- Installing: /home/default/p4p/install/techman_robot_msgs/local/lib/python3.10/dist-packages/techman_robot_msgs/_techman_robot_msgs_s.ep.rosidl_typesupport_fastrtps_c.c
[13.633s] -- Installing: /home/default/p4p/install/techman_robot_msgs/local/lib/python3.10/dist-packages/techman_robot_msgs/techman_robot_msgs_s__rosidl_typesupport_introspection_c.cpython-310-x86_64-linux-gnu.so
[13.634s] -- Installing: /home/default/p4p/install/techman_robot_msgs/local/lib/python3.10/dist-packages/techman_robot_msgs/techman_robot_msgs_s__rosidl_typesupport_fastrtps_c.cpython-310-x86_64-linux-gnu.so
[13.634s] -- Installing: /home/default/p4p/install/techman_robot_msgs/local/lib/python3.10/dist-packages/techman_robot_msgs/srv
[13.634s] -- Installing: /home/default/p4p/install/techman_robot_msgs/local/lib/python3.10/dist-packages/techman_robot_msgs/srv/_techman_robot_command_s.c
[13.635s] -- Installing: /home/default/p4p/install/techman_robot_msgs/local/lib/python3.10/dist-packages/techman_robot_msgs/srv/_techman_robot_command.py
[13.635s] -- Installing: /home/default/p4p/install/techman_robot_msgs/local/lib/python3.10/dist-packages/techman_robot_msgs/srv/__init__.py
[13.635s] -- Installing: /home/default/p4p/install/techman_robot_msgs/local/lib/python3.10/dist-packages/techman_robot_msgs/_techman_robot_msgs_s.ep.rosidl_typesupport_c.c
[13.635s] -- Installing: /home/default/p4p/install/techman_robot_msgs/local/lib/python3.10/dist-packages/techman_robot_msgs/techman_robot_msgs_s__rosidl_typesupport_c.cpython-310-x86_64-linux-gnu.so
[13.636s] -- Installing: /home/default/p4p/install/techman_robot_msgs/local/lib/python3.10/dist-packages/techman_robot_msgs/_techman_robot_msgs_s.ep.rosidl_typesupport_introspection_c.c
[13.636s] -- Installing: /home/default/p4p/install/techman_robot_msgs/local/lib/python3.10/dist-packages/techman_robot_msgs/__init__.py
[13.636s] -- Installing: /home/default/p4p/install/techman_robot_msgs/local/lib/python3.10/dist-packages/techman_robot_msgs/libtechman_robot_msgs__rosidl_generator_py.so
[13.751s] Listing '/home/default/p4p/install/techman_robot_msgs/local/lib/python3.10/dist-packages/techman_robot_msgs'...
[13.751s] Compiling '/home/default/p4p/install/techman_robot_msgs/local/lib/python3.10/dist-packages/techman_robot_msgs/__init__.py'...
[13.751s] Listing '/home/default/p4p/install/techman_robot_msgs/local/lib/python3.10/dist-packages/techman_robot_msgs/srv'...
[13.751s] Compiling '/home/default/p4p/install/techman_robot_msgs/local/lib/python3.10/dist-packages/techman_robot_msgs/srv/__init__.py'...
[13.751s] Compiling '/home/default/p4p/install/techman_robot_msgs/local/lib/python3.10/dist-packages/techman_robot_msgs/srv/_techman_robot_command.py'...
[13.771s] -- Installing: /home/default/p4p/install/techman_robot_msgs/local/lib/python3.10/dist-packages/techman_robot_msgs/techman_robot_msgs_s__rosidl_typesupport_fastrtps_c.cpython-310-x86_64-linux-gnu.so
[13.772s] -- Set runtime path of "/home/default/p4p/install/techman_robot_msgs/local/lib/python3.10/dist-packages/techman_robot_msgs/techman_robot_msgs_s__rosidl_typesupport_fastrtps_c.cpython-310-x86_64-linux-gnu.so" to ""
[13.772s] -- Installing: /home/default/p4p/install/techman_robot_msgs/local/lib/python3.10/dist-packages/techman_robot_msgs/techman_robot_msgs_s__rosidl_typesupport_introspection_c.cpython-310-x86_64-linux-gnu.so
[13.772s] -- Set runtime path of "/home/default/p4p/install/techman_robot_msgs/local/lib/python3.10/dist-packages/techman_robot_msgs/techman_robot_msgs_s__rosidl_typesupport_introspection_c.cpython-310-x86_64-linux-gnu.so" to ""
[13.772s] -- Installing: /home/default/p4p/install/techman_robot_msgs/local/lib/python3.10/dist-packages/techman_robot_msgs/techman_robot_msgs_s__rosidl_typesupport_c.cpython-310-x86_64-linux-gnu.so
[13.772s] -- Set runtime path of "/home/default/p4p/install/techman_robot_msgs/local/lib/python3.10/dist-packages/techman_robot_msgs/techman_robot_msgs_s__rosidl_typesupport_c.cpython-310-x86_64-linux-gnu.so" to ""
[13.772s] -- Installing: /home/default/p4p/install/techman_robot_msgs/lib/libtechman_robot_msgs__rosidl_generator_py.so
[13.772s] -- Set runtime path of "/home/default/p4p/install/techman_robot_msgs/lib/libtechman_robot_msgs__rosidl_generator_py.so" to ""
[13.772s] -- Installing: /home/default/p4p/install/techman_robot_msgs/share/techman_robot_msgs/srv/TechmanRobotCommand.idl
[13.773s] -- Installing: /home/default/p4p/install/techman_robot_msgs/share/techman_robot_msgs/srv/TechmanRobotCommand.srv
[13.773s] -- Installing: /home/default/p4p/install/techman_robot_msgs/share/techman_robot_msgs/srv/TechmanRobotCommand_Request.msg
[13.773s] -- Installing: /home/default/p4p/install/techman_robot_msgs/share/techman_robot_msgs/srv/TechmanRobotCommand_Response.msg
[13.773s] -- Installing: /home/default/p4p/install/techman_robot_msgs/share/ament_index/resource_index/package_run_dependencies/techman_robot_msgs
[13.773s] -- Installing: /home/default/p4p/install/techman_robot_msgs/share/ament_index/resource_index/parent_prefix_path/techman_robot_msgs
[13.773s] -- Installing: /home/default/p4p/install/techman_robot_msgs/share/techman_robot_msgs/environment/ament_prefix_path.sh
[13.773s] -- Installing: /home/default/p4p/install/techman_robot_msgs/share/techman_robot_msgs/environment/ament_prefix_path.dsv
[13.774s] -- Installing: /home/default/p4p/install/techman_robot_msgs/share/techman_robot_msgs/environment/path.sh
[13.774s] -- Installing: /home/default/p4p/install/techman_robot_msgs/share/techman_robot_msgs/environment/path.dsv
[13.774s] -- Installing: /home/default/p4p/install/techman_robot_msgs/share/techman_robot_msgs/local_setup.bash
[13.774s] -- Installing: /home/default/p4p/install/techman_robot_msgs/share/techman_robot_msgs/local_setup.sh
[13.774s] -- Installing: /home/default/p4p/install/techman_robot_msgs/share/techman_robot_msgs/local_setup.zsh
[13.774s] -- Installing: /home/default/p4p/install/techman_robot_msgs/share/techman_robot_msgs/local_setup.dsv
[13.774s] -- Installing: /home/default/p4p/install/techman_robot_msgs/share/techman_robot_msgs/package.dsv
[13.774s] -- Installing: /home/default/p4p/install/techman_robot_msgs/share/ament_index/resource_index/packages/techman_robot_msgs
[13.780s] -- Installing: /home/default/p4p/install/techman_robot_msgs/share/techman_robot_msgs/cmake/export_techman_robot_msgs__rosidl_generator_cExport.cmake
[13.781s] -- Installing: /home/default/p4p/install/techman_robot_msgs/share/techman_robot_msgs/cmake/export_techman_robot_msgs__rosidl_generator_cExport-noconfig.cmake
[13.781s] -- Installing: /home/default/p4p/install/techman_robot_msgs/share/techman_robot_msgs/cmake/export_techman_robot_msgs__rosidl_typesupport_fastrtps_cExport.cmake
[13.781s] -- Installing: /home/default/p4p/install/techman_robot_msgs/share/techman_robot_msgs/cmake/export_techman_robot_msgs__rosidl_typesupport_fastrtps_cExport-noconfig.cmake
[13.781s] -- Installing: /home/default/p4p/install/techman_robot_msgs/share/techman_robot_msgs/cmake/techman_robot_msgs__rosidl_typesupport_introspection_cExport.cmake
[13.782s] -- Installing: /home/default/p4p/install/techman_robot_msgs/share/techman_robot_msgs/cmake/techman_robot_msgs__rosidl_typesupport_introspection_cExport-noconfig.cmake
[13.782s] -- Installing: /home/default/p4p/install/techman_robot_msgs/share/techman_robot_msgs/cmake/techman_robot_msgs__rosidl_typesupport_cExport.cmake
[13.782s] -- Installing: /home/default/p4p/install/techman_robot_msgs/share/techman_robot_msgs/cmake/techman_robot_msgs__rosidl_typesupport_cExport-noconfig.cmake
[13.783s] -- Installing: /home/default/p4p/install/techman_robot_msgs/share/techman_robot_msgs/cmake/export_techman_robot_msgs__rosidl_generator_cppExport.cmake
[13.783s] -- Installing: /home/default/p4p/install/techman_robot_msgs/share/techman_robot_msgs/cmake/export_techman_robot_msgs__rosidl_typesupport_fastrtps_cppExport.cmake
[13.783s] -- Installing: /home/default/p4p/install/techman_robot_msgs/share/techman_robot_msgs/cmake/export_techman_robot_msgs__rosidl_typesupport_fastrtps_cppExport-noconfig.cmake
[13.784s] -- Installing: /home/default/p4p/install/techman_robot_msgs/share/techman_robot_msgs/cmake/techman_robot_msgs__rosidl_typesupport_introspection_cppExport.cmake
[13.784s] -- Installing: /home/default/p4p/install/techman_robot_msgs/share/techman_robot_msgs/cmake/techman_robot_msgs__rosidl_typesupport_introspection_cppExport-noconfig.cmake
[13.784s] -- Installing: /home/default/p4p/install/techman_robot_msgs/share/techman_robot_msgs/cmake/techman_robot_msgs__rosidl_typesupport_cppExport.cmake
[13.784s] -- Installing: /home/default/p4p/install/techman_robot_msgs/share/techman_robot_msgs/cmake/techman_robot_msgs__rosidl_typesupport_cppExport-noconfig.cmake
[13.785s] -- Installing: /home/default/p4p/install/techman_robot_msgs/share/techman_robot_msgs/cmake/export_techman_robot_msgs__rosidl_generator_pyExport.cmake
[13.785s] -- Installing: /home/default/p4p/install/techman_robot_msgs/share/techman_robot_msgs/cmake/export_techman_robot_msgs__rosidl_generator_pyExport-noconfig.cmake
[13.785s] -- Installing: /home/default/p4p/install/techman_robot_msgs/share/techman_robot_msgs/cmake/rosidl_cmake-extras.cmake
[13.785s] -- Installing: /home/default/p4p/install/techman_robot_msgs/share/techman_robot_msgs/cmake/ament_cmake_export_include_directories-extras.cmake
[13.786s] -- Installing: /home/default/p4p/install/techman_robot_msgs/share/techman_robot_msgs/cmake/ament_cmake_export_libraries-extras.cmake
[13.786s] -- Installing: /home/default/p4p/install/techman_robot_msgs/share/techman_robot_msgs/cmake/ament_cmake_export_targets-extras.cmake
[13.786s] -- Installing: /home/default/p4p/install/techman_robot_msgs/share/techman_robot_msgs/cmake/rosidl_cmake_export_typesupport_targets-extras.cmake
[13.786s] -- Installing: /home/default/p4p/install/techman_robot_msgs/share/techman_robot_msgs/cmake/ament_cmake_export_dependencies-extras.cmake
[13.787s] -- Installing: /home/default/p4p/install/techman_robot_msgs/share/techman_robot_msgs/cmake/rosidl_cmake_export_typesupport_libraries-extras.cmake
[13.787s] -- Installing: /home/default/p4p/install/techman_robot_msgs/share/techman_robot_msgs/cmake/techman_robot_msgsConfig.cmake
[13.787s] -- Installing: /home/default/p4p/install/techman_robot_msgs/share/techman_robot_msgs/cmake/techman_robot_msgsConfig-version.cmake
[13.787s] -- Installing: /home/default/p4p/install/techman_robot_msgs/share/techman_robot_msgs/package.xml
[13.800s] Invoked command in '/home/default/p4p/build/techman_robot_msgs' returned '0': CMAKE_PREFIX_PATH=/opt/ros/humble /usr/bin/cmake --install /home/default/p4p/build/techman_robot_msgs
