running egg_info
writing ../../build/tm_get_status/tm_get_status.egg-info/PKG-INFO
writing dependency_links to ../../build/tm_get_status/tm_get_status.egg-info/dependency_links.txt
writing entry points to ../../build/tm_get_status/tm_get_status.egg-info/entry_points.txt
writing requirements to ../../build/tm_get_status/tm_get_status.egg-info/requires.txt
writing top-level names to ../../build/tm_get_status/tm_get_status.egg-info/top_level.txt
reading manifest file '../../build/tm_get_status/tm_get_status.egg-info/SOURCES.txt'
writing manifest file '../../build/tm_get_status/tm_get_status.egg-info/SOURCES.txt'
running build
running build_py
running install
running install_lib
copying /home/jetson/p4p/build/tm_get_status/build/lib/tm_get_status/translate_jason_to_list.py -> /home/jetson/p4p/install/tm_get_status/lib/python3.8/site-packages/tm_get_status
copying /home/jetson/p4p/build/tm_get_status/build/lib/tm_get_status/get_status.py -> /home/jetson/p4p/install/tm_get_status/lib/python3.8/site-packages/tm_get_status
copying /home/jetson/p4p/build/tm_get_status/build/lib/tm_get_status/image_pub.py -> /home/jetson/p4p/install/tm_get_status/lib/python3.8/site-packages/tm_get_status
byte-compiling /home/jetson/p4p/install/tm_get_status/lib/python3.8/site-packages/tm_get_status/translate_jason_to_list.py to translate_jason_to_list.cpython-38.pyc
byte-compiling /home/jetson/p4p/install/tm_get_status/lib/python3.8/site-packages/tm_get_status/get_status.py to get_status.cpython-38.pyc
byte-compiling /home/jetson/p4p/install/tm_get_status/lib/python3.8/site-packages/tm_get_status/image_pub.py to image_pub.cpython-38.pyc
running install_data
running install_egg_info
removing '/home/jetson/p4p/install/tm_get_status/lib/python3.8/site-packages/tm_get_status-1.0.0-py3.8.egg-info' (and everything under it)
Copying ../../build/tm_get_status/tm_get_status.egg-info to /home/jetson/p4p/install/tm_get_status/lib/python3.8/site-packages/tm_get_status-1.0.0-py3.8.egg-info
running install_scripts
Installing image_talker script to /home/jetson/p4p/install/tm_get_status/lib/tm_get_status
Installing status_talker script to /home/jetson/p4p/install/tm_get_status/lib/tm_get_status
writing list of installed files to '/home/jetson/p4p/build/tm_get_status/install.log'
