[3.525s] Invoking command in '/home/jetson/p4p/tmr_ros2/techman_robot_get_status': PYTHONPATH=/home/jetson/p4p/build/tm_get_status/prefix_override:/home/jetson/p4p/install/tm_get_status/lib/python3.8/site-packages:${PYTHONPATH} /usr/bin/python3 -W ignore:setup.py install is deprecated setup.py egg_info --egg-base ../../build/tm_get_status build --build-base /home/jetson/p4p/build/tm_get_status/build install --record /home/jetson/p4p/build/tm_get_status/install.log --single-version-externally-managed install_data
[4.620s] running egg_info
[4.623s] creating ../../build/tm_get_status/tm_get_status.egg-info
[4.624s] writing ../../build/tm_get_status/tm_get_status.egg-info/PKG-INFO
[4.625s] writing dependency_links to ../../build/tm_get_status/tm_get_status.egg-info/dependency_links.txt
[4.626s] writing entry points to ../../build/tm_get_status/tm_get_status.egg-info/entry_points.txt
[4.626s] writing requirements to ../../build/tm_get_status/tm_get_status.egg-info/requires.txt
[4.627s] writing top-level names to ../../build/tm_get_status/tm_get_status.egg-info/top_level.txt
[4.633s] writing manifest file '../../build/tm_get_status/tm_get_status.egg-info/SOURCES.txt'
[4.800s] reading manifest file '../../build/tm_get_status/tm_get_status.egg-info/SOURCES.txt'
[4.803s] writing manifest file '../../build/tm_get_status/tm_get_status.egg-info/SOURCES.txt'
[4.803s] running build
[4.804s] running build_py
[4.810s] creating /home/jetson/p4p/build/tm_get_status/build
[4.811s] creating /home/jetson/p4p/build/tm_get_status/build/lib
[4.811s] creating /home/jetson/p4p/build/tm_get_status/build/lib/tm_get_status
[4.813s] copying tm_get_status/__init__.py -> /home/jetson/p4p/build/tm_get_status/build/lib/tm_get_status
[4.813s] copying tm_get_status/translate_jason_to_list.py -> /home/jetson/p4p/build/tm_get_status/build/lib/tm_get_status
[4.814s] copying tm_get_status/get_status.py -> /home/jetson/p4p/build/tm_get_status/build/lib/tm_get_status
[4.814s] copying tm_get_status/image_pub.py -> /home/jetson/p4p/build/tm_get_status/build/lib/tm_get_status
[4.815s] running install
[4.818s] running install_lib
[4.822s] creating /home/jetson/p4p/install/tm_get_status/lib/python3.8/site-packages/tm_get_status
[4.823s] copying /home/jetson/p4p/build/tm_get_status/build/lib/tm_get_status/__init__.py -> /home/jetson/p4p/install/tm_get_status/lib/python3.8/site-packages/tm_get_status
[4.824s] copying /home/jetson/p4p/build/tm_get_status/build/lib/tm_get_status/translate_jason_to_list.py -> /home/jetson/p4p/install/tm_get_status/lib/python3.8/site-packages/tm_get_status
[4.825s] copying /home/jetson/p4p/build/tm_get_status/build/lib/tm_get_status/get_status.py -> /home/jetson/p4p/install/tm_get_status/lib/python3.8/site-packages/tm_get_status
[4.826s] copying /home/jetson/p4p/build/tm_get_status/build/lib/tm_get_status/image_pub.py -> /home/jetson/p4p/install/tm_get_status/lib/python3.8/site-packages/tm_get_status
[4.828s] byte-compiling /home/jetson/p4p/install/tm_get_status/lib/python3.8/site-packages/tm_get_status/__init__.py to __init__.cpython-38.pyc
[4.832s] byte-compiling /home/jetson/p4p/install/tm_get_status/lib/python3.8/site-packages/tm_get_status/translate_jason_to_list.py to translate_jason_to_list.cpython-38.pyc
[4.837s] byte-compiling /home/jetson/p4p/install/tm_get_status/lib/python3.8/site-packages/tm_get_status/get_status.py to get_status.cpython-38.pyc
[4.839s] byte-compiling /home/jetson/p4p/install/tm_get_status/lib/python3.8/site-packages/tm_get_status/image_pub.py to image_pub.cpython-38.pyc
[4.843s] running install_data
[4.844s] creating /home/jetson/p4p/install/tm_get_status/share/ament_index
[4.844s] creating /home/jetson/p4p/install/tm_get_status/share/ament_index/resource_index
[4.845s] creating /home/jetson/p4p/install/tm_get_status/share/ament_index/resource_index/packages
[4.845s] copying resource/tm_get_status -> /home/jetson/p4p/install/tm_get_status/share/ament_index/resource_index/packages
[4.846s] copying package.xml -> /home/jetson/p4p/install/tm_get_status/share/tm_get_status
[4.846s] running install_egg_info
[4.853s] Copying ../../build/tm_get_status/tm_get_status.egg-info to /home/jetson/p4p/install/tm_get_status/lib/python3.8/site-packages/tm_get_status-1.0.0-py3.8.egg-info
[4.858s] running install_scripts
[4.937s] Installing image_talker script to /home/jetson/p4p/install/tm_get_status/lib/tm_get_status
[4.938s] Installing status_talker script to /home/jetson/p4p/install/tm_get_status/lib/tm_get_status
[4.939s] writing list of installed files to '/home/jetson/p4p/build/tm_get_status/install.log'
[5.047s] Invoked command in '/home/jetson/p4p/tmr_ros2/techman_robot_get_status' returned '0': PYTHONPATH=/home/jetson/p4p/build/tm_get_status/prefix_override:/home/jetson/p4p/install/tm_get_status/lib/python3.8/site-packages:${PYTHONPATH} /usr/bin/python3 -W ignore:setup.py install is deprecated setup.py egg_info --egg-base ../../build/tm_get_status build --build-base /home/jetson/p4p/build/tm_get_status/build install --record /home/jetson/p4p/build/tm_get_status/install.log --single-version-externally-managed install_data
