[2.802s] Invoking command in '/home/default/p4p/tmr_ros2/techman_robot_get_status': PYTHONPATH=/home/default/p4p/build/tm_get_status/prefix_override:/home/default/p4p/install/tm_get_status/lib/python3.10/site-packages:${PYTHONPATH} /usr/bin/python3 setup.py egg_info --egg-base ../../build/tm_get_status build --build-base /home/default/p4p/build/tm_get_status/build install --record /home/default/p4p/build/tm_get_status/install.log --single-version-externally-managed
[3.608s] running egg_info
[3.610s] creating ../../build/tm_get_status/tm_get_status.egg-info
[3.610s] writing ../../build/tm_get_status/tm_get_status.egg-info/PKG-INFO
[3.610s] writing dependency_links to ../../build/tm_get_status/tm_get_status.egg-info/dependency_links.txt
[3.611s] writing entry points to ../../build/tm_get_status/tm_get_status.egg-info/entry_points.txt
[3.611s] writing requirements to ../../build/tm_get_status/tm_get_status.egg-info/requires.txt
[3.611s] writing top-level names to ../../build/tm_get_status/tm_get_status.egg-info/top_level.txt
[3.612s] writing manifest file '../../build/tm_get_status/tm_get_status.egg-info/SOURCES.txt'
[3.614s] reading manifest file '../../build/tm_get_status/tm_get_status.egg-info/SOURCES.txt'
[3.616s] writing manifest file '../../build/tm_get_status/tm_get_status.egg-info/SOURCES.txt'
[3.616s] running build
[3.617s] running build_py
[3.617s] creating /home/default/p4p/build/tm_get_status/build
[3.617s] creating /home/default/p4p/build/tm_get_status/build/lib
[3.618s] creating /home/default/p4p/build/tm_get_status/build/lib/tm_get_status
[3.618s] copying tm_get_status/translate_jason_to_list.py -> /home/default/p4p/build/tm_get_status/build/lib/tm_get_status
[3.618s] copying tm_get_status/image_pub.py -> /home/default/p4p/build/tm_get_status/build/lib/tm_get_status
[3.622s] copying tm_get_status/get_status.py -> /home/default/p4p/build/tm_get_status/build/lib/tm_get_status
[3.623s] /usr/lib/python3/dist-packages/setuptools/command/install.py:34: SetuptoolsDeprecationWarning: setup.py install is deprecated. Use build and pip and other standards-based tools.
[3.623s]   warnings.warn(
[3.623s] copying tm_get_status/__init__.py -> /home/default/p4p/build/tm_get_status/build/lib/tm_get_status
[3.623s] running install
[3.623s] running install_lib
[3.624s] creating /home/default/p4p/install/tm_get_status/lib/python3.10/site-packages/tm_get_status
[3.624s] copying /home/default/p4p/build/tm_get_status/build/lib/tm_get_status/translate_jason_to_list.py -> /home/default/p4p/install/tm_get_status/lib/python3.10/site-packages/tm_get_status
[3.624s] copying /home/default/p4p/build/tm_get_status/build/lib/tm_get_status/image_pub.py -> /home/default/p4p/install/tm_get_status/lib/python3.10/site-packages/tm_get_status
[3.624s] copying /home/default/p4p/build/tm_get_status/build/lib/tm_get_status/get_status.py -> /home/default/p4p/install/tm_get_status/lib/python3.10/site-packages/tm_get_status
[3.624s] copying /home/default/p4p/build/tm_get_status/build/lib/tm_get_status/__init__.py -> /home/default/p4p/install/tm_get_status/lib/python3.10/site-packages/tm_get_status
[3.624s] byte-compiling /home/default/p4p/install/tm_get_status/lib/python3.10/site-packages/tm_get_status/translate_jason_to_list.py to translate_jason_to_list.cpython-310.pyc
[3.628s] byte-compiling /home/default/p4p/install/tm_get_status/lib/python3.10/site-packages/tm_get_status/image_pub.py to image_pub.cpython-310.pyc
[3.632s] byte-compiling /home/default/p4p/install/tm_get_status/lib/python3.10/site-packages/tm_get_status/get_status.py to get_status.cpython-310.pyc
[3.635s] byte-compiling /home/default/p4p/install/tm_get_status/lib/python3.10/site-packages/tm_get_status/__init__.py to __init__.cpython-310.pyc
[3.635s] running install_data
[3.636s] creating /home/default/p4p/install/tm_get_status/share/ament_index
[3.636s] creating /home/default/p4p/install/tm_get_status/share/ament_index/resource_index
[3.636s] creating /home/default/p4p/install/tm_get_status/share/ament_index/resource_index/packages
[3.637s] copying resource/tm_get_status -> /home/default/p4p/install/tm_get_status/share/ament_index/resource_index/packages
[3.638s] copying package.xml -> /home/default/p4p/install/tm_get_status/share/tm_get_status
[3.638s] running install_egg_info
[3.642s] Copying ../../build/tm_get_status/tm_get_status.egg-info to /home/default/p4p/install/tm_get_status/lib/python3.10/site-packages/tm_get_status-1.0.1-py3.10.egg-info
[3.645s] running install_scripts
[3.684s] Installing image_talker script to /home/default/p4p/install/tm_get_status/lib/tm_get_status
[3.685s] Installing status_talker script to /home/default/p4p/install/tm_get_status/lib/tm_get_status
[3.685s] writing list of installed files to '/home/default/p4p/build/tm_get_status/install.log'
[3.718s] Invoked command in '/home/default/p4p/tmr_ros2/techman_robot_get_status' returned '0': PYTHONPATH=/home/default/p4p/build/tm_get_status/prefix_override:/home/default/p4p/install/tm_get_status/lib/python3.10/site-packages:${PYTHONPATH} /usr/bin/python3 setup.py egg_info --egg-base ../../build/tm_get_status build --build-base /home/default/p4p/build/tm_get_status/build install --record /home/default/p4p/build/tm_get_status/install.log --single-version-externally-managed
