[0.161s] Invoking command in '/home/default/p4p/build/tm_description': CMAKE_PREFIX_PATH=/opt/ros/humble /usr/bin/cmake /home/default/p4p/tmr_ros2/tm_description -DCMAKE_INSTALL_PREFIX=/home/default/p4p/install/tm_description
[0.245s] -- The C compiler identification is GNU 11.4.0
[0.451s] -- The CXX compiler identification is GNU 11.4.0
[0.476s] -- Detecting C compiler ABI info
[0.618s] -- Detecting C compiler ABI info - done
[0.674s] -- Check for working C compiler: /usr/bin/cc - skipped
[0.683s] -- Detecting C compile features
[0.684s] -- Detecting C compile features - done
[0.690s] -- Detecting CXX compiler ABI info
[1.026s] -- Detecting CXX compiler ABI info - done
[1.061s] -- Check for working CXX compiler: /usr/bin/c++ - skipped
[1.067s] -- Detecting CXX compile features
[1.071s] -- Detecting CXX compile features - done
[1.074s] -- Found ament_cmake: 1.3.8 (/opt/ros/humble/share/ament_cmake/cmake)
[1.503s] -- Found Python3: /usr/bin/python3 (found version "3.10.12") found components: Interpreter 
[1.874s] -- Configuring done
[1.878s] -- Generating done
[1.888s] -- Build files have been written to: /home/default/p4p/build/tm_description
[1.910s] Invoked command in '/home/default/p4p/build/tm_description' returned '0': CMAKE_PREFIX_PATH=/opt/ros/humble /usr/bin/cmake /home/default/p4p/tmr_ros2/tm_description -DCMAKE_INSTALL_PREFIX=/home/default/p4p/install/tm_description
[1.911s] Invoking command in '/home/default/p4p/build/tm_description': CMAKE_PREFIX_PATH=/opt/ros/humble /usr/bin/cmake --build /home/default/p4p/build/tm_description -- -j2 -l2
[2.019s] Invoked command in '/home/default/p4p/build/tm_description' returned '0': CMAKE_PREFIX_PATH=/opt/ros/humble /usr/bin/cmake --build /home/default/p4p/build/tm_description -- -j2 -l2
[2.150s] Invoking command in '/home/default/p4p/build/tm_description': CMAKE_PREFIX_PATH=/opt/ros/humble /usr/bin/cmake --install /home/default/p4p/build/tm_description
[2.169s] -- Install configuration: ""
[2.171s] -- Installing: /home/default/p4p/install/tm_description/share/ament_index/resource_index/package_run_dependencies/tm_description
[2.171s] -- Installing: /home/default/p4p/install/tm_description/share/ament_index/resource_index/parent_prefix_path/tm_description
[2.171s] -- Installing: /home/default/p4p/install/tm_description/share/tm_description/environment/ament_prefix_path.sh
[2.174s] -- Installing: /home/default/p4p/install/tm_description/share/tm_description/environment/ament_prefix_path.dsv
[2.175s] -- Installing: /home/default/p4p/install/tm_description/share/tm_description/environment/path.sh
[2.175s] -- Installing: /home/default/p4p/install/tm_description/share/tm_description/environment/path.dsv
[2.175s] -- Installing: /home/default/p4p/install/tm_description/share/tm_description/local_setup.bash
[2.175s] -- Installing: /home/default/p4p/install/tm_description/share/tm_description/local_setup.sh
[2.176s] -- Installing: /home/default/p4p/install/tm_description/share/tm_description/local_setup.zsh
[2.176s] -- Installing: /home/default/p4p/install/tm_description/share/tm_description/local_setup.dsv
[2.176s] -- Installing: /home/default/p4p/install/tm_description/share/tm_description/package.dsv
[2.176s] -- Installing: /home/default/p4p/install/tm_description/share/ament_index/resource_index/packages/tm_description
[2.177s] -- Installing: /home/default/p4p/install/tm_description/share/tm_description/cmake/tm_descriptionConfig.cmake
[2.177s] -- Installing: /home/default/p4p/install/tm_description/share/tm_description/cmake/tm_descriptionConfig-version.cmake
[2.177s] -- Installing: /home/default/p4p/install/tm_description/share/tm_description/package.xml
[2.177s] -- Installing: /home/default/p4p/install/tm_description/share/tm_description/meshes
[2.178s] -- Installing: /home/default/p4p/install/tm_description/share/tm_description/meshes/tm14
[2.178s] -- Installing: /home/default/p4p/install/tm_description/share/tm_description/meshes/tm14/collision
[2.179s] -- Installing: /home/default/p4p/install/tm_description/share/tm_description/meshes/tm14/collision/tm14_arm1_c.stl
[2.181s] -- Installing: /home/default/p4p/install/tm_description/share/tm_description/meshes/tm14/collision/tm14_arm2_c.stl
[2.181s] -- Installing: /home/default/p4p/install/tm_description/share/tm_description/meshes/tm14/visual
[2.181s] -- Installing: /home/default/p4p/install/tm_description/share/tm_description/meshes/tm14/visual/tm14_arm1.obj
[2.195s] -- Installing: /home/default/p4p/install/tm_description/share/tm_description/meshes/tm14/visual/tm14_arm2.obj
[2.199s] -- Installing: /home/default/p4p/install/tm_description/share/tm_description/meshes/tm14/visual/tm14_arm1.mtl
[2.203s] -- Installing: /home/default/p4p/install/tm_description/share/tm_description/meshes/tm14/visual/tm14_arm1.stl
[2.205s] -- Installing: /home/default/p4p/install/tm_description/share/tm_description/meshes/tm14/visual/tm14_arm2.stl
[2.206s] -- Installing: /home/default/p4p/install/tm_description/share/tm_description/meshes/tm14/visual/tm14_arm2.mtl
[2.206s] -- Installing: /home/default/p4p/install/tm_description/share/tm_description/meshes/tm5-900
[2.207s] -- Installing: /home/default/p4p/install/tm_description/share/tm_description/meshes/tm5-900/collision
[2.207s] -- Installing: /home/default/p4p/install/tm_description/share/tm_description/meshes/tm5-900/collision/tmr_100w_02_c.stl
[2.209s] -- Installing: /home/default/p4p/install/tm_description/share/tm_description/meshes/tm5-900/collision/tm5-base_c.stl
[2.209s] -- Installing: /home/default/p4p/install/tm_description/share/tm_description/meshes/tm5-900/collision/tm5-900_arm2_c.stl
[2.209s] -- Installing: /home/default/p4p/install/tm_description/share/tm_description/meshes/tm5-900/collision/tmr_iox_c.stl
[2.210s] -- Installing: /home/default/p4p/install/tm_description/share/tm_description/meshes/tm5-900/collision/tm5-900_arm1_c.stl
[2.214s] -- Installing: /home/default/p4p/install/tm_description/share/tm_description/meshes/tm5-900/collision/tmr_ee_c.stl
[2.215s] -- Installing: /home/default/p4p/install/tm_description/share/tm_description/meshes/tm5-900/collision/tmr_400w_01_c.stl
[2.215s] -- Installing: /home/default/p4p/install/tm_description/share/tm_description/meshes/tm5-900/collision/tmr_100w_01_c.stl
[2.216s] -- Installing: /home/default/p4p/install/tm_description/share/tm_description/meshes/tm5-900/visual
[2.216s] -- Installing: /home/default/p4p/install/tm_description/share/tm_description/meshes/tm5-900/visual/tmr_iox.obj
[2.222s] -- Installing: /home/default/p4p/install/tm_description/share/tm_description/meshes/tm5-900/visual/tm5-900_arm1.stl
[2.226s] -- Installing: /home/default/p4p/install/tm_description/share/tm_description/meshes/tm5-900/visual/tmr_400w_01.obj
[2.239s] -- Installing: /home/default/p4p/install/tm_description/share/tm_description/meshes/tm5-900/visual/tm5-900_arm2.stl
[2.240s] -- Installing: /home/default/p4p/install/tm_description/share/tm_description/meshes/tm5-900/visual/tm5-base.stl
[2.241s] -- Installing: /home/default/p4p/install/tm_description/share/tm_description/meshes/tm5-900/visual/tmr_100w_01.mtl
[2.241s] -- Installing: /home/default/p4p/install/tm_description/share/tm_description/meshes/tm5-900/visual/tmr_100w_02.stl
[2.243s] -- Installing: /home/default/p4p/install/tm_description/share/tm_description/meshes/tm5-900/visual/tmr_ee.mtl
[2.244s] -- Installing: /home/default/p4p/install/tm_description/share/tm_description/meshes/tm5-900/visual/tmr_iox.stl
[2.245s] -- Installing: /home/default/p4p/install/tm_description/share/tm_description/meshes/tm5-900/visual/tmr_400w_01.mtl
[2.245s] -- Installing: /home/default/p4p/install/tm_description/share/tm_description/meshes/tm5-900/visual/tmr_ee.stl
[2.250s] -- Installing: /home/default/p4p/install/tm_description/share/tm_description/meshes/tm5-900/visual/tmr_400w_01.stl
[2.252s] -- Installing: /home/default/p4p/install/tm_description/share/tm_description/meshes/tm5-900/visual/tmr_100w_01.stl
[2.255s] -- Installing: /home/default/p4p/install/tm_description/share/tm_description/meshes/tm5-900/visual/tm5-base.obj
[2.257s] -- Installing: /home/default/p4p/install/tm_description/share/tm_description/meshes/tm5-900/visual/tmr_iox.mtl
[2.258s] -- Installing: /home/default/p4p/install/tm_description/share/tm_description/meshes/tm5-900/visual/tm5-900_arm2.obj
[2.262s] -- Installing: /home/default/p4p/install/tm_description/share/tm_description/meshes/tm5-900/visual/tmr_100w_02.mtl
[2.263s] -- Installing: /home/default/p4p/install/tm_description/share/tm_description/meshes/tm5-900/visual/tm5-900_arm2.mtl
[2.263s] -- Installing: /home/default/p4p/install/tm_description/share/tm_description/meshes/tm5-900/visual/tmr_ee.obj
[2.270s] -- Installing: /home/default/p4p/install/tm_description/share/tm_description/meshes/tm5-900/visual/tm5-900_arm1.mtl
[2.271s] -- Installing: /home/default/p4p/install/tm_description/share/tm_description/meshes/tm5-900/visual/tmr_100w_01.obj
[2.277s] -- Installing: /home/default/p4p/install/tm_description/share/tm_description/meshes/tm5-900/visual/tmr_100w_02.obj
[2.283s] -- Installing: /home/default/p4p/install/tm_description/share/tm_description/meshes/tm5-900/visual/tm5-base.mtl
[2.283s] -- Installing: /home/default/p4p/install/tm_description/share/tm_description/meshes/tm5-900/visual/tm5-900_arm1.obj
[2.294s] -- Installing: /home/default/p4p/install/tm_description/share/tm_description/meshes/tm5-700
[2.294s] -- Installing: /home/default/p4p/install/tm_description/share/tm_description/meshes/tm5-700/collision
[2.295s] -- Installing: /home/default/p4p/install/tm_description/share/tm_description/meshes/tm5-700/collision/tm5-700_arm1_c.stl
[2.295s] -- Installing: /home/default/p4p/install/tm_description/share/tm_description/meshes/tm5-700/collision/tm5-700_arm2_c.stl
[2.295s] -- Installing: /home/default/p4p/install/tm_description/share/tm_description/meshes/tm5-700/visual
[2.295s] -- Installing: /home/default/p4p/install/tm_description/share/tm_description/meshes/tm5-700/visual/tm5-700_arm1.mtl
[2.295s] -- Installing: /home/default/p4p/install/tm_description/share/tm_description/meshes/tm5-700/visual/tm5-700_arm2.obj
[2.300s] -- Installing: /home/default/p4p/install/tm_description/share/tm_description/meshes/tm5-700/visual/tm5-700_arm2.mtl
[2.301s] -- Installing: /home/default/p4p/install/tm_description/share/tm_description/meshes/tm5-700/visual/tm5-700_arm2.stl
[2.303s] -- Installing: /home/default/p4p/install/tm_description/share/tm_description/meshes/tm5-700/visual/tm5-700_arm1.stl
[2.306s] -- Installing: /home/default/p4p/install/tm_description/share/tm_description/meshes/tm5-700/visual/tm5-700_arm1.obj
[2.316s] -- Installing: /home/default/p4p/install/tm_description/share/tm_description/meshes/tm12
[2.316s] -- Installing: /home/default/p4p/install/tm_description/share/tm_description/meshes/tm12/collision
[2.316s] -- Installing: /home/default/p4p/install/tm_description/share/tm_description/meshes/tm12/collision/tm12-base_c.stl
[2.316s] -- Installing: /home/default/p4p/install/tm_description/share/tm_description/meshes/tm12/collision/tm12-arm1_c.stl
[2.317s] -- Installing: /home/default/p4p/install/tm_description/share/tm_description/meshes/tm12/collision/tmr_750w_01_c.stl
[2.317s] -- Installing: /home/default/p4p/install/tm_description/share/tm_description/meshes/tm12/collision/tm12-arm2_c.stl
[2.318s] -- Installing: /home/default/p4p/install/tm_description/share/tm_description/meshes/tm12/visual
[2.318s] -- Installing: /home/default/p4p/install/tm_description/share/tm_description/meshes/tm12/visual/tmr_750w_01.obj
[2.324s] -- Installing: /home/default/p4p/install/tm_description/share/tm_description/meshes/tm12/visual/tm12-arm1.stl
[2.328s] -- Installing: /home/default/p4p/install/tm_description/share/tm_description/meshes/tm12/visual/tmr_750w_01.stl
[2.333s] -- Installing: /home/default/p4p/install/tm_description/share/tm_description/meshes/tm12/visual/tm12-arm1.mtl
[2.333s] -- Installing: /home/default/p4p/install/tm_description/share/tm_description/meshes/tm12/visual/tmr_750w_01.mtl
[2.333s] -- Installing: /home/default/p4p/install/tm_description/share/tm_description/meshes/tm12/visual/tm12-arm2.obj
[2.345s] -- Installing: /home/default/p4p/install/tm_description/share/tm_description/meshes/tm12/visual/tm12-arm1.obj
[2.359s] -- Installing: /home/default/p4p/install/tm_description/share/tm_description/meshes/tm12/visual/tm12-base.mtl
[2.359s] -- Installing: /home/default/p4p/install/tm_description/share/tm_description/meshes/tm12/visual/tm12-base.obj
[2.366s] -- Installing: /home/default/p4p/install/tm_description/share/tm_description/meshes/tm12/visual/tm12-arm2.stl
[2.368s] -- Installing: /home/default/p4p/install/tm_description/share/tm_description/meshes/tm12/visual/tm12-base.stl
[2.369s] -- Installing: /home/default/p4p/install/tm_description/share/tm_description/meshes/tm12/visual/tm12-arm2.mtl
[2.369s] -- Installing: /home/default/p4p/install/tm_description/share/tm_description/urdf
[2.369s] -- Installing: /home/default/p4p/install/tm_description/share/tm_description/urdf/tm14x-nominal.urdf
[2.369s] -- Installing: /home/default/p4p/install/tm_description/share/tm_description/urdf/tm12-nominal.urdf
[2.370s] -- Installing: /home/default/p4p/install/tm_description/share/tm_description/urdf/tm5x-900-nominal.urdf
[2.370s] -- Installing: /home/default/p4p/install/tm_description/share/tm_description/urdf/tm5-900-nominal.urdf
[2.370s] -- Installing: /home/default/p4p/install/tm_description/share/tm_description/urdf/tm14-nominal.urdf
[2.370s] -- Installing: /home/default/p4p/install/tm_description/share/tm_description/urdf/tm5x-700-nominal.urdf
[2.371s] -- Installing: /home/default/p4p/install/tm_description/share/tm_description/urdf/tm12x-nominal.urdf
[2.371s] -- Installing: /home/default/p4p/install/tm_description/share/tm_description/urdf/tm5-700-nominal.urdf
[2.371s] -- Installing: /home/default/p4p/install/tm_description/share/tm_description/urdf/tm5-900.urdf
[2.371s] -- Installing: /home/default/p4p/install/tm_description/share/tm_description/xacro
[2.371s] -- Installing: /home/default/p4p/install/tm_description/share/tm_description/xacro/macro.tm12-nominal.urdf.xacro
[2.372s] -- Installing: /home/default/p4p/install/tm_description/share/tm_description/xacro/macro.tm5-700-nominal.urdf.xacro
[2.372s] -- Installing: /home/default/p4p/install/tm_description/share/tm_description/xacro/tm14.urdf.xacro
[2.372s] -- Installing: /home/default/p4p/install/tm_description/share/tm_description/xacro/macro.transmission.xacro
[2.374s] -- Installing: /home/default/p4p/install/tm_description/share/tm_description/xacro/macro.tm14-nominal.urdf.xacro
[2.375s] -- Installing: /home/default/p4p/install/tm_description/share/tm_description/xacro/macro.inertial.xacro
[2.375s] -- Installing: /home/default/p4p/install/tm_description/share/tm_description/xacro/macro.materials.xacro
[2.375s] -- Installing: /home/default/p4p/install/tm_description/share/tm_description/xacro/tm5-900.urdf.xacro
[2.375s] -- Installing: /home/default/p4p/install/tm_description/share/tm_description/xacro/macro.tm5-900-nominal.urdf.xacro
[2.376s] -- Installing: /home/default/p4p/install/tm_description/share/tm_description/xacro/tm5-700.urdf.xacro
[2.376s] -- Installing: /home/default/p4p/install/tm_description/share/tm_description/xacro/tm5x-700.urdf.xacro
[2.376s] -- Installing: /home/default/p4p/install/tm_description/share/tm_description/xacro/tm12.urdf.xacro
[2.376s] -- Installing: /home/default/p4p/install/tm_description/share/tm_description/xacro/macro.tm5x-900-nominal.urdf.xacro
[2.377s] -- Installing: /home/default/p4p/install/tm_description/share/tm_description/xacro/tm14x.urdf.xacro
[2.377s] -- Installing: /home/default/p4p/install/tm_description/share/tm_description/xacro/tm12x.urdf.xacro
[2.377s] -- Installing: /home/default/p4p/install/tm_description/share/tm_description/xacro/tm5x-900.urdf.xacro
[2.377s] -- Installing: /home/default/p4p/install/tm_description/share/tm_description/xacro/macro.tm14x-nominal.urdf.xacro
[2.378s] -- Installing: /home/default/p4p/install/tm_description/share/tm_description/xacro/macro.tm12x-nominal.urdf.xacro
[2.379s] -- Installing: /home/default/p4p/install/tm_description/share/tm_description/xacro/macro.tm5x-700-nominal.urdf.xacro
[2.379s] -- Installing: /home/default/p4p/install/tm_description/share/tm_description/xacro/macro.gazebo.xacro
[2.387s] Invoked command in '/home/default/p4p/build/tm_description' returned '0': CMAKE_PREFIX_PATH=/opt/ros/humble /usr/bin/cmake --install /home/default/p4p/build/tm_description
