[0.108s] Invoking command in '/home/jetson/p4p/build/demo': AMENT_PREFIX_PATH=/home/jetson/p4p/install/tm_msgs:${AMENT_PREFIX_PATH} CMAKE_PREFIX_PATH=/home/jetson/p4p/install/tm_msgs:/opt/ros/foxy LD_LIBRARY_PATH=/home/jetson/p4p/install/tm_msgs/lib:${LD_LIBRARY_PATH} PYTHONPATH=/home/jetson/p4p/install/tm_msgs/lib/python3.8/site-packages:${PYTHONPATH} /usr/bin/cmake /home/jetson/p4p/tmr_ros2/demo -DCMAKE_INSTALL_PREFIX=/home/jetson/p4p/install/demo
[0.403s] -- The C compiler identification is GNU 9.4.0
[0.694s] -- The CXX compiler identification is GNU 9.4.0
[0.719s] -- Check for working C compiler: /usr/bin/cc
[1.055s] -- Check for working C compiler: /usr/bin/cc -- works
[1.059s] -- Detecting C compiler ABI info
[1.404s] -- Detecting C compiler ABI info - done
[1.462s] -- Detecting C compile features
[1.463s] -- Detecting C compile features - done
[1.478s] -- Check for working CXX compiler: /usr/bin/c++
[1.864s] -- Check for working CXX compiler: /usr/bin/c++ -- works
[1.869s] -- Detecting CXX compiler ABI info
[2.264s] -- Detecting CXX compiler ABI info - done
[2.324s] -- Detecting CXX compile features
[2.328s] -- Detecting CXX compile features - done
[2.340s] -- Found ament_cmake: 0.9.12 (/opt/ros/foxy/share/ament_cmake/cmake)
[2.449s] -- Found PythonInterp: /usr/bin/python3 (found suitable version "3.8.10", minimum required is "3") 
[2.449s] -- Using PYTHON_EXECUTABLE: /usr/bin/python3
[3.353s] -- Found rclcpp: 2.4.3 (/opt/ros/foxy/share/rclcpp/cmake)
[3.562s] -- Using all available rosidl_typesupport_c: rosidl_typesupport_fastrtps_c;rosidl_typesupport_introspection_c
[3.594s] -- Found rosidl_adapter: 1.3.1 (/opt/ros/foxy/share/rosidl_adapter/cmake)
[3.996s] -- Found OpenSSL: /usr/lib/aarch64-linux-gnu/libcrypto.so (found version "1.1.1f")  
[4.126s] -- Found FastRTPS: /opt/ros/foxy/include  
[4.504s] -- Using all available rosidl_typesupport_cpp: rosidl_typesupport_fastrtps_cpp;rosidl_typesupport_introspection_cpp
[4.794s] -- Found rmw_implementation_cmake: 1.0.4 (/opt/ros/foxy/share/rmw_implementation_cmake/cmake)
[4.794s] -- Using RMW implementation 'rmw_fastrtps_cpp' as default
[4.798s] -- Looking for pthread.h
[5.148s] -- Looking for pthread.h - found
[5.150s] -- Performing Test CMAKE_HAVE_LIBC_PTHREAD
[5.517s] -- Performing Test CMAKE_HAVE_LIBC_PTHREAD - Failed
[5.519s] -- Looking for pthread_create in pthreads
[5.819s] -- Looking for pthread_create in pthreads - not found
[5.821s] -- Looking for pthread_create in pthread
[6.168s] -- Looking for pthread_create in pthread - found
[6.177s] -- Found Threads: TRUE  
[6.828s] -- Found sensor_msgs: 2.0.5 (/opt/ros/foxy/share/sensor_msgs/cmake)
[7.269s] -- Found tm_msgs: 1.1.2 (/home/jetson/p4p/install/tm_msgs/share/tm_msgs/cmake)
[7.399s] -- Found ament_lint_auto: 0.9.8 (/opt/ros/foxy/share/ament_lint_auto/cmake)
[7.808s] -- Added test 'copyright' to check source files copyright and LICENSE
[7.816s] -- Added test 'cppcheck' to perform static code analysis on C / C++ code
[7.822s] -- Configured cppcheck include dirs: /home/jetson/p4p/tmr_ros2/demo/include
[7.822s] -- Configured cppcheck exclude dirs and/or files: 
[7.828s] -- Added test 'cpplint' to check C / C++ code against the Google style
[7.828s] -- Configured cpplint exclude dirs and/or files: 
[7.832s] -- Added test 'lint_cmake' to check CMake code style
[7.844s] -- Added test 'uncrustify' to check C / C++ code style
[7.844s] -- Configured uncrustify additional arguments: 
[7.845s] -- Added test 'xmllint' to check XML markup files
[7.864s] -- Configuring done
[8.265s] -- Generating done
[8.278s] -- Build files have been written to: /home/jetson/p4p/build/demo
[8.324s] Invoked command in '/home/jetson/p4p/build/demo' returned '0': AMENT_PREFIX_PATH=/home/jetson/p4p/install/tm_msgs:${AMENT_PREFIX_PATH} CMAKE_PREFIX_PATH=/home/jetson/p4p/install/tm_msgs:/opt/ros/foxy LD_LIBRARY_PATH=/home/jetson/p4p/install/tm_msgs/lib:${LD_LIBRARY_PATH} PYTHONPATH=/home/jetson/p4p/install/tm_msgs/lib/python3.8/site-packages:${PYTHONPATH} /usr/bin/cmake /home/jetson/p4p/tmr_ros2/demo -DCMAKE_INSTALL_PREFIX=/home/jetson/p4p/install/demo
[8.326s] Invoking command in '/home/jetson/p4p/build/demo': AMENT_PREFIX_PATH=/home/jetson/p4p/install/tm_msgs:${AMENT_PREFIX_PATH} CMAKE_PREFIX_PATH=/home/jetson/p4p/install/tm_msgs:/opt/ros/foxy LD_LIBRARY_PATH=/home/jetson/p4p/install/tm_msgs/lib:${LD_LIBRARY_PATH} PYTHONPATH=/home/jetson/p4p/install/tm_msgs/lib/python3.8/site-packages:${PYTHONPATH} /usr/bin/cmake --build /home/jetson/p4p/build/demo -- -j4 -l4
[8.523s] [35m[1mScanning dependencies of target demo_get_svr_response[0m
[8.745s] [  3%] [32mBuilding CXX object CMakeFiles/demo_get_svr_response.dir/get_status_demo_src/demo_get_svr_response.cpp.o[0m
[12.744s] [35m[1mScanning dependencies of target demo_set_positions[0m
[13.087s] [35m[1mScanning dependencies of target demo_get_sta_response[0m
[13.117s] [  7%] [32mBuilding CXX object CMakeFiles/demo_set_positions.dir/src/demo_set_positions.cpp.o[0m
[13.577s] [ 10%] [32mBuilding CXX object CMakeFiles/demo_get_sta_response.dir/get_status_demo_src/demo_get_sta_response.cpp.o[0m
[14.573s] [35m[1mScanning dependencies of target demo_ask_item[0m
[15.228s] [ 14%] [32mBuilding CXX object CMakeFiles/demo_ask_item.dir/src/demo_ask_item.cpp.o[0m
[36.980s] [ 17%] [32m[1mLinking CXX executable demo_set_positions[0m
[38.243s] [ 17%] Built target demo_set_positions
[39.227s] [ 21%] [32m[1mLinking CXX executable demo_ask_item[0m
[40.432s] [ 21%] Built target demo_ask_item
[44.457s] [ 25%] [32m[1mLinking CXX executable demo_get_svr_response[0m
[46.047s] [ 25%] Built target demo_get_svr_response
[49.247s] [ 28%] [32m[1mLinking CXX executable demo_get_sta_response[0m
[50.421s] [ 28%] Built target demo_get_sta_response
[50.471s] [35m[1mScanning dependencies of target demo_ask_sta[0m
[50.760s] [ 32%] [32mBuilding CXX object CMakeFiles/demo_ask_sta.dir/src/demo_ask_sta.cpp.o[0m
[61.045s] [ 35%] [32m[1mLinking CXX executable demo_ask_sta[0m
[61.613s] [ 35%] Built target demo_ask_sta
[61.665s] [35m[1mScanning dependencies of target demo_set_event[0m
[61.913s] [ 39%] [32mBuilding CXX object CMakeFiles/demo_set_event.dir/src/demo_set_event.cpp.o[0m
[72.151s] [ 42%] [32m[1mLinking CXX executable demo_set_event[0m
[72.748s] [ 42%] Built target demo_set_event
[72.797s] [35m[1mScanning dependencies of target demo_connect_tm[0m
[73.011s] [ 46%] [32mBuilding CXX object CMakeFiles/demo_connect_tm.dir/src/demo_connect_tm.cpp.o[0m
[83.734s] [ 50%] [32m[1mLinking CXX executable demo_connect_tm[0m
[84.310s] [ 50%] Built target demo_connect_tm
[84.364s] [35m[1mScanning dependencies of target demo_get_feedback[0m
[84.595s] [ 53%] [32mBuilding CXX object CMakeFiles/demo_get_feedback.dir/get_status_demo_src/demo_get_feedback.cpp.o[0m
[103.859s] [ 57%] [32m[1mLinking CXX executable demo_get_feedback[0m
[104.871s] [ 57%] Built target demo_get_feedback
[104.928s] [35m[1mScanning dependencies of target demo_leave_listen_node[0m
[105.182s] [ 60%] [32mBuilding CXX object CMakeFiles/demo_leave_listen_node.dir/src/demo_leave_listen_node.cpp.o[0m
[114.646s] [ 64%] [32m[1mLinking CXX executable demo_leave_listen_node[0m
[115.162s] [ 64%] Built target demo_leave_listen_node
[115.207s] [35m[1mScanning dependencies of target demo_write_item[0m
[115.413s] [ 67%] [32mBuilding CXX object CMakeFiles/demo_write_item.dir/src/demo_write_item.cpp.o[0m
[122.414s] [35m[1mScanning dependencies of target demo_get_sct_response[0m
[122.640s] [ 71%] [32mBuilding CXX object CMakeFiles/demo_get_sct_response.dir/get_status_demo_src/demo_get_sct_response.cpp.o[0m
[123.631s] [35m[1mScanning dependencies of target demo_send_script[0m
[123.912s] [ 75%] [32mBuilding CXX object CMakeFiles/demo_send_script.dir/src/demo_send_script.cpp.o[0m
[124.948s] [ 78%] [32m[1mLinking CXX executable demo_write_item[0m
[124.956s] [35m[1mScanning dependencies of target demo_set_io[0m
[125.503s] [ 82%] [32mBuilding CXX object CMakeFiles/demo_set_io.dir/src/demo_set_io.cpp.o[0m
[125.719s] [ 82%] Built target demo_write_item
[125.856s] [35m[1mScanning dependencies of target demo_get_torque_feedback[0m
[126.227s] [ 85%] [32mBuilding CXX object CMakeFiles/demo_get_torque_feedback.dir/get_status_demo_src/demo_get_torque_feedback.cpp.o[0m
[135.282s] [ 89%] [32m[1mLinking CXX executable demo_send_script[0m
[135.902s] [ 89%] Built target demo_send_script
[136.141s] [ 92%] [32m[1mLinking CXX executable demo_set_io[0m
[136.714s] [ 92%] Built target demo_set_io
[142.211s] [ 96%] [32m[1mLinking CXX executable demo_get_sct_response[0m
[143.093s] [ 96%] Built target demo_get_sct_response
[145.466s] [100%] [32m[1mLinking CXX executable demo_get_torque_feedback[0m
[146.342s] [100%] Built target demo_get_torque_feedback
[146.395s] Invoked command in '/home/jetson/p4p/build/demo' returned '0': AMENT_PREFIX_PATH=/home/jetson/p4p/install/tm_msgs:${AMENT_PREFIX_PATH} CMAKE_PREFIX_PATH=/home/jetson/p4p/install/tm_msgs:/opt/ros/foxy LD_LIBRARY_PATH=/home/jetson/p4p/install/tm_msgs/lib:${LD_LIBRARY_PATH} PYTHONPATH=/home/jetson/p4p/install/tm_msgs/lib/python3.8/site-packages:${PYTHONPATH} /usr/bin/cmake --build /home/jetson/p4p/build/demo -- -j4 -l4
[146.667s] Invoking command in '/home/jetson/p4p/build/demo': AMENT_PREFIX_PATH=/home/jetson/p4p/install/tm_msgs:${AMENT_PREFIX_PATH} CMAKE_PREFIX_PATH=/home/jetson/p4p/install/tm_msgs:/opt/ros/foxy LD_LIBRARY_PATH=/home/jetson/p4p/install/tm_msgs/lib:${LD_LIBRARY_PATH} PYTHONPATH=/home/jetson/p4p/install/tm_msgs/lib/python3.8/site-packages:${PYTHONPATH} /usr/bin/cmake --install /home/jetson/p4p/build/demo
[146.704s] -- Install configuration: ""
[146.704s] -- Installing: /home/jetson/p4p/install/demo/lib/demo/demo_send_script
[146.710s] -- Set runtime path of "/home/jetson/p4p/install/demo/lib/demo/demo_send_script" to ""
[146.711s] -- Installing: /home/jetson/p4p/install/demo/lib/demo/demo_ask_sta
[146.716s] -- Set runtime path of "/home/jetson/p4p/install/demo/lib/demo/demo_ask_sta" to ""
[146.716s] -- Installing: /home/jetson/p4p/install/demo/lib/demo/demo_connect_tm
[146.721s] -- Set runtime path of "/home/jetson/p4p/install/demo/lib/demo/demo_connect_tm" to ""
[146.722s] -- Installing: /home/jetson/p4p/install/demo/lib/demo/demo_set_event
[146.727s] -- Set runtime path of "/home/jetson/p4p/install/demo/lib/demo/demo_set_event" to ""
[146.728s] -- Installing: /home/jetson/p4p/install/demo/lib/demo/demo_set_io
[146.733s] -- Set runtime path of "/home/jetson/p4p/install/demo/lib/demo/demo_set_io" to ""
[146.733s] -- Installing: /home/jetson/p4p/install/demo/lib/demo/demo_set_positions
[146.739s] -- Set runtime path of "/home/jetson/p4p/install/demo/lib/demo/demo_set_positions" to ""
[146.739s] -- Installing: /home/jetson/p4p/install/demo/lib/demo/demo_write_item
[146.744s] -- Set runtime path of "/home/jetson/p4p/install/demo/lib/demo/demo_write_item" to ""
[146.745s] -- Installing: /home/jetson/p4p/install/demo/lib/demo/demo_ask_item
[146.750s] -- Set runtime path of "/home/jetson/p4p/install/demo/lib/demo/demo_ask_item" to ""
[146.750s] -- Installing: /home/jetson/p4p/install/demo/lib/demo/demo_get_feedback
[146.765s] -- Set runtime path of "/home/jetson/p4p/install/demo/lib/demo/demo_get_feedback" to ""
[146.766s] -- Installing: /home/jetson/p4p/install/demo/lib/demo/demo_get_torque_feedback
[146.782s] -- Set runtime path of "/home/jetson/p4p/install/demo/lib/demo/demo_get_torque_feedback" to ""
[146.783s] -- Installing: /home/jetson/p4p/install/demo/lib/demo/demo_get_sct_response
[146.797s] -- Set runtime path of "/home/jetson/p4p/install/demo/lib/demo/demo_get_sct_response" to ""
[146.797s] -- Installing: /home/jetson/p4p/install/demo/lib/demo/demo_get_sta_response
[146.811s] -- Set runtime path of "/home/jetson/p4p/install/demo/lib/demo/demo_get_sta_response" to ""
[146.812s] -- Installing: /home/jetson/p4p/install/demo/lib/demo/demo_get_svr_response
[146.826s] -- Set runtime path of "/home/jetson/p4p/install/demo/lib/demo/demo_get_svr_response" to ""
[146.826s] -- Installing: /home/jetson/p4p/install/demo/lib/demo/demo_leave_listen_node
[146.831s] -- Set runtime path of "/home/jetson/p4p/install/demo/lib/demo/demo_leave_listen_node" to ""
[146.832s] -- Installing: /home/jetson/p4p/install/demo/share/ament_index/resource_index/package_run_dependencies/demo
[146.833s] -- Installing: /home/jetson/p4p/install/demo/share/ament_index/resource_index/parent_prefix_path/demo
[146.834s] -- Installing: /home/jetson/p4p/install/demo/share/demo/environment/ament_prefix_path.sh
[146.835s] -- Installing: /home/jetson/p4p/install/demo/share/demo/environment/ament_prefix_path.dsv
[146.836s] -- Installing: /home/jetson/p4p/install/demo/share/demo/environment/path.sh
[146.837s] -- Installing: /home/jetson/p4p/install/demo/share/demo/environment/path.dsv
[146.837s] -- Installing: /home/jetson/p4p/install/demo/share/demo/local_setup.bash
[146.838s] -- Installing: /home/jetson/p4p/install/demo/share/demo/local_setup.sh
[146.839s] -- Installing: /home/jetson/p4p/install/demo/share/demo/local_setup.zsh
[146.839s] -- Installing: /home/jetson/p4p/install/demo/share/demo/local_setup.dsv
[146.840s] -- Installing: /home/jetson/p4p/install/demo/share/demo/package.dsv
[146.841s] -- Installing: /home/jetson/p4p/install/demo/share/ament_index/resource_index/packages/demo
[146.842s] -- Installing: /home/jetson/p4p/install/demo/share/demo/cmake/demoConfig.cmake
[146.843s] -- Installing: /home/jetson/p4p/install/demo/share/demo/cmake/demoConfig-version.cmake
[146.843s] -- Installing: /home/jetson/p4p/install/demo/share/demo/package.xml
[146.858s] Invoked command in '/home/jetson/p4p/build/demo' returned '0': AMENT_PREFIX_PATH=/home/jetson/p4p/install/tm_msgs:${AMENT_PREFIX_PATH} CMAKE_PREFIX_PATH=/home/jetson/p4p/install/tm_msgs:/opt/ros/foxy LD_LIBRARY_PATH=/home/jetson/p4p/install/tm_msgs/lib:${LD_LIBRARY_PATH} PYTHONPATH=/home/jetson/p4p/install/tm_msgs/lib/python3.8/site-packages:${PYTHONPATH} /usr/bin/cmake --install /home/jetson/p4p/build/demo
