[4.144s] Invoking command in '/home/jetson/p4p/tmr_ros2/tm_mod_urdf': PYTHONPATH=/home/jetson/p4p/build/tm_mod_urdf/prefix_override:/home/jetson/p4p/install/tm_mod_urdf/lib/python3.8/site-packages:${PYTHONPATH} /usr/bin/python3 -W ignore:setup.py install is deprecated setup.py egg_info --egg-base ../../build/tm_mod_urdf build --build-base /home/jetson/p4p/build/tm_mod_urdf/build install --record /home/jetson/p4p/build/tm_mod_urdf/install.log --single-version-externally-managed install_data
[6.622s] running egg_info
[6.627s] writing ../../build/tm_mod_urdf/tm_mod_urdf.egg-info/PKG-INFO
[6.649s] writing dependency_links to ../../build/tm_mod_urdf/tm_mod_urdf.egg-info/dependency_links.txt
[6.657s] writing entry points to ../../build/tm_mod_urdf/tm_mod_urdf.egg-info/entry_points.txt
[6.659s] writing requirements to ../../build/tm_mod_urdf/tm_mod_urdf.egg-info/requires.txt
[6.661s] writing top-level names to ../../build/tm_mod_urdf/tm_mod_urdf.egg-info/top_level.txt
[6.948s] reading manifest file '../../build/tm_mod_urdf/tm_mod_urdf.egg-info/SOURCES.txt'
[6.982s] writing manifest file '../../build/tm_mod_urdf/tm_mod_urdf.egg-info/SOURCES.txt'
[6.988s] running build
[6.993s] running build_py
[6.998s] running install
[7.002s] running install_lib
[7.010s] copying /home/jetson/p4p/build/tm_mod_urdf/build/lib/tm_mod_urdf/modify_urdf.py -> /home/jetson/p4p/install/tm_mod_urdf/lib/python3.8/site-packages/tm_mod_urdf
[7.015s] byte-compiling /home/jetson/p4p/install/tm_mod_urdf/lib/python3.8/site-packages/tm_mod_urdf/modify_urdf.py to modify_urdf.cpython-38.pyc
[7.030s] running install_data
[7.034s] running install_egg_info
[7.042s] removing '/home/jetson/p4p/install/tm_mod_urdf/lib/python3.8/site-packages/tm_mod_urdf-1.1.2-py3.8.egg-info' (and everything under it)
[7.045s] Copying ../../build/tm_mod_urdf/tm_mod_urdf.egg-info to /home/jetson/p4p/install/tm_mod_urdf/lib/python3.8/site-packages/tm_mod_urdf-1.1.2-py3.8.egg-info
[7.051s] running install_scripts
[7.142s] Installing modify_urdf script to /home/jetson/p4p/install/tm_mod_urdf/lib/tm_mod_urdf
[7.143s] Installing modify_xacro script to /home/jetson/p4p/install/tm_mod_urdf/lib/tm_mod_urdf
[7.158s] writing list of installed files to '/home/jetson/p4p/build/tm_mod_urdf/install.log'
[7.295s] Invoked command in '/home/jetson/p4p/tmr_ros2/tm_mod_urdf' returned '0': PYTHONPATH=/home/jetson/p4p/build/tm_mod_urdf/prefix_override:/home/jetson/p4p/install/tm_mod_urdf/lib/python3.8/site-packages:${PYTHONPATH} /usr/bin/python3 -W ignore:setup.py install is deprecated setup.py egg_info --egg-base ../../build/tm_mod_urdf build --build-base /home/jetson/p4p/build/tm_mod_urdf/build install --record /home/jetson/p4p/build/tm_mod_urdf/install.log --single-version-externally-managed install_data
