-- Install configuration: ""
-- Up-to-date: /home/default/p4p/install/urdf_tm/share/urdf_tm/launch
-- Up-to-date: /home/default/p4p/install/urdf_tm/share/urdf_tm/launch/display.launch.py
-- Up-to-date: /home/default/p4p/install/urdf_tm/share/urdf_tm/urdf
-- Up-to-date: /home/default/p4p/install/urdf_tm/share/urdf_tm/urdf/tm5-base_c.stl
-- Up-to-date: /home/default/p4p/install/urdf_tm/share/urdf_tm/urdf/tm5-900_arm2_c.stl
-- Up-to-date: /home/default/p4p/install/urdf_tm/share/urdf_tm/urdf/tmr_400w_01.obj
-- Up-to-date: /home/default/p4p/install/urdf_tm/share/urdf_tm/urdf/tmr_100w_02.stl
-- Up-to-date: /home/default/p4p/install/urdf_tm/share/urdf_tm/urdf/tm5-900_arm1_c.stl
-- Up-to-date: /home/default/p4p/install/urdf_tm/share/urdf_tm/urdf/tmr_100w_01.stl
-- Up-to-date: /home/default/p4p/install/urdf_tm/share/urdf_tm/urdf/tm5-base.obj
-- Up-to-date: /home/default/p4p/install/urdf_tm/share/urdf_tm/urdf/tmr_ee_c.stl
-- Up-to-date: /home/default/p4p/install/urdf_tm/share/urdf_tm/urdf/model.urdf
-- Up-to-date: /home/default/p4p/install/urdf_tm/share/urdf_tm/urdf/tm5-900_arm2.obj
-- Up-to-date: /home/default/p4p/install/urdf_tm/share/urdf_tm/urdf/tmr_400w_01_c.stl
-- Up-to-date: /home/default/p4p/install/urdf_tm/share/urdf_tm/urdf/tmr_ee.obj
-- Up-to-date: /home/default/p4p/install/urdf_tm/share/urdf_tm/urdf/tmr_100w_01.obj
-- Up-to-date: /home/default/p4p/install/urdf_tm/share/urdf_tm/urdf/tmr_100w_02.obj
-- Up-to-date: /home/default/p4p/install/urdf_tm/share/urdf_tm/urdf/tm5-900_arm1.obj
-- Up-to-date: /home/default/p4p/install/urdf_tm/share/ament_index/resource_index/package_run_dependencies/urdf_tm
-- Up-to-date: /home/default/p4p/install/urdf_tm/share/ament_index/resource_index/parent_prefix_path/urdf_tm
-- Up-to-date: /home/default/p4p/install/urdf_tm/share/urdf_tm/environment/ament_prefix_path.sh
-- Up-to-date: /home/default/p4p/install/urdf_tm/share/urdf_tm/environment/ament_prefix_path.dsv
-- Up-to-date: /home/default/p4p/install/urdf_tm/share/urdf_tm/environment/path.sh
-- Up-to-date: /home/default/p4p/install/urdf_tm/share/urdf_tm/environment/path.dsv
-- Up-to-date: /home/default/p4p/install/urdf_tm/share/urdf_tm/local_setup.bash
-- Up-to-date: /home/default/p4p/install/urdf_tm/share/urdf_tm/local_setup.sh
-- Up-to-date: /home/default/p4p/install/urdf_tm/share/urdf_tm/local_setup.zsh
-- Up-to-date: /home/default/p4p/install/urdf_tm/share/urdf_tm/local_setup.dsv
-- Installing: /home/default/p4p/install/urdf_tm/share/urdf_tm/package.dsv
-- Up-to-date: /home/default/p4p/install/urdf_tm/share/ament_index/resource_index/packages/urdf_tm
-- Up-to-date: /home/default/p4p/install/urdf_tm/share/urdf_tm/cmake/urdf_tmConfig.cmake
-- Up-to-date: /home/default/p4p/install/urdf_tm/share/urdf_tm/cmake/urdf_tmConfig-version.cmake
-- Up-to-date: /home/default/p4p/install/urdf_tm/share/urdf_tm/package.xml
