[0.180s] Invoking command in '/home/jetson/p4p/build/techman_robot_msgs': CMAKE_PREFIX_PATH=/opt/ros/foxy /usr/bin/cmake --build /home/jetson/p4p/build/techman_robot_msgs -- -j4 -l4
[1.384s] -- Found ament_cmake: 0.9.12 (/opt/ros/foxy/share/ament_cmake/cmake)
[1.385s] -- Found PythonInterp: /usr/bin/python3 (found suitable version "3.8.10", minimum required is "3") 
[1.385s] -- Using PYTHON_EXECUTABLE: /usr/bin/python3
[1.386s] -- Found rosidl_default_generators: 1.0.1 (/opt/ros/foxy/share/rosidl_default_generators/cmake)
[1.386s] -- Using all available rosidl_typesupport_c: rosidl_typesupport_fastrtps_c;rosidl_typesupport_introspection_c
[1.386s] -- Found rosidl_adapter: 1.3.1 (/opt/ros/foxy/share/rosidl_adapter/cmake)
[2.046s] -- Using all available rosidl_typesupport_cpp: rosidl_typesupport_fastrtps_cpp;rosidl_typesupport_introspection_cpp
[2.182s] -- Found action_msgs: 1.0.0 (/opt/ros/foxy/share/action_msgs/cmake)
[2.453s] -- Found std_msgs: 2.0.5 (/opt/ros/foxy/share/std_msgs/cmake)
[2.541s] -- Found geometry_msgs: 2.0.5 (/opt/ros/foxy/share/geometry_msgs/cmake)
[2.808s] -- Found PythonInterp: /usr/bin/python3 (found version "3.8.10") 
[3.379s] -- Found ament_cmake_ros: 0.9.2 (/opt/ros/foxy/share/ament_cmake_ros/cmake)
[3.872s] -- Using all available rosidl_typesupport_c: rosidl_typesupport_fastrtps_c;rosidl_typesupport_introspection_c
[3.922s] -- Using all available rosidl_typesupport_cpp: rosidl_typesupport_fastrtps_cpp;rosidl_typesupport_introspection_cpp
[4.024s] -- Found PythonInterp: /usr/bin/python3 (found suitable version "3.8.10", minimum required is "3.5") 
[4.025s] -- Found python_cmake_module: 0.8.1 (/opt/ros/foxy/share/python_cmake_module/cmake)
[4.127s] -- Using PYTHON_EXECUTABLE: /usr/bin/python3
[4.128s] -- Using PYTHON_INCLUDE_DIRS: /usr/include/python3.8
[4.128s] -- Using PYTHON_LIBRARIES: /usr/lib/aarch64-linux-gnu/libpython3.8.so
[4.247s] -- Configuring done
[4.460s] -- Generating done
[4.478s] -- Build files have been written to: /home/jetson/p4p/build/techman_robot_msgs
[4.596s] [35m[1mScanning dependencies of target techman_robot_msgs__cpp[0m
[4.648s] [35m[1mScanning dependencies of target techman_robot_msgs__rosidl_generator_c[0m
[4.709s] [  3%] [32mBuilding C object CMakeFiles/techman_robot_msgs__rosidl_generator_c.dir/rosidl_generator_c/techman_robot_msgs/srv/detail/techman_robot_command__functions.c.o[0m
[4.804s] [  6%] Built target techman_robot_msgs__cpp
[4.928s] [35m[1mScanning dependencies of target techman_robot_msgs__rosidl_typesupport_introspection_cpp[0m
[4.942s] [35m[1mScanning dependencies of target techman_robot_msgs__rosidl_typesupport_fastrtps_cpp[0m
[4.984s] [35m[1mScanning dependencies of target techman_robot_msgs__rosidl_typesupport_cpp[0m
[5.079s] [  9%] [32mBuilding CXX object CMakeFiles/techman_robot_msgs__rosidl_typesupport_introspection_cpp.dir/rosidl_typesupport_introspection_cpp/techman_robot_msgs/srv/detail/techman_robot_command__type_support.cpp.o[0m
[5.131s] [ 12%] [32mBuilding CXX object CMakeFiles/techman_robot_msgs__rosidl_typesupport_cpp.dir/rosidl_typesupport_cpp/techman_robot_msgs/srv/techman_robot_command__type_support.cpp.o[0m
[5.154s] [ 16%] [32mBuilding CXX object CMakeFiles/techman_robot_msgs__rosidl_typesupport_fastrtps_cpp.dir/rosidl_typesupport_fastrtps_cpp/techman_robot_msgs/srv/detail/dds_fastrtps/techman_robot_command__type_support.cpp.o[0m
[5.208s] [ 19%] [32m[1mLinking C shared library libtechman_robot_msgs__rosidl_generator_c.so[0m
[5.382s] [ 22%] Built target techman_robot_msgs__rosidl_generator_c
[5.537s] [35m[1mScanning dependencies of target techman_robot_msgs__rosidl_typesupport_c[0m
[5.649s] [ 25%] [32mBuilding CXX object CMakeFiles/techman_robot_msgs__rosidl_typesupport_c.dir/rosidl_typesupport_c/techman_robot_msgs/srv/techman_robot_command__type_support.cpp.o[0m
[6.086s] [ 29%] [32m[1mLinking CXX shared library libtechman_robot_msgs__rosidl_typesupport_c.so[0m
[6.488s] [ 32%] Built target techman_robot_msgs__rosidl_typesupport_c
[6.678s] [35m[1mScanning dependencies of target techman_robot_msgs__rosidl_typesupport_introspection_c[0m
[6.855s] [ 35%] [32mBuilding C object CMakeFiles/techman_robot_msgs__rosidl_typesupport_introspection_c.dir/rosidl_typesupport_introspection_c/techman_robot_msgs/srv/detail/techman_robot_command__type_support.c.o[0m
[7.444s] [ 38%] [32m[1mLinking CXX shared library libtechman_robot_msgs__rosidl_typesupport_introspection_cpp.so[0m
[7.504s] [ 41%] [32m[1mLinking C shared library libtechman_robot_msgs__rosidl_typesupport_introspection_c.so[0m
[7.964s] [ 45%] Built target techman_robot_msgs__rosidl_typesupport_introspection_c
[8.115s] [ 48%] [32m[1mLinking CXX shared library libtechman_robot_msgs__rosidl_typesupport_cpp.so[0m
[8.403s] [ 51%] Built target techman_robot_msgs__rosidl_typesupport_introspection_cpp
[8.694s] [ 54%] Built target techman_robot_msgs__rosidl_typesupport_cpp
[9.683s] [ 58%] [32m[1mLinking CXX shared library libtechman_robot_msgs__rosidl_typesupport_fastrtps_cpp.so[0m
[10.462s] [ 61%] Built target techman_robot_msgs__rosidl_typesupport_fastrtps_cpp
[10.584s] [35m[1mScanning dependencies of target techman_robot_msgs__rosidl_typesupport_fastrtps_c[0m
[10.775s] [ 64%] [32mBuilding CXX object CMakeFiles/techman_robot_msgs__rosidl_typesupport_fastrtps_c.dir/rosidl_typesupport_fastrtps_c/techman_robot_msgs/srv/detail/techman_robot_command__type_support_c.cpp.o[0m
[14.304s] [ 67%] [32m[1mLinking CXX shared library libtechman_robot_msgs__rosidl_typesupport_fastrtps_c.so[0m
[14.927s] [ 70%] Built target techman_robot_msgs__rosidl_typesupport_fastrtps_c
[15.043s] [35m[1mScanning dependencies of target techman_robot_msgs[0m
[15.202s] [ 70%] Built target techman_robot_msgs
[15.307s] [35m[1mScanning dependencies of target techman_robot_msgs__py[0m
[15.427s] [ 74%] Built target techman_robot_msgs__py
[15.563s] [35m[1mScanning dependencies of target techman_robot_msgs__python[0m
[15.686s] [ 77%] [32mBuilding C object CMakeFiles/techman_robot_msgs__python.dir/rosidl_generator_py/techman_robot_msgs/srv/_techman_robot_command_s.c.o[0m
[16.339s] [ 80%] [32m[1mLinking C shared library rosidl_generator_py/techman_robot_msgs/libtechman_robot_msgs__python.so[0m
[16.557s] [ 80%] Built target techman_robot_msgs__python
[16.637s] [35m[1mScanning dependencies of target techman_robot_msgs__rosidl_typesupport_fastrtps_c__pyext[0m
[16.639s] [35m[1mScanning dependencies of target techman_robot_msgs__rosidl_typesupport_c__pyext[0m
[16.679s] [35m[1mScanning dependencies of target techman_robot_msgs__rosidl_typesupport_introspection_c__pyext[0m
[16.741s] [ 83%] [32mBuilding C object CMakeFiles/techman_robot_msgs__rosidl_typesupport_c__pyext.dir/rosidl_generator_py/techman_robot_msgs/_techman_robot_msgs_s.ep.rosidl_typesupport_c.c.o[0m
[16.803s] [ 87%] [32mBuilding C object CMakeFiles/techman_robot_msgs__rosidl_typesupport_fastrtps_c__pyext.dir/rosidl_generator_py/techman_robot_msgs/_techman_robot_msgs_s.ep.rosidl_typesupport_fastrtps_c.c.o[0m
[16.877s] [ 90%] [32mBuilding C object CMakeFiles/techman_robot_msgs__rosidl_typesupport_introspection_c__pyext.dir/rosidl_generator_py/techman_robot_msgs/_techman_robot_msgs_s.ep.rosidl_typesupport_introspection_c.c.o[0m
[17.585s] [ 93%] [32m[1mLinking C shared library rosidl_generator_py/techman_robot_msgs/techman_robot_msgs_s__rosidl_typesupport_introspection_c.cpython-38-aarch64-linux-gnu.so[0m
[17.628s] [ 96%] [32m[1mLinking CXX shared library rosidl_generator_py/techman_robot_msgs/techman_robot_msgs_s__rosidl_typesupport_fastrtps_c.cpython-38-aarch64-linux-gnu.so[0m
[17.732s] [100%] [32m[1mLinking C shared library rosidl_generator_py/techman_robot_msgs/techman_robot_msgs_s__rosidl_typesupport_c.cpython-38-aarch64-linux-gnu.so[0m
[17.938s] [100%] Built target techman_robot_msgs__rosidl_typesupport_introspection_c__pyext
[17.995s] [100%] Built target techman_robot_msgs__rosidl_typesupport_fastrtps_c__pyext
[18.052s] [100%] Built target techman_robot_msgs__rosidl_typesupport_c__pyext
[18.132s] Invoked command in '/home/jetson/p4p/build/techman_robot_msgs' returned '0': CMAKE_PREFIX_PATH=/opt/ros/foxy /usr/bin/cmake --build /home/jetson/p4p/build/techman_robot_msgs -- -j4 -l4
[18.668s] Invoking command in '/home/jetson/p4p/build/techman_robot_msgs': CMAKE_PREFIX_PATH=/opt/ros/foxy /usr/bin/cmake --install /home/jetson/p4p/build/techman_robot_msgs
[18.762s] -- Install configuration: ""
[18.763s] -- Up-to-date: /home/jetson/p4p/install/techman_robot_msgs/share/ament_index/resource_index/rosidl_interfaces/techman_robot_msgs
[18.763s] -- Up-to-date: /home/jetson/p4p/install/techman_robot_msgs/include/techman_robot_msgs
[18.763s] -- Up-to-date: /home/jetson/p4p/install/techman_robot_msgs/include/techman_robot_msgs/srv
[18.764s] -- Up-to-date: /home/jetson/p4p/install/techman_robot_msgs/include/techman_robot_msgs/srv/techman_robot_command.h
[18.774s] -- Up-to-date: /home/jetson/p4p/install/techman_robot_msgs/include/techman_robot_msgs/srv/detail
[18.774s] -- Up-to-date: /home/jetson/p4p/install/techman_robot_msgs/include/techman_robot_msgs/srv/detail/techman_robot_command__functions.h
[18.775s] -- Installing: /home/jetson/p4p/install/techman_robot_msgs/include/techman_robot_msgs/srv/detail/techman_robot_command__struct.h
[18.775s] -- Installing: /home/jetson/p4p/install/techman_robot_msgs/include/techman_robot_msgs/srv/detail/techman_robot_command__functions.c
[18.776s] -- Up-to-date: /home/jetson/p4p/install/techman_robot_msgs/include/techman_robot_msgs/srv/detail/techman_robot_command__type_support.h
[18.776s] -- Up-to-date: /home/jetson/p4p/install/techman_robot_msgs/include/techman_robot_msgs/msg
[18.777s] -- Up-to-date: /home/jetson/p4p/install/techman_robot_msgs/include/techman_robot_msgs/msg/rosidl_generator_c__visibility_control.h
[18.778s] -- Up-to-date: /home/jetson/p4p/install/techman_robot_msgs/share/techman_robot_msgs/environment/library_path.sh
[18.779s] -- Installing: /home/jetson/p4p/install/techman_robot_msgs/share/techman_robot_msgs/environment/library_path.dsv
[18.783s] -- Installing: /home/jetson/p4p/install/techman_robot_msgs/lib/libtechman_robot_msgs__rosidl_generator_c.so
[18.785s] -- Set runtime path of "/home/jetson/p4p/install/techman_robot_msgs/lib/libtechman_robot_msgs__rosidl_generator_c.so" to ""
[18.786s] -- Up-to-date: /home/jetson/p4p/install/techman_robot_msgs/include/techman_robot_msgs
[18.786s] -- Up-to-date: /home/jetson/p4p/install/techman_robot_msgs/include/techman_robot_msgs/srv
[18.787s] -- Up-to-date: /home/jetson/p4p/install/techman_robot_msgs/include/techman_robot_msgs/srv/detail
[18.787s] -- Installing: /home/jetson/p4p/install/techman_robot_msgs/include/techman_robot_msgs/srv/detail/techman_robot_command__rosidl_typesupport_fastrtps_c.h
[18.788s] -- Up-to-date: /home/jetson/p4p/install/techman_robot_msgs/include/techman_robot_msgs/msg
[18.788s] -- Up-to-date: /home/jetson/p4p/install/techman_robot_msgs/include/techman_robot_msgs/msg/rosidl_typesupport_fastrtps_c__visibility_control.h
[18.789s] -- Installing: /home/jetson/p4p/install/techman_robot_msgs/lib/libtechman_robot_msgs__rosidl_typesupport_fastrtps_c.so
[18.806s] -- Set runtime path of "/home/jetson/p4p/install/techman_robot_msgs/lib/libtechman_robot_msgs__rosidl_typesupport_fastrtps_c.so" to ""
[18.807s] -- Up-to-date: /home/jetson/p4p/install/techman_robot_msgs/include/techman_robot_msgs
[18.807s] -- Up-to-date: /home/jetson/p4p/install/techman_robot_msgs/include/techman_robot_msgs/srv
[18.807s] -- Up-to-date: /home/jetson/p4p/install/techman_robot_msgs/include/techman_robot_msgs/srv/detail
[18.808s] -- Installing: /home/jetson/p4p/install/techman_robot_msgs/include/techman_robot_msgs/srv/detail/techman_robot_command__rosidl_typesupport_fastrtps_cpp.hpp
[18.808s] -- Up-to-date: /home/jetson/p4p/install/techman_robot_msgs/include/techman_robot_msgs/srv/detail/dds_fastrtps
[18.808s] -- Up-to-date: /home/jetson/p4p/install/techman_robot_msgs/include/techman_robot_msgs/msg
[18.809s] -- Up-to-date: /home/jetson/p4p/install/techman_robot_msgs/include/techman_robot_msgs/msg/rosidl_typesupport_fastrtps_cpp__visibility_control.h
[18.809s] -- Installing: /home/jetson/p4p/install/techman_robot_msgs/lib/libtechman_robot_msgs__rosidl_typesupport_fastrtps_cpp.so
[18.825s] -- Set runtime path of "/home/jetson/p4p/install/techman_robot_msgs/lib/libtechman_robot_msgs__rosidl_typesupport_fastrtps_cpp.so" to ""
[18.827s] -- Up-to-date: /home/jetson/p4p/install/techman_robot_msgs/include/techman_robot_msgs
[18.827s] -- Up-to-date: /home/jetson/p4p/install/techman_robot_msgs/include/techman_robot_msgs/srv
[18.828s] -- Up-to-date: /home/jetson/p4p/install/techman_robot_msgs/include/techman_robot_msgs/srv/detail
[18.828s] -- Installing: /home/jetson/p4p/install/techman_robot_msgs/include/techman_robot_msgs/srv/detail/techman_robot_command__type_support.c
[18.828s] -- Up-to-date: /home/jetson/p4p/install/techman_robot_msgs/include/techman_robot_msgs/srv/detail/techman_robot_command__rosidl_typesupport_introspection_c.h
[18.829s] -- Up-to-date: /home/jetson/p4p/install/techman_robot_msgs/include/techman_robot_msgs/msg
[18.829s] -- Up-to-date: /home/jetson/p4p/install/techman_robot_msgs/include/techman_robot_msgs/msg/rosidl_typesupport_introspection_c__visibility_control.h
[18.830s] -- Installing: /home/jetson/p4p/install/techman_robot_msgs/lib/libtechman_robot_msgs__rosidl_typesupport_introspection_c.so
[18.831s] -- Set runtime path of "/home/jetson/p4p/install/techman_robot_msgs/lib/libtechman_robot_msgs__rosidl_typesupport_introspection_c.so" to ""
[18.832s] -- Installing: /home/jetson/p4p/install/techman_robot_msgs/lib/libtechman_robot_msgs__rosidl_typesupport_c.so
[18.835s] -- Set runtime path of "/home/jetson/p4p/install/techman_robot_msgs/lib/libtechman_robot_msgs__rosidl_typesupport_c.so" to ""
[18.835s] -- Up-to-date: /home/jetson/p4p/install/techman_robot_msgs/include/techman_robot_msgs
[18.836s] -- Up-to-date: /home/jetson/p4p/install/techman_robot_msgs/include/techman_robot_msgs/srv
[18.836s] -- Installing: /home/jetson/p4p/install/techman_robot_msgs/include/techman_robot_msgs/srv/techman_robot_command.hpp
[18.837s] -- Up-to-date: /home/jetson/p4p/install/techman_robot_msgs/include/techman_robot_msgs/srv/detail
[18.837s] -- Installing: /home/jetson/p4p/install/techman_robot_msgs/include/techman_robot_msgs/srv/detail/techman_robot_command__traits.hpp
[18.850s] -- Installing: /home/jetson/p4p/install/techman_robot_msgs/include/techman_robot_msgs/srv/detail/techman_robot_command__struct.hpp
[18.850s] -- Installing: /home/jetson/p4p/install/techman_robot_msgs/include/techman_robot_msgs/srv/detail/techman_robot_command__type_support.hpp
[18.851s] -- Installing: /home/jetson/p4p/install/techman_robot_msgs/include/techman_robot_msgs/srv/detail/techman_robot_command__builder.hpp
[18.853s] -- Up-to-date: /home/jetson/p4p/install/techman_robot_msgs/include/techman_robot_msgs/msg
[18.853s] -- Up-to-date: /home/jetson/p4p/install/techman_robot_msgs/include/techman_robot_msgs/msg/rosidl_generator_cpp__visibility_control.hpp
[18.855s] -- Up-to-date: /home/jetson/p4p/install/techman_robot_msgs/include/techman_robot_msgs
[18.855s] -- Up-to-date: /home/jetson/p4p/install/techman_robot_msgs/include/techman_robot_msgs/srv
[18.855s] -- Up-to-date: /home/jetson/p4p/install/techman_robot_msgs/include/techman_robot_msgs/srv/detail
[18.856s] -- Up-to-date: /home/jetson/p4p/install/techman_robot_msgs/include/techman_robot_msgs/srv/detail/techman_robot_command__rosidl_typesupport_introspection_cpp.hpp
[18.856s] -- Installing: /home/jetson/p4p/install/techman_robot_msgs/include/techman_robot_msgs/srv/detail/techman_robot_command__type_support.cpp
[18.857s] -- Installing: /home/jetson/p4p/install/techman_robot_msgs/lib/libtechman_robot_msgs__rosidl_typesupport_introspection_cpp.so
[18.860s] -- Set runtime path of "/home/jetson/p4p/install/techman_robot_msgs/lib/libtechman_robot_msgs__rosidl_typesupport_introspection_cpp.so" to ""
[18.888s] -- Installing: /home/jetson/p4p/install/techman_robot_msgs/lib/libtechman_robot_msgs__rosidl_typesupport_cpp.so
[18.893s] -- Set runtime path of "/home/jetson/p4p/install/techman_robot_msgs/lib/libtechman_robot_msgs__rosidl_typesupport_cpp.so" to ""
[18.893s] -- Up-to-date: /home/jetson/p4p/install/techman_robot_msgs/share/techman_robot_msgs/environment/pythonpath.sh
[18.896s] -- Installing: /home/jetson/p4p/install/techman_robot_msgs/share/techman_robot_msgs/environment/pythonpath.dsv
[18.896s] -- Installing: /home/jetson/p4p/install/techman_robot_msgs/lib/python3.8/site-packages/techman_robot_msgs/__init__.py
[19.141s] Compiling '/home/jetson/p4p/install/techman_robot_msgs/lib/python3.8/site-packages/techman_robot_msgs/__init__.py'...
[19.162s] -- Up-to-date: /home/jetson/p4p/install/techman_robot_msgs/lib/python3.8/site-packages/techman_robot_msgs/srv
[19.163s] -- Up-to-date: /home/jetson/p4p/install/techman_robot_msgs/lib/python3.8/site-packages/techman_robot_msgs/srv/__init__.py
[19.163s] -- Up-to-date: /home/jetson/p4p/install/techman_robot_msgs/lib/python3.8/site-packages/techman_robot_msgs/srv/_techman_robot_command_s.c
[19.163s] -- Installing: /home/jetson/p4p/install/techman_robot_msgs/lib/python3.8/site-packages/techman_robot_msgs/srv/_techman_robot_command.py
[19.166s] -- Installing: /home/jetson/p4p/install/techman_robot_msgs/lib/python3.8/site-packages/techman_robot_msgs/techman_robot_msgs_s__rosidl_typesupport_fastrtps_c.cpython-38-aarch64-linux-gnu.so
[19.169s] -- Set runtime path of "/home/jetson/p4p/install/techman_robot_msgs/lib/python3.8/site-packages/techman_robot_msgs/techman_robot_msgs_s__rosidl_typesupport_fastrtps_c.cpython-38-aarch64-linux-gnu.so" to ""
[19.171s] -- Installing: /home/jetson/p4p/install/techman_robot_msgs/lib/python3.8/site-packages/techman_robot_msgs/techman_robot_msgs_s__rosidl_typesupport_introspection_c.cpython-38-aarch64-linux-gnu.so
[19.175s] -- Set runtime path of "/home/jetson/p4p/install/techman_robot_msgs/lib/python3.8/site-packages/techman_robot_msgs/techman_robot_msgs_s__rosidl_typesupport_introspection_c.cpython-38-aarch64-linux-gnu.so" to ""
[19.176s] -- Installing: /home/jetson/p4p/install/techman_robot_msgs/lib/python3.8/site-packages/techman_robot_msgs/techman_robot_msgs_s__rosidl_typesupport_c.cpython-38-aarch64-linux-gnu.so
[19.184s] -- Set runtime path of "/home/jetson/p4p/install/techman_robot_msgs/lib/python3.8/site-packages/techman_robot_msgs/techman_robot_msgs_s__rosidl_typesupport_c.cpython-38-aarch64-linux-gnu.so" to ""
[19.185s] -- Installing: /home/jetson/p4p/install/techman_robot_msgs/lib/libtechman_robot_msgs__python.so
[19.186s] -- Set runtime path of "/home/jetson/p4p/install/techman_robot_msgs/lib/libtechman_robot_msgs__python.so" to ""
[19.186s] -- Up-to-date: /home/jetson/p4p/install/techman_robot_msgs/share/techman_robot_msgs/srv/TechmanRobotCommand.idl
[19.187s] -- Up-to-date: /home/jetson/p4p/install/techman_robot_msgs/share/techman_robot_msgs/srv/TechmanRobotCommand.srv
[19.187s] -- Up-to-date: /home/jetson/p4p/install/techman_robot_msgs/share/techman_robot_msgs/srv/TechmanRobotCommand_Request.msg
[19.188s] -- Up-to-date: /home/jetson/p4p/install/techman_robot_msgs/share/techman_robot_msgs/srv/TechmanRobotCommand_Response.msg
[19.188s] -- Up-to-date: /home/jetson/p4p/install/techman_robot_msgs/share/ament_index/resource_index/package_run_dependencies/techman_robot_msgs
[19.188s] -- Up-to-date: /home/jetson/p4p/install/techman_robot_msgs/share/ament_index/resource_index/parent_prefix_path/techman_robot_msgs
[19.189s] -- Up-to-date: /home/jetson/p4p/install/techman_robot_msgs/share/techman_robot_msgs/environment/ament_prefix_path.sh
[19.190s] -- Installing: /home/jetson/p4p/install/techman_robot_msgs/share/techman_robot_msgs/environment/ament_prefix_path.dsv
[19.190s] -- Up-to-date: /home/jetson/p4p/install/techman_robot_msgs/share/techman_robot_msgs/environment/path.sh
[19.191s] -- Installing: /home/jetson/p4p/install/techman_robot_msgs/share/techman_robot_msgs/environment/path.dsv
[19.192s] -- Up-to-date: /home/jetson/p4p/install/techman_robot_msgs/share/techman_robot_msgs/local_setup.bash
[19.192s] -- Up-to-date: /home/jetson/p4p/install/techman_robot_msgs/share/techman_robot_msgs/local_setup.sh
[19.195s] -- Up-to-date: /home/jetson/p4p/install/techman_robot_msgs/share/techman_robot_msgs/local_setup.zsh
[19.196s] -- Installing: /home/jetson/p4p/install/techman_robot_msgs/share/techman_robot_msgs/local_setup.dsv
[19.196s] -- Installing: /home/jetson/p4p/install/techman_robot_msgs/share/techman_robot_msgs/package.dsv
[19.196s] -- Up-to-date: /home/jetson/p4p/install/techman_robot_msgs/share/ament_index/resource_index/packages/techman_robot_msgs
[19.197s] -- Up-to-date: /home/jetson/p4p/install/techman_robot_msgs/share/techman_robot_msgs/cmake/techman_robot_msgs__rosidl_generator_cExport.cmake
[19.199s] -- Installing: /home/jetson/p4p/install/techman_robot_msgs/share/techman_robot_msgs/cmake/techman_robot_msgs__rosidl_generator_cExport-noconfig.cmake
[19.200s] -- Up-to-date: /home/jetson/p4p/install/techman_robot_msgs/share/techman_robot_msgs/cmake/techman_robot_msgs__rosidl_typesupport_introspection_cExport.cmake
[19.200s] -- Installing: /home/jetson/p4p/install/techman_robot_msgs/share/techman_robot_msgs/cmake/techman_robot_msgs__rosidl_typesupport_introspection_cExport-noconfig.cmake
[19.200s] -- Up-to-date: /home/jetson/p4p/install/techman_robot_msgs/share/techman_robot_msgs/cmake/techman_robot_msgs__rosidl_typesupport_cExport.cmake
[19.202s] -- Installing: /home/jetson/p4p/install/techman_robot_msgs/share/techman_robot_msgs/cmake/techman_robot_msgs__rosidl_typesupport_cExport-noconfig.cmake
[19.203s] -- Up-to-date: /home/jetson/p4p/install/techman_robot_msgs/share/techman_robot_msgs/cmake/techman_robot_msgs__rosidl_generator_cppExport.cmake
[19.203s] -- Up-to-date: /home/jetson/p4p/install/techman_robot_msgs/share/techman_robot_msgs/cmake/techman_robot_msgs__rosidl_typesupport_introspection_cppExport.cmake
[19.205s] -- Installing: /home/jetson/p4p/install/techman_robot_msgs/share/techman_robot_msgs/cmake/techman_robot_msgs__rosidl_typesupport_introspection_cppExport-noconfig.cmake
[19.207s] -- Up-to-date: /home/jetson/p4p/install/techman_robot_msgs/share/techman_robot_msgs/cmake/techman_robot_msgs__rosidl_typesupport_cppExport.cmake
[19.209s] -- Installing: /home/jetson/p4p/install/techman_robot_msgs/share/techman_robot_msgs/cmake/techman_robot_msgs__rosidl_typesupport_cppExport-noconfig.cmake
[19.209s] -- Up-to-date: /home/jetson/p4p/install/techman_robot_msgs/share/techman_robot_msgs/cmake/rosidl_cmake-extras.cmake
[19.210s] -- Up-to-date: /home/jetson/p4p/install/techman_robot_msgs/share/techman_robot_msgs/cmake/ament_cmake_export_dependencies-extras.cmake
[19.210s] -- Up-to-date: /home/jetson/p4p/install/techman_robot_msgs/share/techman_robot_msgs/cmake/ament_cmake_export_libraries-extras.cmake
[19.210s] -- Up-to-date: /home/jetson/p4p/install/techman_robot_msgs/share/techman_robot_msgs/cmake/ament_cmake_export_targets-extras.cmake
[19.211s] -- Up-to-date: /home/jetson/p4p/install/techman_robot_msgs/share/techman_robot_msgs/cmake/ament_cmake_export_include_directories-extras.cmake
[19.211s] -- Up-to-date: /home/jetson/p4p/install/techman_robot_msgs/share/techman_robot_msgs/cmake/rosidl_cmake_export_typesupport_libraries-extras.cmake
[19.211s] -- Up-to-date: /home/jetson/p4p/install/techman_robot_msgs/share/techman_robot_msgs/cmake/rosidl_cmake_export_typesupport_targets-extras.cmake
[19.218s] -- Up-to-date: /home/jetson/p4p/install/techman_robot_msgs/share/techman_robot_msgs/cmake/techman_robot_msgsConfig.cmake
[19.219s] -- Up-to-date: /home/jetson/p4p/install/techman_robot_msgs/share/techman_robot_msgs/cmake/techman_robot_msgsConfig-version.cmake
[19.219s] -- Up-to-date: /home/jetson/p4p/install/techman_robot_msgs/share/techman_robot_msgs/package.xml
[19.227s] Invoked command in '/home/jetson/p4p/build/techman_robot_msgs' returned '0': CMAKE_PREFIX_PATH=/opt/ros/foxy /usr/bin/cmake --install /home/jetson/p4p/build/techman_robot_msgs
