-- Found ament_cmake: 0.9.12 (/opt/ros/foxy/share/ament_cmake/cmake)
-- Using PYTHON_EXECUTABLE: /usr/bin/python3
-- Found rclcpp: 2.4.3 (/opt/ros/foxy/share/rclcpp/cmake)
-- Using all available rosidl_typesupport_c: rosidl_typesupport_fastrtps_c;rosidl_typesupport_introspection_c
-- Found rosidl_adapter: 1.3.1 (/opt/ros/foxy/share/rosidl_adapter/cmake)
-- Using all available rosidl_typesupport_cpp: rosidl_typesupport_fastrtps_cpp;rosidl_typesupport_introspection_cpp
-- Found rmw_implementation_cmake: 1.0.4 (/opt/ros/foxy/share/rmw_implementation_cmake/cmake)
-- Using RMW implementation 'rmw_fastrtps_cpp' as default
-- Found rclcpp_action: 2.4.3 (/opt/ros/foxy/share/rclcpp_action/cmake)
-- Found ament_index_cpp: 1.1.0 (/opt/ros/foxy/share/ament_index_cpp/cmake)
-- Found tm_msgs: 1.1.2 (/home/jetson/p4p/install/tm_msgs/share/tm_msgs/cmake)
-- Found ament_lint_auto: 0.9.8 (/opt/ros/foxy/share/ament_lint_auto/cmake)
-- Added test 'copyright' to check source files copyright and LICENSE
-- Added test 'cppcheck' to perform static code analysis on C / C++ code
-- Configured cppcheck include dirs: 
-- Configured cppcheck exclude dirs and/or files: 
-- Added test 'cpplint' to check C / C++ code against the Google style
-- Configured cpplint exclude dirs and/or files: 
-- Added test 'flake8' to check Python code syntax and style conventions
-- Added test 'lint_cmake' to check CMake code style
-- Added test 'pep257' to check Python code against some of the style conventions in PEP 257
-- Added test 'uncrustify' to check C / C++ code style
-- Configured uncrustify additional arguments: 
-- Added test 'xmllint' to check XML markup files
-- Configuring done
-- Generating done
-- Build files have been written to: /home/jetson/p4p/build/ui_for_debug_and_demo
[35m[1mScanning dependencies of target robot_ui_autogen[0m
[ 14%] [34m[1mAutomatic MOC and UIC for target robot_ui[0m
[ 14%] Built target robot_ui_autogen
[35m[1mScanning dependencies of target robot_ui[0m
[ 28%] [32mBuilding CXX object CMakeFiles/robot_ui.dir/robot_ui_autogen/mocs_compilation.cpp.o[0m
[ 42%] [32mBuilding CXX object CMakeFiles/robot_ui.dir/src/ros_page.cpp.o[0m
[ 57%] [32mBuilding CXX object CMakeFiles/robot_ui.dir/src/tm_ros_driver_windows.cpp.o[0m
[ 71%] [32mBuilding CXX object CMakeFiles/robot_ui.dir/src/main.cpp.o[0m
[ 85%] [32m[1mLinking CXX executable robot_ui[0m
[100%] Built target robot_ui
-- Install configuration: ""
-- Installing: /home/jetson/p4p/install/ui_for_debug_and_demo/lib/ui_for_debug_and_demo/robot_ui
-- Set runtime path of "/home/jetson/p4p/install/ui_for_debug_and_demo/lib/ui_for_debug_and_demo/robot_ui" to ""
-- Up-to-date: /home/jetson/p4p/install/ui_for_debug_and_demo/share/ui_for_debug_and_demo/launch
-- Up-to-date: /home/jetson/p4p/install/ui_for_debug_and_demo/share/ui_for_debug_and_demo/launch/tm_gui.launch.py
-- Up-to-date: /home/jetson/p4p/install/ui_for_debug_and_demo/share/ament_index/resource_index/package_run_dependencies/ui_for_debug_and_demo
-- Up-to-date: /home/jetson/p4p/install/ui_for_debug_and_demo/share/ament_index/resource_index/parent_prefix_path/ui_for_debug_and_demo
-- Up-to-date: /home/jetson/p4p/install/ui_for_debug_and_demo/share/ui_for_debug_and_demo/environment/ament_prefix_path.sh
-- Installing: /home/jetson/p4p/install/ui_for_debug_and_demo/share/ui_for_debug_and_demo/environment/ament_prefix_path.dsv
-- Up-to-date: /home/jetson/p4p/install/ui_for_debug_and_demo/share/ui_for_debug_and_demo/environment/path.sh
-- Installing: /home/jetson/p4p/install/ui_for_debug_and_demo/share/ui_for_debug_and_demo/environment/path.dsv
-- Up-to-date: /home/jetson/p4p/install/ui_for_debug_and_demo/share/ui_for_debug_and_demo/local_setup.bash
-- Up-to-date: /home/jetson/p4p/install/ui_for_debug_and_demo/share/ui_for_debug_and_demo/local_setup.sh
-- Up-to-date: /home/jetson/p4p/install/ui_for_debug_and_demo/share/ui_for_debug_and_demo/local_setup.zsh
-- Installing: /home/jetson/p4p/install/ui_for_debug_and_demo/share/ui_for_debug_and_demo/local_setup.dsv
-- Installing: /home/jetson/p4p/install/ui_for_debug_and_demo/share/ui_for_debug_and_demo/package.dsv
-- Up-to-date: /home/jetson/p4p/install/ui_for_debug_and_demo/share/ament_index/resource_index/packages/ui_for_debug_and_demo
-- Up-to-date: /home/jetson/p4p/install/ui_for_debug_and_demo/share/ui_for_debug_and_demo/cmake/ui_for_debug_and_demoConfig.cmake
-- Up-to-date: /home/jetson/p4p/install/ui_for_debug_and_demo/share/ui_for_debug_and_demo/cmake/ui_for_debug_and_demoConfig-version.cmake
-- Installing: /home/jetson/p4p/install/ui_for_debug_and_demo/share/ui_for_debug_and_demo/package.xml
