[0.141s] Invoking command in '/home/jetson/p4p/build/demo': AMENT_PREFIX_PATH=/home/jetson/p4p/install/tm_msgs:${AMENT_PREFIX_PATH} CMAKE_PREFIX_PATH=/home/jetson/p4p/install/tm_msgs:/opt/ros/foxy LD_LIBRARY_PATH=/home/jetson/p4p/install/tm_msgs/lib:${LD_LIBRARY_PATH} PYTHONPATH=/home/jetson/p4p/install/tm_msgs/lib/python3.8/site-packages:${PYTHONPATH} /usr/bin/cmake --build /home/jetson/p4p/build/demo -- -j4 -l4
[0.260s] -- Found ament_cmake: 0.9.12 (/opt/ros/foxy/share/ament_cmake/cmake)
[0.362s] -- Using PYTHON_EXECUTABLE: /usr/bin/python3
[1.193s] -- Found rclcpp: 2.4.3 (/opt/ros/foxy/share/rclcpp/cmake)
[1.331s] -- Using all available rosidl_typesupport_c: rosidl_typesupport_fastrtps_c;rosidl_typesupport_introspection_c
[1.349s] -- Found rosidl_adapter: 1.3.1 (/opt/ros/foxy/share/rosidl_adapter/cmake)
[1.832s] -- Using all available rosidl_typesupport_cpp: rosidl_typesupport_fastrtps_cpp;rosidl_typesupport_introspection_cpp
[2.044s] -- Found rmw_implementation_cmake: 1.0.4 (/opt/ros/foxy/share/rmw_implementation_cmake/cmake)
[2.050s] -- Using RMW implementation 'rmw_fastrtps_cpp' as default
[2.630s] -- Found sensor_msgs: 2.0.5 (/opt/ros/foxy/share/sensor_msgs/cmake)
[3.053s] -- Found tm_msgs: 1.1.2 (/home/jetson/p4p/install/tm_msgs/share/tm_msgs/cmake)
[3.185s] -- Found ament_lint_auto: 0.9.8 (/opt/ros/foxy/share/ament_lint_auto/cmake)
[3.582s] -- Added test 'copyright' to check source files copyright and LICENSE
[3.589s] -- Added test 'cppcheck' to perform static code analysis on C / C++ code
[3.594s] -- Configured cppcheck include dirs: /home/jetson/p4p/tmr_ros2/demo/include
[3.595s] -- Configured cppcheck exclude dirs and/or files: 
[3.600s] -- Added test 'cpplint' to check C / C++ code against the Google style
[3.601s] -- Configured cpplint exclude dirs and/or files: 
[3.605s] -- Added test 'lint_cmake' to check CMake code style
[3.613s] -- Added test 'uncrustify' to check C / C++ code style
[3.613s] -- Configured uncrustify additional arguments: 
[3.614s] -- Added test 'xmllint' to check XML markup files
[3.635s] -- Configuring done
[4.044s] -- Generating done
[4.060s] -- Build files have been written to: /home/jetson/p4p/build/demo
[4.186s] [35m[1mScanning dependencies of target demo_ask_item[0m
[4.192s] [35m[1mScanning dependencies of target demo_get_sta_response[0m
[4.251s] [35m[1mScanning dependencies of target demo_get_svr_response[0m
[4.253s] [35m[1mScanning dependencies of target demo_set_positions[0m
[4.515s] [  3%] [32mBuilding CXX object CMakeFiles/demo_get_sta_response.dir/get_status_demo_src/demo_get_sta_response.cpp.o[0m
[4.531s] [  7%] [32mBuilding CXX object CMakeFiles/demo_ask_item.dir/src/demo_ask_item.cpp.o[0m
[4.602s] [ 10%] [32mBuilding CXX object CMakeFiles/demo_get_svr_response.dir/get_status_demo_src/demo_get_svr_response.cpp.o[0m
[4.670s] [ 14%] [32mBuilding CXX object CMakeFiles/demo_set_positions.dir/src/demo_set_positions.cpp.o[0m
[34.176s] [ 17%] [32m[1mLinking CXX executable demo_set_positions[0m
[35.192s] [ 21%] [32m[1mLinking CXX executable demo_ask_item[0m
[35.655s] [ 21%] Built target demo_set_positions
[36.574s] [ 21%] Built target demo_ask_item
[47.219s] [ 25%] [32m[1mLinking CXX executable demo_get_svr_response[0m
[47.303s] [ 28%] [32m[1mLinking CXX executable demo_get_sta_response[0m
[48.701s] [ 28%] Built target demo_get_sta_response
[48.785s] [ 28%] Built target demo_get_svr_response
[48.840s] [35m[1mScanning dependencies of target demo_ask_sta[0m
[49.013s] [ 32%] [32mBuilding CXX object CMakeFiles/demo_ask_sta.dir/src/demo_ask_sta.cpp.o[0m
[58.346s] [ 35%] [32m[1mLinking CXX executable demo_ask_sta[0m
[58.881s] [ 35%] Built target demo_ask_sta
[58.936s] [35m[1mScanning dependencies of target demo_set_event[0m
[59.107s] [ 39%] [32mBuilding CXX object CMakeFiles/demo_set_event.dir/src/demo_set_event.cpp.o[0m
[67.866s] [ 42%] [32m[1mLinking CXX executable demo_set_event[0m
[68.386s] [ 42%] Built target demo_set_event
[68.435s] [35m[1mScanning dependencies of target demo_connect_tm[0m
[68.598s] [ 46%] [32mBuilding CXX object CMakeFiles/demo_connect_tm.dir/src/demo_connect_tm.cpp.o[0m
[77.131s] [ 50%] [32m[1mLinking CXX executable demo_connect_tm[0m
[77.645s] [ 50%] Built target demo_connect_tm
[77.695s] [35m[1mScanning dependencies of target demo_get_feedback[0m
[77.852s] [ 53%] [32mBuilding CXX object CMakeFiles/demo_get_feedback.dir/get_status_demo_src/demo_get_feedback.cpp.o[0m
[89.852s] [35m[1mScanning dependencies of target demo_leave_listen_node[0m
[90.012s] [ 57%] [32mBuilding CXX object CMakeFiles/demo_leave_listen_node.dir/src/demo_leave_listen_node.cpp.o[0m
[91.005s] [35m[1mScanning dependencies of target demo_send_script[0m
[91.186s] [ 60%] [32mBuilding CXX object CMakeFiles/demo_send_script.dir/src/demo_send_script.cpp.o[0m
[93.162s] [ 64%] [32m[1mLinking CXX executable demo_get_feedback[0m
[93.171s] [35m[1mScanning dependencies of target demo_set_io[0m
[93.379s] [ 67%] [32mBuilding CXX object CMakeFiles/demo_set_io.dir/src/demo_set_io.cpp.o[0m
[94.244s] [ 67%] Built target demo_get_feedback
[94.302s] [35m[1mScanning dependencies of target demo_write_item[0m
[94.512s] [ 71%] [32mBuilding CXX object CMakeFiles/demo_write_item.dir/src/demo_write_item.cpp.o[0m
[100.329s] [ 75%] [32m[1mLinking CXX executable demo_leave_listen_node[0m
[100.953s] [ 75%] Built target demo_leave_listen_node
[101.246s] [ 78%] [32m[1mLinking CXX executable demo_send_script[0m
[101.797s] [ 78%] Built target demo_send_script
[103.354s] [ 82%] [32m[1mLinking CXX executable demo_set_io[0m
[103.858s] [ 82%] Built target demo_set_io
[104.901s] [ 85%] [32m[1mLinking CXX executable demo_write_item[0m
[105.404s] [ 85%] Built target demo_write_item
[105.459s] [35m[1mScanning dependencies of target demo_get_torque_feedback[0m
[105.460s] [35m[1mScanning dependencies of target demo_get_sct_response[0m
[105.620s] [ 89%] [32mBuilding CXX object CMakeFiles/demo_get_torque_feedback.dir/get_status_demo_src/demo_get_torque_feedback.cpp.o[0m
[105.621s] [ 92%] [32mBuilding CXX object CMakeFiles/demo_get_sct_response.dir/get_status_demo_src/demo_get_sct_response.cpp.o[0m
[121.245s] [ 96%] [32m[1mLinking CXX executable demo_get_sct_response[0m
[121.555s] [100%] [32m[1mLinking CXX executable demo_get_torque_feedback[0m
[122.090s] [100%] Built target demo_get_sct_response
[122.437s] [100%] Built target demo_get_torque_feedback
[122.486s] Invoked command in '/home/jetson/p4p/build/demo' returned '0': AMENT_PREFIX_PATH=/home/jetson/p4p/install/tm_msgs:${AMENT_PREFIX_PATH} CMAKE_PREFIX_PATH=/home/jetson/p4p/install/tm_msgs:/opt/ros/foxy LD_LIBRARY_PATH=/home/jetson/p4p/install/tm_msgs/lib:${LD_LIBRARY_PATH} PYTHONPATH=/home/jetson/p4p/install/tm_msgs/lib/python3.8/site-packages:${PYTHONPATH} /usr/bin/cmake --build /home/jetson/p4p/build/demo -- -j4 -l4
[122.756s] Invoking command in '/home/jetson/p4p/build/demo': AMENT_PREFIX_PATH=/home/jetson/p4p/install/tm_msgs:${AMENT_PREFIX_PATH} CMAKE_PREFIX_PATH=/home/jetson/p4p/install/tm_msgs:/opt/ros/foxy LD_LIBRARY_PATH=/home/jetson/p4p/install/tm_msgs/lib:${LD_LIBRARY_PATH} PYTHONPATH=/home/jetson/p4p/install/tm_msgs/lib/python3.8/site-packages:${PYTHONPATH} /usr/bin/cmake --install /home/jetson/p4p/build/demo
[122.790s] -- Install configuration: ""
[122.791s] -- Installing: /home/jetson/p4p/install/demo/lib/demo/demo_send_script
[122.797s] -- Set runtime path of "/home/jetson/p4p/install/demo/lib/demo/demo_send_script" to ""
[122.798s] -- Installing: /home/jetson/p4p/install/demo/lib/demo/demo_ask_sta
[122.804s] -- Set runtime path of "/home/jetson/p4p/install/demo/lib/demo/demo_ask_sta" to ""
[122.805s] -- Installing: /home/jetson/p4p/install/demo/lib/demo/demo_connect_tm
[122.810s] -- Set runtime path of "/home/jetson/p4p/install/demo/lib/demo/demo_connect_tm" to ""
[122.812s] -- Installing: /home/jetson/p4p/install/demo/lib/demo/demo_set_event
[122.817s] -- Set runtime path of "/home/jetson/p4p/install/demo/lib/demo/demo_set_event" to ""
[122.818s] -- Installing: /home/jetson/p4p/install/demo/lib/demo/demo_set_io
[122.824s] -- Set runtime path of "/home/jetson/p4p/install/demo/lib/demo/demo_set_io" to ""
[122.825s] -- Installing: /home/jetson/p4p/install/demo/lib/demo/demo_set_positions
[122.831s] -- Set runtime path of "/home/jetson/p4p/install/demo/lib/demo/demo_set_positions" to ""
[122.832s] -- Installing: /home/jetson/p4p/install/demo/lib/demo/demo_write_item
[122.838s] -- Set runtime path of "/home/jetson/p4p/install/demo/lib/demo/demo_write_item" to ""
[122.839s] -- Installing: /home/jetson/p4p/install/demo/lib/demo/demo_ask_item
[122.845s] -- Set runtime path of "/home/jetson/p4p/install/demo/lib/demo/demo_ask_item" to ""
[122.846s] -- Installing: /home/jetson/p4p/install/demo/lib/demo/demo_get_feedback
[122.862s] -- Set runtime path of "/home/jetson/p4p/install/demo/lib/demo/demo_get_feedback" to ""
[122.863s] -- Installing: /home/jetson/p4p/install/demo/lib/demo/demo_get_torque_feedback
[122.879s] -- Set runtime path of "/home/jetson/p4p/install/demo/lib/demo/demo_get_torque_feedback" to ""
[122.880s] -- Installing: /home/jetson/p4p/install/demo/lib/demo/demo_get_sct_response
[122.895s] -- Set runtime path of "/home/jetson/p4p/install/demo/lib/demo/demo_get_sct_response" to ""
[122.896s] -- Installing: /home/jetson/p4p/install/demo/lib/demo/demo_get_sta_response
[122.911s] -- Set runtime path of "/home/jetson/p4p/install/demo/lib/demo/demo_get_sta_response" to ""
[122.912s] -- Installing: /home/jetson/p4p/install/demo/lib/demo/demo_get_svr_response
[122.926s] -- Set runtime path of "/home/jetson/p4p/install/demo/lib/demo/demo_get_svr_response" to ""
[122.928s] -- Installing: /home/jetson/p4p/install/demo/lib/demo/demo_leave_listen_node
[122.934s] -- Set runtime path of "/home/jetson/p4p/install/demo/lib/demo/demo_leave_listen_node" to ""
[122.935s] -- Up-to-date: /home/jetson/p4p/install/demo/share/ament_index/resource_index/package_run_dependencies/demo
[122.936s] -- Up-to-date: /home/jetson/p4p/install/demo/share/ament_index/resource_index/parent_prefix_path/demo
[122.936s] -- Up-to-date: /home/jetson/p4p/install/demo/share/demo/environment/ament_prefix_path.sh
[122.936s] -- Installing: /home/jetson/p4p/install/demo/share/demo/environment/ament_prefix_path.dsv
[122.937s] -- Up-to-date: /home/jetson/p4p/install/demo/share/demo/environment/path.sh
[122.937s] -- Installing: /home/jetson/p4p/install/demo/share/demo/environment/path.dsv
[122.938s] -- Up-to-date: /home/jetson/p4p/install/demo/share/demo/local_setup.bash
[122.938s] -- Up-to-date: /home/jetson/p4p/install/demo/share/demo/local_setup.sh
[122.938s] -- Up-to-date: /home/jetson/p4p/install/demo/share/demo/local_setup.zsh
[122.939s] -- Installing: /home/jetson/p4p/install/demo/share/demo/local_setup.dsv
[122.939s] -- Installing: /home/jetson/p4p/install/demo/share/demo/package.dsv
[122.939s] -- Up-to-date: /home/jetson/p4p/install/demo/share/ament_index/resource_index/packages/demo
[122.940s] -- Up-to-date: /home/jetson/p4p/install/demo/share/demo/cmake/demoConfig.cmake
[122.940s] -- Up-to-date: /home/jetson/p4p/install/demo/share/demo/cmake/demoConfig-version.cmake
[122.941s] -- Installing: /home/jetson/p4p/install/demo/share/demo/package.xml
[122.958s] Invoked command in '/home/jetson/p4p/build/demo' returned '0': AMENT_PREFIX_PATH=/home/jetson/p4p/install/tm_msgs:${AMENT_PREFIX_PATH} CMAKE_PREFIX_PATH=/home/jetson/p4p/install/tm_msgs:/opt/ros/foxy LD_LIBRARY_PATH=/home/jetson/p4p/install/tm_msgs/lib:${LD_LIBRARY_PATH} PYTHONPATH=/home/jetson/p4p/install/tm_msgs/lib/python3.8/site-packages:${PYTHONPATH} /usr/bin/cmake --install /home/jetson/p4p/build/demo
