[0.140s] Invoking command in '/home/jetson/p4p/build/tm_driver': AMENT_PREFIX_PATH=/home/jetson/p4p/install/tm_msgs:${AMENT_PREFIX_PATH} CMAKE_PREFIX_PATH=/home/jetson/p4p/install/tm_msgs:/opt/ros/foxy LD_LIBRARY_PATH=/home/jetson/p4p/install/tm_msgs/lib:${LD_LIBRARY_PATH} PYTHONPATH=/home/jetson/p4p/install/tm_msgs/lib/python3.8/site-packages:${PYTHONPATH} /usr/bin/cmake --build /home/jetson/p4p/build/tm_driver -- -j4 -l4
[0.265s] -- Found ament_cmake: 0.9.12 (/opt/ros/foxy/share/ament_cmake/cmake)
[0.360s] -- Using PYTHON_EXECUTABLE: /usr/bin/python3
[1.179s] -- Found rclcpp: 2.4.3 (/opt/ros/foxy/share/rclcpp/cmake)
[1.336s] -- Using all available rosidl_typesupport_c: rosidl_typesupport_fastrtps_c;rosidl_typesupport_introspection_c
[1.352s] -- Found rosidl_adapter: 1.3.1 (/opt/ros/foxy/share/rosidl_adapter/cmake)
[1.842s] -- Using all available rosidl_typesupport_cpp: rosidl_typesupport_fastrtps_cpp;rosidl_typesupport_introspection_cpp
[2.045s] -- Found rmw_implementation_cmake: 1.0.4 (/opt/ros/foxy/share/rmw_implementation_cmake/cmake)
[2.051s] -- Using RMW implementation 'rmw_fastrtps_cpp' as default
[2.589s] -- Found sensor_msgs: 2.0.5 (/opt/ros/foxy/share/sensor_msgs/cmake)
[2.985s] -- Found tm_msgs: 1.1.2 (/home/jetson/p4p/install/tm_msgs/share/tm_msgs/cmake)
[3.145s] -- Found ament_lint_auto: 0.9.8 (/opt/ros/foxy/share/ament_lint_auto/cmake)
[3.443s] -- Added test 'copyright' to check source files copyright and LICENSE
[3.456s] -- Added test 'cppcheck' to perform static code analysis on C / C++ code
[3.457s] -- Configured cppcheck include dirs: /home/jetson/p4p/tmr_ros2/tm_driver/include
[3.458s] -- Configured cppcheck exclude dirs and/or files: 
[3.467s] -- Added test 'cpplint' to check C / C++ code against the Google style
[3.468s] -- Configured cpplint exclude dirs and/or files: 
[3.469s] -- Added test 'flake8' to check Python code syntax and style conventions
[3.474s] -- Added test 'lint_cmake' to check CMake code style
[3.477s] -- Added test 'pep257' to check Python code against some of the style conventions in PEP 257
[3.487s] -- Added test 'uncrustify' to check C / C++ code style
[3.487s] -- Configured uncrustify additional arguments: 
[3.489s] -- Added test 'xmllint' to check XML markup files
[3.507s] -- Configuring done
[3.571s] -- Generating done
[3.579s] -- Build files have been written to: /home/jetson/p4p/build/tm_driver
[3.740s] [35m[1mScanning dependencies of target tm_driver[0m
[4.262s] [  6%] [32mBuilding CXX object CMakeFiles/tm_driver.dir/src/tm_ros2_composition.cpp.o[0m
[4.369s] [ 13%] [32mBuilding CXX object CMakeFiles/tm_driver.dir/src/tm_ros2_sct.cpp.o[0m
[4.404s] [ 20%] [32mBuilding CXX object CMakeFiles/tm_driver.dir/src/tm_ros2_svr.cpp.o[0m
[50.385s] [ 26%] [32m[1mLinking CXX executable tm_driver[0m
[52.386s] [100%] Built target tm_driver
[52.450s] Invoked command in '/home/jetson/p4p/build/tm_driver' returned '0': AMENT_PREFIX_PATH=/home/jetson/p4p/install/tm_msgs:${AMENT_PREFIX_PATH} CMAKE_PREFIX_PATH=/home/jetson/p4p/install/tm_msgs:/opt/ros/foxy LD_LIBRARY_PATH=/home/jetson/p4p/install/tm_msgs/lib:${LD_LIBRARY_PATH} PYTHONPATH=/home/jetson/p4p/install/tm_msgs/lib/python3.8/site-packages:${PYTHONPATH} /usr/bin/cmake --build /home/jetson/p4p/build/tm_driver -- -j4 -l4
[52.741s] Invoking command in '/home/jetson/p4p/build/tm_driver': AMENT_PREFIX_PATH=/home/jetson/p4p/install/tm_msgs:${AMENT_PREFIX_PATH} CMAKE_PREFIX_PATH=/home/jetson/p4p/install/tm_msgs:/opt/ros/foxy LD_LIBRARY_PATH=/home/jetson/p4p/install/tm_msgs/lib:${LD_LIBRARY_PATH} PYTHONPATH=/home/jetson/p4p/install/tm_msgs/lib/python3.8/site-packages:${PYTHONPATH} /usr/bin/cmake --install /home/jetson/p4p/build/tm_driver
[52.788s] -- Install configuration: ""
[52.790s] -- Installing: /home/jetson/p4p/install/tm_driver/lib/tm_driver/tm_driver
[52.823s] -- Set runtime path of "/home/jetson/p4p/install/tm_driver/lib/tm_driver/tm_driver" to ""
[52.824s] -- Up-to-date: /home/jetson/p4p/install/tm_driver/share/tm_driver/launch
[52.825s] -- Up-to-date: /home/jetson/p4p/install/tm_driver/share/tm_driver/launch/tm_bringup.launch.py
[52.825s] -- Up-to-date: /home/jetson/p4p/install/tm_driver/share/ament_index/resource_index/package_run_dependencies/tm_driver
[52.826s] -- Up-to-date: /home/jetson/p4p/install/tm_driver/share/ament_index/resource_index/parent_prefix_path/tm_driver
[52.827s] -- Up-to-date: /home/jetson/p4p/install/tm_driver/share/tm_driver/environment/ament_prefix_path.sh
[52.827s] -- Installing: /home/jetson/p4p/install/tm_driver/share/tm_driver/environment/ament_prefix_path.dsv
[52.828s] -- Up-to-date: /home/jetson/p4p/install/tm_driver/share/tm_driver/environment/path.sh
[52.829s] -- Installing: /home/jetson/p4p/install/tm_driver/share/tm_driver/environment/path.dsv
[52.830s] -- Up-to-date: /home/jetson/p4p/install/tm_driver/share/tm_driver/local_setup.bash
[52.830s] -- Up-to-date: /home/jetson/p4p/install/tm_driver/share/tm_driver/local_setup.sh
[52.831s] -- Up-to-date: /home/jetson/p4p/install/tm_driver/share/tm_driver/local_setup.zsh
[52.832s] -- Installing: /home/jetson/p4p/install/tm_driver/share/tm_driver/local_setup.dsv
[52.833s] -- Installing: /home/jetson/p4p/install/tm_driver/share/tm_driver/package.dsv
[52.834s] -- Up-to-date: /home/jetson/p4p/install/tm_driver/share/ament_index/resource_index/packages/tm_driver
[52.835s] -- Up-to-date: /home/jetson/p4p/install/tm_driver/share/tm_driver/cmake/tm_driverConfig.cmake
[52.835s] -- Up-to-date: /home/jetson/p4p/install/tm_driver/share/tm_driver/cmake/tm_driverConfig-version.cmake
[52.836s] -- Installing: /home/jetson/p4p/install/tm_driver/share/tm_driver/package.xml
[52.854s] Invoked command in '/home/jetson/p4p/build/tm_driver' returned '0': AMENT_PREFIX_PATH=/home/jetson/p4p/install/tm_msgs:${AMENT_PREFIX_PATH} CMAKE_PREFIX_PATH=/home/jetson/p4p/install/tm_msgs:/opt/ros/foxy LD_LIBRARY_PATH=/home/jetson/p4p/install/tm_msgs/lib:${LD_LIBRARY_PATH} PYTHONPATH=/home/jetson/p4p/install/tm_msgs/lib/python3.8/site-packages:${PYTHONPATH} /usr/bin/cmake --install /home/jetson/p4p/build/tm_driver
