[0.177s] Invoking command in '/home/jetson/p4p/build/custom_package': AMENT_PREFIX_PATH=/home/jetson/p4p/install/techman_robot_msgs:${AMENT_PREFIX_PATH} CMAKE_PREFIX_PATH=/home/jetson/p4p/install/techman_robot_msgs:/opt/ros/foxy LD_LIBRARY_PATH=/home/jetson/p4p/install/techman_robot_msgs/lib:${LD_LIBRARY_PATH} PYTHONPATH=/home/jetson/p4p/install/techman_robot_msgs/lib/python3.8/site-packages:${PYTHONPATH} /usr/bin/cmake /home/jetson/p4p/tmr_ros2/custom_package -DCMAKE_INSTALL_PREFIX=/home/jetson/p4p/install/custom_package
[0.769s] -- The C compiler identification is GNU 9.4.0
[1.281s] -- The CXX compiler identification is GNU 9.4.0
[1.319s] -- Check for working C compiler: /usr/bin/cc
[2.151s] -- Check for working C compiler: /usr/bin/cc -- works
[2.156s] -- Detecting C compiler ABI info
[2.870s] -- Detecting C compiler ABI info - done
[3.004s] -- Detecting C compile features
[3.006s] -- Detecting C compile features - done
[3.040s] -- Check for working CXX compiler: /usr/bin/c++
[3.759s] -- Check for working CXX compiler: /usr/bin/c++ -- works
[3.764s] -- Detecting CXX compiler ABI info
[4.671s] -- Detecting CXX compiler ABI info - done
[4.801s] -- Detecting CXX compile features
[4.805s] -- Detecting CXX compile features - done
[4.830s] -- Found ament_cmake: 0.9.12 (/opt/ros/foxy/share/ament_cmake/cmake)
[4.994s] -- Found PythonInterp: /usr/bin/python3 (found suitable version "3.8.10", minimum required is "3") 
[4.995s] -- Using PYTHON_EXECUTABLE: /usr/bin/python3
[6.430s] -- Found rclcpp: 2.4.3 (/opt/ros/foxy/share/rclcpp/cmake)
[6.730s] -- Using all available rosidl_typesupport_c: rosidl_typesupport_fastrtps_c;rosidl_typesupport_introspection_c
[6.776s] -- Found rosidl_adapter: 1.3.1 (/opt/ros/foxy/share/rosidl_adapter/cmake)
[7.432s] -- Found OpenSSL: /usr/lib/aarch64-linux-gnu/libcrypto.so (found version "1.1.1f")  
[7.696s] -- Found FastRTPS: /opt/ros/foxy/include  
[8.116s] -- Using all available rosidl_typesupport_cpp: rosidl_typesupport_fastrtps_cpp;rosidl_typesupport_introspection_cpp
[8.494s] -- Found rmw_implementation_cmake: 1.0.4 (/opt/ros/foxy/share/rmw_implementation_cmake/cmake)
[8.502s] -- Using RMW implementation 'rmw_fastrtps_cpp' as default
[8.528s] -- Looking for pthread.h
[9.132s] -- Looking for pthread.h - found
[9.133s] -- Performing Test CMAKE_HAVE_LIBC_PTHREAD
[9.787s] -- Performing Test CMAKE_HAVE_LIBC_PTHREAD - Failed
[9.790s] -- Looking for pthread_create in pthreads
[10.407s] -- Looking for pthread_create in pthreads - not found
[10.408s] -- Looking for pthread_create in pthread
[11.053s] -- Looking for pthread_create in pthread - found
[11.062s] -- Found Threads: TRUE  
[12.025s] -- Found rclcpp_components: 2.4.3 (/opt/ros/foxy/share/rclcpp_components/cmake)
[12.445s] -- Found sensor_msgs: 2.0.5 (/opt/ros/foxy/share/sensor_msgs/cmake)
[13.313s] -- Found OpenCV: /usr (found version "4.2.0") 
[13.315s] -- Found techman_robot_msgs: 1.0.0 (/home/jetson/p4p/install/techman_robot_msgs/share/techman_robot_msgs/cmake)
[13.370s] -- Found ament_lint_auto: 0.9.8 (/opt/ros/foxy/share/ament_lint_auto/cmake)
[13.747s] -- Added test 'copyright' to check source files copyright and LICENSE
[13.753s] -- Added test 'cppcheck' to perform static code analysis on C / C++ code
[13.754s] -- Configured cppcheck include dirs: 
[13.755s] -- Configured cppcheck exclude dirs and/or files: 
[13.763s] -- Added test 'cpplint' to check C / C++ code against the Google style
[13.764s] -- Configured cpplint exclude dirs and/or files: 
[13.773s] -- Added test 'lint_cmake' to check CMake code style
[13.779s] -- Added test 'uncrustify' to check C / C++ code style
[13.781s] -- Configured uncrustify additional arguments: 
[13.785s] -- Added test 'xmllint' to check XML markup files
[13.813s] -- Configuring done
[13.934s] -- Generating done
[13.943s] -- Build files have been written to: /home/jetson/p4p/build/custom_package
[14.054s] Invoked command in '/home/jetson/p4p/build/custom_package' returned '0': AMENT_PREFIX_PATH=/home/jetson/p4p/install/techman_robot_msgs:${AMENT_PREFIX_PATH} CMAKE_PREFIX_PATH=/home/jetson/p4p/install/techman_robot_msgs:/opt/ros/foxy LD_LIBRARY_PATH=/home/jetson/p4p/install/techman_robot_msgs/lib:${LD_LIBRARY_PATH} PYTHONPATH=/home/jetson/p4p/install/techman_robot_msgs/lib/python3.8/site-packages:${PYTHONPATH} /usr/bin/cmake /home/jetson/p4p/tmr_ros2/custom_package -DCMAKE_INSTALL_PREFIX=/home/jetson/p4p/install/custom_package
[14.068s] Invoking command in '/home/jetson/p4p/build/custom_package': AMENT_PREFIX_PATH=/home/jetson/p4p/install/techman_robot_msgs:${AMENT_PREFIX_PATH} CMAKE_PREFIX_PATH=/home/jetson/p4p/install/techman_robot_msgs:/opt/ros/foxy LD_LIBRARY_PATH=/home/jetson/p4p/install/techman_robot_msgs/lib:${LD_LIBRARY_PATH} PYTHONPATH=/home/jetson/p4p/install/techman_robot_msgs/lib/python3.8/site-packages:${PYTHONPATH} /usr/bin/cmake --build /home/jetson/p4p/build/custom_package -- -j4 -l4
[14.314s] [35m[1mScanning dependencies of target sub_img[0m
[14.808s] [ 25%] [32mBuilding CXX object CMakeFiles/sub_img.dir/src/sub_img.cpp.o[0m
[39.500s] [ 50%] [32m[1mLinking CXX executable sub_img[0m
[41.941s] [ 50%] Built target sub_img
[41.988s] [35m[1mScanning dependencies of target tm_send_command[0m
[42.189s] [ 75%] [32mBuilding CXX object CMakeFiles/tm_send_command.dir/src/send_command.cpp.o[0m
[53.410s] [100%] [32m[1mLinking CXX executable tm_send_command[0m
[54.640s] [100%] Built target tm_send_command
[54.777s] Invoked command in '/home/jetson/p4p/build/custom_package' returned '0': AMENT_PREFIX_PATH=/home/jetson/p4p/install/techman_robot_msgs:${AMENT_PREFIX_PATH} CMAKE_PREFIX_PATH=/home/jetson/p4p/install/techman_robot_msgs:/opt/ros/foxy LD_LIBRARY_PATH=/home/jetson/p4p/install/techman_robot_msgs/lib:${LD_LIBRARY_PATH} PYTHONPATH=/home/jetson/p4p/install/techman_robot_msgs/lib/python3.8/site-packages:${PYTHONPATH} /usr/bin/cmake --build /home/jetson/p4p/build/custom_package -- -j4 -l4
[55.115s] Invoking command in '/home/jetson/p4p/build/custom_package': AMENT_PREFIX_PATH=/home/jetson/p4p/install/techman_robot_msgs:${AMENT_PREFIX_PATH} CMAKE_PREFIX_PATH=/home/jetson/p4p/install/techman_robot_msgs:/opt/ros/foxy LD_LIBRARY_PATH=/home/jetson/p4p/install/techman_robot_msgs/lib:${LD_LIBRARY_PATH} PYTHONPATH=/home/jetson/p4p/install/techman_robot_msgs/lib/python3.8/site-packages:${PYTHONPATH} /usr/bin/cmake --install /home/jetson/p4p/build/custom_package
[55.200s] -- Install configuration: ""
[55.206s] -- Installing: /home/jetson/p4p/install/custom_package/lib/custom_package/tm_send_command
[55.216s] -- Set runtime path of "/home/jetson/p4p/install/custom_package/lib/custom_package/tm_send_command" to ""
[55.226s] -- Installing: /home/jetson/p4p/install/custom_package/lib/custom_package/sub_img
[55.259s] -- Set runtime path of "/home/jetson/p4p/install/custom_package/lib/custom_package/sub_img" to ""
[55.265s] -- Installing: /home/jetson/p4p/install/custom_package/share/custom_package/image
[55.266s] -- Installing: /home/jetson/p4p/install/custom_package/share/custom_package/image/techman_robot.jpg
[55.271s] -- Installing: /home/jetson/p4p/install/custom_package/share/ament_index/resource_index/package_run_dependencies/custom_package
[55.274s] -- Installing: /home/jetson/p4p/install/custom_package/share/ament_index/resource_index/parent_prefix_path/custom_package
[55.277s] -- Installing: /home/jetson/p4p/install/custom_package/share/custom_package/environment/ament_prefix_path.sh
[55.281s] -- Installing: /home/jetson/p4p/install/custom_package/share/custom_package/environment/ament_prefix_path.dsv
[55.283s] -- Installing: /home/jetson/p4p/install/custom_package/share/custom_package/environment/path.sh
[55.284s] -- Installing: /home/jetson/p4p/install/custom_package/share/custom_package/environment/path.dsv
[55.287s] -- Installing: /home/jetson/p4p/install/custom_package/share/custom_package/local_setup.bash
[55.295s] -- Installing: /home/jetson/p4p/install/custom_package/share/custom_package/local_setup.sh
[55.296s] -- Installing: /home/jetson/p4p/install/custom_package/share/custom_package/local_setup.zsh
[55.298s] -- Installing: /home/jetson/p4p/install/custom_package/share/custom_package/local_setup.dsv
[55.300s] -- Installing: /home/jetson/p4p/install/custom_package/share/custom_package/package.dsv
[55.302s] -- Installing: /home/jetson/p4p/install/custom_package/share/ament_index/resource_index/packages/custom_package
[55.304s] -- Installing: /home/jetson/p4p/install/custom_package/share/custom_package/cmake/custom_packageConfig.cmake
[55.306s] -- Installing: /home/jetson/p4p/install/custom_package/share/custom_package/cmake/custom_packageConfig-version.cmake
[55.308s] -- Installing: /home/jetson/p4p/install/custom_package/share/custom_package/package.xml
[55.325s] Invoked command in '/home/jetson/p4p/build/custom_package' returned '0': AMENT_PREFIX_PATH=/home/jetson/p4p/install/techman_robot_msgs:${AMENT_PREFIX_PATH} CMAKE_PREFIX_PATH=/home/jetson/p4p/install/techman_robot_msgs:/opt/ros/foxy LD_LIBRARY_PATH=/home/jetson/p4p/install/techman_robot_msgs/lib:${LD_LIBRARY_PATH} PYTHONPATH=/home/jetson/p4p/install/techman_robot_msgs/lib/python3.8/site-packages:${PYTHONPATH} /usr/bin/cmake --install /home/jetson/p4p/build/custom_package
