[0.091s] Invoking command in '/home/jetson/p4p/build/ui_for_debug_and_demo': AMENT_PREFIX_PATH=/home/jetson/p4p/install/tm_msgs:${AMENT_PREFIX_PATH} CMAKE_PREFIX_PATH=/home/jetson/p4p/install/tm_msgs:/opt/ros/foxy LD_LIBRARY_PATH=/home/jetson/p4p/install/tm_msgs/lib:${LD_LIBRARY_PATH} PYTHONPATH=/home/jetson/p4p/install/tm_msgs/lib/python3.8/site-packages:${PYTHONPATH} /usr/bin/cmake /home/jetson/p4p/tmr_ros2/ui_for_debug_and_demo -DCMAKE_INSTALL_PREFIX=/home/jetson/p4p/install/ui_for_debug_and_demo
[0.392s] -- The C compiler identification is GNU 9.4.0
[0.687s] -- The CXX compiler identification is GNU 9.4.0
[0.712s] -- Check for working C compiler: /usr/bin/cc
[1.062s] -- Check for working C compiler: /usr/bin/cc -- works
[1.068s] -- Detecting C compiler ABI info
[1.418s] -- Detecting C compiler ABI info - done
[1.482s] -- Detecting C compile features
[1.485s] -- Detecting C compile features - done
[1.501s] -- Check for working CXX compiler: /usr/bin/c++
[1.904s] -- Check for working CXX compiler: /usr/bin/c++ -- works
[1.909s] -- Detecting CXX compiler ABI info
[2.299s] -- Detecting CXX compiler ABI info - done
[2.362s] -- Detecting CXX compile features
[2.365s] -- Detecting CXX compile features - done
[2.378s] -- Found ament_cmake: 0.9.12 (/opt/ros/foxy/share/ament_cmake/cmake)
[2.490s] -- Found PythonInterp: /usr/bin/python3 (found suitable version "3.8.10", minimum required is "3") 
[2.491s] -- Using PYTHON_EXECUTABLE: /usr/bin/python3
[3.377s] -- Found rclcpp: 2.4.3 (/opt/ros/foxy/share/rclcpp/cmake)
[3.599s] -- Using all available rosidl_typesupport_c: rosidl_typesupport_fastrtps_c;rosidl_typesupport_introspection_c
[3.631s] -- Found rosidl_adapter: 1.3.1 (/opt/ros/foxy/share/rosidl_adapter/cmake)
[4.037s] -- Found OpenSSL: /usr/lib/aarch64-linux-gnu/libcrypto.so (found version "1.1.1f")  
[4.159s] -- Found FastRTPS: /opt/ros/foxy/include  
[4.532s] -- Using all available rosidl_typesupport_cpp: rosidl_typesupport_fastrtps_cpp;rosidl_typesupport_introspection_cpp
[4.804s] -- Found rmw_implementation_cmake: 1.0.4 (/opt/ros/foxy/share/rmw_implementation_cmake/cmake)
[4.811s] -- Using RMW implementation 'rmw_fastrtps_cpp' as default
[4.817s] -- Looking for pthread.h
[5.189s] -- Looking for pthread.h - found
[5.192s] -- Performing Test CMAKE_HAVE_LIBC_PTHREAD
[5.568s] -- Performing Test CMAKE_HAVE_LIBC_PTHREAD - Failed
[5.570s] -- Looking for pthread_create in pthreads
[5.872s] -- Looking for pthread_create in pthreads - not found
[5.874s] -- Looking for pthread_create in pthread
[6.216s] -- Looking for pthread_create in pthread - found
[6.223s] -- Found Threads: TRUE  
[6.873s] -- Found rclcpp_action: 2.4.3 (/opt/ros/foxy/share/rclcpp_action/cmake)
[7.187s] -- Found ament_index_cpp: 1.1.0 (/opt/ros/foxy/share/ament_index_cpp/cmake)
[7.197s] -- Found tm_msgs: 1.1.2 (/home/jetson/p4p/install/tm_msgs/share/tm_msgs/cmake)
[7.413s] -- Found ament_lint_auto: 0.9.8 (/opt/ros/foxy/share/ament_lint_auto/cmake)
[7.733s] -- Added test 'copyright' to check source files copyright and LICENSE
[7.739s] -- Added test 'cppcheck' to perform static code analysis on C / C++ code
[7.743s] -- Configured cppcheck include dirs: 
[7.744s] -- Configured cppcheck exclude dirs and/or files: 
[7.748s] -- Added test 'cpplint' to check C / C++ code against the Google style
[7.748s] -- Configured cpplint exclude dirs and/or files: 
[7.750s] -- Added test 'flake8' to check Python code syntax and style conventions
[7.753s] -- Added test 'lint_cmake' to check CMake code style
[7.756s] -- Added test 'pep257' to check Python code against some of the style conventions in PEP 257
[7.761s] -- Added test 'uncrustify' to check C / C++ code style
[7.762s] -- Configured uncrustify additional arguments: 
[7.763s] -- Added test 'xmllint' to check XML markup files
[7.788s] -- Configuring done
[7.935s] -- Generating done
[7.943s] -- Build files have been written to: /home/jetson/p4p/build/ui_for_debug_and_demo
[8.006s] Invoked command in '/home/jetson/p4p/build/ui_for_debug_and_demo' returned '0': AMENT_PREFIX_PATH=/home/jetson/p4p/install/tm_msgs:${AMENT_PREFIX_PATH} CMAKE_PREFIX_PATH=/home/jetson/p4p/install/tm_msgs:/opt/ros/foxy LD_LIBRARY_PATH=/home/jetson/p4p/install/tm_msgs/lib:${LD_LIBRARY_PATH} PYTHONPATH=/home/jetson/p4p/install/tm_msgs/lib/python3.8/site-packages:${PYTHONPATH} /usr/bin/cmake /home/jetson/p4p/tmr_ros2/ui_for_debug_and_demo -DCMAKE_INSTALL_PREFIX=/home/jetson/p4p/install/ui_for_debug_and_demo
[8.016s] Invoking command in '/home/jetson/p4p/build/ui_for_debug_and_demo': AMENT_PREFIX_PATH=/home/jetson/p4p/install/tm_msgs:${AMENT_PREFIX_PATH} CMAKE_PREFIX_PATH=/home/jetson/p4p/install/tm_msgs:/opt/ros/foxy LD_LIBRARY_PATH=/home/jetson/p4p/install/tm_msgs/lib:${LD_LIBRARY_PATH} PYTHONPATH=/home/jetson/p4p/install/tm_msgs/lib/python3.8/site-packages:${PYTHONPATH} /usr/bin/cmake --build /home/jetson/p4p/build/ui_for_debug_and_demo -- -j4 -l4
[8.190s] [35m[1mScanning dependencies of target robot_ui_autogen[0m
[8.238s] [ 14%] [34m[1mAutomatic MOC and UIC for target robot_ui[0m
[9.327s] [ 14%] Built target robot_ui_autogen
[9.372s] [ 28%] [34m[1mGenerating ui_tm_ros_driver_windows.h[0m
[9.451s] [35m[1mScanning dependencies of target robot_ui[0m
[9.966s] [ 42%] [32mBuilding CXX object CMakeFiles/robot_ui.dir/robot_ui_autogen/mocs_compilation.cpp.o[0m
[31.622s] [ 57%] [32mBuilding CXX object CMakeFiles/robot_ui.dir/src/tm_ros_driver_windows.cpp.o[0m
[50.748s] [ 71%] [32mBuilding CXX object CMakeFiles/robot_ui.dir/src/ros_page.cpp.o[0m
[93.461s] [ 85%] [32mBuilding CXX object CMakeFiles/robot_ui.dir/src/main.cpp.o[0m
[103.915s] [100%] [32m[1mLinking CXX executable robot_ui[0m
[107.107s] [100%] Built target robot_ui
[107.175s] Invoked command in '/home/jetson/p4p/build/ui_for_debug_and_demo' returned '0': AMENT_PREFIX_PATH=/home/jetson/p4p/install/tm_msgs:${AMENT_PREFIX_PATH} CMAKE_PREFIX_PATH=/home/jetson/p4p/install/tm_msgs:/opt/ros/foxy LD_LIBRARY_PATH=/home/jetson/p4p/install/tm_msgs/lib:${LD_LIBRARY_PATH} PYTHONPATH=/home/jetson/p4p/install/tm_msgs/lib/python3.8/site-packages:${PYTHONPATH} /usr/bin/cmake --build /home/jetson/p4p/build/ui_for_debug_and_demo -- -j4 -l4
[107.322s] Invoking command in '/home/jetson/p4p/build/ui_for_debug_and_demo': AMENT_PREFIX_PATH=/home/jetson/p4p/install/tm_msgs:${AMENT_PREFIX_PATH} CMAKE_PREFIX_PATH=/home/jetson/p4p/install/tm_msgs:/opt/ros/foxy LD_LIBRARY_PATH=/home/jetson/p4p/install/tm_msgs/lib:${LD_LIBRARY_PATH} PYTHONPATH=/home/jetson/p4p/install/tm_msgs/lib/python3.8/site-packages:${PYTHONPATH} /usr/bin/cmake --install /home/jetson/p4p/build/ui_for_debug_and_demo
[107.358s] -- Install configuration: ""
[107.359s] -- Installing: /home/jetson/p4p/install/ui_for_debug_and_demo/lib/ui_for_debug_and_demo/robot_ui
[107.395s] -- Set runtime path of "/home/jetson/p4p/install/ui_for_debug_and_demo/lib/ui_for_debug_and_demo/robot_ui" to ""
[107.396s] -- Installing: /home/jetson/p4p/install/ui_for_debug_and_demo/share/ui_for_debug_and_demo/launch
[107.397s] -- Installing: /home/jetson/p4p/install/ui_for_debug_and_demo/share/ui_for_debug_and_demo/launch/tm_gui.launch.py
[107.397s] -- Installing: /home/jetson/p4p/install/ui_for_debug_and_demo/share/ament_index/resource_index/package_run_dependencies/ui_for_debug_and_demo
[107.400s] -- Installing: /home/jetson/p4p/install/ui_for_debug_and_demo/share/ament_index/resource_index/parent_prefix_path/ui_for_debug_and_demo
[107.401s] -- Installing: /home/jetson/p4p/install/ui_for_debug_and_demo/share/ui_for_debug_and_demo/environment/ament_prefix_path.sh
[107.402s] -- Installing: /home/jetson/p4p/install/ui_for_debug_and_demo/share/ui_for_debug_and_demo/environment/ament_prefix_path.dsv
[107.403s] -- Installing: /home/jetson/p4p/install/ui_for_debug_and_demo/share/ui_for_debug_and_demo/environment/path.sh
[107.404s] -- Installing: /home/jetson/p4p/install/ui_for_debug_and_demo/share/ui_for_debug_and_demo/environment/path.dsv
[107.405s] -- Installing: /home/jetson/p4p/install/ui_for_debug_and_demo/share/ui_for_debug_and_demo/local_setup.bash
[107.406s] -- Installing: /home/jetson/p4p/install/ui_for_debug_and_demo/share/ui_for_debug_and_demo/local_setup.sh
[107.406s] -- Installing: /home/jetson/p4p/install/ui_for_debug_and_demo/share/ui_for_debug_and_demo/local_setup.zsh
[107.407s] -- Installing: /home/jetson/p4p/install/ui_for_debug_and_demo/share/ui_for_debug_and_demo/local_setup.dsv
[107.408s] -- Installing: /home/jetson/p4p/install/ui_for_debug_and_demo/share/ui_for_debug_and_demo/package.dsv
[107.409s] -- Installing: /home/jetson/p4p/install/ui_for_debug_and_demo/share/ament_index/resource_index/packages/ui_for_debug_and_demo
[107.410s] -- Installing: /home/jetson/p4p/install/ui_for_debug_and_demo/share/ui_for_debug_and_demo/cmake/ui_for_debug_and_demoConfig.cmake
[107.411s] -- Installing: /home/jetson/p4p/install/ui_for_debug_and_demo/share/ui_for_debug_and_demo/cmake/ui_for_debug_and_demoConfig-version.cmake
[107.412s] -- Installing: /home/jetson/p4p/install/ui_for_debug_and_demo/share/ui_for_debug_and_demo/package.xml
[107.424s] Invoked command in '/home/jetson/p4p/build/ui_for_debug_and_demo' returned '0': AMENT_PREFIX_PATH=/home/jetson/p4p/install/tm_msgs:${AMENT_PREFIX_PATH} CMAKE_PREFIX_PATH=/home/jetson/p4p/install/tm_msgs:/opt/ros/foxy LD_LIBRARY_PATH=/home/jetson/p4p/install/tm_msgs/lib:${LD_LIBRARY_PATH} PYTHONPATH=/home/jetson/p4p/install/tm_msgs/lib/python3.8/site-packages:${PYTHONPATH} /usr/bin/cmake --install /home/jetson/p4p/build/ui_for_debug_and_demo
