[0.079s] Invoking command in '/home/jetson/p4p/build/tm_moveit_cpp_demo': CMAKE_PREFIX_PATH=/opt/ros/foxy /usr/bin/cmake /home/jetson/p4p/tmr_ros2/tm_moveit_cpp_demo -DCMAKE_INSTALL_PREFIX=/home/jetson/p4p/install/tm_moveit_cpp_demo
[0.433s] -- The C compiler identification is GNU 9.4.0
[0.770s] -- The CXX compiler identification is GNU 9.4.0
[0.794s] -- Check for working C compiler: /usr/bin/cc
[1.232s] -- Check for working C compiler: /usr/bin/cc -- works
[1.242s] -- Detecting C compiler ABI info
[1.678s] -- Detecting C compiler ABI info - done
[1.744s] -- Detecting C compile features
[1.746s] -- Detecting C compile features - done
[1.759s] -- Check for working CXX compiler: /usr/bin/c++
[2.475s] -- Check for working CXX compiler: /usr/bin/c++ -- works
[2.480s] -- Detecting CXX compiler ABI info
[3.302s] -- Detecting CXX compiler ABI info - done
[3.418s] -- Detecting CXX compile features
[3.437s] -- Detecting CXX compile features - done
[3.458s] -- Found ament_cmake: 0.9.12 (/opt/ros/foxy/share/ament_cmake/cmake)
[3.629s] -- Found PythonInterp: /usr/bin/python3 (found suitable version "3.8.10", minimum required is "3") 
[3.630s] -- Using PYTHON_EXECUTABLE: /usr/bin/python3
[5.285s] -- Found rosidl_default_runtime: 1.0.1 (/opt/ros/foxy/share/rosidl_default_runtime/cmake)
[5.531s] -- Using all available rosidl_typesupport_c: rosidl_typesupport_fastrtps_c;rosidl_typesupport_introspection_c
[5.604s] -- Found rosidl_adapter: 1.3.1 (/opt/ros/foxy/share/rosidl_adapter/cmake)
[6.350s] -- Found OpenSSL: /usr/lib/aarch64-linux-gnu/libcrypto.so (found version "1.1.1f")  
[6.699s] -- Found FastRTPS: /opt/ros/foxy/include  
[7.454s] -- Using all available rosidl_typesupport_cpp: rosidl_typesupport_fastrtps_cpp;rosidl_typesupport_introspection_cpp
[7.751s] -- Found Boost: /usr/lib/aarch64-linux-gnu/cmake/Boost-1.71.0/BoostConfig.cmake (found version "1.71.0") found components: system 
[8.387s] -- Configuring done
[8.412s] -- Generating done
[8.434s] -- Build files have been written to: /home/jetson/p4p/build/tm_moveit_cpp_demo
[8.513s] Invoked command in '/home/jetson/p4p/build/tm_moveit_cpp_demo' returned '0': CMAKE_PREFIX_PATH=/opt/ros/foxy /usr/bin/cmake /home/jetson/p4p/tmr_ros2/tm_moveit_cpp_demo -DCMAKE_INSTALL_PREFIX=/home/jetson/p4p/install/tm_moveit_cpp_demo
[8.526s] Invoking command in '/home/jetson/p4p/build/tm_moveit_cpp_demo': CMAKE_PREFIX_PATH=/opt/ros/foxy /usr/bin/cmake --build /home/jetson/p4p/build/tm_moveit_cpp_demo -- -j4 -l4
[8.976s] Invoked command in '/home/jetson/p4p/build/tm_moveit_cpp_demo' returned '0': CMAKE_PREFIX_PATH=/opt/ros/foxy /usr/bin/cmake --build /home/jetson/p4p/build/tm_moveit_cpp_demo -- -j4 -l4
[9.107s] Invoking command in '/home/jetson/p4p/build/tm_moveit_cpp_demo': CMAKE_PREFIX_PATH=/opt/ros/foxy /usr/bin/cmake --install /home/jetson/p4p/build/tm_moveit_cpp_demo
[9.203s] -- Install configuration: ""
[9.204s] -- Installing: /home/jetson/p4p/install/tm_moveit_cpp_demo/share/tm_moveit_cpp_demo/launch
[9.205s] -- Installing: /home/jetson/p4p/install/tm_moveit_cpp_demo/share/tm_moveit_cpp_demo/launch/tm5x-900_run_moveit_cpp.launch.py
[9.206s] -- Installing: /home/jetson/p4p/install/tm_moveit_cpp_demo/share/tm_moveit_cpp_demo/launch/run_moveit_cpp.launch.py
[9.206s] -- Installing: /home/jetson/p4p/install/tm_moveit_cpp_demo/share/tm_moveit_cpp_demo/launch/tm14x_run_moveit_cpp.launch.py
[9.207s] -- Installing: /home/jetson/p4p/install/tm_moveit_cpp_demo/share/tm_moveit_cpp_demo/launch/tm5-900_run_moveit_cpp.launch.py
[9.208s] -- Installing: /home/jetson/p4p/install/tm_moveit_cpp_demo/share/tm_moveit_cpp_demo/launch/run_moveit_cpp.rviz
[9.208s] -- Installing: /home/jetson/p4p/install/tm_moveit_cpp_demo/share/tm_moveit_cpp_demo/launch/tm5x-700_run_moveit_cpp.launch.py
[9.209s] -- Installing: /home/jetson/p4p/install/tm_moveit_cpp_demo/share/tm_moveit_cpp_demo/launch/tm14_run_moveit_cpp.launch.py
[9.213s] -- Installing: /home/jetson/p4p/install/tm_moveit_cpp_demo/share/tm_moveit_cpp_demo/launch/tm5-700_run_moveit_cpp.launch.py
[9.214s] -- Installing: /home/jetson/p4p/install/tm_moveit_cpp_demo/share/tm_moveit_cpp_demo/launch/tm12_run_moveit_cpp.launch.py
[9.215s] -- Installing: /home/jetson/p4p/install/tm_moveit_cpp_demo/share/tm_moveit_cpp_demo/launch/tm12x_run_moveit_cpp.launch.py
[9.215s] -- Installing: /home/jetson/p4p/install/tm_moveit_cpp_demo/share/tm_moveit_cpp_demo/config
[9.218s] -- Installing: /home/jetson/p4p/install/tm_moveit_cpp_demo/share/tm_moveit_cpp_demo/config/moveit_cpp.yaml
[9.219s] -- Installing: /home/jetson/p4p/install/tm_moveit_cpp_demo/share/tm_moveit_cpp_demo/config/controllers.yaml
[9.230s] -- Installing: /home/jetson/p4p/install/tm_moveit_cpp_demo/share/ament_index/resource_index/package_run_dependencies/tm_moveit_cpp_demo
[9.231s] -- Installing: /home/jetson/p4p/install/tm_moveit_cpp_demo/share/ament_index/resource_index/parent_prefix_path/tm_moveit_cpp_demo
[9.232s] -- Installing: /home/jetson/p4p/install/tm_moveit_cpp_demo/share/tm_moveit_cpp_demo/environment/ament_prefix_path.sh
[9.233s] -- Installing: /home/jetson/p4p/install/tm_moveit_cpp_demo/share/tm_moveit_cpp_demo/environment/ament_prefix_path.dsv
[9.234s] -- Installing: /home/jetson/p4p/install/tm_moveit_cpp_demo/share/tm_moveit_cpp_demo/environment/path.sh
[9.234s] -- Installing: /home/jetson/p4p/install/tm_moveit_cpp_demo/share/tm_moveit_cpp_demo/environment/path.dsv
[9.235s] -- Installing: /home/jetson/p4p/install/tm_moveit_cpp_demo/share/tm_moveit_cpp_demo/local_setup.bash
[9.236s] -- Installing: /home/jetson/p4p/install/tm_moveit_cpp_demo/share/tm_moveit_cpp_demo/local_setup.sh
[9.237s] -- Installing: /home/jetson/p4p/install/tm_moveit_cpp_demo/share/tm_moveit_cpp_demo/local_setup.zsh
[9.238s] -- Installing: /home/jetson/p4p/install/tm_moveit_cpp_demo/share/tm_moveit_cpp_demo/local_setup.dsv
[9.238s] -- Installing: /home/jetson/p4p/install/tm_moveit_cpp_demo/share/tm_moveit_cpp_demo/package.dsv
[9.239s] -- Installing: /home/jetson/p4p/install/tm_moveit_cpp_demo/share/ament_index/resource_index/packages/tm_moveit_cpp_demo
[9.253s] -- Installing: /home/jetson/p4p/install/tm_moveit_cpp_demo/share/tm_moveit_cpp_demo/cmake/tm_moveit_cpp_demoConfig.cmake
[9.254s] -- Installing: /home/jetson/p4p/install/tm_moveit_cpp_demo/share/tm_moveit_cpp_demo/cmake/tm_moveit_cpp_demoConfig-version.cmake
[9.254s] -- Installing: /home/jetson/p4p/install/tm_moveit_cpp_demo/share/tm_moveit_cpp_demo/package.xml
[9.278s] Invoked command in '/home/jetson/p4p/build/tm_moveit_cpp_demo' returned '0': CMAKE_PREFIX_PATH=/opt/ros/foxy /usr/bin/cmake --install /home/jetson/p4p/build/tm_moveit_cpp_demo
