[0.167s] Invoking command in '/home/jetson/p4p/build/tm_msgs': CMAKE_PREFIX_PATH=/opt/ros/foxy /usr/bin/cmake /home/jetson/p4p/tmr_ros2/tm_msgs -DCMAKE_INSTALL_PREFIX=/home/jetson/p4p/install/tm_msgs
[1.386s] -- The C compiler identification is GNU 9.4.0
[1.387s] -- The CXX compiler identification is GNU 9.4.0
[1.387s] -- Check for working C compiler: /usr/bin/cc
[1.531s] -- Check for working C compiler: /usr/bin/cc -- works
[1.548s] -- Detecting C compiler ABI info
[1.933s] -- Detecting C compiler ABI info - done
[2.006s] -- Detecting C compile features
[2.007s] -- Detecting C compile features - done
[2.027s] -- Check for working CXX compiler: /usr/bin/c++
[2.460s] -- Check for working CXX compiler: /usr/bin/c++ -- works
[2.465s] -- Detecting CXX compiler ABI info
[2.889s] -- Detecting CXX compiler ABI info - done
[2.964s] -- Detecting CXX compile features
[2.967s] -- Detecting CXX compile features - done
[2.979s] -- Found ament_cmake: 0.9.12 (/opt/ros/foxy/share/ament_cmake/cmake)
[3.090s] -- Found PythonInterp: /usr/bin/python3 (found suitable version "3.8.10", minimum required is "3") 
[3.091s] -- Using PYTHON_EXECUTABLE: /usr/bin/python3
[4.083s] -- Found std_msgs: 2.0.5 (/opt/ros/foxy/share/std_msgs/cmake)
[4.214s] -- Using all available rosidl_typesupport_c: rosidl_typesupport_fastrtps_c;rosidl_typesupport_introspection_c
[4.249s] -- Found rosidl_adapter: 1.3.1 (/opt/ros/foxy/share/rosidl_adapter/cmake)
[4.724s] -- Found OpenSSL: /usr/lib/aarch64-linux-gnu/libcrypto.so (found version "1.1.1f")  
[4.877s] -- Found FastRTPS: /opt/ros/foxy/include  
[5.322s] -- Using all available rosidl_typesupport_cpp: rosidl_typesupport_fastrtps_cpp;rosidl_typesupport_introspection_cpp
[5.615s] -- Found rosidl_default_generators: 1.0.1 (/opt/ros/foxy/share/rosidl_default_generators/cmake)
[5.790s] -- Found PythonInterp: /usr/bin/python3 (found version "3.8.10") 
[6.991s] -- Found ament_cmake_ros: 0.9.2 (/opt/ros/foxy/share/ament_cmake_ros/cmake)
[7.984s] -- Using all available rosidl_typesupport_c: rosidl_typesupport_fastrtps_c;rosidl_typesupport_introspection_c
[8.438s] -- Using all available rosidl_typesupport_cpp: rosidl_typesupport_fastrtps_cpp;rosidl_typesupport_introspection_cpp
[8.565s] -- Found PythonInterp: /usr/bin/python3 (found suitable version "3.8.10", minimum required is "3.5") 
[8.572s] -- Found python_cmake_module: 0.8.1 (/opt/ros/foxy/share/python_cmake_module/cmake)
[8.697s] -- Found PythonLibs: /usr/lib/aarch64-linux-gnu/libpython3.8.so (found suitable version "3.8.10", minimum required is "3.5") 
[8.699s] -- Using PYTHON_EXECUTABLE: /usr/bin/python3
[8.700s] -- Using PYTHON_INCLUDE_DIRS: /usr/include/python3.8
[8.701s] -- Using PYTHON_LIBRARIES: /usr/lib/aarch64-linux-gnu/libpython3.8.so
[8.857s] -- Found PythonExtra: .so  
[9.340s] -- Configuring done
[9.770s] -- Generating done
[9.789s] -- Build files have been written to: /home/jetson/p4p/build/tm_msgs
[9.851s] Invoked command in '/home/jetson/p4p/build/tm_msgs' returned '0': CMAKE_PREFIX_PATH=/opt/ros/foxy /usr/bin/cmake /home/jetson/p4p/tmr_ros2/tm_msgs -DCMAKE_INSTALL_PREFIX=/home/jetson/p4p/install/tm_msgs
[9.870s] Invoking command in '/home/jetson/p4p/build/tm_msgs': CMAKE_PREFIX_PATH=/opt/ros/foxy /usr/bin/cmake --build /home/jetson/p4p/build/tm_msgs -- -j4 -l4
[10.244s] [  1%] [34m[1mGenerating C code for ROS interfaces[0m
[10.290s] [35m[1mScanning dependencies of target tm_msgs__cpp[0m
[10.401s] [  1%] [34m[1mGenerating C++ code for ROS interfaces[0m
[21.316s] [35m[1mScanning dependencies of target tm_msgs__rosidl_generator_c[0m
[21.518s] [  2%] [32mBuilding C object CMakeFiles/tm_msgs__rosidl_generator_c.dir/rosidl_generator_c/tm_msgs/msg/detail/feedback_state__functions.c.o[0m
[21.692s] [  3%] [32mBuilding C object CMakeFiles/tm_msgs__rosidl_generator_c.dir/rosidl_generator_c/tm_msgs/msg/detail/svr_response__functions.c.o[0m
[22.191s] [  4%] [32mBuilding C object CMakeFiles/tm_msgs__rosidl_generator_c.dir/rosidl_generator_c/tm_msgs/msg/detail/sta_response__functions.c.o[0m
[22.197s] [  4%] [32mBuilding C object CMakeFiles/tm_msgs__rosidl_generator_c.dir/rosidl_generator_c/tm_msgs/msg/detail/sct_response__functions.c.o[0m
[22.332s] [  4%] Built target tm_msgs__cpp
[22.389s] [  5%] [32mBuilding C object CMakeFiles/tm_msgs__rosidl_generator_c.dir/rosidl_generator_c/tm_msgs/srv/detail/connect_tm__functions.c.o[0m
[22.440s] [  6%] [32mBuilding C object CMakeFiles/tm_msgs__rosidl_generator_c.dir/rosidl_generator_c/tm_msgs/srv/detail/write_item__functions.c.o[0m
[22.641s] [  7%] [32mBuilding C object CMakeFiles/tm_msgs__rosidl_generator_c.dir/rosidl_generator_c/tm_msgs/srv/detail/ask_item__functions.c.o[0m
[22.712s] [  8%] [32mBuilding C object CMakeFiles/tm_msgs__rosidl_generator_c.dir/rosidl_generator_c/tm_msgs/srv/detail/send_script__functions.c.o[0m
[22.969s] [  9%] [32mBuilding C object CMakeFiles/tm_msgs__rosidl_generator_c.dir/rosidl_generator_c/tm_msgs/srv/detail/set_event__functions.c.o[0m
[23.189s] [  9%] [32mBuilding C object CMakeFiles/tm_msgs__rosidl_generator_c.dir/rosidl_generator_c/tm_msgs/srv/detail/set_io__functions.c.o[0m
[23.200s] [ 10%] [32mBuilding C object CMakeFiles/tm_msgs__rosidl_generator_c.dir/rosidl_generator_c/tm_msgs/srv/detail/set_positions__functions.c.o[0m
[23.236s] [ 11%] [32mBuilding C object CMakeFiles/tm_msgs__rosidl_generator_c.dir/rosidl_generator_c/tm_msgs/srv/detail/ask_sta__functions.c.o[0m
[23.518s] [ 11%] [34m[1mGenerating C++ type support for eProsima Fast-RTPS[0m
[23.761s] [ 12%] [32m[1mLinking C shared library libtm_msgs__rosidl_generator_c.so[0m
[23.776s] [ 13%] [34m[1mGenerating C++ introspection for ROS interfaces[0m
[23.789s] [ 14%] [34m[1mGenerating C++ type support dispatch for ROS interfaces[0m
[24.197s] [ 14%] Built target tm_msgs__rosidl_generator_c
[24.385s] [ 15%] [34m[1mGenerating C type support dispatch for ROS interfaces[0m
[33.511s] [35m[1mScanning dependencies of target tm_msgs__rosidl_typesupport_c[0m
[33.745s] [ 16%] [32mBuilding CXX object CMakeFiles/tm_msgs__rosidl_typesupport_c.dir/rosidl_typesupport_c/tm_msgs/msg/feedback_state__type_support.cpp.o[0m
[33.748s] [35m[1mScanning dependencies of target tm_msgs__rosidl_typesupport_cpp[0m
[33.948s] [ 17%] [32mBuilding CXX object CMakeFiles/tm_msgs__rosidl_typesupport_cpp.dir/rosidl_typesupport_cpp/tm_msgs/msg/feedback_state__type_support.cpp.o[0m
[34.070s] [ 17%] [32mBuilding CXX object CMakeFiles/tm_msgs__rosidl_typesupport_c.dir/rosidl_typesupport_c/tm_msgs/msg/svr_response__type_support.cpp.o[0m
[34.471s] [ 18%] [32mBuilding CXX object CMakeFiles/tm_msgs__rosidl_typesupport_c.dir/rosidl_typesupport_c/tm_msgs/msg/sct_response__type_support.cpp.o[0m
[34.833s] [ 19%] [32mBuilding CXX object CMakeFiles/tm_msgs__rosidl_typesupport_c.dir/rosidl_typesupport_c/tm_msgs/msg/sta_response__type_support.cpp.o[0m
[35.230s] [ 20%] [32mBuilding CXX object CMakeFiles/tm_msgs__rosidl_typesupport_c.dir/rosidl_typesupport_c/tm_msgs/srv/connect_tm__type_support.cpp.o[0m
[35.530s] [ 21%] [32mBuilding CXX object CMakeFiles/tm_msgs__rosidl_typesupport_c.dir/rosidl_typesupport_c/tm_msgs/srv/write_item__type_support.cpp.o[0m
[35.789s] [35m[1mScanning dependencies of target tm_msgs__rosidl_typesupport_introspection_cpp[0m
[35.826s] [ 22%] [32mBuilding CXX object CMakeFiles/tm_msgs__rosidl_typesupport_c.dir/rosidl_typesupport_c/tm_msgs/srv/ask_item__type_support.cpp.o[0m
[36.015s] [35m[1mScanning dependencies of target tm_msgs__rosidl_typesupport_fastrtps_cpp[0m
[36.045s] [ 22%] [32mBuilding CXX object CMakeFiles/tm_msgs__rosidl_typesupport_introspection_cpp.dir/rosidl_typesupport_introspection_cpp/tm_msgs/msg/detail/feedback_state__type_support.cpp.o[0m
[36.168s] [ 22%] [32mBuilding CXX object CMakeFiles/tm_msgs__rosidl_typesupport_c.dir/rosidl_typesupport_c/tm_msgs/srv/send_script__type_support.cpp.o[0m
[36.371s] [ 23%] [32mBuilding CXX object CMakeFiles/tm_msgs__rosidl_typesupport_fastrtps_cpp.dir/rosidl_typesupport_fastrtps_cpp/tm_msgs/msg/detail/dds_fastrtps/feedback_state__type_support.cpp.o[0m
[36.502s] [ 24%] [32mBuilding CXX object CMakeFiles/tm_msgs__rosidl_typesupport_c.dir/rosidl_typesupport_c/tm_msgs/srv/set_event__type_support.cpp.o[0m
[36.521s] [ 25%] [32mBuilding CXX object CMakeFiles/tm_msgs__rosidl_typesupport_cpp.dir/rosidl_typesupport_cpp/tm_msgs/msg/svr_response__type_support.cpp.o[0m
[36.826s] [ 26%] [32mBuilding CXX object CMakeFiles/tm_msgs__rosidl_typesupport_c.dir/rosidl_typesupport_c/tm_msgs/srv/set_io__type_support.cpp.o[0m
[37.219s] [ 27%] [32mBuilding CXX object CMakeFiles/tm_msgs__rosidl_typesupport_c.dir/rosidl_typesupport_c/tm_msgs/srv/set_positions__type_support.cpp.o[0m
[37.528s] [ 28%] [32mBuilding CXX object CMakeFiles/tm_msgs__rosidl_typesupport_c.dir/rosidl_typesupport_c/tm_msgs/srv/ask_sta__type_support.cpp.o[0m
[37.904s] [ 29%] [32m[1mLinking CXX shared library libtm_msgs__rosidl_typesupport_c.so[0m
[38.372s] [ 29%] Built target tm_msgs__rosidl_typesupport_c
[38.918s] [ 30%] [32mBuilding CXX object CMakeFiles/tm_msgs__rosidl_typesupport_cpp.dir/rosidl_typesupport_cpp/tm_msgs/msg/sct_response__type_support.cpp.o[0m
[39.322s] [ 31%] [32mBuilding CXX object CMakeFiles/tm_msgs__rosidl_typesupport_introspection_cpp.dir/rosidl_typesupport_introspection_cpp/tm_msgs/msg/detail/svr_response__type_support.cpp.o[0m
[40.587s] [ 32%] [32mBuilding CXX object CMakeFiles/tm_msgs__rosidl_typesupport_fastrtps_cpp.dir/rosidl_typesupport_fastrtps_cpp/tm_msgs/msg/detail/dds_fastrtps/svr_response__type_support.cpp.o[0m
[41.179s] [ 33%] [32mBuilding CXX object CMakeFiles/tm_msgs__rosidl_typesupport_cpp.dir/rosidl_typesupport_cpp/tm_msgs/msg/sta_response__type_support.cpp.o[0m
[41.233s] [ 34%] [32mBuilding CXX object CMakeFiles/tm_msgs__rosidl_typesupport_introspection_cpp.dir/rosidl_typesupport_introspection_cpp/tm_msgs/msg/detail/sct_response__type_support.cpp.o[0m
[43.471s] [ 34%] [32mBuilding CXX object CMakeFiles/tm_msgs__rosidl_typesupport_cpp.dir/rosidl_typesupport_cpp/tm_msgs/srv/connect_tm__type_support.cpp.o[0m
[43.529s] [ 35%] [32mBuilding CXX object CMakeFiles/tm_msgs__rosidl_typesupport_introspection_cpp.dir/rosidl_typesupport_introspection_cpp/tm_msgs/msg/detail/sta_response__type_support.cpp.o[0m
[43.707s] [ 36%] [32mBuilding CXX object CMakeFiles/tm_msgs__rosidl_typesupport_fastrtps_cpp.dir/rosidl_typesupport_fastrtps_cpp/tm_msgs/msg/detail/dds_fastrtps/sct_response__type_support.cpp.o[0m
[45.338s] [ 37%] [32mBuilding CXX object CMakeFiles/tm_msgs__rosidl_typesupport_introspection_cpp.dir/rosidl_typesupport_introspection_cpp/tm_msgs/srv/detail/connect_tm__type_support.cpp.o[0m
[45.501s] [ 38%] [32mBuilding CXX object CMakeFiles/tm_msgs__rosidl_typesupport_cpp.dir/rosidl_typesupport_cpp/tm_msgs/srv/write_item__type_support.cpp.o[0m
[46.499s] [ 39%] [32mBuilding CXX object CMakeFiles/tm_msgs__rosidl_typesupport_fastrtps_cpp.dir/rosidl_typesupport_fastrtps_cpp/tm_msgs/msg/detail/dds_fastrtps/sta_response__type_support.cpp.o[0m
[47.105s] [ 40%] [32mBuilding CXX object CMakeFiles/tm_msgs__rosidl_typesupport_introspection_cpp.dir/rosidl_typesupport_introspection_cpp/tm_msgs/srv/detail/write_item__type_support.cpp.o[0m
[47.165s] [ 41%] [32mBuilding CXX object CMakeFiles/tm_msgs__rosidl_typesupport_cpp.dir/rosidl_typesupport_cpp/tm_msgs/srv/ask_item__type_support.cpp.o[0m
[48.921s] [ 42%] [32mBuilding CXX object CMakeFiles/tm_msgs__rosidl_typesupport_cpp.dir/rosidl_typesupport_cpp/tm_msgs/srv/send_script__type_support.cpp.o[0m
[48.930s] [ 42%] [32mBuilding CXX object CMakeFiles/tm_msgs__rosidl_typesupport_introspection_cpp.dir/rosidl_typesupport_introspection_cpp/tm_msgs/srv/detail/ask_item__type_support.cpp.o[0m
[49.233s] [ 43%] [32mBuilding CXX object CMakeFiles/tm_msgs__rosidl_typesupport_fastrtps_cpp.dir/rosidl_typesupport_fastrtps_cpp/tm_msgs/srv/detail/dds_fastrtps/connect_tm__type_support.cpp.o[0m
[50.427s] [ 44%] [32mBuilding CXX object CMakeFiles/tm_msgs__rosidl_typesupport_introspection_cpp.dir/rosidl_typesupport_introspection_cpp/tm_msgs/srv/detail/send_script__type_support.cpp.o[0m
[50.590s] [ 45%] [32mBuilding CXX object CMakeFiles/tm_msgs__rosidl_typesupport_cpp.dir/rosidl_typesupport_cpp/tm_msgs/srv/set_event__type_support.cpp.o[0m
[51.255s] [ 45%] [32mBuilding CXX object CMakeFiles/tm_msgs__rosidl_typesupport_fastrtps_cpp.dir/rosidl_typesupport_fastrtps_cpp/tm_msgs/srv/detail/dds_fastrtps/write_item__type_support.cpp.o[0m
[51.806s] [ 46%] [32mBuilding CXX object CMakeFiles/tm_msgs__rosidl_typesupport_introspection_cpp.dir/rosidl_typesupport_introspection_cpp/tm_msgs/srv/detail/set_event__type_support.cpp.o[0m
[52.242s] [ 47%] [32mBuilding CXX object CMakeFiles/tm_msgs__rosidl_typesupport_cpp.dir/rosidl_typesupport_cpp/tm_msgs/srv/set_io__type_support.cpp.o[0m
[53.273s] [ 49%] [32mBuilding CXX object CMakeFiles/tm_msgs__rosidl_typesupport_fastrtps_cpp.dir/rosidl_typesupport_fastrtps_cpp/tm_msgs/srv/detail/dds_fastrtps/ask_item__type_support.cpp.o[0m
[53.274s] [ 49%] [32mBuilding CXX object CMakeFiles/tm_msgs__rosidl_typesupport_introspection_cpp.dir/rosidl_typesupport_introspection_cpp/tm_msgs/srv/detail/set_io__type_support.cpp.o[0m
[53.759s] [ 49%] [32mBuilding CXX object CMakeFiles/tm_msgs__rosidl_typesupport_cpp.dir/rosidl_typesupport_cpp/tm_msgs/srv/set_positions__type_support.cpp.o[0m
[54.664s] [ 50%] [32mBuilding CXX object CMakeFiles/tm_msgs__rosidl_typesupport_introspection_cpp.dir/rosidl_typesupport_introspection_cpp/tm_msgs/srv/detail/set_positions__type_support.cpp.o[0m
[55.313s] [ 51%] [32mBuilding CXX object CMakeFiles/tm_msgs__rosidl_typesupport_cpp.dir/rosidl_typesupport_cpp/tm_msgs/srv/ask_sta__type_support.cpp.o[0m
[55.398s] [ 52%] [32mBuilding CXX object CMakeFiles/tm_msgs__rosidl_typesupport_fastrtps_cpp.dir/rosidl_typesupport_fastrtps_cpp/tm_msgs/srv/detail/dds_fastrtps/send_script__type_support.cpp.o[0m
[56.261s] [ 53%] [32mBuilding CXX object CMakeFiles/tm_msgs__rosidl_typesupport_introspection_cpp.dir/rosidl_typesupport_introspection_cpp/tm_msgs/srv/detail/ask_sta__type_support.cpp.o[0m
[56.924s] [ 54%] [32m[1mLinking CXX shared library libtm_msgs__rosidl_typesupport_cpp.so[0m
[57.180s] [ 54%] Built target tm_msgs__rosidl_typesupport_cpp
[57.406s] [ 55%] [32mBuilding CXX object CMakeFiles/tm_msgs__rosidl_typesupport_fastrtps_cpp.dir/rosidl_typesupport_fastrtps_cpp/tm_msgs/srv/detail/dds_fastrtps/set_event__type_support.cpp.o[0m
[57.732s] [ 56%] [32m[1mLinking CXX shared library libtm_msgs__rosidl_typesupport_introspection_cpp.so[0m
[58.095s] [ 56%] Built target tm_msgs__rosidl_typesupport_introspection_cpp
[59.513s] [ 57%] [32mBuilding CXX object CMakeFiles/tm_msgs__rosidl_typesupport_fastrtps_cpp.dir/rosidl_typesupport_fastrtps_cpp/tm_msgs/srv/detail/dds_fastrtps/set_positions__type_support.cpp.o[0m
[61.727s] [ 57%] [32mBuilding CXX object CMakeFiles/tm_msgs__rosidl_typesupport_fastrtps_cpp.dir/rosidl_typesupport_fastrtps_cpp/tm_msgs/srv/detail/dds_fastrtps/ask_sta__type_support.cpp.o[0m
[63.697s] [ 58%] [32mBuilding CXX object CMakeFiles/tm_msgs__rosidl_typesupport_fastrtps_cpp.dir/rosidl_typesupport_fastrtps_cpp/tm_msgs/srv/detail/dds_fastrtps/set_io__type_support.cpp.o[0m
[65.588s] [ 59%] [32m[1mLinking CXX shared library libtm_msgs__rosidl_typesupport_fastrtps_cpp.so[0m
[66.003s] [ 59%] Built target tm_msgs__rosidl_typesupport_fastrtps_cpp
[66.055s] [ 60%] [34m[1mGenerating C introspection for ROS interfaces[0m
[71.096s] [35m[1mScanning dependencies of target tm_msgs__rosidl_typesupport_introspection_c[0m
[71.207s] [ 61%] [32mBuilding C object CMakeFiles/tm_msgs__rosidl_typesupport_introspection_c.dir/rosidl_typesupport_introspection_c/tm_msgs/msg/detail/feedback_state__type_support.c.o[0m
[71.413s] [ 62%] [32mBuilding C object CMakeFiles/tm_msgs__rosidl_typesupport_introspection_c.dir/rosidl_typesupport_introspection_c/tm_msgs/msg/detail/sct_response__type_support.c.o[0m
[71.597s] [ 62%] [32mBuilding C object CMakeFiles/tm_msgs__rosidl_typesupport_introspection_c.dir/rosidl_typesupport_introspection_c/tm_msgs/msg/detail/sta_response__type_support.c.o[0m
[71.783s] [ 63%] [32mBuilding C object CMakeFiles/tm_msgs__rosidl_typesupport_introspection_c.dir/rosidl_typesupport_introspection_c/tm_msgs/srv/detail/connect_tm__type_support.c.o[0m
[71.974s] [ 64%] [32mBuilding C object CMakeFiles/tm_msgs__rosidl_typesupport_introspection_c.dir/rosidl_typesupport_introspection_c/tm_msgs/srv/detail/write_item__type_support.c.o[0m
[72.167s] [ 65%] [32mBuilding C object CMakeFiles/tm_msgs__rosidl_typesupport_introspection_c.dir/rosidl_typesupport_introspection_c/tm_msgs/srv/detail/ask_item__type_support.c.o[0m
[72.361s] [ 66%] [32mBuilding C object CMakeFiles/tm_msgs__rosidl_typesupport_introspection_c.dir/rosidl_typesupport_introspection_c/tm_msgs/srv/detail/send_script__type_support.c.o[0m
[72.555s] [ 67%] [32mBuilding C object CMakeFiles/tm_msgs__rosidl_typesupport_introspection_c.dir/rosidl_typesupport_introspection_c/tm_msgs/srv/detail/set_event__type_support.c.o[0m
[72.748s] [ 68%] [32mBuilding C object CMakeFiles/tm_msgs__rosidl_typesupport_introspection_c.dir/rosidl_typesupport_introspection_c/tm_msgs/srv/detail/set_io__type_support.c.o[0m
[73.040s] [ 68%] [32mBuilding C object CMakeFiles/tm_msgs__rosidl_typesupport_introspection_c.dir/rosidl_typesupport_introspection_c/tm_msgs/srv/detail/set_positions__type_support.c.o[0m
[73.240s] [ 69%] [32mBuilding C object CMakeFiles/tm_msgs__rosidl_typesupport_introspection_c.dir/rosidl_typesupport_introspection_c/tm_msgs/srv/detail/ask_sta__type_support.c.o[0m
[73.433s] [ 70%] [32mBuilding C object CMakeFiles/tm_msgs__rosidl_typesupport_introspection_c.dir/rosidl_typesupport_introspection_c/tm_msgs/msg/detail/svr_response__type_support.c.o[0m
[73.614s] [ 71%] [32m[1mLinking C shared library libtm_msgs__rosidl_typesupport_introspection_c.so[0m
[73.784s] [ 71%] Built target tm_msgs__rosidl_typesupport_introspection_c
[73.834s] [ 72%] [34m[1mGenerating C type support for eProsima Fast-RTPS[0m
[78.675s] [35m[1mScanning dependencies of target tm_msgs__rosidl_typesupport_fastrtps_c[0m
[78.871s] [ 73%] [32mBuilding CXX object CMakeFiles/tm_msgs__rosidl_typesupport_fastrtps_c.dir/rosidl_typesupport_fastrtps_c/tm_msgs/msg/detail/feedback_state__type_support_c.cpp.o[0m
[78.875s] [ 74%] [32mBuilding CXX object CMakeFiles/tm_msgs__rosidl_typesupport_fastrtps_c.dir/rosidl_typesupport_fastrtps_c/tm_msgs/msg/detail/svr_response__type_support_c.cpp.o[0m
[79.922s] [ 75%] [32mBuilding CXX object CMakeFiles/tm_msgs__rosidl_typesupport_fastrtps_c.dir/rosidl_typesupport_fastrtps_c/tm_msgs/msg/detail/sta_response__type_support_c.cpp.o[0m
[80.559s] [ 75%] [32mBuilding CXX object CMakeFiles/tm_msgs__rosidl_typesupport_fastrtps_c.dir/rosidl_typesupport_fastrtps_c/tm_msgs/msg/detail/sct_response__type_support_c.cpp.o[0m
[80.744s] [ 76%] [32mBuilding CXX object CMakeFiles/tm_msgs__rosidl_typesupport_fastrtps_c.dir/rosidl_typesupport_fastrtps_c/tm_msgs/srv/detail/connect_tm__type_support_c.cpp.o[0m
[81.852s] [ 77%] [32mBuilding CXX object CMakeFiles/tm_msgs__rosidl_typesupport_fastrtps_c.dir/rosidl_typesupport_fastrtps_c/tm_msgs/srv/detail/write_item__type_support_c.cpp.o[0m
[81.855s] [ 78%] [32mBuilding CXX object CMakeFiles/tm_msgs__rosidl_typesupport_fastrtps_c.dir/rosidl_typesupport_fastrtps_c/tm_msgs/srv/detail/ask_item__type_support_c.cpp.o[0m
[82.340s] [ 79%] [32mBuilding CXX object CMakeFiles/tm_msgs__rosidl_typesupport_fastrtps_c.dir/rosidl_typesupport_fastrtps_c/tm_msgs/srv/detail/send_script__type_support_c.cpp.o[0m
[82.718s] [ 79%] [32mBuilding CXX object CMakeFiles/tm_msgs__rosidl_typesupport_fastrtps_c.dir/rosidl_typesupport_fastrtps_c/tm_msgs/srv/detail/set_event__type_support_c.cpp.o[0m
[84.037s] [ 80%] [32mBuilding CXX object CMakeFiles/tm_msgs__rosidl_typesupport_fastrtps_c.dir/rosidl_typesupport_fastrtps_c/tm_msgs/srv/detail/set_io__type_support_c.cpp.o[0m
[84.098s] [ 81%] [32mBuilding CXX object CMakeFiles/tm_msgs__rosidl_typesupport_fastrtps_c.dir/rosidl_typesupport_fastrtps_c/tm_msgs/srv/detail/set_positions__type_support_c.cpp.o[0m
[84.773s] [ 82%] [32mBuilding CXX object CMakeFiles/tm_msgs__rosidl_typesupport_fastrtps_c.dir/rosidl_typesupport_fastrtps_c/tm_msgs/srv/detail/ask_sta__type_support_c.cpp.o[0m
[86.533s] [ 83%] [32m[1mLinking CXX shared library libtm_msgs__rosidl_typesupport_fastrtps_c.so[0m
[86.892s] [ 83%] Built target tm_msgs__rosidl_typesupport_fastrtps_c
[86.935s] [35m[1mScanning dependencies of target tm_msgs[0m
[86.979s] [ 83%] Built target tm_msgs
[87.026s] [35m[1mScanning dependencies of target tm_msgs__py[0m
[87.073s] [ 84%] [34m[1mGenerating Python code for ROS interfaces[0m
[101.225s] [ 84%] Built target tm_msgs__py
[101.270s] [35m[1mScanning dependencies of target tm_msgs__python[0m
[101.509s] [ 85%] [32mBuilding C object CMakeFiles/tm_msgs__python.dir/rosidl_generator_py/tm_msgs/msg/_feedback_state_s.c.o[0m
[102.770s] [ 86%] [32mBuilding C object CMakeFiles/tm_msgs__python.dir/rosidl_generator_py/tm_msgs/msg/_sta_response_s.c.o[0m
[103.240s] [ 86%] [32mBuilding C object CMakeFiles/tm_msgs__python.dir/rosidl_generator_py/tm_msgs/srv/_connect_tm_s.c.o[0m
[103.724s] [ 87%] [32mBuilding C object CMakeFiles/tm_msgs__python.dir/rosidl_generator_py/tm_msgs/srv/_write_item_s.c.o[0m
[104.188s] [ 88%] [32mBuilding C object CMakeFiles/tm_msgs__python.dir/rosidl_generator_py/tm_msgs/srv/_ask_item_s.c.o[0m
[104.654s] [ 89%] [32mBuilding C object CMakeFiles/tm_msgs__python.dir/rosidl_generator_py/tm_msgs/srv/_send_script_s.c.o[0m
[105.101s] [ 90%] [32mBuilding C object CMakeFiles/tm_msgs__python.dir/rosidl_generator_py/tm_msgs/srv/_set_event_s.c.o[0m
[105.546s] [ 91%] [32mBuilding C object CMakeFiles/tm_msgs__python.dir/rosidl_generator_py/tm_msgs/srv/_set_io_s.c.o[0m
[105.987s] [ 91%] [32mBuilding C object CMakeFiles/tm_msgs__python.dir/rosidl_generator_py/tm_msgs/srv/_set_positions_s.c.o[0m
[106.488s] [ 92%] [32mBuilding C object CMakeFiles/tm_msgs__python.dir/rosidl_generator_py/tm_msgs/srv/_ask_sta_s.c.o[0m
[106.949s] [ 93%] [32mBuilding C object CMakeFiles/tm_msgs__python.dir/rosidl_generator_py/tm_msgs/msg/_sct_response_s.c.o[0m
[107.366s] [ 94%] [32mBuilding C object CMakeFiles/tm_msgs__python.dir/rosidl_generator_py/tm_msgs/msg/_svr_response_s.c.o[0m
[107.794s] [ 95%] [32m[1mLinking C shared library rosidl_generator_py/tm_msgs/libtm_msgs__python.so[0m
[108.007s] [ 95%] Built target tm_msgs__python
[108.050s] [35m[1mScanning dependencies of target tm_msgs__rosidl_typesupport_c__pyext[0m
[108.153s] [ 95%] [32mBuilding C object CMakeFiles/tm_msgs__rosidl_typesupport_c__pyext.dir/rosidl_generator_py/tm_msgs/_tm_msgs_s.ep.rosidl_typesupport_c.c.o[0m
[108.823s] [ 96%] [32m[1mLinking C shared library rosidl_generator_py/tm_msgs/tm_msgs_s__rosidl_typesupport_c.cpython-38-aarch64-linux-gnu.so[0m
[108.991s] [ 96%] Built target tm_msgs__rosidl_typesupport_c__pyext
[109.037s] [35m[1mScanning dependencies of target tm_msgs__rosidl_typesupport_fastrtps_c__pyext[0m
[109.149s] [ 97%] [32mBuilding C object CMakeFiles/tm_msgs__rosidl_typesupport_fastrtps_c__pyext.dir/rosidl_generator_py/tm_msgs/_tm_msgs_s.ep.rosidl_typesupport_fastrtps_c.c.o[0m
[109.829s] [ 98%] [32m[1mLinking CXX shared library rosidl_generator_py/tm_msgs/tm_msgs_s__rosidl_typesupport_fastrtps_c.cpython-38-aarch64-linux-gnu.so[0m
[110.106s] [ 98%] Built target tm_msgs__rosidl_typesupport_fastrtps_c__pyext
[110.149s] [35m[1mScanning dependencies of target tm_msgs__rosidl_typesupport_introspection_c__pyext[0m
[110.253s] [ 99%] [32mBuilding C object CMakeFiles/tm_msgs__rosidl_typesupport_introspection_c__pyext.dir/rosidl_generator_py/tm_msgs/_tm_msgs_s.ep.rosidl_typesupport_introspection_c.c.o[0m
[110.903s] [100%] [32m[1mLinking C shared library rosidl_generator_py/tm_msgs/tm_msgs_s__rosidl_typesupport_introspection_c.cpython-38-aarch64-linux-gnu.so[0m
[111.072s] [100%] Built target tm_msgs__rosidl_typesupport_introspection_c__pyext
[111.127s] Invoked command in '/home/jetson/p4p/build/tm_msgs' returned '0': CMAKE_PREFIX_PATH=/opt/ros/foxy /usr/bin/cmake --build /home/jetson/p4p/build/tm_msgs -- -j4 -l4
[112.189s] Invoking command in '/home/jetson/p4p/build/tm_msgs': CMAKE_PREFIX_PATH=/opt/ros/foxy /usr/bin/cmake --install /home/jetson/p4p/build/tm_msgs
[112.224s] -- Install configuration: ""
[112.225s] -- Installing: /home/jetson/p4p/install/tm_msgs/share/ament_index/resource_index/rosidl_interfaces/tm_msgs
[112.226s] -- Installing: /home/jetson/p4p/install/tm_msgs/include/tm_msgs
[112.226s] -- Installing: /home/jetson/p4p/install/tm_msgs/include/tm_msgs/srv
[112.227s] -- Installing: /home/jetson/p4p/install/tm_msgs/include/tm_msgs/srv/write_item.h
[112.227s] -- Installing: /home/jetson/p4p/install/tm_msgs/include/tm_msgs/srv/set_event.h
[112.228s] -- Installing: /home/jetson/p4p/install/tm_msgs/include/tm_msgs/srv/connect_tm.h
[112.228s] -- Installing: /home/jetson/p4p/install/tm_msgs/include/tm_msgs/srv/ask_sta.h
[112.229s] -- Installing: /home/jetson/p4p/install/tm_msgs/include/tm_msgs/srv/detail
[112.229s] -- Installing: /home/jetson/p4p/install/tm_msgs/include/tm_msgs/srv/detail/send_script__type_support.h
[112.230s] -- Installing: /home/jetson/p4p/install/tm_msgs/include/tm_msgs/srv/detail/set_io__functions.h
[112.231s] -- Installing: /home/jetson/p4p/install/tm_msgs/include/tm_msgs/srv/detail/ask_sta__functions.c
[112.231s] -- Installing: /home/jetson/p4p/install/tm_msgs/include/tm_msgs/srv/detail/set_event__functions.c
[112.232s] -- Installing: /home/jetson/p4p/install/tm_msgs/include/tm_msgs/srv/detail/write_item__type_support.h
[112.233s] -- Installing: /home/jetson/p4p/install/tm_msgs/include/tm_msgs/srv/detail/set_io__type_support.h
[112.233s] -- Installing: /home/jetson/p4p/install/tm_msgs/include/tm_msgs/srv/detail/send_script__functions.c
[112.234s] -- Installing: /home/jetson/p4p/install/tm_msgs/include/tm_msgs/srv/detail/send_script__functions.h
[112.235s] -- Installing: /home/jetson/p4p/install/tm_msgs/include/tm_msgs/srv/detail/set_event__type_support.h
[112.235s] -- Installing: /home/jetson/p4p/install/tm_msgs/include/tm_msgs/srv/detail/ask_item__functions.c
[112.236s] -- Installing: /home/jetson/p4p/install/tm_msgs/include/tm_msgs/srv/detail/ask_item__type_support.h
[112.237s] -- Installing: /home/jetson/p4p/install/tm_msgs/include/tm_msgs/srv/detail/write_item__functions.h
[112.239s] -- Installing: /home/jetson/p4p/install/tm_msgs/include/tm_msgs/srv/detail/connect_tm__struct.h
[112.240s] -- Installing: /home/jetson/p4p/install/tm_msgs/include/tm_msgs/srv/detail/ask_sta__struct.h
[112.240s] -- Installing: /home/jetson/p4p/install/tm_msgs/include/tm_msgs/srv/detail/connect_tm__type_support.h
[112.241s] -- Installing: /home/jetson/p4p/install/tm_msgs/include/tm_msgs/srv/detail/set_io__struct.h
[112.241s] -- Installing: /home/jetson/p4p/install/tm_msgs/include/tm_msgs/srv/detail/set_positions__type_support.h
[112.242s] -- Installing: /home/jetson/p4p/install/tm_msgs/include/tm_msgs/srv/detail/ask_item__struct.h
[112.242s] -- Installing: /home/jetson/p4p/install/tm_msgs/include/tm_msgs/srv/detail/ask_item__functions.h
[112.243s] -- Installing: /home/jetson/p4p/install/tm_msgs/include/tm_msgs/srv/detail/set_positions__functions.c
[112.243s] -- Installing: /home/jetson/p4p/install/tm_msgs/include/tm_msgs/srv/detail/set_event__functions.h
[112.243s] -- Installing: /home/jetson/p4p/install/tm_msgs/include/tm_msgs/srv/detail/send_script__struct.h
[112.244s] -- Installing: /home/jetson/p4p/install/tm_msgs/include/tm_msgs/srv/detail/set_event__struct.h
[112.244s] -- Installing: /home/jetson/p4p/install/tm_msgs/include/tm_msgs/srv/detail/set_positions__functions.h
[112.245s] -- Installing: /home/jetson/p4p/install/tm_msgs/include/tm_msgs/srv/detail/set_positions__struct.h
[112.246s] -- Installing: /home/jetson/p4p/install/tm_msgs/include/tm_msgs/srv/detail/write_item__struct.h
[112.246s] -- Installing: /home/jetson/p4p/install/tm_msgs/include/tm_msgs/srv/detail/ask_sta__type_support.h
[112.247s] -- Installing: /home/jetson/p4p/install/tm_msgs/include/tm_msgs/srv/detail/set_io__functions.c
[112.248s] -- Installing: /home/jetson/p4p/install/tm_msgs/include/tm_msgs/srv/detail/connect_tm__functions.h
[112.248s] -- Installing: /home/jetson/p4p/install/tm_msgs/include/tm_msgs/srv/detail/ask_sta__functions.h
[112.249s] -- Installing: /home/jetson/p4p/install/tm_msgs/include/tm_msgs/srv/detail/write_item__functions.c
[112.250s] -- Installing: /home/jetson/p4p/install/tm_msgs/include/tm_msgs/srv/detail/connect_tm__functions.c
[112.251s] -- Installing: /home/jetson/p4p/install/tm_msgs/include/tm_msgs/srv/ask_item.h
[112.252s] -- Installing: /home/jetson/p4p/install/tm_msgs/include/tm_msgs/srv/set_io.h
[112.252s] -- Installing: /home/jetson/p4p/install/tm_msgs/include/tm_msgs/srv/set_positions.h
[112.253s] -- Installing: /home/jetson/p4p/install/tm_msgs/include/tm_msgs/srv/send_script.h
[112.253s] -- Installing: /home/jetson/p4p/install/tm_msgs/include/tm_msgs/msg
[112.254s] -- Installing: /home/jetson/p4p/install/tm_msgs/include/tm_msgs/msg/feedback_state.h
[112.254s] -- Installing: /home/jetson/p4p/install/tm_msgs/include/tm_msgs/msg/svr_response.h
[112.255s] -- Installing: /home/jetson/p4p/install/tm_msgs/include/tm_msgs/msg/sct_response.h
[112.255s] -- Installing: /home/jetson/p4p/install/tm_msgs/include/tm_msgs/msg/detail
[112.256s] -- Installing: /home/jetson/p4p/install/tm_msgs/include/tm_msgs/msg/detail/sct_response__functions.c
[112.256s] -- Installing: /home/jetson/p4p/install/tm_msgs/include/tm_msgs/msg/detail/sct_response__functions.h
[112.257s] -- Installing: /home/jetson/p4p/install/tm_msgs/include/tm_msgs/msg/detail/sct_response__struct.h
[112.258s] -- Installing: /home/jetson/p4p/install/tm_msgs/include/tm_msgs/msg/detail/sta_response__functions.h
[112.258s] -- Installing: /home/jetson/p4p/install/tm_msgs/include/tm_msgs/msg/detail/sct_response__type_support.h
[112.259s] -- Installing: /home/jetson/p4p/install/tm_msgs/include/tm_msgs/msg/detail/feedback_state__functions.c
[112.260s] -- Installing: /home/jetson/p4p/install/tm_msgs/include/tm_msgs/msg/detail/sta_response__type_support.h
[112.260s] -- Installing: /home/jetson/p4p/install/tm_msgs/include/tm_msgs/msg/detail/sta_response__functions.c
[112.261s] -- Installing: /home/jetson/p4p/install/tm_msgs/include/tm_msgs/msg/detail/feedback_state__type_support.h
[112.261s] -- Installing: /home/jetson/p4p/install/tm_msgs/include/tm_msgs/msg/detail/svr_response__type_support.h
[112.262s] -- Installing: /home/jetson/p4p/install/tm_msgs/include/tm_msgs/msg/detail/svr_response__struct.h
[112.263s] -- Installing: /home/jetson/p4p/install/tm_msgs/include/tm_msgs/msg/detail/svr_response__functions.h
[112.264s] -- Installing: /home/jetson/p4p/install/tm_msgs/include/tm_msgs/msg/detail/svr_response__functions.c
[112.264s] -- Installing: /home/jetson/p4p/install/tm_msgs/include/tm_msgs/msg/detail/sta_response__struct.h
[112.265s] -- Installing: /home/jetson/p4p/install/tm_msgs/include/tm_msgs/msg/detail/feedback_state__functions.h
[112.265s] -- Installing: /home/jetson/p4p/install/tm_msgs/include/tm_msgs/msg/detail/feedback_state__struct.h
[112.266s] -- Installing: /home/jetson/p4p/install/tm_msgs/include/tm_msgs/msg/sta_response.h
[112.267s] -- Installing: /home/jetson/p4p/install/tm_msgs/include/tm_msgs/msg/rosidl_generator_c__visibility_control.h
[112.268s] -- Installing: /home/jetson/p4p/install/tm_msgs/share/tm_msgs/environment/library_path.sh
[112.269s] -- Installing: /home/jetson/p4p/install/tm_msgs/share/tm_msgs/environment/library_path.dsv
[112.270s] -- Installing: /home/jetson/p4p/install/tm_msgs/lib/libtm_msgs__rosidl_generator_c.so
[112.273s] -- Set runtime path of "/home/jetson/p4p/install/tm_msgs/lib/libtm_msgs__rosidl_generator_c.so" to ""
[112.274s] -- Up-to-date: /home/jetson/p4p/install/tm_msgs/include/tm_msgs
[112.274s] -- Up-to-date: /home/jetson/p4p/install/tm_msgs/include/tm_msgs/srv
[112.275s] -- Up-to-date: /home/jetson/p4p/install/tm_msgs/include/tm_msgs/srv/detail
[112.275s] -- Installing: /home/jetson/p4p/install/tm_msgs/include/tm_msgs/srv/detail/set_event__rosidl_typesupport_fastrtps_c.h
[112.276s] -- Installing: /home/jetson/p4p/install/tm_msgs/include/tm_msgs/srv/detail/ask_item__rosidl_typesupport_fastrtps_c.h
[112.276s] -- Installing: /home/jetson/p4p/install/tm_msgs/include/tm_msgs/srv/detail/send_script__rosidl_typesupport_fastrtps_c.h
[112.277s] -- Installing: /home/jetson/p4p/install/tm_msgs/include/tm_msgs/srv/detail/ask_sta__rosidl_typesupport_fastrtps_c.h
[112.277s] -- Installing: /home/jetson/p4p/install/tm_msgs/include/tm_msgs/srv/detail/set_io__rosidl_typesupport_fastrtps_c.h
[112.278s] -- Installing: /home/jetson/p4p/install/tm_msgs/include/tm_msgs/srv/detail/write_item__rosidl_typesupport_fastrtps_c.h
[112.278s] -- Installing: /home/jetson/p4p/install/tm_msgs/include/tm_msgs/srv/detail/set_positions__rosidl_typesupport_fastrtps_c.h
[112.279s] -- Installing: /home/jetson/p4p/install/tm_msgs/include/tm_msgs/srv/detail/connect_tm__rosidl_typesupport_fastrtps_c.h
[112.279s] -- Up-to-date: /home/jetson/p4p/install/tm_msgs/include/tm_msgs/msg
[112.280s] -- Up-to-date: /home/jetson/p4p/install/tm_msgs/include/tm_msgs/msg/detail
[112.280s] -- Installing: /home/jetson/p4p/install/tm_msgs/include/tm_msgs/msg/detail/feedback_state__rosidl_typesupport_fastrtps_c.h
[112.281s] -- Installing: /home/jetson/p4p/install/tm_msgs/include/tm_msgs/msg/detail/sct_response__rosidl_typesupport_fastrtps_c.h
[112.281s] -- Installing: /home/jetson/p4p/install/tm_msgs/include/tm_msgs/msg/detail/svr_response__rosidl_typesupport_fastrtps_c.h
[112.282s] -- Installing: /home/jetson/p4p/install/tm_msgs/include/tm_msgs/msg/detail/sta_response__rosidl_typesupport_fastrtps_c.h
[112.282s] -- Installing: /home/jetson/p4p/install/tm_msgs/include/tm_msgs/msg/rosidl_typesupport_fastrtps_c__visibility_control.h
[112.283s] -- Installing: /home/jetson/p4p/install/tm_msgs/lib/libtm_msgs__rosidl_typesupport_fastrtps_c.so
[112.287s] -- Set runtime path of "/home/jetson/p4p/install/tm_msgs/lib/libtm_msgs__rosidl_typesupport_fastrtps_c.so" to ""
[112.288s] -- Up-to-date: /home/jetson/p4p/install/tm_msgs/include/tm_msgs
[112.288s] -- Up-to-date: /home/jetson/p4p/install/tm_msgs/include/tm_msgs/srv
[112.288s] -- Up-to-date: /home/jetson/p4p/install/tm_msgs/include/tm_msgs/srv/detail
[112.289s] -- Installing: /home/jetson/p4p/install/tm_msgs/include/tm_msgs/srv/detail/write_item__rosidl_typesupport_fastrtps_cpp.hpp
[112.289s] -- Installing: /home/jetson/p4p/install/tm_msgs/include/tm_msgs/srv/detail/set_io__rosidl_typesupport_fastrtps_cpp.hpp
[112.290s] -- Installing: /home/jetson/p4p/install/tm_msgs/include/tm_msgs/srv/detail/send_script__rosidl_typesupport_fastrtps_cpp.hpp
[112.290s] -- Installing: /home/jetson/p4p/install/tm_msgs/include/tm_msgs/srv/detail/ask_item__rosidl_typesupport_fastrtps_cpp.hpp
[112.290s] -- Installing: /home/jetson/p4p/install/tm_msgs/include/tm_msgs/srv/detail/connect_tm__rosidl_typesupport_fastrtps_cpp.hpp
[112.291s] -- Installing: /home/jetson/p4p/install/tm_msgs/include/tm_msgs/srv/detail/ask_sta__rosidl_typesupport_fastrtps_cpp.hpp
[112.292s] -- Installing: /home/jetson/p4p/install/tm_msgs/include/tm_msgs/srv/detail/set_event__rosidl_typesupport_fastrtps_cpp.hpp
[112.292s] -- Installing: /home/jetson/p4p/install/tm_msgs/include/tm_msgs/srv/detail/set_positions__rosidl_typesupport_fastrtps_cpp.hpp
[112.293s] -- Installing: /home/jetson/p4p/install/tm_msgs/include/tm_msgs/srv/detail/dds_fastrtps
[112.294s] -- Up-to-date: /home/jetson/p4p/install/tm_msgs/include/tm_msgs/msg
[112.294s] -- Up-to-date: /home/jetson/p4p/install/tm_msgs/include/tm_msgs/msg/detail
[112.295s] -- Installing: /home/jetson/p4p/install/tm_msgs/include/tm_msgs/msg/detail/svr_response__rosidl_typesupport_fastrtps_cpp.hpp
[112.295s] -- Installing: /home/jetson/p4p/install/tm_msgs/include/tm_msgs/msg/detail/feedback_state__rosidl_typesupport_fastrtps_cpp.hpp
[112.295s] -- Installing: /home/jetson/p4p/install/tm_msgs/include/tm_msgs/msg/detail/sta_response__rosidl_typesupport_fastrtps_cpp.hpp
[112.296s] -- Installing: /home/jetson/p4p/install/tm_msgs/include/tm_msgs/msg/detail/sct_response__rosidl_typesupport_fastrtps_cpp.hpp
[112.296s] -- Installing: /home/jetson/p4p/install/tm_msgs/include/tm_msgs/msg/detail/dds_fastrtps
[112.297s] -- Installing: /home/jetson/p4p/install/tm_msgs/include/tm_msgs/msg/rosidl_typesupport_fastrtps_cpp__visibility_control.h
[112.298s] -- Installing: /home/jetson/p4p/install/tm_msgs/lib/libtm_msgs__rosidl_typesupport_fastrtps_cpp.so
[112.302s] -- Set runtime path of "/home/jetson/p4p/install/tm_msgs/lib/libtm_msgs__rosidl_typesupport_fastrtps_cpp.so" to ""
[112.303s] -- Up-to-date: /home/jetson/p4p/install/tm_msgs/include/tm_msgs
[112.303s] -- Up-to-date: /home/jetson/p4p/install/tm_msgs/include/tm_msgs/srv
[112.304s] -- Up-to-date: /home/jetson/p4p/install/tm_msgs/include/tm_msgs/srv/detail
[112.304s] -- Installing: /home/jetson/p4p/install/tm_msgs/include/tm_msgs/srv/detail/send_script__type_support.c
[112.305s] -- Installing: /home/jetson/p4p/install/tm_msgs/include/tm_msgs/srv/detail/connect_tm__rosidl_typesupport_introspection_c.h
[112.305s] -- Installing: /home/jetson/p4p/install/tm_msgs/include/tm_msgs/srv/detail/set_io__rosidl_typesupport_introspection_c.h
[112.306s] -- Installing: /home/jetson/p4p/install/tm_msgs/include/tm_msgs/srv/detail/ask_sta__rosidl_typesupport_introspection_c.h
[112.306s] -- Installing: /home/jetson/p4p/install/tm_msgs/include/tm_msgs/srv/detail/set_positions__rosidl_typesupport_introspection_c.h
[112.307s] -- Installing: /home/jetson/p4p/install/tm_msgs/include/tm_msgs/srv/detail/set_io__type_support.c
[112.307s] -- Installing: /home/jetson/p4p/install/tm_msgs/include/tm_msgs/srv/detail/ask_item__type_support.c
[112.308s] -- Installing: /home/jetson/p4p/install/tm_msgs/include/tm_msgs/srv/detail/connect_tm__type_support.c
[112.309s] -- Installing: /home/jetson/p4p/install/tm_msgs/include/tm_msgs/srv/detail/ask_sta__type_support.c
[112.309s] -- Installing: /home/jetson/p4p/install/tm_msgs/include/tm_msgs/srv/detail/write_item__type_support.c
[112.310s] -- Installing: /home/jetson/p4p/install/tm_msgs/include/tm_msgs/srv/detail/ask_item__rosidl_typesupport_introspection_c.h
[112.311s] -- Installing: /home/jetson/p4p/install/tm_msgs/include/tm_msgs/srv/detail/set_event__type_support.c
[112.312s] -- Installing: /home/jetson/p4p/install/tm_msgs/include/tm_msgs/srv/detail/send_script__rosidl_typesupport_introspection_c.h
[112.312s] -- Installing: /home/jetson/p4p/install/tm_msgs/include/tm_msgs/srv/detail/set_event__rosidl_typesupport_introspection_c.h
[112.313s] -- Installing: /home/jetson/p4p/install/tm_msgs/include/tm_msgs/srv/detail/set_positions__type_support.c
[112.313s] -- Installing: /home/jetson/p4p/install/tm_msgs/include/tm_msgs/srv/detail/write_item__rosidl_typesupport_introspection_c.h
[112.314s] -- Up-to-date: /home/jetson/p4p/install/tm_msgs/include/tm_msgs/msg
[112.314s] -- Up-to-date: /home/jetson/p4p/install/tm_msgs/include/tm_msgs/msg/detail
[112.315s] -- Installing: /home/jetson/p4p/install/tm_msgs/include/tm_msgs/msg/detail/sct_response__type_support.c
[112.315s] -- Installing: /home/jetson/p4p/install/tm_msgs/include/tm_msgs/msg/detail/feedback_state__type_support.c
[112.316s] -- Installing: /home/jetson/p4p/install/tm_msgs/include/tm_msgs/msg/detail/svr_response__rosidl_typesupport_introspection_c.h
[112.316s] -- Installing: /home/jetson/p4p/install/tm_msgs/include/tm_msgs/msg/detail/sta_response__rosidl_typesupport_introspection_c.h
[112.317s] -- Installing: /home/jetson/p4p/install/tm_msgs/include/tm_msgs/msg/detail/svr_response__type_support.c
[112.317s] -- Installing: /home/jetson/p4p/install/tm_msgs/include/tm_msgs/msg/detail/feedback_state__rosidl_typesupport_introspection_c.h
[112.318s] -- Installing: /home/jetson/p4p/install/tm_msgs/include/tm_msgs/msg/detail/sct_response__rosidl_typesupport_introspection_c.h
[112.319s] -- Installing: /home/jetson/p4p/install/tm_msgs/include/tm_msgs/msg/detail/sta_response__type_support.c
[112.319s] -- Installing: /home/jetson/p4p/install/tm_msgs/include/tm_msgs/msg/rosidl_typesupport_introspection_c__visibility_control.h
[112.320s] -- Installing: /home/jetson/p4p/install/tm_msgs/lib/libtm_msgs__rosidl_typesupport_introspection_c.so
[112.323s] -- Set runtime path of "/home/jetson/p4p/install/tm_msgs/lib/libtm_msgs__rosidl_typesupport_introspection_c.so" to ""
[112.324s] -- Installing: /home/jetson/p4p/install/tm_msgs/lib/libtm_msgs__rosidl_typesupport_c.so
[112.327s] -- Set runtime path of "/home/jetson/p4p/install/tm_msgs/lib/libtm_msgs__rosidl_typesupport_c.so" to ""
[112.328s] -- Up-to-date: /home/jetson/p4p/install/tm_msgs/include/tm_msgs
[112.328s] -- Up-to-date: /home/jetson/p4p/install/tm_msgs/include/tm_msgs/srv
[112.329s] -- Installing: /home/jetson/p4p/install/tm_msgs/include/tm_msgs/srv/set_io.hpp
[112.329s] -- Installing: /home/jetson/p4p/install/tm_msgs/include/tm_msgs/srv/set_positions.hpp
[112.329s] -- Installing: /home/jetson/p4p/install/tm_msgs/include/tm_msgs/srv/ask_item.hpp
[112.330s] -- Installing: /home/jetson/p4p/install/tm_msgs/include/tm_msgs/srv/ask_sta.hpp
[112.330s] -- Installing: /home/jetson/p4p/install/tm_msgs/include/tm_msgs/srv/send_script.hpp
[112.331s] -- Installing: /home/jetson/p4p/install/tm_msgs/include/tm_msgs/srv/set_event.hpp
[112.331s] -- Up-to-date: /home/jetson/p4p/install/tm_msgs/include/tm_msgs/srv/detail
[112.332s] -- Installing: /home/jetson/p4p/install/tm_msgs/include/tm_msgs/srv/detail/set_io__struct.hpp
[112.332s] -- Installing: /home/jetson/p4p/install/tm_msgs/include/tm_msgs/srv/detail/write_item__struct.hpp
[112.333s] -- Installing: /home/jetson/p4p/install/tm_msgs/include/tm_msgs/srv/detail/connect_tm__type_support.hpp
[112.333s] -- Installing: /home/jetson/p4p/install/tm_msgs/include/tm_msgs/srv/detail/write_item__traits.hpp
[112.334s] -- Installing: /home/jetson/p4p/install/tm_msgs/include/tm_msgs/srv/detail/set_io__type_support.hpp
[112.335s] -- Installing: /home/jetson/p4p/install/tm_msgs/include/tm_msgs/srv/detail/ask_item__builder.hpp
[112.335s] -- Installing: /home/jetson/p4p/install/tm_msgs/include/tm_msgs/srv/detail/send_script__struct.hpp
[112.336s] -- Installing: /home/jetson/p4p/install/tm_msgs/include/tm_msgs/srv/detail/ask_item__struct.hpp
[112.337s] -- Installing: /home/jetson/p4p/install/tm_msgs/include/tm_msgs/srv/detail/ask_item__type_support.hpp
[112.338s] -- Installing: /home/jetson/p4p/install/tm_msgs/include/tm_msgs/srv/detail/set_event__builder.hpp
[112.339s] -- Installing: /home/jetson/p4p/install/tm_msgs/include/tm_msgs/srv/detail/set_positions__traits.hpp
[112.340s] -- Installing: /home/jetson/p4p/install/tm_msgs/include/tm_msgs/srv/detail/set_io__builder.hpp
[112.341s] -- Installing: /home/jetson/p4p/install/tm_msgs/include/tm_msgs/srv/detail/write_item__type_support.hpp
[112.341s] -- Installing: /home/jetson/p4p/install/tm_msgs/include/tm_msgs/srv/detail/set_positions__type_support.hpp
[112.342s] -- Installing: /home/jetson/p4p/install/tm_msgs/include/tm_msgs/srv/detail/set_io__traits.hpp
[112.342s] -- Installing: /home/jetson/p4p/install/tm_msgs/include/tm_msgs/srv/detail/send_script__traits.hpp
[112.342s] -- Installing: /home/jetson/p4p/install/tm_msgs/include/tm_msgs/srv/detail/ask_item__traits.hpp
[112.343s] -- Installing: /home/jetson/p4p/install/tm_msgs/include/tm_msgs/srv/detail/set_event__type_support.hpp
[112.343s] -- Installing: /home/jetson/p4p/install/tm_msgs/include/tm_msgs/srv/detail/set_positions__struct.hpp
[112.344s] -- Installing: /home/jetson/p4p/install/tm_msgs/include/tm_msgs/srv/detail/ask_sta__struct.hpp
[112.344s] -- Installing: /home/jetson/p4p/install/tm_msgs/include/tm_msgs/srv/detail/connect_tm__struct.hpp
[112.345s] -- Installing: /home/jetson/p4p/install/tm_msgs/include/tm_msgs/srv/detail/connect_tm__traits.hpp
[112.346s] -- Installing: /home/jetson/p4p/install/tm_msgs/include/tm_msgs/srv/detail/ask_sta__type_support.hpp
[112.346s] -- Installing: /home/jetson/p4p/install/tm_msgs/include/tm_msgs/srv/detail/set_positions__builder.hpp
[112.347s] -- Installing: /home/jetson/p4p/install/tm_msgs/include/tm_msgs/srv/detail/connect_tm__builder.hpp
[112.347s] -- Installing: /home/jetson/p4p/install/tm_msgs/include/tm_msgs/srv/detail/set_event__struct.hpp
[112.348s] -- Installing: /home/jetson/p4p/install/tm_msgs/include/tm_msgs/srv/detail/send_script__type_support.hpp
[112.349s] -- Installing: /home/jetson/p4p/install/tm_msgs/include/tm_msgs/srv/detail/ask_sta__traits.hpp
[112.350s] -- Installing: /home/jetson/p4p/install/tm_msgs/include/tm_msgs/srv/detail/set_event__traits.hpp
[112.350s] -- Installing: /home/jetson/p4p/install/tm_msgs/include/tm_msgs/srv/detail/write_item__builder.hpp
[112.351s] -- Installing: /home/jetson/p4p/install/tm_msgs/include/tm_msgs/srv/detail/ask_sta__builder.hpp
[112.352s] -- Installing: /home/jetson/p4p/install/tm_msgs/include/tm_msgs/srv/detail/send_script__builder.hpp
[112.352s] -- Installing: /home/jetson/p4p/install/tm_msgs/include/tm_msgs/srv/connect_tm.hpp
[112.353s] -- Installing: /home/jetson/p4p/install/tm_msgs/include/tm_msgs/srv/write_item.hpp
[112.354s] -- Up-to-date: /home/jetson/p4p/install/tm_msgs/include/tm_msgs/msg
[112.354s] -- Installing: /home/jetson/p4p/install/tm_msgs/include/tm_msgs/msg/svr_response.hpp
[112.355s] -- Installing: /home/jetson/p4p/install/tm_msgs/include/tm_msgs/msg/sta_response.hpp
[112.355s] -- Installing: /home/jetson/p4p/install/tm_msgs/include/tm_msgs/msg/rosidl_generator_cpp__visibility_control.hpp
[112.356s] -- Installing: /home/jetson/p4p/install/tm_msgs/include/tm_msgs/msg/feedback_state.hpp
[112.357s] -- Installing: /home/jetson/p4p/install/tm_msgs/include/tm_msgs/msg/sct_response.hpp
[112.357s] -- Up-to-date: /home/jetson/p4p/install/tm_msgs/include/tm_msgs/msg/detail
[112.358s] -- Installing: /home/jetson/p4p/install/tm_msgs/include/tm_msgs/msg/detail/feedback_state__struct.hpp
[112.358s] -- Installing: /home/jetson/p4p/install/tm_msgs/include/tm_msgs/msg/detail/sct_response__struct.hpp
[112.359s] -- Installing: /home/jetson/p4p/install/tm_msgs/include/tm_msgs/msg/detail/svr_response__builder.hpp
[112.359s] -- Installing: /home/jetson/p4p/install/tm_msgs/include/tm_msgs/msg/detail/svr_response__traits.hpp
[112.361s] -- Installing: /home/jetson/p4p/install/tm_msgs/include/tm_msgs/msg/detail/sta_response__struct.hpp
[112.362s] -- Installing: /home/jetson/p4p/install/tm_msgs/include/tm_msgs/msg/detail/svr_response__type_support.hpp
[112.363s] -- Installing: /home/jetson/p4p/install/tm_msgs/include/tm_msgs/msg/detail/sta_response__traits.hpp
[112.363s] -- Installing: /home/jetson/p4p/install/tm_msgs/include/tm_msgs/msg/detail/sct_response__traits.hpp
[112.364s] -- Installing: /home/jetson/p4p/install/tm_msgs/include/tm_msgs/msg/detail/sta_response__builder.hpp
[112.365s] -- Installing: /home/jetson/p4p/install/tm_msgs/include/tm_msgs/msg/detail/sct_response__type_support.hpp
[112.365s] -- Installing: /home/jetson/p4p/install/tm_msgs/include/tm_msgs/msg/detail/feedback_state__traits.hpp
[112.366s] -- Installing: /home/jetson/p4p/install/tm_msgs/include/tm_msgs/msg/detail/feedback_state__builder.hpp
[112.366s] -- Installing: /home/jetson/p4p/install/tm_msgs/include/tm_msgs/msg/detail/sct_response__builder.hpp
[112.367s] -- Installing: /home/jetson/p4p/install/tm_msgs/include/tm_msgs/msg/detail/feedback_state__type_support.hpp
[112.367s] -- Installing: /home/jetson/p4p/install/tm_msgs/include/tm_msgs/msg/detail/sta_response__type_support.hpp
[112.368s] -- Installing: /home/jetson/p4p/install/tm_msgs/include/tm_msgs/msg/detail/svr_response__struct.hpp
[112.369s] -- Up-to-date: /home/jetson/p4p/install/tm_msgs/include/tm_msgs
[112.369s] -- Up-to-date: /home/jetson/p4p/install/tm_msgs/include/tm_msgs/srv
[112.370s] -- Up-to-date: /home/jetson/p4p/install/tm_msgs/include/tm_msgs/srv/detail
[112.370s] -- Installing: /home/jetson/p4p/install/tm_msgs/include/tm_msgs/srv/detail/connect_tm__type_support.cpp
[112.371s] -- Installing: /home/jetson/p4p/install/tm_msgs/include/tm_msgs/srv/detail/send_script__rosidl_typesupport_introspection_cpp.hpp
[112.371s] -- Installing: /home/jetson/p4p/install/tm_msgs/include/tm_msgs/srv/detail/ask_sta__rosidl_typesupport_introspection_cpp.hpp
[112.371s] -- Installing: /home/jetson/p4p/install/tm_msgs/include/tm_msgs/srv/detail/write_item__rosidl_typesupport_introspection_cpp.hpp
[112.372s] -- Installing: /home/jetson/p4p/install/tm_msgs/include/tm_msgs/srv/detail/write_item__type_support.cpp
[112.373s] -- Installing: /home/jetson/p4p/install/tm_msgs/include/tm_msgs/srv/detail/set_io__type_support.cpp
[112.374s] -- Installing: /home/jetson/p4p/install/tm_msgs/include/tm_msgs/srv/detail/connect_tm__rosidl_typesupport_introspection_cpp.hpp
[112.374s] -- Installing: /home/jetson/p4p/install/tm_msgs/include/tm_msgs/srv/detail/ask_item__rosidl_typesupport_introspection_cpp.hpp
[112.375s] -- Installing: /home/jetson/p4p/install/tm_msgs/include/tm_msgs/srv/detail/ask_sta__type_support.cpp
[112.376s] -- Installing: /home/jetson/p4p/install/tm_msgs/include/tm_msgs/srv/detail/set_io__rosidl_typesupport_introspection_cpp.hpp
[112.376s] -- Installing: /home/jetson/p4p/install/tm_msgs/include/tm_msgs/srv/detail/ask_item__type_support.cpp
[112.377s] -- Installing: /home/jetson/p4p/install/tm_msgs/include/tm_msgs/srv/detail/set_event__type_support.cpp
[112.378s] -- Installing: /home/jetson/p4p/install/tm_msgs/include/tm_msgs/srv/detail/set_positions__type_support.cpp
[112.378s] -- Installing: /home/jetson/p4p/install/tm_msgs/include/tm_msgs/srv/detail/send_script__type_support.cpp
[112.379s] -- Installing: /home/jetson/p4p/install/tm_msgs/include/tm_msgs/srv/detail/set_event__rosidl_typesupport_introspection_cpp.hpp
[112.380s] -- Installing: /home/jetson/p4p/install/tm_msgs/include/tm_msgs/srv/detail/set_positions__rosidl_typesupport_introspection_cpp.hpp
[112.380s] -- Up-to-date: /home/jetson/p4p/install/tm_msgs/include/tm_msgs/msg
[112.381s] -- Up-to-date: /home/jetson/p4p/install/tm_msgs/include/tm_msgs/msg/detail
[112.381s] -- Installing: /home/jetson/p4p/install/tm_msgs/include/tm_msgs/msg/detail/sta_response__type_support.cpp
[112.381s] -- Installing: /home/jetson/p4p/install/tm_msgs/include/tm_msgs/msg/detail/feedback_state__rosidl_typesupport_introspection_cpp.hpp
[112.382s] -- Installing: /home/jetson/p4p/install/tm_msgs/include/tm_msgs/msg/detail/sta_response__rosidl_typesupport_introspection_cpp.hpp
[112.382s] -- Installing: /home/jetson/p4p/install/tm_msgs/include/tm_msgs/msg/detail/svr_response__rosidl_typesupport_introspection_cpp.hpp
[112.383s] -- Installing: /home/jetson/p4p/install/tm_msgs/include/tm_msgs/msg/detail/sct_response__rosidl_typesupport_introspection_cpp.hpp
[112.384s] -- Installing: /home/jetson/p4p/install/tm_msgs/include/tm_msgs/msg/detail/sct_response__type_support.cpp
[112.384s] -- Installing: /home/jetson/p4p/install/tm_msgs/include/tm_msgs/msg/detail/svr_response__type_support.cpp
[112.385s] -- Installing: /home/jetson/p4p/install/tm_msgs/include/tm_msgs/msg/detail/feedback_state__type_support.cpp
[112.387s] -- Installing: /home/jetson/p4p/install/tm_msgs/lib/libtm_msgs__rosidl_typesupport_introspection_cpp.so
[112.391s] -- Set runtime path of "/home/jetson/p4p/install/tm_msgs/lib/libtm_msgs__rosidl_typesupport_introspection_cpp.so" to ""
[112.391s] -- Installing: /home/jetson/p4p/install/tm_msgs/lib/libtm_msgs__rosidl_typesupport_cpp.so
[112.394s] -- Set runtime path of "/home/jetson/p4p/install/tm_msgs/lib/libtm_msgs__rosidl_typesupport_cpp.so" to ""
[112.394s] -- Installing: /home/jetson/p4p/install/tm_msgs/share/tm_msgs/environment/pythonpath.sh
[112.395s] -- Installing: /home/jetson/p4p/install/tm_msgs/share/tm_msgs/environment/pythonpath.dsv
[112.397s] -- Installing: /home/jetson/p4p/install/tm_msgs/lib/python3.8/site-packages/tm_msgs/__init__.py
[112.511s] Compiling '/home/jetson/p4p/install/tm_msgs/lib/python3.8/site-packages/tm_msgs/__init__.py'...
[112.525s] -- Installing: /home/jetson/p4p/install/tm_msgs/lib/python3.8/site-packages/tm_msgs/msg
[112.526s] -- Installing: /home/jetson/p4p/install/tm_msgs/lib/python3.8/site-packages/tm_msgs/msg/__init__.py
[112.526s] -- Installing: /home/jetson/p4p/install/tm_msgs/lib/python3.8/site-packages/tm_msgs/msg/_sct_response.py
[112.527s] -- Installing: /home/jetson/p4p/install/tm_msgs/lib/python3.8/site-packages/tm_msgs/msg/_sta_response.py
[112.528s] -- Installing: /home/jetson/p4p/install/tm_msgs/lib/python3.8/site-packages/tm_msgs/msg/_svr_response_s.c
[112.528s] -- Installing: /home/jetson/p4p/install/tm_msgs/lib/python3.8/site-packages/tm_msgs/msg/_sct_response_s.c
[112.529s] -- Installing: /home/jetson/p4p/install/tm_msgs/lib/python3.8/site-packages/tm_msgs/msg/_feedback_state_s.c
[112.530s] -- Installing: /home/jetson/p4p/install/tm_msgs/lib/python3.8/site-packages/tm_msgs/msg/_sta_response_s.c
[112.531s] -- Installing: /home/jetson/p4p/install/tm_msgs/lib/python3.8/site-packages/tm_msgs/msg/_feedback_state.py
[112.531s] -- Installing: /home/jetson/p4p/install/tm_msgs/lib/python3.8/site-packages/tm_msgs/msg/_svr_response.py
[112.532s] -- Installing: /home/jetson/p4p/install/tm_msgs/lib/python3.8/site-packages/tm_msgs/srv
[112.533s] -- Installing: /home/jetson/p4p/install/tm_msgs/lib/python3.8/site-packages/tm_msgs/srv/__init__.py
[112.533s] -- Installing: /home/jetson/p4p/install/tm_msgs/lib/python3.8/site-packages/tm_msgs/srv/_set_event.py
[112.534s] -- Installing: /home/jetson/p4p/install/tm_msgs/lib/python3.8/site-packages/tm_msgs/srv/_ask_sta_s.c
[112.535s] -- Installing: /home/jetson/p4p/install/tm_msgs/lib/python3.8/site-packages/tm_msgs/srv/_ask_item.py
[112.535s] -- Installing: /home/jetson/p4p/install/tm_msgs/lib/python3.8/site-packages/tm_msgs/srv/_send_script_s.c
[112.536s] -- Installing: /home/jetson/p4p/install/tm_msgs/lib/python3.8/site-packages/tm_msgs/srv/_set_io_s.c
[112.537s] -- Installing: /home/jetson/p4p/install/tm_msgs/lib/python3.8/site-packages/tm_msgs/srv/_set_event_s.c
[112.537s] -- Installing: /home/jetson/p4p/install/tm_msgs/lib/python3.8/site-packages/tm_msgs/srv/_connect_tm_s.c
[112.538s] -- Installing: /home/jetson/p4p/install/tm_msgs/lib/python3.8/site-packages/tm_msgs/srv/_ask_sta.py
[112.538s] -- Installing: /home/jetson/p4p/install/tm_msgs/lib/python3.8/site-packages/tm_msgs/srv/_send_script.py
[112.539s] -- Installing: /home/jetson/p4p/install/tm_msgs/lib/python3.8/site-packages/tm_msgs/srv/_set_positions.py
[112.540s] -- Installing: /home/jetson/p4p/install/tm_msgs/lib/python3.8/site-packages/tm_msgs/srv/_write_item_s.c
[112.541s] -- Installing: /home/jetson/p4p/install/tm_msgs/lib/python3.8/site-packages/tm_msgs/srv/_set_positions_s.c
[112.541s] -- Installing: /home/jetson/p4p/install/tm_msgs/lib/python3.8/site-packages/tm_msgs/srv/_set_io.py
[112.542s] -- Installing: /home/jetson/p4p/install/tm_msgs/lib/python3.8/site-packages/tm_msgs/srv/_connect_tm.py
[112.542s] -- Installing: /home/jetson/p4p/install/tm_msgs/lib/python3.8/site-packages/tm_msgs/srv/_write_item.py
[112.543s] -- Installing: /home/jetson/p4p/install/tm_msgs/lib/python3.8/site-packages/tm_msgs/srv/_ask_item_s.c
[112.545s] -- Installing: /home/jetson/p4p/install/tm_msgs/lib/python3.8/site-packages/tm_msgs/tm_msgs_s__rosidl_typesupport_fastrtps_c.cpython-38-aarch64-linux-gnu.so
[112.549s] -- Set runtime path of "/home/jetson/p4p/install/tm_msgs/lib/python3.8/site-packages/tm_msgs/tm_msgs_s__rosidl_typesupport_fastrtps_c.cpython-38-aarch64-linux-gnu.so" to ""
[112.549s] -- Installing: /home/jetson/p4p/install/tm_msgs/lib/python3.8/site-packages/tm_msgs/tm_msgs_s__rosidl_typesupport_introspection_c.cpython-38-aarch64-linux-gnu.so
[112.552s] -- Set runtime path of "/home/jetson/p4p/install/tm_msgs/lib/python3.8/site-packages/tm_msgs/tm_msgs_s__rosidl_typesupport_introspection_c.cpython-38-aarch64-linux-gnu.so" to ""
[112.553s] -- Installing: /home/jetson/p4p/install/tm_msgs/lib/python3.8/site-packages/tm_msgs/tm_msgs_s__rosidl_typesupport_c.cpython-38-aarch64-linux-gnu.so
[112.556s] -- Set runtime path of "/home/jetson/p4p/install/tm_msgs/lib/python3.8/site-packages/tm_msgs/tm_msgs_s__rosidl_typesupport_c.cpython-38-aarch64-linux-gnu.so" to ""
[112.557s] -- Installing: /home/jetson/p4p/install/tm_msgs/lib/libtm_msgs__python.so
[112.560s] -- Set runtime path of "/home/jetson/p4p/install/tm_msgs/lib/libtm_msgs__python.so" to ""
[112.561s] -- Installing: /home/jetson/p4p/install/tm_msgs/share/tm_msgs/msg/FeedbackState.idl
[112.562s] -- Installing: /home/jetson/p4p/install/tm_msgs/share/tm_msgs/msg/SvrResponse.idl
[112.562s] -- Installing: /home/jetson/p4p/install/tm_msgs/share/tm_msgs/msg/SctResponse.idl
[112.563s] -- Installing: /home/jetson/p4p/install/tm_msgs/share/tm_msgs/msg/StaResponse.idl
[112.564s] -- Installing: /home/jetson/p4p/install/tm_msgs/share/tm_msgs/srv/ConnectTM.idl
[112.565s] -- Installing: /home/jetson/p4p/install/tm_msgs/share/tm_msgs/srv/WriteItem.idl
[112.566s] -- Installing: /home/jetson/p4p/install/tm_msgs/share/tm_msgs/srv/AskItem.idl
[112.567s] -- Installing: /home/jetson/p4p/install/tm_msgs/share/tm_msgs/srv/SendScript.idl
[112.567s] -- Installing: /home/jetson/p4p/install/tm_msgs/share/tm_msgs/srv/SetEvent.idl
[112.568s] -- Installing: /home/jetson/p4p/install/tm_msgs/share/tm_msgs/srv/SetIO.idl
[112.569s] -- Installing: /home/jetson/p4p/install/tm_msgs/share/tm_msgs/srv/SetPositions.idl
[112.570s] -- Installing: /home/jetson/p4p/install/tm_msgs/share/tm_msgs/srv/AskSta.idl
[112.570s] -- Installing: /home/jetson/p4p/install/tm_msgs/share/tm_msgs/msg/FeedbackState.msg
[112.571s] -- Installing: /home/jetson/p4p/install/tm_msgs/share/tm_msgs/msg/SvrResponse.msg
[112.572s] -- Installing: /home/jetson/p4p/install/tm_msgs/share/tm_msgs/msg/SctResponse.msg
[112.573s] -- Installing: /home/jetson/p4p/install/tm_msgs/share/tm_msgs/msg/StaResponse.msg
[112.573s] -- Installing: /home/jetson/p4p/install/tm_msgs/share/tm_msgs/srv/ConnectTM.srv
[112.574s] -- Installing: /home/jetson/p4p/install/tm_msgs/share/tm_msgs/srv/ConnectTM_Request.msg
[112.575s] -- Installing: /home/jetson/p4p/install/tm_msgs/share/tm_msgs/srv/ConnectTM_Response.msg
[112.576s] -- Installing: /home/jetson/p4p/install/tm_msgs/share/tm_msgs/srv/WriteItem.srv
[112.577s] -- Installing: /home/jetson/p4p/install/tm_msgs/share/tm_msgs/srv/WriteItem_Request.msg
[112.577s] -- Installing: /home/jetson/p4p/install/tm_msgs/share/tm_msgs/srv/WriteItem_Response.msg
[112.578s] -- Installing: /home/jetson/p4p/install/tm_msgs/share/tm_msgs/srv/AskItem.srv
[112.579s] -- Installing: /home/jetson/p4p/install/tm_msgs/share/tm_msgs/srv/AskItem_Request.msg
[112.579s] -- Installing: /home/jetson/p4p/install/tm_msgs/share/tm_msgs/srv/AskItem_Response.msg
[112.580s] -- Installing: /home/jetson/p4p/install/tm_msgs/share/tm_msgs/srv/SendScript.srv
[112.581s] -- Installing: /home/jetson/p4p/install/tm_msgs/share/tm_msgs/srv/SendScript_Request.msg
[112.582s] -- Installing: /home/jetson/p4p/install/tm_msgs/share/tm_msgs/srv/SendScript_Response.msg
[112.582s] -- Installing: /home/jetson/p4p/install/tm_msgs/share/tm_msgs/srv/SetEvent.srv
[112.583s] -- Installing: /home/jetson/p4p/install/tm_msgs/share/tm_msgs/srv/SetEvent_Request.msg
[112.584s] -- Installing: /home/jetson/p4p/install/tm_msgs/share/tm_msgs/srv/SetEvent_Response.msg
[112.585s] -- Installing: /home/jetson/p4p/install/tm_msgs/share/tm_msgs/srv/SetIO.srv
[112.586s] -- Installing: /home/jetson/p4p/install/tm_msgs/share/tm_msgs/srv/SetIO_Request.msg
[112.587s] -- Installing: /home/jetson/p4p/install/tm_msgs/share/tm_msgs/srv/SetIO_Response.msg
[112.587s] -- Installing: /home/jetson/p4p/install/tm_msgs/share/tm_msgs/srv/SetPositions.srv
[112.588s] -- Installing: /home/jetson/p4p/install/tm_msgs/share/tm_msgs/srv/SetPositions_Request.msg
[112.589s] -- Installing: /home/jetson/p4p/install/tm_msgs/share/tm_msgs/srv/SetPositions_Response.msg
[112.590s] -- Installing: /home/jetson/p4p/install/tm_msgs/share/tm_msgs/srv/AskSta.srv
[112.590s] -- Installing: /home/jetson/p4p/install/tm_msgs/share/tm_msgs/srv/AskSta_Request.msg
[112.591s] -- Installing: /home/jetson/p4p/install/tm_msgs/share/tm_msgs/srv/AskSta_Response.msg
[112.592s] -- Installing: /home/jetson/p4p/install/tm_msgs/share/ament_index/resource_index/package_run_dependencies/tm_msgs
[112.593s] -- Installing: /home/jetson/p4p/install/tm_msgs/share/ament_index/resource_index/parent_prefix_path/tm_msgs
[112.594s] -- Installing: /home/jetson/p4p/install/tm_msgs/share/tm_msgs/environment/ament_prefix_path.sh
[112.595s] -- Installing: /home/jetson/p4p/install/tm_msgs/share/tm_msgs/environment/ament_prefix_path.dsv
[112.596s] -- Installing: /home/jetson/p4p/install/tm_msgs/share/tm_msgs/environment/path.sh
[112.597s] -- Installing: /home/jetson/p4p/install/tm_msgs/share/tm_msgs/environment/path.dsv
[112.597s] -- Installing: /home/jetson/p4p/install/tm_msgs/share/tm_msgs/local_setup.bash
[112.598s] -- Installing: /home/jetson/p4p/install/tm_msgs/share/tm_msgs/local_setup.sh
[112.599s] -- Installing: /home/jetson/p4p/install/tm_msgs/share/tm_msgs/local_setup.zsh
[112.600s] -- Installing: /home/jetson/p4p/install/tm_msgs/share/tm_msgs/local_setup.dsv
[112.601s] -- Installing: /home/jetson/p4p/install/tm_msgs/share/tm_msgs/package.dsv
[112.602s] -- Installing: /home/jetson/p4p/install/tm_msgs/share/ament_index/resource_index/packages/tm_msgs
[112.603s] -- Installing: /home/jetson/p4p/install/tm_msgs/share/tm_msgs/cmake/tm_msgs__rosidl_generator_cExport.cmake
[112.604s] -- Installing: /home/jetson/p4p/install/tm_msgs/share/tm_msgs/cmake/tm_msgs__rosidl_generator_cExport-noconfig.cmake
[112.605s] -- Installing: /home/jetson/p4p/install/tm_msgs/share/tm_msgs/cmake/tm_msgs__rosidl_typesupport_introspection_cExport.cmake
[112.606s] -- Installing: /home/jetson/p4p/install/tm_msgs/share/tm_msgs/cmake/tm_msgs__rosidl_typesupport_introspection_cExport-noconfig.cmake
[112.607s] -- Installing: /home/jetson/p4p/install/tm_msgs/share/tm_msgs/cmake/tm_msgs__rosidl_typesupport_cExport.cmake
[112.608s] -- Installing: /home/jetson/p4p/install/tm_msgs/share/tm_msgs/cmake/tm_msgs__rosidl_typesupport_cExport-noconfig.cmake
[112.609s] -- Installing: /home/jetson/p4p/install/tm_msgs/share/tm_msgs/cmake/tm_msgs__rosidl_generator_cppExport.cmake
[112.609s] -- Installing: /home/jetson/p4p/install/tm_msgs/share/tm_msgs/cmake/tm_msgs__rosidl_typesupport_introspection_cppExport.cmake
[112.610s] -- Installing: /home/jetson/p4p/install/tm_msgs/share/tm_msgs/cmake/tm_msgs__rosidl_typesupport_introspection_cppExport-noconfig.cmake
[112.611s] -- Installing: /home/jetson/p4p/install/tm_msgs/share/tm_msgs/cmake/tm_msgs__rosidl_typesupport_cppExport.cmake
[112.613s] -- Installing: /home/jetson/p4p/install/tm_msgs/share/tm_msgs/cmake/tm_msgs__rosidl_typesupport_cppExport-noconfig.cmake
[112.613s] -- Installing: /home/jetson/p4p/install/tm_msgs/share/tm_msgs/cmake/rosidl_cmake-extras.cmake
[112.614s] -- Installing: /home/jetson/p4p/install/tm_msgs/share/tm_msgs/cmake/ament_cmake_export_dependencies-extras.cmake
[112.614s] -- Installing: /home/jetson/p4p/install/tm_msgs/share/tm_msgs/cmake/ament_cmake_export_libraries-extras.cmake
[112.615s] -- Installing: /home/jetson/p4p/install/tm_msgs/share/tm_msgs/cmake/ament_cmake_export_targets-extras.cmake
[112.616s] -- Installing: /home/jetson/p4p/install/tm_msgs/share/tm_msgs/cmake/ament_cmake_export_include_directories-extras.cmake
[112.617s] -- Installing: /home/jetson/p4p/install/tm_msgs/share/tm_msgs/cmake/rosidl_cmake_export_typesupport_libraries-extras.cmake
[112.618s] -- Installing: /home/jetson/p4p/install/tm_msgs/share/tm_msgs/cmake/rosidl_cmake_export_typesupport_targets-extras.cmake
[112.618s] -- Installing: /home/jetson/p4p/install/tm_msgs/share/tm_msgs/cmake/tm_msgsConfig.cmake
[112.619s] -- Installing: /home/jetson/p4p/install/tm_msgs/share/tm_msgs/cmake/tm_msgsConfig-version.cmake
[112.620s] -- Installing: /home/jetson/p4p/install/tm_msgs/share/tm_msgs/package.xml
[112.634s] Invoked command in '/home/jetson/p4p/build/tm_msgs' returned '0': CMAKE_PREFIX_PATH=/opt/ros/foxy /usr/bin/cmake --install /home/jetson/p4p/build/tm_msgs
