-- Found ament_cmake: 0.9.12 (/opt/ros/foxy/share/ament_cmake/cmake)
-- Using PYTHON_EXECUTABLE: /usr/bin/python3
-- Found rclcpp: 2.4.3 (/opt/ros/foxy/share/rclcpp/cmake)
-- Using all available rosidl_typesupport_c: rosidl_typesupport_fastrtps_c;rosidl_typesupport_introspection_c
-- Found rosidl_adapter: 1.3.1 (/opt/ros/foxy/share/rosidl_adapter/cmake)
-- Using all available rosidl_typesupport_cpp: rosidl_typesupport_fastrtps_cpp;rosidl_typesupport_introspection_cpp
-- Found rmw_implementation_cmake: 1.0.4 (/opt/ros/foxy/share/rmw_implementation_cmake/cmake)
-- Using RMW implementation 'rmw_fastrtps_cpp' as default
-- Found rclcpp_components: 2.4.3 (/opt/ros/foxy/share/rclcpp_components/cmake)
-- Found sensor_msgs: 2.0.5 (/opt/ros/foxy/share/sensor_msgs/cmake)
-- Found techman_robot_msgs: 1.0.0 (/home/jetson/p4p/install/techman_robot_msgs/share/techman_robot_msgs/cmake)
-- Found ament_lint_auto: 0.9.8 (/opt/ros/foxy/share/ament_lint_auto/cmake)
-- Added test 'copyright' to check source files copyright and LICENSE
-- Added test 'cppcheck' to perform static code analysis on C / C++ code
-- Configured cppcheck include dirs: 
-- Configured cppcheck exclude dirs and/or files: 
-- Added test 'cpplint' to check C / C++ code against the Google style
-- Configured cpplint exclude dirs and/or files: 
-- Added test 'lint_cmake' to check CMake code style
-- Added test 'uncrustify' to check C / C++ code style
-- Configured uncrustify additional arguments: 
-- Added test 'xmllint' to check XML markup files
-- Configuring done
-- Generating done
-- Build files have been written to: /home/jetson/p4p/build/custom_package
[35m[1mScanning dependencies of target sub_img[0m
[35m[1mScanning dependencies of target tm_send_command[0m
[ 50%] Built target sub_img
[ 75%] [32mBuilding CXX object CMakeFiles/tm_send_command.dir/src/send_command.cpp.o[0m
[100%] [32m[1mLinking CXX executable tm_send_command[0m
[100%] Built target tm_send_command
-- Install configuration: ""
-- Installing: /home/jetson/p4p/install/custom_package/lib/custom_package/tm_send_command
-- Set runtime path of "/home/jetson/p4p/install/custom_package/lib/custom_package/tm_send_command" to ""
-- Up-to-date: /home/jetson/p4p/install/custom_package/lib/custom_package/sub_img
-- Up-to-date: /home/jetson/p4p/install/custom_package/share/custom_package/image
-- Up-to-date: /home/jetson/p4p/install/custom_package/share/custom_package/image/techman_robot.jpg
-- Up-to-date: /home/jetson/p4p/install/custom_package/share/ament_index/resource_index/package_run_dependencies/custom_package
-- Installing: /home/jetson/p4p/install/custom_package/share/ament_index/resource_index/parent_prefix_path/custom_package
-- Up-to-date: /home/jetson/p4p/install/custom_package/share/custom_package/environment/ament_prefix_path.sh
-- Installing: /home/jetson/p4p/install/custom_package/share/custom_package/environment/ament_prefix_path.dsv
-- Up-to-date: /home/jetson/p4p/install/custom_package/share/custom_package/environment/path.sh
-- Installing: /home/jetson/p4p/install/custom_package/share/custom_package/environment/path.dsv
-- Up-to-date: /home/jetson/p4p/install/custom_package/share/custom_package/local_setup.bash
-- Installing: /home/jetson/p4p/install/custom_package/share/custom_package/local_setup.sh
-- Up-to-date: /home/jetson/p4p/install/custom_package/share/custom_package/local_setup.zsh
-- Installing: /home/jetson/p4p/install/custom_package/share/custom_package/local_setup.dsv
-- Installing: /home/jetson/p4p/install/custom_package/share/custom_package/package.dsv
-- Up-to-date: /home/jetson/p4p/install/custom_package/share/ament_index/resource_index/packages/custom_package
-- Installing: /home/jetson/p4p/install/custom_package/share/custom_package/cmake/custom_packageConfig.cmake
-- Installing: /home/jetson/p4p/install/custom_package/share/custom_package/cmake/custom_packageConfig-version.cmake
-- Installing: /home/jetson/p4p/install/custom_package/share/custom_package/package.xml
