[0.142s] Invoking command in '/home/jetson/p4p/build/custom_package': AMENT_PREFIX_PATH=/home/jetson/p4p/install/techman_robot_msgs:${AMENT_PREFIX_PATH} CMAKE_PREFIX_PATH=/home/jetson/p4p/install/techman_robot_msgs:/opt/ros/foxy LD_LIBRARY_PATH=/home/jetson/p4p/install/techman_robot_msgs/lib:${LD_LIBRARY_PATH} PYTHONPATH=/home/jetson/p4p/install/techman_robot_msgs/lib/python3.8/site-packages:${PYTHONPATH} /usr/bin/cmake --build /home/jetson/p4p/build/custom_package -- -j4 -l4
[0.366s] -- Found ament_cmake: 0.9.12 (/opt/ros/foxy/share/ament_cmake/cmake)
[0.470s] -- Using PYTHON_EXECUTABLE: /usr/bin/python3
[1.519s] -- Found rclcpp: 2.4.3 (/opt/ros/foxy/share/rclcpp/cmake)
[1.685s] -- Using all available rosidl_typesupport_c: rosidl_typesupport_fastrtps_c;rosidl_typesupport_introspection_c
[1.704s] -- Found rosidl_adapter: 1.3.1 (/opt/ros/foxy/share/rosidl_adapter/cmake)
[2.343s] -- Using all available rosidl_typesupport_cpp: rosidl_typesupport_fastrtps_cpp;rosidl_typesupport_introspection_cpp
[2.619s] -- Found rmw_implementation_cmake: 1.0.4 (/opt/ros/foxy/share/rmw_implementation_cmake/cmake)
[2.626s] -- Using RMW implementation 'rmw_fastrtps_cpp' as default
[3.569s] -- Found rclcpp_components: 2.4.3 (/opt/ros/foxy/share/rclcpp_components/cmake)
[3.885s] -- Found sensor_msgs: 2.0.5 (/opt/ros/foxy/share/sensor_msgs/cmake)
[4.775s] -- Found techman_robot_msgs: 1.0.0 (/home/jetson/p4p/install/techman_robot_msgs/share/techman_robot_msgs/cmake)
[4.822s] -- Found ament_lint_auto: 0.9.8 (/opt/ros/foxy/share/ament_lint_auto/cmake)
[5.201s] -- Added test 'copyright' to check source files copyright and LICENSE
[5.206s] -- Added test 'cppcheck' to perform static code analysis on C / C++ code
[5.207s] -- Configured cppcheck include dirs: 
[5.209s] -- Configured cppcheck exclude dirs and/or files: 
[5.211s] -- Added test 'cpplint' to check C / C++ code against the Google style
[5.211s] -- Configured cpplint exclude dirs and/or files: 
[5.214s] -- Added test 'lint_cmake' to check CMake code style
[5.218s] -- Added test 'uncrustify' to check C / C++ code style
[5.219s] -- Configured uncrustify additional arguments: 
[5.219s] -- Added test 'xmllint' to check XML markup files
[5.239s] -- Configuring done
[5.350s] -- Generating done
[5.359s] -- Build files have been written to: /home/jetson/p4p/build/custom_package
[5.586s] [35m[1mScanning dependencies of target sub_img[0m
[5.596s] [35m[1mScanning dependencies of target tm_send_command[0m
[5.964s] [ 50%] Built target sub_img
[5.967s] [ 75%] [32mBuilding CXX object CMakeFiles/tm_send_command.dir/src/send_command.cpp.o[0m
[19.472s] [100%] [32m[1mLinking CXX executable tm_send_command[0m
[19.977s] [100%] Built target tm_send_command
[20.031s] Invoked command in '/home/jetson/p4p/build/custom_package' returned '0': AMENT_PREFIX_PATH=/home/jetson/p4p/install/techman_robot_msgs:${AMENT_PREFIX_PATH} CMAKE_PREFIX_PATH=/home/jetson/p4p/install/techman_robot_msgs:/opt/ros/foxy LD_LIBRARY_PATH=/home/jetson/p4p/install/techman_robot_msgs/lib:${LD_LIBRARY_PATH} PYTHONPATH=/home/jetson/p4p/install/techman_robot_msgs/lib/python3.8/site-packages:${PYTHONPATH} /usr/bin/cmake --build /home/jetson/p4p/build/custom_package -- -j4 -l4
[20.145s] Invoking command in '/home/jetson/p4p/build/custom_package': AMENT_PREFIX_PATH=/home/jetson/p4p/install/techman_robot_msgs:${AMENT_PREFIX_PATH} CMAKE_PREFIX_PATH=/home/jetson/p4p/install/techman_robot_msgs:/opt/ros/foxy LD_LIBRARY_PATH=/home/jetson/p4p/install/techman_robot_msgs/lib:${LD_LIBRARY_PATH} PYTHONPATH=/home/jetson/p4p/install/techman_robot_msgs/lib/python3.8/site-packages:${PYTHONPATH} /usr/bin/cmake --install /home/jetson/p4p/build/custom_package
[20.178s] -- Install configuration: ""
[20.179s] -- Installing: /home/jetson/p4p/install/custom_package/lib/custom_package/tm_send_command
[20.185s] -- Set runtime path of "/home/jetson/p4p/install/custom_package/lib/custom_package/tm_send_command" to ""
[20.186s] -- Up-to-date: /home/jetson/p4p/install/custom_package/lib/custom_package/sub_img
[20.188s] -- Up-to-date: /home/jetson/p4p/install/custom_package/share/custom_package/image
[20.188s] -- Up-to-date: /home/jetson/p4p/install/custom_package/share/custom_package/image/techman_robot.jpg
[20.189s] -- Up-to-date: /home/jetson/p4p/install/custom_package/share/ament_index/resource_index/package_run_dependencies/custom_package
[20.189s] -- Installing: /home/jetson/p4p/install/custom_package/share/ament_index/resource_index/parent_prefix_path/custom_package
[20.190s] -- Up-to-date: /home/jetson/p4p/install/custom_package/share/custom_package/environment/ament_prefix_path.sh
[20.191s] -- Installing: /home/jetson/p4p/install/custom_package/share/custom_package/environment/ament_prefix_path.dsv
[20.191s] -- Up-to-date: /home/jetson/p4p/install/custom_package/share/custom_package/environment/path.sh
[20.192s] -- Installing: /home/jetson/p4p/install/custom_package/share/custom_package/environment/path.dsv
[20.193s] -- Up-to-date: /home/jetson/p4p/install/custom_package/share/custom_package/local_setup.bash
[20.193s] -- Installing: /home/jetson/p4p/install/custom_package/share/custom_package/local_setup.sh
[20.194s] -- Up-to-date: /home/jetson/p4p/install/custom_package/share/custom_package/local_setup.zsh
[20.195s] -- Installing: /home/jetson/p4p/install/custom_package/share/custom_package/local_setup.dsv
[20.196s] -- Installing: /home/jetson/p4p/install/custom_package/share/custom_package/package.dsv
[20.199s] -- Up-to-date: /home/jetson/p4p/install/custom_package/share/ament_index/resource_index/packages/custom_package
[20.200s] -- Installing: /home/jetson/p4p/install/custom_package/share/custom_package/cmake/custom_packageConfig.cmake
[20.201s] -- Installing: /home/jetson/p4p/install/custom_package/share/custom_package/cmake/custom_packageConfig-version.cmake
[20.201s] -- Installing: /home/jetson/p4p/install/custom_package/share/custom_package/package.xml
[20.216s] Invoked command in '/home/jetson/p4p/build/custom_package' returned '0': AMENT_PREFIX_PATH=/home/jetson/p4p/install/techman_robot_msgs:${AMENT_PREFIX_PATH} CMAKE_PREFIX_PATH=/home/jetson/p4p/install/techman_robot_msgs:/opt/ros/foxy LD_LIBRARY_PATH=/home/jetson/p4p/install/techman_robot_msgs/lib:${LD_LIBRARY_PATH} PYTHONPATH=/home/jetson/p4p/install/techman_robot_msgs/lib/python3.8/site-packages:${PYTHONPATH} /usr/bin/cmake --install /home/jetson/p4p/build/custom_package
