[0.174s] Invoking command in '/home/default/p4p/build/tm_msgs': CMAKE_PREFIX_PATH=/opt/ros/humble /usr/bin/cmake /home/default/p4p/tmr_ros2/tm_msgs -DCMAKE_INSTALL_PREFIX=/home/default/p4p/install/tm_msgs
[0.269s] -- The C compiler identification is GNU 11.4.0
[0.359s] -- The CXX compiler identification is GNU 11.4.0
[0.371s] -- Detecting C compiler ABI info
[0.480s] -- Detecting C compiler ABI info - done
[0.504s] -- Check for working C compiler: /usr/bin/cc - skipped
[0.504s] -- Detecting C compile features
[0.505s] -- Detecting C compile features - done
[0.511s] -- Detecting CXX compiler ABI info
[0.651s] -- Detecting CXX compiler ABI info - done
[0.671s] -- Check for working CXX compiler: /usr/bin/c++ - skipped
[0.671s] -- Detecting CXX compile features
[0.672s] -- Detecting CXX compile features - done
[0.675s] -- Found ament_cmake: 1.3.8 (/opt/ros/humble/share/ament_cmake/cmake)
[0.895s] -- Found Python3: /usr/bin/python3 (found version "3.10.12") found components: Interpreter 
[1.020s] -- Found std_msgs: 4.2.3 (/opt/ros/humble/share/std_msgs/cmake)
[1.077s] -- Found rosidl_generator_c: 3.1.5 (/opt/ros/humble/share/rosidl_generator_c/cmake)
[1.085s] -- Found rosidl_adapter: 3.1.5 (/opt/ros/humble/share/rosidl_adapter/cmake)
[1.099s] -- Found rosidl_generator_cpp: 3.1.5 (/opt/ros/humble/share/rosidl_generator_cpp/cmake)
[1.125s] -- Using all available rosidl_typesupport_c: rosidl_typesupport_fastrtps_c;rosidl_typesupport_introspection_c
[1.163s] -- Using all available rosidl_typesupport_cpp: rosidl_typesupport_fastrtps_cpp;rosidl_typesupport_introspection_cpp
[1.285s] -- Found rosidl_default_generators: 1.2.0 (/opt/ros/humble/share/rosidl_default_generators/cmake)
[1.944s] -- Found ament_cmake_ros: 0.10.0 (/opt/ros/humble/share/ament_cmake_ros/cmake)
[2.575s] -- Using all available rosidl_typesupport_c: rosidl_typesupport_fastrtps_c;rosidl_typesupport_introspection_c
[2.814s] -- Using all available rosidl_typesupport_cpp: rosidl_typesupport_fastrtps_cpp;rosidl_typesupport_introspection_cpp
[2.851s] -- Found PythonInterp: /usr/bin/python3 (found suitable version "3.10.12", minimum required is "3.6") 
[2.853s] -- Found python_cmake_module: 0.10.0 (/opt/ros/humble/share/python_cmake_module/cmake)
[2.896s] -- Found PythonLibs: /usr/lib/x86_64-linux-gnu/libpython3.10.so (found suitable version "3.10.12", minimum required is "3.5") 
[2.896s] -- Using PYTHON_EXECUTABLE: /usr/bin/python3
[2.896s] -- Using PYTHON_INCLUDE_DIRS: /usr/include/python3.10
[2.896s] -- Using PYTHON_LIBRARIES: /usr/lib/x86_64-linux-gnu/libpython3.10.so
[2.926s] -- Found PythonExtra: .so  
[3.033s] -- Configuring done
[3.203s] -- Generating done
[3.208s] -- Build files have been written to: /home/default/p4p/build/tm_msgs
[3.217s] Invoked command in '/home/default/p4p/build/tm_msgs' returned '0': CMAKE_PREFIX_PATH=/opt/ros/humble /usr/bin/cmake /home/default/p4p/tmr_ros2/tm_msgs -DCMAKE_INSTALL_PREFIX=/home/default/p4p/install/tm_msgs
[3.218s] Invoking command in '/home/default/p4p/build/tm_msgs': CMAKE_PREFIX_PATH=/opt/ros/humble /usr/bin/cmake --build /home/default/p4p/build/tm_msgs -- -j2 -l2
[3.281s] [  1%] [34m[1mGenerating C code for ROS interfaces[0m
[3.423s] [  1%] [34m[1mGenerating C++ code for ROS interfaces[0m
[11.894s] [  1%] Built target tm_msgs__cpp
[11.950s] [  1%] Built target ament_cmake_python_copy_tm_msgs
[11.985s] [  2%] [34m[1mGenerating C++ type support dispatch for ROS interfaces[0m
[12.444s] [  3%] [32mBuilding C object CMakeFiles/tm_msgs__rosidl_generator_c.dir/rosidl_generator_c/tm_msgs/msg/detail/feedback_state__functions.c.o[0m
[12.627s] [  4%] [32mBuilding C object CMakeFiles/tm_msgs__rosidl_generator_c.dir/rosidl_generator_c/tm_msgs/msg/detail/svr_response__functions.c.o[0m
[12.822s] [  5%] [32mBuilding C object CMakeFiles/tm_msgs__rosidl_generator_c.dir/rosidl_generator_c/tm_msgs/msg/detail/sct_response__functions.c.o[0m
[12.926s] [  5%] [32mBuilding C object CMakeFiles/tm_msgs__rosidl_generator_c.dir/rosidl_generator_c/tm_msgs/msg/detail/sta_response__functions.c.o[0m
[13.072s] [  6%] [32mBuilding C object CMakeFiles/tm_msgs__rosidl_generator_c.dir/rosidl_generator_c/tm_msgs/srv/detail/connect_tm__functions.c.o[0m
[13.188s] [  7%] [32mBuilding C object CMakeFiles/tm_msgs__rosidl_generator_c.dir/rosidl_generator_c/tm_msgs/srv/detail/write_item__functions.c.o[0m
[13.320s] [  8%] [32mBuilding C object CMakeFiles/tm_msgs__rosidl_generator_c.dir/rosidl_generator_c/tm_msgs/srv/detail/ask_item__functions.c.o[0m
[13.428s] [  9%] [32mBuilding C object CMakeFiles/tm_msgs__rosidl_generator_c.dir/rosidl_generator_c/tm_msgs/srv/detail/send_script__functions.c.o[0m
[13.541s] [ 10%] [32mBuilding C object CMakeFiles/tm_msgs__rosidl_generator_c.dir/rosidl_generator_c/tm_msgs/srv/detail/set_event__functions.c.o[0m
[13.642s] [ 10%] [32mBuilding C object CMakeFiles/tm_msgs__rosidl_generator_c.dir/rosidl_generator_c/tm_msgs/srv/detail/set_io__functions.c.o[0m
[13.765s] [ 11%] [32mBuilding C object CMakeFiles/tm_msgs__rosidl_generator_c.dir/rosidl_generator_c/tm_msgs/srv/detail/set_positions__functions.c.o[0m
[13.925s] [ 12%] [32mBuilding C object CMakeFiles/tm_msgs__rosidl_generator_c.dir/rosidl_generator_c/tm_msgs/srv/detail/ask_sta__functions.c.o[0m
[14.120s] [ 13%] [32m[1mLinking C shared library libtm_msgs__rosidl_generator_c.so[0m
[14.186s] [ 13%] Built target tm_msgs__rosidl_generator_c
[14.204s] [ 13%] [34m[1mGenerating C++ type support for eProsima Fast-RTPS[0m
[16.514s] [ 14%] [32mBuilding CXX object CMakeFiles/tm_msgs__rosidl_typesupport_cpp.dir/rosidl_typesupport_cpp/tm_msgs/msg/feedback_state__type_support.cpp.o[0m
[17.164s] [ 15%] [32mBuilding CXX object CMakeFiles/tm_msgs__rosidl_typesupport_cpp.dir/rosidl_typesupport_cpp/tm_msgs/msg/svr_response__type_support.cpp.o[0m
[18.178s] [ 16%] [32mBuilding CXX object CMakeFiles/tm_msgs__rosidl_typesupport_cpp.dir/rosidl_typesupport_cpp/tm_msgs/msg/sct_response__type_support.cpp.o[0m
[18.800s] [ 17%] [32mBuilding CXX object CMakeFiles/tm_msgs__rosidl_typesupport_cpp.dir/rosidl_typesupport_cpp/tm_msgs/msg/sta_response__type_support.cpp.o[0m
[19.467s] [ 17%] [32mBuilding CXX object CMakeFiles/tm_msgs__rosidl_typesupport_cpp.dir/rosidl_typesupport_cpp/tm_msgs/srv/connect_tm__type_support.cpp.o[0m
[20.123s] [ 18%] [32mBuilding CXX object CMakeFiles/tm_msgs__rosidl_typesupport_cpp.dir/rosidl_typesupport_cpp/tm_msgs/srv/write_item__type_support.cpp.o[0m
[20.557s] [ 19%] [32mBuilding CXX object CMakeFiles/tm_msgs__rosidl_typesupport_fastrtps_cpp.dir/rosidl_typesupport_fastrtps_cpp/tm_msgs/msg/detail/dds_fastrtps/feedback_state__type_support.cpp.o[0m
[20.867s] [ 20%] [32mBuilding CXX object CMakeFiles/tm_msgs__rosidl_typesupport_cpp.dir/rosidl_typesupport_cpp/tm_msgs/srv/ask_item__type_support.cpp.o[0m
[21.571s] [ 21%] [32mBuilding CXX object CMakeFiles/tm_msgs__rosidl_typesupport_cpp.dir/rosidl_typesupport_cpp/tm_msgs/srv/send_script__type_support.cpp.o[0m
[21.723s] [ 22%] [32mBuilding CXX object CMakeFiles/tm_msgs__rosidl_typesupport_fastrtps_cpp.dir/rosidl_typesupport_fastrtps_cpp/tm_msgs/msg/detail/dds_fastrtps/svr_response__type_support.cpp.o[0m
[22.683s] [ 23%] [32mBuilding CXX object CMakeFiles/tm_msgs__rosidl_typesupport_cpp.dir/rosidl_typesupport_cpp/tm_msgs/srv/set_event__type_support.cpp.o[0m
[23.540s] [ 24%] [32mBuilding CXX object CMakeFiles/tm_msgs__rosidl_typesupport_fastrtps_cpp.dir/rosidl_typesupport_fastrtps_cpp/tm_msgs/msg/detail/dds_fastrtps/sct_response__type_support.cpp.o[0m
[23.918s] [ 25%] [32mBuilding CXX object CMakeFiles/tm_msgs__rosidl_typesupport_cpp.dir/rosidl_typesupport_cpp/tm_msgs/srv/set_io__type_support.cpp.o[0m
[24.591s] [ 25%] [32mBuilding CXX object CMakeFiles/tm_msgs__rosidl_typesupport_cpp.dir/rosidl_typesupport_cpp/tm_msgs/srv/set_positions__type_support.cpp.o[0m
[24.718s] [ 26%] [32mBuilding CXX object CMakeFiles/tm_msgs__rosidl_typesupport_fastrtps_cpp.dir/rosidl_typesupport_fastrtps_cpp/tm_msgs/msg/detail/dds_fastrtps/sta_response__type_support.cpp.o[0m
[25.296s] [ 27%] [32mBuilding CXX object CMakeFiles/tm_msgs__rosidl_typesupport_cpp.dir/rosidl_typesupport_cpp/tm_msgs/srv/ask_sta__type_support.cpp.o[0m
[26.117s] [ 28%] [32mBuilding CXX object CMakeFiles/tm_msgs__rosidl_typesupport_fastrtps_cpp.dir/rosidl_typesupport_fastrtps_cpp/tm_msgs/srv/detail/dds_fastrtps/connect_tm__type_support.cpp.o[0m
[26.245s] [ 29%] [32m[1mLinking CXX shared library libtm_msgs__rosidl_typesupport_cpp.so[0m
[26.422s] [ 29%] Built target tm_msgs__rosidl_typesupport_cpp
[26.430s] [ 30%] [34m[1mGenerating C introspection for ROS interfaces[0m
[26.876s] [ 30%] [32mBuilding CXX object CMakeFiles/tm_msgs__rosidl_typesupport_fastrtps_cpp.dir/rosidl_typesupport_fastrtps_cpp/tm_msgs/srv/detail/dds_fastrtps/write_item__type_support.cpp.o[0m
[27.874s] [ 31%] [32mBuilding CXX object CMakeFiles/tm_msgs__rosidl_typesupport_fastrtps_cpp.dir/rosidl_typesupport_fastrtps_cpp/tm_msgs/srv/detail/dds_fastrtps/ask_item__type_support.cpp.o[0m
[29.035s] [ 32%] [32mBuilding CXX object CMakeFiles/tm_msgs__rosidl_typesupport_fastrtps_cpp.dir/rosidl_typesupport_fastrtps_cpp/tm_msgs/srv/detail/dds_fastrtps/send_script__type_support.cpp.o[0m
[29.906s] [ 33%] [32mBuilding CXX object CMakeFiles/tm_msgs__rosidl_typesupport_fastrtps_cpp.dir/rosidl_typesupport_fastrtps_cpp/tm_msgs/srv/detail/dds_fastrtps/set_event__type_support.cpp.o[0m
[30.855s] [ 34%] [32mBuilding CXX object CMakeFiles/tm_msgs__rosidl_typesupport_fastrtps_cpp.dir/rosidl_typesupport_fastrtps_cpp/tm_msgs/srv/detail/dds_fastrtps/set_io__type_support.cpp.o[0m
[32.079s] [ 35%] [32mBuilding CXX object CMakeFiles/tm_msgs__rosidl_typesupport_fastrtps_cpp.dir/rosidl_typesupport_fastrtps_cpp/tm_msgs/srv/detail/dds_fastrtps/set_positions__type_support.cpp.o[0m
[32.695s] [ 36%] [32mBuilding C object CMakeFiles/tm_msgs__rosidl_typesupport_introspection_c.dir/rosidl_typesupport_introspection_c/tm_msgs/msg/detail/feedback_state__type_support.c.o[0m
[33.053s] [ 37%] [32mBuilding C object CMakeFiles/tm_msgs__rosidl_typesupport_introspection_c.dir/rosidl_typesupport_introspection_c/tm_msgs/msg/detail/svr_response__type_support.c.o[0m
[33.217s] [ 38%] [32mBuilding C object CMakeFiles/tm_msgs__rosidl_typesupport_introspection_c.dir/rosidl_typesupport_introspection_c/tm_msgs/msg/detail/sct_response__type_support.c.o[0m
[33.297s] [ 38%] [32mBuilding C object CMakeFiles/tm_msgs__rosidl_typesupport_introspection_c.dir/rosidl_typesupport_introspection_c/tm_msgs/msg/detail/sta_response__type_support.c.o[0m
[33.361s] [ 39%] [32mBuilding C object CMakeFiles/tm_msgs__rosidl_typesupport_introspection_c.dir/rosidl_typesupport_introspection_c/tm_msgs/srv/detail/connect_tm__type_support.c.o[0m
[33.444s] [ 40%] [32mBuilding C object CMakeFiles/tm_msgs__rosidl_typesupport_introspection_c.dir/rosidl_typesupport_introspection_c/tm_msgs/srv/detail/write_item__type_support.c.o[0m
[33.604s] [ 41%] [32mBuilding C object CMakeFiles/tm_msgs__rosidl_typesupport_introspection_c.dir/rosidl_typesupport_introspection_c/tm_msgs/srv/detail/ask_item__type_support.c.o[0m
[33.805s] [ 42%] [32mBuilding C object CMakeFiles/tm_msgs__rosidl_typesupport_introspection_c.dir/rosidl_typesupport_introspection_c/tm_msgs/srv/detail/send_script__type_support.c.o[0m
[34.031s] [ 43%] [32mBuilding C object CMakeFiles/tm_msgs__rosidl_typesupport_introspection_c.dir/rosidl_typesupport_introspection_c/tm_msgs/srv/detail/set_event__type_support.c.o[0m
[34.248s] [ 44%] [32mBuilding C object CMakeFiles/tm_msgs__rosidl_typesupport_introspection_c.dir/rosidl_typesupport_introspection_c/tm_msgs/srv/detail/set_io__type_support.c.o[0m
[34.311s] [ 44%] [32mBuilding CXX object CMakeFiles/tm_msgs__rosidl_typesupport_fastrtps_cpp.dir/rosidl_typesupport_fastrtps_cpp/tm_msgs/srv/detail/dds_fastrtps/ask_sta__type_support.cpp.o[0m
[34.488s] [ 44%] [32mBuilding C object CMakeFiles/tm_msgs__rosidl_typesupport_introspection_c.dir/rosidl_typesupport_introspection_c/tm_msgs/srv/detail/set_positions__type_support.c.o[0m
[34.657s] [ 45%] [32mBuilding C object CMakeFiles/tm_msgs__rosidl_typesupport_introspection_c.dir/rosidl_typesupport_introspection_c/tm_msgs/srv/detail/ask_sta__type_support.c.o[0m
[34.847s] [ 46%] [32m[1mLinking C shared library libtm_msgs__rosidl_typesupport_introspection_c.so[0m
[35.044s] [ 46%] Built target tm_msgs__rosidl_typesupport_introspection_c
[35.486s] [ 47%] [32m[1mLinking CXX shared library libtm_msgs__rosidl_typesupport_fastrtps_cpp.so[0m
[35.859s] [ 47%] Built target tm_msgs__rosidl_typesupport_fastrtps_cpp
[35.895s] [ 48%] [34m[1mGenerating C type support dispatch for ROS interfaces[0m
[38.960s] [ 49%] [32mBuilding CXX object CMakeFiles/tm_msgs__rosidl_typesupport_c.dir/rosidl_typesupport_c/tm_msgs/msg/feedback_state__type_support.cpp.o[0m
[39.010s] [ 49%] [32mBuilding CXX object CMakeFiles/tm_msgs__rosidl_typesupport_c.dir/rosidl_typesupport_c/tm_msgs/msg/svr_response__type_support.cpp.o[0m
[39.053s] [ 50%] [32mBuilding CXX object CMakeFiles/tm_msgs__rosidl_typesupport_c.dir/rosidl_typesupport_c/tm_msgs/msg/sct_response__type_support.cpp.o[0m
[39.101s] [ 51%] [32mBuilding CXX object CMakeFiles/tm_msgs__rosidl_typesupport_c.dir/rosidl_typesupport_c/tm_msgs/msg/sta_response__type_support.cpp.o[0m
[39.145s] [ 52%] [32mBuilding CXX object CMakeFiles/tm_msgs__rosidl_typesupport_c.dir/rosidl_typesupport_c/tm_msgs/srv/connect_tm__type_support.cpp.o[0m
[39.193s] [ 53%] [32mBuilding CXX object CMakeFiles/tm_msgs__rosidl_typesupport_c.dir/rosidl_typesupport_c/tm_msgs/srv/write_item__type_support.cpp.o[0m
[39.241s] [ 54%] [32mBuilding CXX object CMakeFiles/tm_msgs__rosidl_typesupport_c.dir/rosidl_typesupport_c/tm_msgs/srv/ask_item__type_support.cpp.o[0m
[39.289s] [ 54%] [32mBuilding CXX object CMakeFiles/tm_msgs__rosidl_typesupport_c.dir/rosidl_typesupport_c/tm_msgs/srv/send_script__type_support.cpp.o[0m
[39.334s] [ 55%] [32mBuilding CXX object CMakeFiles/tm_msgs__rosidl_typesupport_c.dir/rosidl_typesupport_c/tm_msgs/srv/set_event__type_support.cpp.o[0m
[39.380s] [ 56%] [32mBuilding CXX object CMakeFiles/tm_msgs__rosidl_typesupport_c.dir/rosidl_typesupport_c/tm_msgs/srv/set_io__type_support.cpp.o[0m
[39.424s] [ 57%] [32mBuilding CXX object CMakeFiles/tm_msgs__rosidl_typesupport_c.dir/rosidl_typesupport_c/tm_msgs/srv/set_positions__type_support.cpp.o[0m
[39.475s] [ 58%] [32mBuilding CXX object CMakeFiles/tm_msgs__rosidl_typesupport_c.dir/rosidl_typesupport_c/tm_msgs/srv/ask_sta__type_support.cpp.o[0m
[39.520s] [ 59%] [32m[1mLinking CXX shared library libtm_msgs__rosidl_typesupport_c.so[0m
[39.599s] [ 59%] Built target tm_msgs__rosidl_typesupport_c
[39.612s] [ 60%] [34m[1mGenerating C++ introspection for ROS interfaces[0m
[43.255s] [ 60%] [32mBuilding CXX object CMakeFiles/tm_msgs__rosidl_typesupport_introspection_cpp.dir/rosidl_typesupport_introspection_cpp/tm_msgs/msg/detail/feedback_state__type_support.cpp.o[0m
[44.051s] [ 61%] [32mBuilding CXX object CMakeFiles/tm_msgs__rosidl_typesupport_introspection_cpp.dir/rosidl_typesupport_introspection_cpp/tm_msgs/msg/detail/svr_response__type_support.cpp.o[0m
[44.645s] [ 62%] [32mBuilding CXX object CMakeFiles/tm_msgs__rosidl_typesupport_introspection_cpp.dir/rosidl_typesupport_introspection_cpp/tm_msgs/msg/detail/sct_response__type_support.cpp.o[0m
[45.238s] [ 63%] [32mBuilding CXX object CMakeFiles/tm_msgs__rosidl_typesupport_introspection_cpp.dir/rosidl_typesupport_introspection_cpp/tm_msgs/msg/detail/sta_response__type_support.cpp.o[0m
[45.808s] [ 64%] [32mBuilding CXX object CMakeFiles/tm_msgs__rosidl_typesupport_introspection_cpp.dir/rosidl_typesupport_introspection_cpp/tm_msgs/srv/detail/connect_tm__type_support.cpp.o[0m
[46.381s] [ 65%] [32mBuilding CXX object CMakeFiles/tm_msgs__rosidl_typesupport_introspection_cpp.dir/rosidl_typesupport_introspection_cpp/tm_msgs/srv/detail/write_item__type_support.cpp.o[0m
[46.962s] [ 65%] [32mBuilding CXX object CMakeFiles/tm_msgs__rosidl_typesupport_introspection_cpp.dir/rosidl_typesupport_introspection_cpp/tm_msgs/srv/detail/ask_item__type_support.cpp.o[0m
[47.539s] [ 66%] [32mBuilding CXX object CMakeFiles/tm_msgs__rosidl_typesupport_introspection_cpp.dir/rosidl_typesupport_introspection_cpp/tm_msgs/srv/detail/send_script__type_support.cpp.o[0m
[48.126s] [ 67%] [32mBuilding CXX object CMakeFiles/tm_msgs__rosidl_typesupport_introspection_cpp.dir/rosidl_typesupport_introspection_cpp/tm_msgs/srv/detail/set_event__type_support.cpp.o[0m
[48.687s] [ 68%] [32mBuilding CXX object CMakeFiles/tm_msgs__rosidl_typesupport_introspection_cpp.dir/rosidl_typesupport_introspection_cpp/tm_msgs/srv/detail/set_io__type_support.cpp.o[0m
[49.273s] [ 69%] [32mBuilding CXX object CMakeFiles/tm_msgs__rosidl_typesupport_introspection_cpp.dir/rosidl_typesupport_introspection_cpp/tm_msgs/srv/detail/set_positions__type_support.cpp.o[0m
[49.899s] [ 70%] [32mBuilding CXX object CMakeFiles/tm_msgs__rosidl_typesupport_introspection_cpp.dir/rosidl_typesupport_introspection_cpp/tm_msgs/srv/detail/ask_sta__type_support.cpp.o[0m
[50.486s] [ 71%] [32m[1mLinking CXX shared library libtm_msgs__rosidl_typesupport_introspection_cpp.so[0m
[50.627s] [ 71%] Built target tm_msgs__rosidl_typesupport_introspection_cpp
[51.066s] running egg_info
[51.067s] creating tm_msgs.egg-info
[51.067s] writing tm_msgs.egg-info/PKG-INFO
[51.068s] writing dependency_links to tm_msgs.egg-info/dependency_links.txt
[51.068s] writing top-level names to tm_msgs.egg-info/top_level.txt
[51.068s] writing manifest file 'tm_msgs.egg-info/SOURCES.txt'
[51.071s] reading manifest file 'tm_msgs.egg-info/SOURCES.txt'
[51.072s] writing manifest file 'tm_msgs.egg-info/SOURCES.txt'
[51.109s] [ 71%] Built target ament_cmake_python_build_tm_msgs_egg
[51.125s] [ 72%] [34m[1mGenerating C type support for eProsima Fast-RTPS[0m
[55.130s] [ 73%] [32mBuilding CXX object CMakeFiles/tm_msgs__rosidl_typesupport_fastrtps_c.dir/rosidl_typesupport_fastrtps_c/tm_msgs/msg/detail/feedback_state__type_support_c.cpp.o[0m
[55.706s] [ 74%] [32mBuilding CXX object CMakeFiles/tm_msgs__rosidl_typesupport_fastrtps_c.dir/rosidl_typesupport_fastrtps_c/tm_msgs/msg/detail/svr_response__type_support_c.cpp.o[0m
[56.208s] [ 74%] [32mBuilding CXX object CMakeFiles/tm_msgs__rosidl_typesupport_fastrtps_c.dir/rosidl_typesupport_fastrtps_c/tm_msgs/msg/detail/sct_response__type_support_c.cpp.o[0m
[56.701s] [ 75%] [32mBuilding CXX object CMakeFiles/tm_msgs__rosidl_typesupport_fastrtps_c.dir/rosidl_typesupport_fastrtps_c/tm_msgs/msg/detail/sta_response__type_support_c.cpp.o[0m
[57.195s] [ 76%] [32mBuilding CXX object CMakeFiles/tm_msgs__rosidl_typesupport_fastrtps_c.dir/rosidl_typesupport_fastrtps_c/tm_msgs/srv/detail/connect_tm__type_support_c.cpp.o[0m
[57.707s] [ 77%] [32mBuilding CXX object CMakeFiles/tm_msgs__rosidl_typesupport_fastrtps_c.dir/rosidl_typesupport_fastrtps_c/tm_msgs/srv/detail/write_item__type_support_c.cpp.o[0m
[58.218s] [ 78%] [32mBuilding CXX object CMakeFiles/tm_msgs__rosidl_typesupport_fastrtps_c.dir/rosidl_typesupport_fastrtps_c/tm_msgs/srv/detail/ask_item__type_support_c.cpp.o[0m
[58.732s] [ 79%] [32mBuilding CXX object CMakeFiles/tm_msgs__rosidl_typesupport_fastrtps_c.dir/rosidl_typesupport_fastrtps_c/tm_msgs/srv/detail/send_script__type_support_c.cpp.o[0m
[59.242s] [ 79%] [32mBuilding CXX object CMakeFiles/tm_msgs__rosidl_typesupport_fastrtps_c.dir/rosidl_typesupport_fastrtps_c/tm_msgs/srv/detail/set_event__type_support_c.cpp.o[0m
[59.734s] [ 80%] [32mBuilding CXX object CMakeFiles/tm_msgs__rosidl_typesupport_fastrtps_c.dir/rosidl_typesupport_fastrtps_c/tm_msgs/srv/detail/set_io__type_support_c.cpp.o[0m
[60.222s] [ 81%] [32mBuilding CXX object CMakeFiles/tm_msgs__rosidl_typesupport_fastrtps_c.dir/rosidl_typesupport_fastrtps_c/tm_msgs/srv/detail/set_positions__type_support_c.cpp.o[0m
[60.733s] [ 82%] [32mBuilding CXX object CMakeFiles/tm_msgs__rosidl_typesupport_fastrtps_c.dir/rosidl_typesupport_fastrtps_c/tm_msgs/srv/detail/ask_sta__type_support_c.cpp.o[0m
[61.262s] [ 83%] [32m[1mLinking CXX shared library libtm_msgs__rosidl_typesupport_fastrtps_c.so[0m
[61.382s] [ 83%] Built target tm_msgs__rosidl_typesupport_fastrtps_c
[61.408s] [ 83%] Built target tm_msgs
[61.435s] [ 84%] [34m[1mGenerating Python code for ROS interfaces[0m
[69.271s] [ 84%] Built target tm_msgs__py
[69.298s] [ 85%] [32mBuilding C object CMakeFiles/tm_msgs__rosidl_generator_py.dir/rosidl_generator_py/tm_msgs/msg/_feedback_state_s.c.o[0m
[69.640s] [ 86%] [32mBuilding C object CMakeFiles/tm_msgs__rosidl_generator_py.dir/rosidl_generator_py/tm_msgs/msg/_svr_response_s.c.o[0m
[69.797s] [ 86%] [32mBuilding C object CMakeFiles/tm_msgs__rosidl_generator_py.dir/rosidl_generator_py/tm_msgs/msg/_sct_response_s.c.o[0m
[69.948s] [ 87%] [32mBuilding C object CMakeFiles/tm_msgs__rosidl_generator_py.dir/rosidl_generator_py/tm_msgs/msg/_sta_response_s.c.o[0m
[70.101s] [ 88%] [32mBuilding C object CMakeFiles/tm_msgs__rosidl_generator_py.dir/rosidl_generator_py/tm_msgs/srv/_connect_tm_s.c.o[0m
[70.268s] [ 89%] [32mBuilding C object CMakeFiles/tm_msgs__rosidl_generator_py.dir/rosidl_generator_py/tm_msgs/srv/_write_item_s.c.o[0m
[70.437s] [ 90%] [32mBuilding C object CMakeFiles/tm_msgs__rosidl_generator_py.dir/rosidl_generator_py/tm_msgs/srv/_ask_item_s.c.o[0m
[70.606s] [ 91%] [32mBuilding C object CMakeFiles/tm_msgs__rosidl_generator_py.dir/rosidl_generator_py/tm_msgs/srv/_send_script_s.c.o[0m
[70.772s] [ 92%] [32mBuilding C object CMakeFiles/tm_msgs__rosidl_generator_py.dir/rosidl_generator_py/tm_msgs/srv/_set_event_s.c.o[0m
[70.932s] [ 92%] [32mBuilding C object CMakeFiles/tm_msgs__rosidl_generator_py.dir/rosidl_generator_py/tm_msgs/srv/_set_io_s.c.o[0m
[71.103s] [ 93%] [32mBuilding C object CMakeFiles/tm_msgs__rosidl_generator_py.dir/rosidl_generator_py/tm_msgs/srv/_set_positions_s.c.o[0m
[71.285s] [ 94%] [32mBuilding C object CMakeFiles/tm_msgs__rosidl_generator_py.dir/rosidl_generator_py/tm_msgs/srv/_ask_sta_s.c.o[0m
[71.458s] [ 95%] [32m[1mLinking C shared library rosidl_generator_py/tm_msgs/libtm_msgs__rosidl_generator_py.so[0m
[71.521s] [ 95%] Built target tm_msgs__rosidl_generator_py
[71.550s] [ 96%] [32mBuilding C object CMakeFiles/tm_msgs__rosidl_typesupport_fastrtps_c__pyext.dir/rosidl_generator_py/tm_msgs/_tm_msgs_s.ep.rosidl_typesupport_fastrtps_c.c.o[0m
[71.794s] [ 97%] [32m[1mLinking C shared library rosidl_generator_py/tm_msgs/tm_msgs_s__rosidl_typesupport_fastrtps_c.cpython-310-x86_64-linux-gnu.so[0m
[71.853s] [ 97%] Built target tm_msgs__rosidl_typesupport_fastrtps_c__pyext
[71.880s] [ 98%] [32mBuilding C object CMakeFiles/tm_msgs__rosidl_typesupport_introspection_c__pyext.dir/rosidl_generator_py/tm_msgs/_tm_msgs_s.ep.rosidl_typesupport_introspection_c.c.o[0m
[72.127s] [ 99%] [32m[1mLinking C shared library rosidl_generator_py/tm_msgs/tm_msgs_s__rosidl_typesupport_introspection_c.cpython-310-x86_64-linux-gnu.so[0m
[72.189s] [ 99%] Built target tm_msgs__rosidl_typesupport_introspection_c__pyext
[72.216s] [ 99%] [32mBuilding C object CMakeFiles/tm_msgs__rosidl_typesupport_c__pyext.dir/rosidl_generator_py/tm_msgs/_tm_msgs_s.ep.rosidl_typesupport_c.c.o[0m
[72.460s] [100%] [32m[1mLinking C shared library rosidl_generator_py/tm_msgs/tm_msgs_s__rosidl_typesupport_c.cpython-310-x86_64-linux-gnu.so[0m
[72.526s] [100%] Built target tm_msgs__rosidl_typesupport_c__pyext
[72.545s] Invoked command in '/home/default/p4p/build/tm_msgs' returned '0': CMAKE_PREFIX_PATH=/opt/ros/humble /usr/bin/cmake --build /home/default/p4p/build/tm_msgs -- -j2 -l2
[72.914s] Invoking command in '/home/default/p4p/build/tm_msgs': CMAKE_PREFIX_PATH=/opt/ros/humble /usr/bin/cmake --install /home/default/p4p/build/tm_msgs
[72.924s] -- Install configuration: ""
[72.925s] -- Installing: /home/default/p4p/install/tm_msgs/share/ament_index/resource_index/rosidl_interfaces/tm_msgs
[72.925s] -- Installing: /home/default/p4p/install/tm_msgs/include/tm_msgs/tm_msgs
[72.925s] -- Installing: /home/default/p4p/install/tm_msgs/include/tm_msgs/tm_msgs/srv
[72.925s] -- Installing: /home/default/p4p/install/tm_msgs/include/tm_msgs/tm_msgs/srv/write_item.h
[72.926s] -- Installing: /home/default/p4p/install/tm_msgs/include/tm_msgs/tm_msgs/srv/ask_item.h
[72.926s] -- Installing: /home/default/p4p/install/tm_msgs/include/tm_msgs/tm_msgs/srv/connect_tm.h
[72.926s] -- Installing: /home/default/p4p/install/tm_msgs/include/tm_msgs/tm_msgs/srv/detail
[72.926s] -- Installing: /home/default/p4p/install/tm_msgs/include/tm_msgs/tm_msgs/srv/detail/connect_tm__struct.h
[72.926s] -- Installing: /home/default/p4p/install/tm_msgs/include/tm_msgs/tm_msgs/srv/detail/ask_item__struct.h
[72.926s] -- Installing: /home/default/p4p/install/tm_msgs/include/tm_msgs/tm_msgs/srv/detail/set_io__functions.h
[72.927s] -- Installing: /home/default/p4p/install/tm_msgs/include/tm_msgs/tm_msgs/srv/detail/set_event__struct.h
[72.927s] -- Installing: /home/default/p4p/install/tm_msgs/include/tm_msgs/tm_msgs/srv/detail/send_script__functions.c
[72.927s] -- Installing: /home/default/p4p/install/tm_msgs/include/tm_msgs/tm_msgs/srv/detail/ask_sta__type_support.h
[72.927s] -- Installing: /home/default/p4p/install/tm_msgs/include/tm_msgs/tm_msgs/srv/detail/set_event__type_support.h
[72.927s] -- Installing: /home/default/p4p/install/tm_msgs/include/tm_msgs/tm_msgs/srv/detail/send_script__struct.h
[72.928s] -- Installing: /home/default/p4p/install/tm_msgs/include/tm_msgs/tm_msgs/srv/detail/set_positions__type_support.h
[72.929s] -- Installing: /home/default/p4p/install/tm_msgs/include/tm_msgs/tm_msgs/srv/detail/write_item__type_support.h
[72.929s] -- Installing: /home/default/p4p/install/tm_msgs/include/tm_msgs/tm_msgs/srv/detail/set_io__type_support.h
[72.929s] -- Installing: /home/default/p4p/install/tm_msgs/include/tm_msgs/tm_msgs/srv/detail/set_io__struct.h
[72.929s] -- Installing: /home/default/p4p/install/tm_msgs/include/tm_msgs/tm_msgs/srv/detail/ask_item__type_support.h
[72.930s] -- Installing: /home/default/p4p/install/tm_msgs/include/tm_msgs/tm_msgs/srv/detail/set_positions__functions.h
[72.930s] -- Installing: /home/default/p4p/install/tm_msgs/include/tm_msgs/tm_msgs/srv/detail/ask_item__functions.c
[72.930s] -- Installing: /home/default/p4p/install/tm_msgs/include/tm_msgs/tm_msgs/srv/detail/ask_item__functions.h
[72.931s] -- Installing: /home/default/p4p/install/tm_msgs/include/tm_msgs/tm_msgs/srv/detail/write_item__struct.h
[72.931s] -- Installing: /home/default/p4p/install/tm_msgs/include/tm_msgs/tm_msgs/srv/detail/set_io__functions.c
[72.931s] -- Installing: /home/default/p4p/install/tm_msgs/include/tm_msgs/tm_msgs/srv/detail/ask_sta__functions.h
[72.931s] -- Installing: /home/default/p4p/install/tm_msgs/include/tm_msgs/tm_msgs/srv/detail/set_event__functions.c
[72.932s] -- Installing: /home/default/p4p/install/tm_msgs/include/tm_msgs/tm_msgs/srv/detail/ask_sta__functions.c
[72.932s] -- Installing: /home/default/p4p/install/tm_msgs/include/tm_msgs/tm_msgs/srv/detail/connect_tm__type_support.h
[72.932s] -- Installing: /home/default/p4p/install/tm_msgs/include/tm_msgs/tm_msgs/srv/detail/ask_sta__struct.h
[72.932s] -- Installing: /home/default/p4p/install/tm_msgs/include/tm_msgs/tm_msgs/srv/detail/connect_tm__functions.h
[72.932s] -- Installing: /home/default/p4p/install/tm_msgs/include/tm_msgs/tm_msgs/srv/detail/connect_tm__functions.c
[72.933s] -- Installing: /home/default/p4p/install/tm_msgs/include/tm_msgs/tm_msgs/srv/detail/set_positions__functions.c
[72.933s] -- Installing: /home/default/p4p/install/tm_msgs/include/tm_msgs/tm_msgs/srv/detail/set_event__functions.h
[72.933s] -- Installing: /home/default/p4p/install/tm_msgs/include/tm_msgs/tm_msgs/srv/detail/send_script__functions.h
[72.933s] -- Installing: /home/default/p4p/install/tm_msgs/include/tm_msgs/tm_msgs/srv/detail/write_item__functions.c
[72.934s] -- Installing: /home/default/p4p/install/tm_msgs/include/tm_msgs/tm_msgs/srv/detail/set_positions__struct.h
[72.934s] -- Installing: /home/default/p4p/install/tm_msgs/include/tm_msgs/tm_msgs/srv/detail/send_script__type_support.h
[72.934s] -- Installing: /home/default/p4p/install/tm_msgs/include/tm_msgs/tm_msgs/srv/detail/write_item__functions.h
[72.934s] -- Installing: /home/default/p4p/install/tm_msgs/include/tm_msgs/tm_msgs/srv/set_event.h
[72.934s] -- Installing: /home/default/p4p/install/tm_msgs/include/tm_msgs/tm_msgs/srv/set_positions.h
[72.934s] -- Installing: /home/default/p4p/install/tm_msgs/include/tm_msgs/tm_msgs/srv/send_script.h
[72.934s] -- Installing: /home/default/p4p/install/tm_msgs/include/tm_msgs/tm_msgs/srv/ask_sta.h
[72.935s] -- Installing: /home/default/p4p/install/tm_msgs/include/tm_msgs/tm_msgs/srv/set_io.h
[72.935s] -- Installing: /home/default/p4p/install/tm_msgs/include/tm_msgs/tm_msgs/msg
[72.935s] -- Installing: /home/default/p4p/install/tm_msgs/include/tm_msgs/tm_msgs/msg/feedback_state.h
[72.935s] -- Installing: /home/default/p4p/install/tm_msgs/include/tm_msgs/tm_msgs/msg/detail
[72.935s] -- Installing: /home/default/p4p/install/tm_msgs/include/tm_msgs/tm_msgs/msg/detail/svr_response__type_support.h
[72.936s] -- Installing: /home/default/p4p/install/tm_msgs/include/tm_msgs/tm_msgs/msg/detail/sct_response__type_support.h
[72.936s] -- Installing: /home/default/p4p/install/tm_msgs/include/tm_msgs/tm_msgs/msg/detail/feedback_state__struct.h
[72.936s] -- Installing: /home/default/p4p/install/tm_msgs/include/tm_msgs/tm_msgs/msg/detail/feedback_state__type_support.h
[72.936s] -- Installing: /home/default/p4p/install/tm_msgs/include/tm_msgs/tm_msgs/msg/detail/sta_response__functions.c
[72.937s] -- Installing: /home/default/p4p/install/tm_msgs/include/tm_msgs/tm_msgs/msg/detail/sta_response__functions.h
[72.937s] -- Installing: /home/default/p4p/install/tm_msgs/include/tm_msgs/tm_msgs/msg/detail/svr_response__struct.h
[72.937s] -- Installing: /home/default/p4p/install/tm_msgs/include/tm_msgs/tm_msgs/msg/detail/svr_response__functions.h
[72.937s] -- Installing: /home/default/p4p/install/tm_msgs/include/tm_msgs/tm_msgs/msg/detail/sct_response__functions.h
[72.937s] -- Installing: /home/default/p4p/install/tm_msgs/include/tm_msgs/tm_msgs/msg/detail/feedback_state__functions.c
[72.937s] -- Installing: /home/default/p4p/install/tm_msgs/include/tm_msgs/tm_msgs/msg/detail/feedback_state__functions.h
[72.937s] -- Installing: /home/default/p4p/install/tm_msgs/include/tm_msgs/tm_msgs/msg/detail/svr_response__functions.c
[72.938s] -- Installing: /home/default/p4p/install/tm_msgs/include/tm_msgs/tm_msgs/msg/detail/sct_response__struct.h
[72.938s] -- Installing: /home/default/p4p/install/tm_msgs/include/tm_msgs/tm_msgs/msg/detail/sta_response__struct.h
[72.938s] -- Installing: /home/default/p4p/install/tm_msgs/include/tm_msgs/tm_msgs/msg/detail/sct_response__functions.c
[72.938s] -- Installing: /home/default/p4p/install/tm_msgs/include/tm_msgs/tm_msgs/msg/detail/sta_response__type_support.h
[72.939s] -- Installing: /home/default/p4p/install/tm_msgs/include/tm_msgs/tm_msgs/msg/svr_response.h
[72.939s] -- Installing: /home/default/p4p/install/tm_msgs/include/tm_msgs/tm_msgs/msg/sta_response.h
[72.939s] -- Installing: /home/default/p4p/install/tm_msgs/include/tm_msgs/tm_msgs/msg/sct_response.h
[72.939s] -- Installing: /home/default/p4p/install/tm_msgs/include/tm_msgs/tm_msgs/msg/rosidl_generator_c__visibility_control.h
[72.940s] -- Installing: /home/default/p4p/install/tm_msgs/share/tm_msgs/environment/library_path.sh
[72.940s] -- Installing: /home/default/p4p/install/tm_msgs/share/tm_msgs/environment/library_path.dsv
[72.940s] -- Installing: /home/default/p4p/install/tm_msgs/lib/libtm_msgs__rosidl_generator_c.so
[72.940s] -- Set runtime path of "/home/default/p4p/install/tm_msgs/lib/libtm_msgs__rosidl_generator_c.so" to ""
[72.940s] -- Up-to-date: /home/default/p4p/install/tm_msgs/include/tm_msgs/tm_msgs
[72.941s] -- Up-to-date: /home/default/p4p/install/tm_msgs/include/tm_msgs/tm_msgs/srv
[72.941s] -- Up-to-date: /home/default/p4p/install/tm_msgs/include/tm_msgs/tm_msgs/srv/detail
[72.941s] -- Installing: /home/default/p4p/install/tm_msgs/include/tm_msgs/tm_msgs/srv/detail/ask_sta__rosidl_typesupport_fastrtps_c.h
[72.941s] -- Installing: /home/default/p4p/install/tm_msgs/include/tm_msgs/tm_msgs/srv/detail/set_positions__rosidl_typesupport_fastrtps_c.h
[72.941s] -- Installing: /home/default/p4p/install/tm_msgs/include/tm_msgs/tm_msgs/srv/detail/write_item__rosidl_typesupport_fastrtps_c.h
[72.942s] -- Installing: /home/default/p4p/install/tm_msgs/include/tm_msgs/tm_msgs/srv/detail/send_script__rosidl_typesupport_fastrtps_c.h
[72.942s] -- Installing: /home/default/p4p/install/tm_msgs/include/tm_msgs/tm_msgs/srv/detail/connect_tm__rosidl_typesupport_fastrtps_c.h
[72.942s] -- Installing: /home/default/p4p/install/tm_msgs/include/tm_msgs/tm_msgs/srv/detail/set_event__rosidl_typesupport_fastrtps_c.h
[72.942s] -- Installing: /home/default/p4p/install/tm_msgs/include/tm_msgs/tm_msgs/srv/detail/set_io__rosidl_typesupport_fastrtps_c.h
[72.943s] -- Installing: /home/default/p4p/install/tm_msgs/include/tm_msgs/tm_msgs/srv/detail/ask_item__rosidl_typesupport_fastrtps_c.h
[72.943s] -- Up-to-date: /home/default/p4p/install/tm_msgs/include/tm_msgs/tm_msgs/msg
[72.943s] -- Installing: /home/default/p4p/install/tm_msgs/include/tm_msgs/tm_msgs/msg/rosidl_typesupport_fastrtps_c__visibility_control.h
[72.943s] -- Up-to-date: /home/default/p4p/install/tm_msgs/include/tm_msgs/tm_msgs/msg/detail
[72.944s] -- Installing: /home/default/p4p/install/tm_msgs/include/tm_msgs/tm_msgs/msg/detail/sta_response__rosidl_typesupport_fastrtps_c.h
[72.946s] -- Installing: /home/default/p4p/install/tm_msgs/include/tm_msgs/tm_msgs/msg/detail/sct_response__rosidl_typesupport_fastrtps_c.h
[72.946s] -- Installing: /home/default/p4p/install/tm_msgs/include/tm_msgs/tm_msgs/msg/detail/svr_response__rosidl_typesupport_fastrtps_c.h
[72.946s] -- Installing: /home/default/p4p/install/tm_msgs/include/tm_msgs/tm_msgs/msg/detail/feedback_state__rosidl_typesupport_fastrtps_c.h
[72.946s] -- Installing: /home/default/p4p/install/tm_msgs/lib/libtm_msgs__rosidl_typesupport_fastrtps_c.so
[72.947s] -- Set runtime path of "/home/default/p4p/install/tm_msgs/lib/libtm_msgs__rosidl_typesupport_fastrtps_c.so" to ""
[72.947s] -- Up-to-date: /home/default/p4p/install/tm_msgs/include/tm_msgs/tm_msgs
[72.947s] -- Up-to-date: /home/default/p4p/install/tm_msgs/include/tm_msgs/tm_msgs/srv
[72.947s] -- Installing: /home/default/p4p/install/tm_msgs/include/tm_msgs/tm_msgs/srv/ask_item.hpp
[72.948s] -- Installing: /home/default/p4p/install/tm_msgs/include/tm_msgs/tm_msgs/srv/connect_tm.hpp
[72.948s] -- Installing: /home/default/p4p/install/tm_msgs/include/tm_msgs/tm_msgs/srv/set_io.hpp
[72.948s] -- Up-to-date: /home/default/p4p/install/tm_msgs/include/tm_msgs/tm_msgs/srv/detail
[72.948s] -- Installing: /home/default/p4p/install/tm_msgs/include/tm_msgs/tm_msgs/srv/detail/write_item__builder.hpp
[72.948s] -- Installing: /home/default/p4p/install/tm_msgs/include/tm_msgs/tm_msgs/srv/detail/set_event__builder.hpp
[72.948s] -- Installing: /home/default/p4p/install/tm_msgs/include/tm_msgs/tm_msgs/srv/detail/send_script__traits.hpp
[72.949s] -- Installing: /home/default/p4p/install/tm_msgs/include/tm_msgs/tm_msgs/srv/detail/set_event__traits.hpp
[72.949s] -- Installing: /home/default/p4p/install/tm_msgs/include/tm_msgs/tm_msgs/srv/detail/set_positions__struct.hpp
[72.949s] -- Installing: /home/default/p4p/install/tm_msgs/include/tm_msgs/tm_msgs/srv/detail/set_positions__builder.hpp
[72.949s] -- Installing: /home/default/p4p/install/tm_msgs/include/tm_msgs/tm_msgs/srv/detail/write_item__struct.hpp
[72.949s] -- Installing: /home/default/p4p/install/tm_msgs/include/tm_msgs/tm_msgs/srv/detail/set_event__struct.hpp
[72.949s] -- Installing: /home/default/p4p/install/tm_msgs/include/tm_msgs/tm_msgs/srv/detail/ask_sta__struct.hpp
[72.950s] -- Installing: /home/default/p4p/install/tm_msgs/include/tm_msgs/tm_msgs/srv/detail/ask_item__traits.hpp
[72.950s] -- Installing: /home/default/p4p/install/tm_msgs/include/tm_msgs/tm_msgs/srv/detail/connect_tm__struct.hpp
[72.950s] -- Installing: /home/default/p4p/install/tm_msgs/include/tm_msgs/tm_msgs/srv/detail/ask_item__struct.hpp
[72.950s] -- Installing: /home/default/p4p/install/tm_msgs/include/tm_msgs/tm_msgs/srv/detail/send_script__builder.hpp
[72.950s] -- Installing: /home/default/p4p/install/tm_msgs/include/tm_msgs/tm_msgs/srv/detail/set_io__struct.hpp
[72.951s] -- Installing: /home/default/p4p/install/tm_msgs/include/tm_msgs/tm_msgs/srv/detail/ask_item__builder.hpp
[72.951s] -- Installing: /home/default/p4p/install/tm_msgs/include/tm_msgs/tm_msgs/srv/detail/set_io__traits.hpp
[72.951s] -- Installing: /home/default/p4p/install/tm_msgs/include/tm_msgs/tm_msgs/srv/detail/set_positions__traits.hpp
[72.951s] -- Installing: /home/default/p4p/install/tm_msgs/include/tm_msgs/tm_msgs/srv/detail/send_script__struct.hpp
[72.952s] -- Installing: /home/default/p4p/install/tm_msgs/include/tm_msgs/tm_msgs/srv/detail/ask_sta__traits.hpp
[72.952s] -- Installing: /home/default/p4p/install/tm_msgs/include/tm_msgs/tm_msgs/srv/detail/write_item__traits.hpp
[72.952s] -- Installing: /home/default/p4p/install/tm_msgs/include/tm_msgs/tm_msgs/srv/detail/connect_tm__builder.hpp
[72.952s] -- Installing: /home/default/p4p/install/tm_msgs/include/tm_msgs/tm_msgs/srv/detail/connect_tm__traits.hpp
[72.952s] -- Installing: /home/default/p4p/install/tm_msgs/include/tm_msgs/tm_msgs/srv/detail/set_io__builder.hpp
[72.953s] -- Installing: /home/default/p4p/install/tm_msgs/include/tm_msgs/tm_msgs/srv/detail/ask_sta__builder.hpp
[72.953s] -- Installing: /home/default/p4p/install/tm_msgs/include/tm_msgs/tm_msgs/srv/send_script.hpp
[72.953s] -- Installing: /home/default/p4p/install/tm_msgs/include/tm_msgs/tm_msgs/srv/write_item.hpp
[72.953s] -- Installing: /home/default/p4p/install/tm_msgs/include/tm_msgs/tm_msgs/srv/ask_sta.hpp
[72.953s] -- Installing: /home/default/p4p/install/tm_msgs/include/tm_msgs/tm_msgs/srv/set_positions.hpp
[72.953s] -- Installing: /home/default/p4p/install/tm_msgs/include/tm_msgs/tm_msgs/srv/set_event.hpp
[72.953s] -- Up-to-date: /home/default/p4p/install/tm_msgs/include/tm_msgs/tm_msgs/msg
[72.954s] -- Installing: /home/default/p4p/install/tm_msgs/include/tm_msgs/tm_msgs/msg/sct_response.hpp
[72.954s] -- Installing: /home/default/p4p/install/tm_msgs/include/tm_msgs/tm_msgs/msg/feedback_state.hpp
[72.954s] -- Installing: /home/default/p4p/install/tm_msgs/include/tm_msgs/tm_msgs/msg/svr_response.hpp
[72.954s] -- Up-to-date: /home/default/p4p/install/tm_msgs/include/tm_msgs/tm_msgs/msg/detail
[72.954s] -- Installing: /home/default/p4p/install/tm_msgs/include/tm_msgs/tm_msgs/msg/detail/sct_response__traits.hpp
[72.954s] -- Installing: /home/default/p4p/install/tm_msgs/include/tm_msgs/tm_msgs/msg/detail/sct_response__builder.hpp
[72.955s] -- Installing: /home/default/p4p/install/tm_msgs/include/tm_msgs/tm_msgs/msg/detail/sta_response__traits.hpp
[72.955s] -- Installing: /home/default/p4p/install/tm_msgs/include/tm_msgs/tm_msgs/msg/detail/sct_response__struct.hpp
[72.955s] -- Installing: /home/default/p4p/install/tm_msgs/include/tm_msgs/tm_msgs/msg/detail/svr_response__builder.hpp
[72.955s] -- Installing: /home/default/p4p/install/tm_msgs/include/tm_msgs/tm_msgs/msg/detail/feedback_state__traits.hpp
[72.955s] -- Installing: /home/default/p4p/install/tm_msgs/include/tm_msgs/tm_msgs/msg/detail/feedback_state__builder.hpp
[72.955s] -- Installing: /home/default/p4p/install/tm_msgs/include/tm_msgs/tm_msgs/msg/detail/svr_response__struct.hpp
[72.956s] -- Installing: /home/default/p4p/install/tm_msgs/include/tm_msgs/tm_msgs/msg/detail/feedback_state__struct.hpp
[72.956s] -- Installing: /home/default/p4p/install/tm_msgs/include/tm_msgs/tm_msgs/msg/detail/svr_response__traits.hpp
[72.956s] -- Installing: /home/default/p4p/install/tm_msgs/include/tm_msgs/tm_msgs/msg/detail/sta_response__struct.hpp
[72.956s] -- Installing: /home/default/p4p/install/tm_msgs/include/tm_msgs/tm_msgs/msg/detail/sta_response__builder.hpp
[72.956s] -- Installing: /home/default/p4p/install/tm_msgs/include/tm_msgs/tm_msgs/msg/sta_response.hpp
[72.956s] -- Up-to-date: /home/default/p4p/install/tm_msgs/include/tm_msgs/tm_msgs
[72.957s] -- Up-to-date: /home/default/p4p/install/tm_msgs/include/tm_msgs/tm_msgs/srv
[72.957s] -- Up-to-date: /home/default/p4p/install/tm_msgs/include/tm_msgs/tm_msgs/srv/detail
[72.957s] -- Installing: /home/default/p4p/install/tm_msgs/include/tm_msgs/tm_msgs/srv/detail/set_positions__rosidl_typesupport_fastrtps_cpp.hpp
[72.957s] -- Installing: /home/default/p4p/install/tm_msgs/include/tm_msgs/tm_msgs/srv/detail/write_item__rosidl_typesupport_fastrtps_cpp.hpp
[72.958s] -- Installing: /home/default/p4p/install/tm_msgs/include/tm_msgs/tm_msgs/srv/detail/set_io__rosidl_typesupport_fastrtps_cpp.hpp
[72.958s] -- Installing: /home/default/p4p/install/tm_msgs/include/tm_msgs/tm_msgs/srv/detail/connect_tm__rosidl_typesupport_fastrtps_cpp.hpp
[72.958s] -- Installing: /home/default/p4p/install/tm_msgs/include/tm_msgs/tm_msgs/srv/detail/send_script__rosidl_typesupport_fastrtps_cpp.hpp
[72.959s] -- Installing: /home/default/p4p/install/tm_msgs/include/tm_msgs/tm_msgs/srv/detail/set_event__rosidl_typesupport_fastrtps_cpp.hpp
[72.959s] -- Installing: /home/default/p4p/install/tm_msgs/include/tm_msgs/tm_msgs/srv/detail/dds_fastrtps
[72.959s] -- Installing: /home/default/p4p/install/tm_msgs/include/tm_msgs/tm_msgs/srv/detail/ask_item__rosidl_typesupport_fastrtps_cpp.hpp
[72.959s] -- Installing: /home/default/p4p/install/tm_msgs/include/tm_msgs/tm_msgs/srv/detail/ask_sta__rosidl_typesupport_fastrtps_cpp.hpp
[72.959s] -- Up-to-date: /home/default/p4p/install/tm_msgs/include/tm_msgs/tm_msgs/msg
[72.960s] -- Installing: /home/default/p4p/install/tm_msgs/include/tm_msgs/tm_msgs/msg/rosidl_typesupport_fastrtps_cpp__visibility_control.h
[72.960s] -- Up-to-date: /home/default/p4p/install/tm_msgs/include/tm_msgs/tm_msgs/msg/detail
[72.960s] -- Installing: /home/default/p4p/install/tm_msgs/include/tm_msgs/tm_msgs/msg/detail/sta_response__rosidl_typesupport_fastrtps_cpp.hpp
[72.960s] -- Installing: /home/default/p4p/install/tm_msgs/include/tm_msgs/tm_msgs/msg/detail/feedback_state__rosidl_typesupport_fastrtps_cpp.hpp
[72.960s] -- Installing: /home/default/p4p/install/tm_msgs/include/tm_msgs/tm_msgs/msg/detail/dds_fastrtps
[72.960s] -- Installing: /home/default/p4p/install/tm_msgs/include/tm_msgs/tm_msgs/msg/detail/svr_response__rosidl_typesupport_fastrtps_cpp.hpp
[72.960s] -- Installing: /home/default/p4p/install/tm_msgs/include/tm_msgs/tm_msgs/msg/detail/sct_response__rosidl_typesupport_fastrtps_cpp.hpp
[72.961s] -- Installing: /home/default/p4p/install/tm_msgs/lib/libtm_msgs__rosidl_typesupport_fastrtps_cpp.so
[72.961s] -- Set runtime path of "/home/default/p4p/install/tm_msgs/lib/libtm_msgs__rosidl_typesupport_fastrtps_cpp.so" to ""
[72.961s] -- Up-to-date: /home/default/p4p/install/tm_msgs/include/tm_msgs/tm_msgs
[72.961s] -- Up-to-date: /home/default/p4p/install/tm_msgs/include/tm_msgs/tm_msgs/srv
[72.961s] -- Up-to-date: /home/default/p4p/install/tm_msgs/include/tm_msgs/tm_msgs/srv/detail
[72.961s] -- Installing: /home/default/p4p/install/tm_msgs/include/tm_msgs/tm_msgs/srv/detail/send_script__rosidl_typesupport_introspection_c.h
[72.961s] -- Installing: /home/default/p4p/install/tm_msgs/include/tm_msgs/tm_msgs/srv/detail/ask_item__rosidl_typesupport_introspection_c.h
[72.962s] -- Installing: /home/default/p4p/install/tm_msgs/include/tm_msgs/tm_msgs/srv/detail/set_event__rosidl_typesupport_introspection_c.h
[72.962s] -- Installing: /home/default/p4p/install/tm_msgs/include/tm_msgs/tm_msgs/srv/detail/write_item__type_support.c
[72.962s] -- Installing: /home/default/p4p/install/tm_msgs/include/tm_msgs/tm_msgs/srv/detail/connect_tm__type_support.c
[72.962s] -- Installing: /home/default/p4p/install/tm_msgs/include/tm_msgs/tm_msgs/srv/detail/send_script__type_support.c
[72.962s] -- Installing: /home/default/p4p/install/tm_msgs/include/tm_msgs/tm_msgs/srv/detail/set_event__type_support.c
[72.963s] -- Installing: /home/default/p4p/install/tm_msgs/include/tm_msgs/tm_msgs/srv/detail/ask_sta__rosidl_typesupport_introspection_c.h
[72.963s] -- Installing: /home/default/p4p/install/tm_msgs/include/tm_msgs/tm_msgs/srv/detail/set_positions__type_support.c
[72.963s] -- Installing: /home/default/p4p/install/tm_msgs/include/tm_msgs/tm_msgs/srv/detail/set_positions__rosidl_typesupport_introspection_c.h
[72.963s] -- Installing: /home/default/p4p/install/tm_msgs/include/tm_msgs/tm_msgs/srv/detail/connect_tm__rosidl_typesupport_introspection_c.h
[72.963s] -- Installing: /home/default/p4p/install/tm_msgs/include/tm_msgs/tm_msgs/srv/detail/ask_item__type_support.c
[72.964s] -- Installing: /home/default/p4p/install/tm_msgs/include/tm_msgs/tm_msgs/srv/detail/write_item__rosidl_typesupport_introspection_c.h
[72.964s] -- Installing: /home/default/p4p/install/tm_msgs/include/tm_msgs/tm_msgs/srv/detail/set_io__type_support.c
[72.964s] -- Installing: /home/default/p4p/install/tm_msgs/include/tm_msgs/tm_msgs/srv/detail/ask_sta__type_support.c
[72.964s] -- Installing: /home/default/p4p/install/tm_msgs/include/tm_msgs/tm_msgs/srv/detail/set_io__rosidl_typesupport_introspection_c.h
[72.964s] -- Up-to-date: /home/default/p4p/install/tm_msgs/include/tm_msgs/tm_msgs/msg
[72.965s] -- Up-to-date: /home/default/p4p/install/tm_msgs/include/tm_msgs/tm_msgs/msg/detail
[72.965s] -- Installing: /home/default/p4p/install/tm_msgs/include/tm_msgs/tm_msgs/msg/detail/sct_response__rosidl_typesupport_introspection_c.h
[72.965s] -- Installing: /home/default/p4p/install/tm_msgs/include/tm_msgs/tm_msgs/msg/detail/svr_response__rosidl_typesupport_introspection_c.h
[72.965s] -- Installing: /home/default/p4p/install/tm_msgs/include/tm_msgs/tm_msgs/msg/detail/sta_response__rosidl_typesupport_introspection_c.h
[72.965s] -- Installing: /home/default/p4p/install/tm_msgs/include/tm_msgs/tm_msgs/msg/detail/svr_response__type_support.c
[72.966s] -- Installing: /home/default/p4p/install/tm_msgs/include/tm_msgs/tm_msgs/msg/detail/feedback_state__rosidl_typesupport_introspection_c.h
[72.966s] -- Installing: /home/default/p4p/install/tm_msgs/include/tm_msgs/tm_msgs/msg/detail/sct_response__type_support.c
[72.966s] -- Installing: /home/default/p4p/install/tm_msgs/include/tm_msgs/tm_msgs/msg/detail/feedback_state__type_support.c
[72.966s] -- Installing: /home/default/p4p/install/tm_msgs/include/tm_msgs/tm_msgs/msg/detail/sta_response__type_support.c
[72.966s] -- Installing: /home/default/p4p/install/tm_msgs/include/tm_msgs/tm_msgs/msg/rosidl_typesupport_introspection_c__visibility_control.h
[72.966s] -- Installing: /home/default/p4p/install/tm_msgs/lib/libtm_msgs__rosidl_typesupport_introspection_c.so
[72.967s] -- Set runtime path of "/home/default/p4p/install/tm_msgs/lib/libtm_msgs__rosidl_typesupport_introspection_c.so" to ""
[72.967s] -- Installing: /home/default/p4p/install/tm_msgs/lib/libtm_msgs__rosidl_typesupport_c.so
[72.967s] -- Set runtime path of "/home/default/p4p/install/tm_msgs/lib/libtm_msgs__rosidl_typesupport_c.so" to ""
[72.967s] -- Up-to-date: /home/default/p4p/install/tm_msgs/include/tm_msgs/tm_msgs
[72.967s] -- Up-to-date: /home/default/p4p/install/tm_msgs/include/tm_msgs/tm_msgs/srv
[72.967s] -- Up-to-date: /home/default/p4p/install/tm_msgs/include/tm_msgs/tm_msgs/srv/detail
[72.968s] -- Installing: /home/default/p4p/install/tm_msgs/include/tm_msgs/tm_msgs/srv/detail/connect_tm__rosidl_typesupport_introspection_cpp.hpp
[72.968s] -- Installing: /home/default/p4p/install/tm_msgs/include/tm_msgs/tm_msgs/srv/detail/set_event__type_support.cpp
[72.968s] -- Installing: /home/default/p4p/install/tm_msgs/include/tm_msgs/tm_msgs/srv/detail/ask_sta__type_support.cpp
[72.968s] -- Installing: /home/default/p4p/install/tm_msgs/include/tm_msgs/tm_msgs/srv/detail/set_io__rosidl_typesupport_introspection_cpp.hpp
[72.968s] -- Installing: /home/default/p4p/install/tm_msgs/include/tm_msgs/tm_msgs/srv/detail/ask_item__rosidl_typesupport_introspection_cpp.hpp
[72.968s] -- Installing: /home/default/p4p/install/tm_msgs/include/tm_msgs/tm_msgs/srv/detail/ask_item__type_support.cpp
[72.969s] -- Installing: /home/default/p4p/install/tm_msgs/include/tm_msgs/tm_msgs/srv/detail/set_event__rosidl_typesupport_introspection_cpp.hpp
[72.969s] -- Installing: /home/default/p4p/install/tm_msgs/include/tm_msgs/tm_msgs/srv/detail/ask_sta__rosidl_typesupport_introspection_cpp.hpp
[72.969s] -- Installing: /home/default/p4p/install/tm_msgs/include/tm_msgs/tm_msgs/srv/detail/send_script__type_support.cpp
[72.969s] -- Installing: /home/default/p4p/install/tm_msgs/include/tm_msgs/tm_msgs/srv/detail/set_positions__rosidl_typesupport_introspection_cpp.hpp
[72.969s] -- Installing: /home/default/p4p/install/tm_msgs/include/tm_msgs/tm_msgs/srv/detail/send_script__rosidl_typesupport_introspection_cpp.hpp
[72.970s] -- Installing: /home/default/p4p/install/tm_msgs/include/tm_msgs/tm_msgs/srv/detail/write_item__rosidl_typesupport_introspection_cpp.hpp
[72.970s] -- Installing: /home/default/p4p/install/tm_msgs/include/tm_msgs/tm_msgs/srv/detail/set_positions__type_support.cpp
[72.970s] -- Installing: /home/default/p4p/install/tm_msgs/include/tm_msgs/tm_msgs/srv/detail/write_item__type_support.cpp
[72.970s] -- Installing: /home/default/p4p/install/tm_msgs/include/tm_msgs/tm_msgs/srv/detail/connect_tm__type_support.cpp
[72.970s] -- Installing: /home/default/p4p/install/tm_msgs/include/tm_msgs/tm_msgs/srv/detail/set_io__type_support.cpp
[72.970s] -- Up-to-date: /home/default/p4p/install/tm_msgs/include/tm_msgs/tm_msgs/msg
[72.970s] -- Up-to-date: /home/default/p4p/install/tm_msgs/include/tm_msgs/tm_msgs/msg/detail
[72.970s] -- Installing: /home/default/p4p/install/tm_msgs/include/tm_msgs/tm_msgs/msg/detail/feedback_state__rosidl_typesupport_introspection_cpp.hpp
[72.970s] -- Installing: /home/default/p4p/install/tm_msgs/include/tm_msgs/tm_msgs/msg/detail/sta_response__type_support.cpp
[72.971s] -- Installing: /home/default/p4p/install/tm_msgs/include/tm_msgs/tm_msgs/msg/detail/sta_response__rosidl_typesupport_introspection_cpp.hpp
[72.971s] -- Installing: /home/default/p4p/install/tm_msgs/include/tm_msgs/tm_msgs/msg/detail/svr_response__rosidl_typesupport_introspection_cpp.hpp
[72.971s] -- Installing: /home/default/p4p/install/tm_msgs/include/tm_msgs/tm_msgs/msg/detail/feedback_state__type_support.cpp
[72.971s] -- Installing: /home/default/p4p/install/tm_msgs/include/tm_msgs/tm_msgs/msg/detail/sct_response__type_support.cpp
[72.971s] -- Installing: /home/default/p4p/install/tm_msgs/include/tm_msgs/tm_msgs/msg/detail/svr_response__type_support.cpp
[72.971s] -- Installing: /home/default/p4p/install/tm_msgs/include/tm_msgs/tm_msgs/msg/detail/sct_response__rosidl_typesupport_introspection_cpp.hpp
[72.971s] -- Installing: /home/default/p4p/install/tm_msgs/lib/libtm_msgs__rosidl_typesupport_introspection_cpp.so
[72.971s] -- Set runtime path of "/home/default/p4p/install/tm_msgs/lib/libtm_msgs__rosidl_typesupport_introspection_cpp.so" to ""
[72.971s] -- Installing: /home/default/p4p/install/tm_msgs/lib/libtm_msgs__rosidl_typesupport_cpp.so
[72.972s] -- Set runtime path of "/home/default/p4p/install/tm_msgs/lib/libtm_msgs__rosidl_typesupport_cpp.so" to ""
[72.972s] -- Installing: /home/default/p4p/install/tm_msgs/share/tm_msgs/environment/pythonpath.sh
[72.972s] -- Installing: /home/default/p4p/install/tm_msgs/share/tm_msgs/environment/pythonpath.dsv
[72.972s] -- Installing: /home/default/p4p/install/tm_msgs/local/lib/python3.10/dist-packages/tm_msgs-1.1.2-py3.10.egg-info
[72.972s] -- Installing: /home/default/p4p/install/tm_msgs/local/lib/python3.10/dist-packages/tm_msgs-1.1.2-py3.10.egg-info/SOURCES.txt
[72.972s] -- Installing: /home/default/p4p/install/tm_msgs/local/lib/python3.10/dist-packages/tm_msgs-1.1.2-py3.10.egg-info/PKG-INFO
[72.972s] -- Installing: /home/default/p4p/install/tm_msgs/local/lib/python3.10/dist-packages/tm_msgs-1.1.2-py3.10.egg-info/dependency_links.txt
[72.972s] -- Installing: /home/default/p4p/install/tm_msgs/local/lib/python3.10/dist-packages/tm_msgs-1.1.2-py3.10.egg-info/top_level.txt
[72.972s] -- Installing: /home/default/p4p/install/tm_msgs/local/lib/python3.10/dist-packages/tm_msgs
[72.973s] -- Installing: /home/default/p4p/install/tm_msgs/local/lib/python3.10/dist-packages/tm_msgs/_tm_msgs_s.ep.rosidl_typesupport_c.c
[72.973s] -- Installing: /home/default/p4p/install/tm_msgs/local/lib/python3.10/dist-packages/tm_msgs/srv
[72.973s] -- Installing: /home/default/p4p/install/tm_msgs/local/lib/python3.10/dist-packages/tm_msgs/srv/_ask_item.py
[72.973s] -- Installing: /home/default/p4p/install/tm_msgs/local/lib/python3.10/dist-packages/tm_msgs/srv/_ask_sta_s.c
[72.973s] -- Installing: /home/default/p4p/install/tm_msgs/local/lib/python3.10/dist-packages/tm_msgs/srv/_set_event_s.c
[72.973s] -- Installing: /home/default/p4p/install/tm_msgs/local/lib/python3.10/dist-packages/tm_msgs/srv/_set_event.py
[72.973s] -- Installing: /home/default/p4p/install/tm_msgs/local/lib/python3.10/dist-packages/tm_msgs/srv/_set_positions_s.c
[72.973s] -- Installing: /home/default/p4p/install/tm_msgs/local/lib/python3.10/dist-packages/tm_msgs/srv/_write_item.py
[72.973s] -- Installing: /home/default/p4p/install/tm_msgs/local/lib/python3.10/dist-packages/tm_msgs/srv/_ask_item_s.c
[72.973s] -- Installing: /home/default/p4p/install/tm_msgs/local/lib/python3.10/dist-packages/tm_msgs/srv/_connect_tm_s.c
[72.974s] -- Installing: /home/default/p4p/install/tm_msgs/local/lib/python3.10/dist-packages/tm_msgs/srv/_send_script.py
[72.974s] -- Installing: /home/default/p4p/install/tm_msgs/local/lib/python3.10/dist-packages/tm_msgs/srv/_write_item_s.c
[72.974s] -- Installing: /home/default/p4p/install/tm_msgs/local/lib/python3.10/dist-packages/tm_msgs/srv/_ask_sta.py
[72.974s] -- Installing: /home/default/p4p/install/tm_msgs/local/lib/python3.10/dist-packages/tm_msgs/srv/_set_positions.py
[72.974s] -- Installing: /home/default/p4p/install/tm_msgs/local/lib/python3.10/dist-packages/tm_msgs/srv/_set_io_s.c
[72.974s] -- Installing: /home/default/p4p/install/tm_msgs/local/lib/python3.10/dist-packages/tm_msgs/srv/_send_script_s.c
[72.975s] -- Installing: /home/default/p4p/install/tm_msgs/local/lib/python3.10/dist-packages/tm_msgs/srv/__init__.py
[72.975s] -- Installing: /home/default/p4p/install/tm_msgs/local/lib/python3.10/dist-packages/tm_msgs/srv/_connect_tm.py
[72.975s] -- Installing: /home/default/p4p/install/tm_msgs/local/lib/python3.10/dist-packages/tm_msgs/srv/_set_io.py
[72.975s] -- Installing: /home/default/p4p/install/tm_msgs/local/lib/python3.10/dist-packages/tm_msgs/tm_msgs_s__rosidl_typesupport_c.cpython-310-x86_64-linux-gnu.so
[72.975s] -- Installing: /home/default/p4p/install/tm_msgs/local/lib/python3.10/dist-packages/tm_msgs/_tm_msgs_s.ep.rosidl_typesupport_fastrtps_c.c
[72.975s] -- Installing: /home/default/p4p/install/tm_msgs/local/lib/python3.10/dist-packages/tm_msgs/_tm_msgs_s.ep.rosidl_typesupport_introspection_c.c
[72.975s] -- Installing: /home/default/p4p/install/tm_msgs/local/lib/python3.10/dist-packages/tm_msgs/msg
[72.975s] -- Installing: /home/default/p4p/install/tm_msgs/local/lib/python3.10/dist-packages/tm_msgs/msg/_svr_response.py
[72.976s] -- Installing: /home/default/p4p/install/tm_msgs/local/lib/python3.10/dist-packages/tm_msgs/msg/_sct_response_s.c
[72.976s] -- Installing: /home/default/p4p/install/tm_msgs/local/lib/python3.10/dist-packages/tm_msgs/msg/_feedback_state.py
[72.976s] -- Installing: /home/default/p4p/install/tm_msgs/local/lib/python3.10/dist-packages/tm_msgs/msg/_sta_response.py
[72.976s] -- Installing: /home/default/p4p/install/tm_msgs/local/lib/python3.10/dist-packages/tm_msgs/msg/_feedback_state_s.c
[72.976s] -- Installing: /home/default/p4p/install/tm_msgs/local/lib/python3.10/dist-packages/tm_msgs/msg/_sct_response.py
[72.976s] -- Installing: /home/default/p4p/install/tm_msgs/local/lib/python3.10/dist-packages/tm_msgs/msg/__init__.py
[72.976s] -- Installing: /home/default/p4p/install/tm_msgs/local/lib/python3.10/dist-packages/tm_msgs/msg/_svr_response_s.c
[72.976s] -- Installing: /home/default/p4p/install/tm_msgs/local/lib/python3.10/dist-packages/tm_msgs/msg/_sta_response_s.c
[72.976s] -- Installing: /home/default/p4p/install/tm_msgs/local/lib/python3.10/dist-packages/tm_msgs/tm_msgs_s__rosidl_typesupport_fastrtps_c.cpython-310-x86_64-linux-gnu.so
[72.977s] -- Installing: /home/default/p4p/install/tm_msgs/local/lib/python3.10/dist-packages/tm_msgs/__init__.py
[72.977s] -- Installing: /home/default/p4p/install/tm_msgs/local/lib/python3.10/dist-packages/tm_msgs/tm_msgs_s__rosidl_typesupport_introspection_c.cpython-310-x86_64-linux-gnu.so
[72.977s] -- Installing: /home/default/p4p/install/tm_msgs/local/lib/python3.10/dist-packages/tm_msgs/libtm_msgs__rosidl_generator_py.so
[73.051s] Listing '/home/default/p4p/install/tm_msgs/local/lib/python3.10/dist-packages/tm_msgs'...
[73.051s] Compiling '/home/default/p4p/install/tm_msgs/local/lib/python3.10/dist-packages/tm_msgs/__init__.py'...
[73.051s] Listing '/home/default/p4p/install/tm_msgs/local/lib/python3.10/dist-packages/tm_msgs/msg'...
[73.051s] Compiling '/home/default/p4p/install/tm_msgs/local/lib/python3.10/dist-packages/tm_msgs/msg/__init__.py'...
[73.051s] Compiling '/home/default/p4p/install/tm_msgs/local/lib/python3.10/dist-packages/tm_msgs/msg/_feedback_state.py'...
[73.051s] Compiling '/home/default/p4p/install/tm_msgs/local/lib/python3.10/dist-packages/tm_msgs/msg/_sct_response.py'...
[73.051s] Compiling '/home/default/p4p/install/tm_msgs/local/lib/python3.10/dist-packages/tm_msgs/msg/_sta_response.py'...
[73.051s] Compiling '/home/default/p4p/install/tm_msgs/local/lib/python3.10/dist-packages/tm_msgs/msg/_svr_response.py'...
[73.052s] Listing '/home/default/p4p/install/tm_msgs/local/lib/python3.10/dist-packages/tm_msgs/srv'...
[73.052s] Compiling '/home/default/p4p/install/tm_msgs/local/lib/python3.10/dist-packages/tm_msgs/srv/__init__.py'...
[73.052s] Compiling '/home/default/p4p/install/tm_msgs/local/lib/python3.10/dist-packages/tm_msgs/srv/_ask_item.py'...
[73.052s] Compiling '/home/default/p4p/install/tm_msgs/local/lib/python3.10/dist-packages/tm_msgs/srv/_ask_sta.py'...
[73.052s] Compiling '/home/default/p4p/install/tm_msgs/local/lib/python3.10/dist-packages/tm_msgs/srv/_connect_tm.py'...
[73.052s] Compiling '/home/default/p4p/install/tm_msgs/local/lib/python3.10/dist-packages/tm_msgs/srv/_send_script.py'...
[73.052s] Compiling '/home/default/p4p/install/tm_msgs/local/lib/python3.10/dist-packages/tm_msgs/srv/_set_event.py'...
[73.052s] Compiling '/home/default/p4p/install/tm_msgs/local/lib/python3.10/dist-packages/tm_msgs/srv/_set_io.py'...
[73.052s] Compiling '/home/default/p4p/install/tm_msgs/local/lib/python3.10/dist-packages/tm_msgs/srv/_set_positions.py'...
[73.053s] Compiling '/home/default/p4p/install/tm_msgs/local/lib/python3.10/dist-packages/tm_msgs/srv/_write_item.py'...
[73.061s] -- Installing: /home/default/p4p/install/tm_msgs/local/lib/python3.10/dist-packages/tm_msgs/tm_msgs_s__rosidl_typesupport_fastrtps_c.cpython-310-x86_64-linux-gnu.so
[73.062s] -- Set runtime path of "/home/default/p4p/install/tm_msgs/local/lib/python3.10/dist-packages/tm_msgs/tm_msgs_s__rosidl_typesupport_fastrtps_c.cpython-310-x86_64-linux-gnu.so" to ""
[73.062s] -- Installing: /home/default/p4p/install/tm_msgs/local/lib/python3.10/dist-packages/tm_msgs/tm_msgs_s__rosidl_typesupport_introspection_c.cpython-310-x86_64-linux-gnu.so
[73.062s] -- Set runtime path of "/home/default/p4p/install/tm_msgs/local/lib/python3.10/dist-packages/tm_msgs/tm_msgs_s__rosidl_typesupport_introspection_c.cpython-310-x86_64-linux-gnu.so" to ""
[73.063s] -- Installing: /home/default/p4p/install/tm_msgs/local/lib/python3.10/dist-packages/tm_msgs/tm_msgs_s__rosidl_typesupport_c.cpython-310-x86_64-linux-gnu.so
[73.063s] -- Set runtime path of "/home/default/p4p/install/tm_msgs/local/lib/python3.10/dist-packages/tm_msgs/tm_msgs_s__rosidl_typesupport_c.cpython-310-x86_64-linux-gnu.so" to ""
[73.063s] -- Installing: /home/default/p4p/install/tm_msgs/lib/libtm_msgs__rosidl_generator_py.so
[73.064s] -- Set runtime path of "/home/default/p4p/install/tm_msgs/lib/libtm_msgs__rosidl_generator_py.so" to ""
[73.064s] -- Installing: /home/default/p4p/install/tm_msgs/share/tm_msgs/msg/FeedbackState.idl
[73.064s] -- Installing: /home/default/p4p/install/tm_msgs/share/tm_msgs/msg/SvrResponse.idl
[73.064s] -- Installing: /home/default/p4p/install/tm_msgs/share/tm_msgs/msg/SctResponse.idl
[73.065s] -- Installing: /home/default/p4p/install/tm_msgs/share/tm_msgs/msg/StaResponse.idl
[73.065s] -- Installing: /home/default/p4p/install/tm_msgs/share/tm_msgs/srv/ConnectTM.idl
[73.065s] -- Installing: /home/default/p4p/install/tm_msgs/share/tm_msgs/srv/WriteItem.idl
[73.065s] -- Installing: /home/default/p4p/install/tm_msgs/share/tm_msgs/srv/AskItem.idl
[73.065s] -- Installing: /home/default/p4p/install/tm_msgs/share/tm_msgs/srv/SendScript.idl
[73.066s] -- Installing: /home/default/p4p/install/tm_msgs/share/tm_msgs/srv/SetEvent.idl
[73.066s] -- Installing: /home/default/p4p/install/tm_msgs/share/tm_msgs/srv/SetIO.idl
[73.066s] -- Installing: /home/default/p4p/install/tm_msgs/share/tm_msgs/srv/SetPositions.idl
[73.067s] -- Installing: /home/default/p4p/install/tm_msgs/share/tm_msgs/srv/AskSta.idl
[73.067s] -- Installing: /home/default/p4p/install/tm_msgs/share/tm_msgs/msg/FeedbackState.msg
[73.067s] -- Installing: /home/default/p4p/install/tm_msgs/share/tm_msgs/msg/SvrResponse.msg
[73.067s] -- Installing: /home/default/p4p/install/tm_msgs/share/tm_msgs/msg/SctResponse.msg
[73.068s] -- Installing: /home/default/p4p/install/tm_msgs/share/tm_msgs/msg/StaResponse.msg
[73.068s] -- Installing: /home/default/p4p/install/tm_msgs/share/tm_msgs/srv/ConnectTM.srv
[73.068s] -- Installing: /home/default/p4p/install/tm_msgs/share/tm_msgs/srv/ConnectTM_Request.msg
[73.068s] -- Installing: /home/default/p4p/install/tm_msgs/share/tm_msgs/srv/ConnectTM_Response.msg
[73.068s] -- Installing: /home/default/p4p/install/tm_msgs/share/tm_msgs/srv/WriteItem.srv
[73.068s] -- Installing: /home/default/p4p/install/tm_msgs/share/tm_msgs/srv/WriteItem_Request.msg
[73.069s] -- Installing: /home/default/p4p/install/tm_msgs/share/tm_msgs/srv/WriteItem_Response.msg
[73.069s] -- Installing: /home/default/p4p/install/tm_msgs/share/tm_msgs/srv/AskItem.srv
[73.069s] -- Installing: /home/default/p4p/install/tm_msgs/share/tm_msgs/srv/AskItem_Request.msg
[73.069s] -- Installing: /home/default/p4p/install/tm_msgs/share/tm_msgs/srv/AskItem_Response.msg
[73.069s] -- Installing: /home/default/p4p/install/tm_msgs/share/tm_msgs/srv/SendScript.srv
[73.069s] -- Installing: /home/default/p4p/install/tm_msgs/share/tm_msgs/srv/SendScript_Request.msg
[73.070s] -- Installing: /home/default/p4p/install/tm_msgs/share/tm_msgs/srv/SendScript_Response.msg
[73.070s] -- Installing: /home/default/p4p/install/tm_msgs/share/tm_msgs/srv/SetEvent.srv
[73.070s] -- Installing: /home/default/p4p/install/tm_msgs/share/tm_msgs/srv/SetEvent_Request.msg
[73.070s] -- Installing: /home/default/p4p/install/tm_msgs/share/tm_msgs/srv/SetEvent_Response.msg
[73.070s] -- Installing: /home/default/p4p/install/tm_msgs/share/tm_msgs/srv/SetIO.srv
[73.071s] -- Installing: /home/default/p4p/install/tm_msgs/share/tm_msgs/srv/SetIO_Request.msg
[73.071s] -- Installing: /home/default/p4p/install/tm_msgs/share/tm_msgs/srv/SetIO_Response.msg
[73.071s] -- Installing: /home/default/p4p/install/tm_msgs/share/tm_msgs/srv/SetPositions.srv
[73.071s] -- Installing: /home/default/p4p/install/tm_msgs/share/tm_msgs/srv/SetPositions_Request.msg
[73.071s] -- Installing: /home/default/p4p/install/tm_msgs/share/tm_msgs/srv/SetPositions_Response.msg
[73.072s] -- Installing: /home/default/p4p/install/tm_msgs/share/tm_msgs/srv/AskSta.srv
[73.072s] -- Installing: /home/default/p4p/install/tm_msgs/share/tm_msgs/srv/AskSta_Request.msg
[73.072s] -- Installing: /home/default/p4p/install/tm_msgs/share/tm_msgs/srv/AskSta_Response.msg
[73.072s] -- Installing: /home/default/p4p/install/tm_msgs/share/ament_index/resource_index/package_run_dependencies/tm_msgs
[73.072s] -- Installing: /home/default/p4p/install/tm_msgs/share/ament_index/resource_index/parent_prefix_path/tm_msgs
[73.073s] -- Installing: /home/default/p4p/install/tm_msgs/share/tm_msgs/environment/ament_prefix_path.sh
[73.073s] -- Installing: /home/default/p4p/install/tm_msgs/share/tm_msgs/environment/ament_prefix_path.dsv
[73.073s] -- Installing: /home/default/p4p/install/tm_msgs/share/tm_msgs/environment/path.sh
[73.073s] -- Installing: /home/default/p4p/install/tm_msgs/share/tm_msgs/environment/path.dsv
[73.073s] -- Installing: /home/default/p4p/install/tm_msgs/share/tm_msgs/local_setup.bash
[73.073s] -- Installing: /home/default/p4p/install/tm_msgs/share/tm_msgs/local_setup.sh
[73.074s] -- Installing: /home/default/p4p/install/tm_msgs/share/tm_msgs/local_setup.zsh
[73.074s] -- Installing: /home/default/p4p/install/tm_msgs/share/tm_msgs/local_setup.dsv
[73.074s] -- Installing: /home/default/p4p/install/tm_msgs/share/tm_msgs/package.dsv
[73.074s] -- Installing: /home/default/p4p/install/tm_msgs/share/ament_index/resource_index/packages/tm_msgs
[73.074s] -- Installing: /home/default/p4p/install/tm_msgs/share/tm_msgs/cmake/export_tm_msgs__rosidl_generator_cExport.cmake
[73.074s] -- Installing: /home/default/p4p/install/tm_msgs/share/tm_msgs/cmake/export_tm_msgs__rosidl_generator_cExport-noconfig.cmake
[73.075s] -- Installing: /home/default/p4p/install/tm_msgs/share/tm_msgs/cmake/export_tm_msgs__rosidl_typesupport_fastrtps_cExport.cmake
[73.075s] -- Installing: /home/default/p4p/install/tm_msgs/share/tm_msgs/cmake/export_tm_msgs__rosidl_typesupport_fastrtps_cExport-noconfig.cmake
[73.075s] -- Installing: /home/default/p4p/install/tm_msgs/share/tm_msgs/cmake/export_tm_msgs__rosidl_generator_cppExport.cmake
[73.076s] -- Installing: /home/default/p4p/install/tm_msgs/share/tm_msgs/cmake/export_tm_msgs__rosidl_typesupport_fastrtps_cppExport.cmake
[73.076s] -- Installing: /home/default/p4p/install/tm_msgs/share/tm_msgs/cmake/export_tm_msgs__rosidl_typesupport_fastrtps_cppExport-noconfig.cmake
[73.076s] -- Installing: /home/default/p4p/install/tm_msgs/share/tm_msgs/cmake/tm_msgs__rosidl_typesupport_introspection_cExport.cmake
[73.076s] -- Installing: /home/default/p4p/install/tm_msgs/share/tm_msgs/cmake/tm_msgs__rosidl_typesupport_introspection_cExport-noconfig.cmake
[73.077s] -- Installing: /home/default/p4p/install/tm_msgs/share/tm_msgs/cmake/tm_msgs__rosidl_typesupport_cExport.cmake
[73.077s] -- Installing: /home/default/p4p/install/tm_msgs/share/tm_msgs/cmake/tm_msgs__rosidl_typesupport_cExport-noconfig.cmake
[73.077s] -- Installing: /home/default/p4p/install/tm_msgs/share/tm_msgs/cmake/tm_msgs__rosidl_typesupport_introspection_cppExport.cmake
[73.077s] -- Installing: /home/default/p4p/install/tm_msgs/share/tm_msgs/cmake/tm_msgs__rosidl_typesupport_introspection_cppExport-noconfig.cmake
[73.077s] -- Installing: /home/default/p4p/install/tm_msgs/share/tm_msgs/cmake/tm_msgs__rosidl_typesupport_cppExport.cmake
[73.077s] -- Installing: /home/default/p4p/install/tm_msgs/share/tm_msgs/cmake/tm_msgs__rosidl_typesupport_cppExport-noconfig.cmake
[73.078s] -- Installing: /home/default/p4p/install/tm_msgs/share/tm_msgs/cmake/export_tm_msgs__rosidl_generator_pyExport.cmake
[73.078s] -- Installing: /home/default/p4p/install/tm_msgs/share/tm_msgs/cmake/export_tm_msgs__rosidl_generator_pyExport-noconfig.cmake
[73.078s] -- Installing: /home/default/p4p/install/tm_msgs/share/tm_msgs/cmake/rosidl_cmake-extras.cmake
[73.078s] -- Installing: /home/default/p4p/install/tm_msgs/share/tm_msgs/cmake/ament_cmake_export_dependencies-extras.cmake
[73.078s] -- Installing: /home/default/p4p/install/tm_msgs/share/tm_msgs/cmake/ament_cmake_export_include_directories-extras.cmake
[73.079s] -- Installing: /home/default/p4p/install/tm_msgs/share/tm_msgs/cmake/ament_cmake_export_libraries-extras.cmake
[73.079s] -- Installing: /home/default/p4p/install/tm_msgs/share/tm_msgs/cmake/ament_cmake_export_targets-extras.cmake
[73.079s] -- Installing: /home/default/p4p/install/tm_msgs/share/tm_msgs/cmake/rosidl_cmake_export_typesupport_targets-extras.cmake
[73.079s] -- Installing: /home/default/p4p/install/tm_msgs/share/tm_msgs/cmake/rosidl_cmake_export_typesupport_libraries-extras.cmake
[73.079s] -- Installing: /home/default/p4p/install/tm_msgs/share/tm_msgs/cmake/tm_msgsConfig.cmake
[73.080s] -- Installing: /home/default/p4p/install/tm_msgs/share/tm_msgs/cmake/tm_msgsConfig-version.cmake
[73.080s] -- Installing: /home/default/p4p/install/tm_msgs/share/tm_msgs/package.xml
[73.087s] Invoked command in '/home/default/p4p/build/tm_msgs' returned '0': CMAKE_PREFIX_PATH=/opt/ros/humble /usr/bin/cmake --install /home/default/p4p/build/tm_msgs
